2022-12-08 01:36:48 info: =================================
2022-12-08 01:36:48 info: ======= ENV: development =======
2022-12-08 01:36:48 info: 🚀 App listening on the port 3000
2022-12-08 01:36:48 info: =================================
2022-12-08 01:49:28 info: =================================
2022-12-08 01:49:28 info: ======= ENV: development =======
2022-12-08 01:49:28 info: 🚀 App listening on the port 3000
2022-12-08 01:49:28 info: =================================
2022-12-08 01:50:05 info: =================================
2022-12-08 01:50:05 info: ======= ENV: development =======
2022-12-08 01:50:05 info: 🚀 App listening on the port 3000
2022-12-08 01:50:05 info: =================================
2022-12-08 01:51:37 info: =================================
2022-12-08 01:51:37 info: ======= ENV: development =======
2022-12-08 01:51:37 info: 🚀 App listening on the port 3000
2022-12-08 01:51:37 info: =================================
2022-12-08 01:51:45 info: =================================
2022-12-08 01:51:45 info: ======= ENV: development =======
2022-12-08 01:51:45 info: 🚀 App listening on the port 3000
2022-12-08 01:51:45 info: =================================
2022-12-08 01:52:17 info: =================================
2022-12-08 01:52:17 info: ======= ENV: development =======
2022-12-08 01:52:18 info: 🚀 App listening on the port 3000
2022-12-08 01:52:18 info: =================================
2022-12-08 01:52:50 info: =================================
2022-12-08 01:52:50 info: ======= ENV: development =======
2022-12-08 01:52:50 info: 🚀 App listening on the port 3000
2022-12-08 01:52:50 info: =================================
2022-12-08 01:53:54 info: =================================
2022-12-08 01:53:54 info: ======= ENV: development =======
2022-12-08 01:53:54 info: 🚀 App listening on the port 3000
2022-12-08 01:53:54 info: =================================
2022-12-08 01:53:56 info: =================================
2022-12-08 01:53:56 info: ======= ENV: development =======
2022-12-08 01:53:56 info: 🚀 App listening on the port 3000
2022-12-08 01:53:56 info: =================================
2022-12-08 01:54:00 info: =================================
2022-12-08 01:54:00 info: ======= ENV: development =======
2022-12-08 01:54:00 info: 🚀 App listening on the port 3000
2022-12-08 01:54:00 info: =================================
2022-12-08 01:54:33 info: =================================
2022-12-08 01:54:33 info: ======= ENV: development =======
2022-12-08 01:54:33 info: 🚀 App listening on the port 3000
2022-12-08 01:54:33 info: =================================
2022-12-08 01:54:57 info: =================================
2022-12-08 01:54:57 info: ======= ENV: development =======
2022-12-08 01:54:57 info: 🚀 App listening on the port 3000
2022-12-08 01:54:57 info: =================================
2022-12-08 01:55:58 info: =================================
2022-12-08 01:55:58 info: ======= ENV: development =======
2022-12-08 01:55:58 info: 🚀 App listening on the port 3000
2022-12-08 01:55:58 info: =================================
2022-12-08 01:56:02 info: =================================
2022-12-08 01:56:02 info: ======= ENV: development =======
2022-12-08 01:56:02 info: 🚀 App listening on the port 3000
2022-12-08 01:56:02 info: =================================
2022-12-08 01:56:12 info: =================================
2022-12-08 01:56:12 info: ======= ENV: development =======
2022-12-08 01:56:12 info: 🚀 App listening on the port 3000
2022-12-08 01:56:12 info: =================================
2022-12-08 01:56:22 info: =================================
2022-12-08 01:56:22 info: ======= ENV: development =======
2022-12-08 01:56:22 info: 🚀 App listening on the port 3000
2022-12-08 01:56:22 info: =================================
2022-12-08 01:56:51 info: =================================
2022-12-08 01:56:51 info: ======= ENV: development =======
2022-12-08 01:56:51 info: 🚀 App listening on the port 3000
2022-12-08 01:56:51 info: =================================
2022-12-08 01:57:04 info: =================================
2022-12-08 01:57:04 info: ======= ENV: development =======
2022-12-08 01:57:04 info: 🚀 App listening on the port 3000
2022-12-08 01:57:04 info: =================================
2022-12-08 01:57:11 info: =================================
2022-12-08 01:57:11 info: ======= ENV: development =======
2022-12-08 01:57:11 info: 🚀 App listening on the port 3000
2022-12-08 01:57:11 info: =================================
2022-12-08 01:58:44 info: =================================
2022-12-08 01:58:44 info: ======= ENV: development =======
2022-12-08 01:58:44 info: 🚀 App listening on the port 3000
2022-12-08 01:58:44 info: =================================
2022-12-08 01:58:53 info: =================================
2022-12-08 01:58:53 info: ======= ENV: development =======
2022-12-08 01:58:53 info: 🚀 App listening on the port 3000
2022-12-08 01:58:53 info: =================================
2022-12-08 01:59:19 info: =================================
2022-12-08 01:59:19 info: ======= ENV: development =======
2022-12-08 01:59:19 info: 🚀 App listening on the port 3000
2022-12-08 01:59:19 info: =================================
2022-12-08 01:59:26 info: =================================
2022-12-08 01:59:26 info: ======= ENV: development =======
2022-12-08 01:59:26 info: 🚀 App listening on the port 3000
2022-12-08 01:59:26 info: =================================
2022-12-08 01:59:41 info: =================================
2022-12-08 01:59:41 info: ======= ENV: development =======
2022-12-08 01:59:41 info: 🚀 App listening on the port 3000
2022-12-08 01:59:41 info: =================================
2022-12-08 01:59:53 info: =================================
2022-12-08 01:59:53 info: ======= ENV: development =======
2022-12-08 01:59:53 info: 🚀 App listening on the port 3000
2022-12-08 01:59:53 info: =================================
2022-12-08 01:59:56 info: =================================
2022-12-08 01:59:56 info: ======= ENV: development =======
2022-12-08 01:59:56 info: 🚀 App listening on the port 3000
2022-12-08 01:59:56 info: =================================
2022-12-08 02:00:13 info: =================================
2022-12-08 02:00:13 info: ======= ENV: development =======
2022-12-08 02:00:13 info: 🚀 App listening on the port 3000
2022-12-08 02:00:13 info: =================================
2022-12-08 02:00:21 info: =================================
2022-12-08 02:00:21 info: ======= ENV: development =======
2022-12-08 02:00:21 info: 🚀 App listening on the port 3000
2022-12-08 02:00:21 info: =================================
2022-12-08 02:00:38 info: =================================
2022-12-08 02:00:38 info: ======= ENV: development =======
2022-12-08 02:00:38 info: 🚀 App listening on the port 3000
2022-12-08 02:00:38 info: =================================
2022-12-08 02:00:48 info: =================================
2022-12-08 02:00:48 info: ======= ENV: development =======
2022-12-08 02:00:48 info: 🚀 App listening on the port 3000
2022-12-08 02:00:48 info: =================================
2022-12-08 02:01:38 info: [0mGET / [32m200[0m 4.345 ms - 2[0m
2022-12-08 02:01:39 info: [0mGET /favicon.ico [33m404[0m 2.499 ms - 150[0m
2022-12-08 02:02:48 info: =================================
2022-12-08 02:02:48 info: ======= ENV: development =======
2022-12-08 02:02:48 info: 🚀 App listening on the port 3000
2022-12-08 02:02:48 info: =================================
2022-12-08 02:02:51 info: [0mGET / [32m200[0m 5.261 ms - 5[0m
2022-12-08 02:04:03 info: =================================
2022-12-08 02:04:04 info: ======= ENV: development =======
2022-12-08 02:04:04 info: 🚀 App listening on the port 3000
2022-12-08 02:04:04 info: =================================
2022-12-08 02:04:10 info: =================================
2022-12-08 02:04:10 info: ======= ENV: development =======
2022-12-08 02:04:10 info: 🚀 App listening on the port 3000
2022-12-08 02:04:10 info: =================================
