2022-12-16 14:30:38 error: [POST] /login >> StatusCode:: 409, Message:: This email admin@maynaps.com was not found
2022-12-16 14:30:38 info: [0mPOST /login [33m409[0m 569.992 ms - 56[0m
2022-12-16 14:30:50 info: [0mPOST /login [32m200[0m 226.693 ms - 181[0m
2022-12-16 14:32:39 info: [0mPOST /login [32m200[0m 137.981 ms - 181[0m
2022-12-16 14:32:53 info: [0mPOST /login [32m200[0m 135.828 ms - 181[0m
2022-12-16 14:41:09 info: =================================
2022-12-16 14:41:09 info: ======= ENV: development =======
2022-12-16 14:41:09 info: 🚀 App listening on the port 8000
2022-12-16 14:41:09 info: =================================
2022-12-16 14:41:30 info: =================================
2022-12-16 14:41:30 info: ======= ENV: development =======
2022-12-16 14:41:30 info: 🚀 App listening on the port 8000
2022-12-16 14:41:30 info: =================================
2022-12-16 14:41:51 info: =================================
2022-12-16 14:41:51 info: ======= ENV: development =======
2022-12-16 14:41:51 info: 🚀 App listening on the port 8000
2022-12-16 14:41:51 info: =================================
2022-12-16 14:42:39 info: =================================
2022-12-16 14:42:39 info: ======= ENV: development =======
2022-12-16 14:42:39 info: 🚀 App listening on the port 8000
2022-12-16 14:42:39 info: =================================
2022-12-16 14:42:51 info: =================================
2022-12-16 14:42:51 info: ======= ENV: development =======
2022-12-16 14:42:51 info: 🚀 App listening on the port 8000
2022-12-16 14:42:51 info: =================================
2022-12-16 16:17:00 info: =================================
2022-12-16 16:17:00 info: ======= ENV: development =======
2022-12-16 16:17:00 info: 🚀 App listening on the port 8000
2022-12-16 16:17:00 info: =================================
2022-12-16 16:18:45 info: =================================
2022-12-16 16:18:45 info: ======= ENV: development =======
2022-12-16 16:18:45 info: 🚀 App listening on the port 8000
2022-12-16 16:18:45 info: =================================
2022-12-16 16:18:48 info: =================================
2022-12-16 16:18:48 info: ======= ENV: development =======
2022-12-16 16:18:48 info: 🚀 App listening on the port 8000
2022-12-16 16:18:48 info: =================================
2022-12-16 16:18:55 info: =================================
2022-12-16 16:18:55 info: ======= ENV: development =======
2022-12-16 16:18:55 info: 🚀 App listening on the port 8000
2022-12-16 16:18:55 info: =================================
2022-12-16 16:19:30 error: [POST] /login >> StatusCode:: 409, Message:: This email mehmetcankizilyer@gmail.com was not found
2022-12-16 16:19:30 info: [0mPOST /login [33m409[0m 103.680 ms - 66[0m
2022-12-16 16:20:38 info: =================================
2022-12-16 16:20:38 info: ======= ENV: development =======
2022-12-16 16:20:38 info: 🚀 App listening on the port 8000
2022-12-16 16:20:38 info: =================================
2022-12-16 16:20:53 info: =================================
2022-12-16 16:20:53 info: ======= ENV: development =======
2022-12-16 16:20:53 info: 🚀 App listening on the port 8000
2022-12-16 16:20:53 info: =================================
2022-12-16 16:20:54 info: =================================
2022-12-16 16:20:54 info: ======= ENV: development =======
2022-12-16 16:20:54 info: 🚀 App listening on the port 8000
2022-12-16 16:20:54 info: =================================
2022-12-16 16:21:30 info: =================================
2022-12-16 16:21:30 info: ======= ENV: development =======
2022-12-16 16:21:30 info: 🚀 App listening on the port 8000
2022-12-16 16:21:30 info: =================================
2022-12-16 16:21:32 info: =================================
2022-12-16 16:21:32 info: ======= ENV: development =======
2022-12-16 16:21:32 info: 🚀 App listening on the port 8000
2022-12-16 16:21:32 info: =================================
2022-12-16 16:21:37 info: =================================
2022-12-16 16:21:37 info: ======= ENV: development =======
2022-12-16 16:21:37 info: 🚀 App listening on the port 8000
2022-12-16 16:21:37 info: =================================
2022-12-16 16:21:39 info: =================================
2022-12-16 16:21:39 info: ======= ENV: development =======
2022-12-16 16:21:39 info: 🚀 App listening on the port 8000
2022-12-16 16:21:39 info: =================================
2022-12-16 16:22:17 info: =================================
2022-12-16 16:22:17 info: ======= ENV: development =======
2022-12-16 16:22:17 info: 🚀 App listening on the port 8000
2022-12-16 16:22:17 info: =================================
2022-12-16 16:22:21 info: =================================
2022-12-16 16:22:21 info: ======= ENV: development =======
2022-12-16 16:22:21 info: 🚀 App listening on the port 8000
2022-12-16 16:22:21 info: =================================
2022-12-16 16:23:14 info: =================================
2022-12-16 16:23:14 info: ======= ENV: development =======
2022-12-16 16:23:14 info: 🚀 App listening on the port 8000
2022-12-16 16:23:14 info: =================================
2022-12-16 16:23:18 info: =================================
2022-12-16 16:23:18 info: ======= ENV: development =======
2022-12-16 16:23:18 info: 🚀 App listening on the port 8000
2022-12-16 16:23:18 info: =================================
2022-12-16 16:25:04 error: [POST] /signup >> StatusCode:: 400, Message:: name must be a string, surname must be a string, birthDate must be a valid ISO 8601 date string
2022-12-16 16:25:04 info: [0mPOST /signup [33m400[0m 46.969 ms - 109[0m
2022-12-16 16:25:12 error: [POST] /signup >> StatusCode:: 400, Message:: surname must be a string, birthDate must be a valid ISO 8601 date string
2022-12-16 16:25:12 info: [0mPOST /signup [33m400[0m 4.007 ms - 86[0m
2022-12-16 16:25:33 info: =================================
2022-12-16 16:25:33 info: ======= ENV: development =======
2022-12-16 16:25:33 info: 🚀 App listening on the port 8000
2022-12-16 16:25:33 info: =================================
2022-12-16 16:25:38 info: =================================
2022-12-16 16:25:38 info: ======= ENV: development =======
2022-12-16 16:25:38 info: 🚀 App listening on the port 8000
2022-12-16 16:25:38 info: =================================
2022-12-16 16:26:56 info: =================================
2022-12-16 16:26:56 info: ======= ENV: development =======
2022-12-16 16:26:56 info: 🚀 App listening on the port 8000
2022-12-16 16:26:56 info: =================================
2022-12-16 16:27:01 info: =================================
2022-12-16 16:27:01 info: ======= ENV: development =======
2022-12-16 16:27:01 info: 🚀 App listening on the port 8000
2022-12-16 16:27:01 info: =================================
2022-12-16 16:27:25 info: =================================
2022-12-16 16:27:25 info: ======= ENV: development =======
2022-12-16 16:27:25 info: 🚀 App listening on the port 8000
2022-12-16 16:27:25 info: =================================
2022-12-16 17:52:03 error: [POST] /login >> StatusCode:: 400, Message:: email must be an email, password must be a string, name must be a string, surname must be a string, phone must be a valid phone number, birthDate must be a valid ISO 8601 date string
2022-12-16 17:52:03 info: [0mPOST /login [33m400[0m 53.645 ms - 196[0m
2022-12-16 18:11:09 error: [POST] /signup >> StatusCode:: 400, Message:: birthDate must be a valid ISO 8601 date string
2022-12-16 18:11:09 info: [0mPOST /signup [33m400[0m 34.291 ms - 60[0m
2022-12-16 18:11:39 info: =================================
2022-12-16 18:11:39 info: ======= ENV: development =======
2022-12-16 18:11:39 info: 🚀 App listening on the port 8000
2022-12-16 18:11:39 info: =================================
2022-12-16 18:11:41 info: =================================
2022-12-16 18:11:41 info: ======= ENV: development =======
2022-12-16 18:11:41 info: 🚀 App listening on the port 8000
2022-12-16 18:11:41 info: =================================
2022-12-16 18:11:44 info: =================================
2022-12-16 18:11:44 info: ======= ENV: development =======
2022-12-16 18:11:44 info: 🚀 App listening on the port 8000
2022-12-16 18:11:44 info: =================================
2022-12-16 18:11:45 error: [POST] /signup >> StatusCode:: 400, Message:: birthDate must be a string
2022-12-16 18:11:45 info: [0mPOST /signup [33m400[0m 31.399 ms - 40[0m
2022-12-16 18:11:58 error: [POST] /signup >> StatusCode:: 400, Message:: birthDate must be a string
2022-12-16 18:11:58 info: [0mPOST /signup [33m400[0m 8.203 ms - 40[0m
2022-12-16 18:12:57 error: [POST] /signup >> StatusCode:: 400, Message:: birthDate must be a string
2022-12-16 18:12:57 info: [0mPOST /signup [33m400[0m 3.484 ms - 40[0m
2022-12-16 18:13:11 error: [POST] /signup >> StatusCode:: 400, Message:: birthDate must be a string
2022-12-16 18:13:11 info: [0mPOST /signup [33m400[0m 1.798 ms - 40[0m
2022-12-16 18:13:24 error: [POST] /signup >> StatusCode:: 400, Message:: birthDate must be a string
2022-12-16 18:13:24 info: [0mPOST /signup [33m400[0m 2.152 ms - 40[0m
2022-12-16 18:15:37 info: [0mPOST /signup [32m201[0m 211.833 ms - 283[0m
2022-12-16 18:15:42 error: [POST] /signup >> StatusCode:: 409, Message:: This email mehmetcankizilyer@gmail.com already exists
2022-12-16 18:15:42 info: [0mPOST /signup [33m409[0m 66.327 ms - 67[0m
2022-12-16 18:15:56 error: [POST] /login >> StatusCode:: 400, Message:: name must be a string, surname must be a string, phone must be a valid phone number, birthDate must be a string
2022-12-16 18:15:56 info: [0mPOST /login [33m400[0m 1.362 ms - 125[0m
2022-12-16 18:16:36 info: =================================
2022-12-16 18:16:36 info: ======= ENV: development =======
2022-12-16 18:16:36 info: 🚀 App listening on the port 8000
2022-12-16 18:16:36 info: =================================
2022-12-16 18:16:40 info: =================================
2022-12-16 18:16:40 info: ======= ENV: development =======
2022-12-16 18:16:40 info: 🚀 App listening on the port 8000
2022-12-16 18:16:40 info: =================================
2022-12-16 18:16:44 info: =================================
2022-12-16 18:16:44 info: ======= ENV: development =======
2022-12-16 18:16:44 info: 🚀 App listening on the port 8000
2022-12-16 18:16:44 info: =================================
2022-12-16 18:16:47 info: =================================
2022-12-16 18:16:47 info: ======= ENV: development =======
2022-12-16 18:16:47 info: 🚀 App listening on the port 8000
2022-12-16 18:16:47 info: =================================
2022-12-16 18:16:50 info: =================================
2022-12-16 18:16:50 info: ======= ENV: development =======
2022-12-16 18:16:50 info: 🚀 App listening on the port 8000
2022-12-16 18:16:50 info: =================================
2022-12-16 18:16:51 error: [POST] /login >> StatusCode:: 400, Message:: name must be a string, surname must be a string, phone must be a valid phone number, birthDate must be a string
2022-12-16 18:16:51 info: [0mPOST /login [33m400[0m 20.616 ms - 125[0m
2022-12-16 18:16:55 info: =================================
2022-12-16 18:16:55 info: ======= ENV: development =======
2022-12-16 18:16:55 info: 🚀 App listening on the port 8000
2022-12-16 18:16:55 info: =================================
2022-12-16 18:17:02 info: =================================
2022-12-16 18:17:02 info: ======= ENV: development =======
2022-12-16 18:17:02 info: 🚀 App listening on the port 8000
2022-12-16 18:17:02 info: =================================
2022-12-16 18:17:10 info: =================================
2022-12-16 18:17:10 info: ======= ENV: development =======
2022-12-16 18:17:10 info: 🚀 App listening on the port 8000
2022-12-16 18:17:10 info: =================================
2022-12-16 18:17:12 info: =================================
2022-12-16 18:17:12 info: ======= ENV: development =======
2022-12-16 18:17:12 info: 🚀 App listening on the port 8000
2022-12-16 18:17:12 info: =================================
2022-12-16 18:17:17 info: =================================
2022-12-16 18:17:17 info: ======= ENV: development =======
2022-12-16 18:17:17 info: 🚀 App listening on the port 8000
2022-12-16 18:17:17 info: =================================
2022-12-16 18:17:22 error: [POST] /login >> StatusCode:: 400, Message:: name must be a string, surname must be a string, phone must be a valid phone number, birthDate must be a string
2022-12-16 18:17:22 info: [0mPOST /login [33m400[0m 21.602 ms - 125[0m
2022-12-16 18:17:40 info: =================================
2022-12-16 18:17:40 info: ======= ENV: development =======
2022-12-16 18:17:40 info: 🚀 App listening on the port 8000
2022-12-16 18:17:40 info: =================================
2022-12-16 18:17:48 error: [POST] /login >> StatusCode:: 400, Message:: name must be a string, surname must be a string, phone must be a valid phone number, birthDate must be a string
2022-12-16 18:17:48 info: [0mPOST /login [33m400[0m 22.126 ms - 125[0m
2022-12-16 18:19:46 info: =================================
2022-12-16 18:19:46 info: ======= ENV: development =======
2022-12-16 18:19:46 info: 🚀 App listening on the port 8000
2022-12-16 18:19:46 info: =================================
2022-12-16 18:19:46 error: [POST] /login >> StatusCode:: 400, Message:: name must be a string, surname must be a string, phone must be a valid phone number, birthDate must be a string
2022-12-16 18:19:46 info: [0mPOST /login [33m400[0m 21.003 ms - 125[0m
2022-12-16 18:20:09 error: [POST] /login >> StatusCode:: 400, Message:: name must be a string, surname must be a string, phone must be a valid phone number, birthDate must be a string
2022-12-16 18:20:09 info: [0mPOST /login [33m400[0m 6.614 ms - 125[0m
2022-12-16 18:20:58 info: =================================
2022-12-16 18:20:58 info: ======= ENV: development =======
2022-12-16 18:20:58 info: 🚀 App listening on the port 8000
2022-12-16 18:20:58 info: =================================
2022-12-16 18:21:03 info: =================================
2022-12-16 18:21:03 info: ======= ENV: development =======
2022-12-16 18:21:03 info: 🚀 App listening on the port 8000
2022-12-16 18:21:03 info: =================================
2022-12-16 18:21:04 error: [POST] /login >> StatusCode:: 400, Message:: name must be a string, surname must be a string, phone must be a valid phone number, birthDate must be a string
2022-12-16 18:21:04 info: [0mPOST /login [33m400[0m 21.019 ms - 125[0m
2022-12-16 18:21:10 error: [POST] /login >> StatusCode:: 400, Message:: name must be a string, surname must be a string, phone must be a valid phone number, birthDate must be a string
2022-12-16 18:21:10 info: [0mPOST /login [33m400[0m 4.457 ms - 125[0m
2022-12-16 18:21:16 info: =================================
2022-12-16 18:21:16 info: ======= ENV: development =======
2022-12-16 18:21:16 info: 🚀 App listening on the port 8000
2022-12-16 18:21:16 info: =================================
2022-12-16 18:21:52 info: =================================
2022-12-16 18:21:52 info: ======= ENV: development =======
2022-12-16 18:21:52 info: 🚀 App listening on the port 8000
2022-12-16 18:21:52 info: =================================
2022-12-16 18:21:55 error: [POST] /login >> StatusCode:: 400, Message:: name must be a string, surname must be a string, phone must be a valid phone number, birthDate must be a string
2022-12-16 18:21:55 info: [0mPOST /login [33m400[0m 24.907 ms - 125[0m
2022-12-16 18:22:30 info: =================================
2022-12-16 18:22:30 info: ======= ENV: development =======
2022-12-16 18:22:30 info: 🚀 App listening on the port 8000
2022-12-16 18:22:30 info: =================================
2022-12-16 18:22:36 info: [0mPOST /login [32m200[0m 2201.840 ms - 282[0m
2022-12-16 18:22:37 info: [0mPOST /login [32m200[0m 5636.963 ms - 282[0m
2022-12-16 18:22:37 info: [0mPOST /login [32m200[0m 4577.001 ms - 282[0m
2022-12-16 18:22:44 error: [POST] /login >> StatusCode:: 409, Message:: This email mehmetcanki23zilyer@gmail.com was not found
2022-12-16 18:22:44 info: [0mPOST /login [33m409[0m 68.318 ms - 68[0m
2022-12-16 18:22:53 info: [0mPOST /login [32m200[0m 128.578 ms - 282[0m
2022-12-16 18:23:23 info: =================================
2022-12-16 18:23:23 info: ======= ENV: development =======
2022-12-16 18:23:23 info: 🚀 App listening on the port 8000
2022-12-16 18:23:23 info: =================================
2022-12-16 18:23:29 info: =================================
2022-12-16 18:23:29 info: ======= ENV: development =======
2022-12-16 18:23:29 info: 🚀 App listening on the port 8000
2022-12-16 18:23:29 info: =================================
2022-12-16 18:23:44 info: =================================
2022-12-16 18:23:44 info: ======= ENV: development =======
2022-12-16 18:23:44 info: 🚀 App listening on the port 8000
2022-12-16 18:23:44 info: =================================
2022-12-16 18:23:59 info: =================================
2022-12-16 18:23:59 info: ======= ENV: development =======
2022-12-16 18:23:59 info: 🚀 App listening on the port 8000
2022-12-16 18:23:59 info: =================================
2022-12-16 18:24:01 info: =================================
2022-12-16 18:24:01 info: ======= ENV: development =======
2022-12-16 18:24:01 info: 🚀 App listening on the port 8000
2022-12-16 18:24:01 info: =================================
2022-12-16 18:24:09 info: =================================
2022-12-16 18:24:09 info: ======= ENV: development =======
2022-12-16 18:24:09 info: 🚀 App listening on the port 8000
2022-12-16 18:24:09 info: =================================
2022-12-16 18:24:17 info: [0mPOST /login [32m200[0m 212.616 ms - 282[0m
2022-12-16 18:25:16 info: =================================
2022-12-16 18:25:16 info: ======= ENV: development =======
2022-12-16 18:25:16 info: 🚀 App listening on the port 8000
2022-12-16 18:25:16 info: =================================
2022-12-16 18:25:24 info: =================================
2022-12-16 18:25:24 info: ======= ENV: development =======
2022-12-16 18:25:24 info: 🚀 App listening on the port 8000
2022-12-16 18:25:24 info: =================================
2022-12-16 18:25:29 info: =================================
2022-12-16 18:25:29 info: ======= ENV: development =======
2022-12-16 18:25:29 info: 🚀 App listening on the port 8000
2022-12-16 18:25:29 info: =================================
2022-12-16 18:25:31 info: =================================
2022-12-16 18:25:31 info: ======= ENV: development =======
2022-12-16 18:25:31 info: 🚀 App listening on the port 8000
2022-12-16 18:25:31 info: =================================
2022-12-16 18:26:00 info: =================================
2022-12-16 18:26:00 info: ======= ENV: development =======
2022-12-16 18:26:00 info: 🚀 App listening on the port 8000
2022-12-16 18:26:00 info: =================================
2022-12-16 18:26:10 info: =================================
2022-12-16 18:26:10 info: ======= ENV: development =======
2022-12-16 18:26:10 info: 🚀 App listening on the port 8000
2022-12-16 18:26:10 info: =================================
2022-12-16 18:26:21 info: [0mPOST /login [32m200[0m 163.600 ms - 19[0m
2022-12-16 18:26:41 info: =================================
2022-12-16 18:26:41 info: ======= ENV: development =======
2022-12-16 18:26:41 info: 🚀 App listening on the port 8000
2022-12-16 18:26:41 info: =================================
2022-12-16 18:26:47 info: [0mPOST /login [32m200[0m 154.021 ms - 282[0m
2022-12-16 18:28:46 info: =================================
2022-12-16 18:28:46 info: ======= ENV: development =======
2022-12-16 18:28:46 info: 🚀 App listening on the port 8000
2022-12-16 18:28:46 info: =================================
2022-12-16 18:29:34 info: =================================
2022-12-16 18:29:34 info: ======= ENV: development =======
2022-12-16 18:29:34 info: 🚀 App listening on the port 8000
2022-12-16 18:29:34 info: =================================
2022-12-16 18:29:43 info: [0mPOST /login [32m200[0m 181.683 ms - 19[0m
2022-12-16 18:29:53 info: =================================
2022-12-16 18:29:53 info: ======= ENV: development =======
2022-12-16 18:29:53 info: 🚀 App listening on the port 8000
2022-12-16 18:29:53 info: =================================
2022-12-16 18:29:57 info: =================================
2022-12-16 18:29:57 info: ======= ENV: development =======
2022-12-16 18:29:57 info: 🚀 App listening on the port 8000
2022-12-16 18:29:57 info: =================================
2022-12-16 18:30:07 info: [0mPOST /login [32m200[0m 161.081 ms - 282[0m
2022-12-16 18:30:19 info: =================================
2022-12-16 18:30:19 info: ======= ENV: development =======
2022-12-16 18:30:19 info: 🚀 App listening on the port 8000
2022-12-16 18:30:19 info: =================================
2022-12-16 18:30:36 info: =================================
2022-12-16 18:30:36 info: ======= ENV: development =======
2022-12-16 18:30:36 info: 🚀 App listening on the port 8000
2022-12-16 18:30:36 info: =================================
2022-12-16 18:30:43 info: [0mPOST /login [32m200[0m 154.646 ms - 268[0m
2022-12-16 18:30:54 info: =================================
2022-12-16 18:30:54 info: ======= ENV: development =======
2022-12-16 18:30:54 info: 🚀 App listening on the port 8000
2022-12-16 18:30:54 info: =================================
2022-12-16 18:30:59 info: =================================
2022-12-16 18:30:59 info: ======= ENV: development =======
2022-12-16 18:30:59 info: 🚀 App listening on the port 8000
2022-12-16 18:30:59 info: =================================
2022-12-16 18:31:04 info: [0mPOST /login [32m200[0m 195.871 ms - 610[0m
2022-12-16 18:31:21 info: =================================
2022-12-16 18:31:21 info: ======= ENV: development =======
2022-12-16 18:31:21 info: 🚀 App listening on the port 8000
2022-12-16 18:31:21 info: =================================
2022-12-16 18:31:27 info: [0mPOST /login [32m200[0m 164.098 ms - 610[0m
2022-12-16 18:31:50 info: =================================
2022-12-16 18:31:50 info: ======= ENV: development =======
2022-12-16 18:31:50 info: 🚀 App listening on the port 8000
2022-12-16 18:31:50 info: =================================
2022-12-16 18:32:32 info: =================================
2022-12-16 18:32:32 info: ======= ENV: development =======
2022-12-16 18:32:32 info: 🚀 App listening on the port 8000
2022-12-16 18:32:32 info: =================================
2022-12-16 18:32:58 info: [0mPOST /login [32m200[0m 154.952 ms - 273[0m
2022-12-16 18:33:44 info: =================================
2022-12-16 18:33:44 info: ======= ENV: development =======
2022-12-16 18:33:44 info: 🚀 App listening on the port 8000
2022-12-16 18:33:44 info: =================================
2022-12-16 18:33:53 info: [0mPOST /login [32m200[0m 156.956 ms - 255[0m
2022-12-16 18:34:18 info: =================================
2022-12-16 18:34:18 info: ======= ENV: development =======
2022-12-16 18:34:18 info: 🚀 App listening on the port 8000
2022-12-16 18:34:18 info: =================================
2022-12-16 18:34:22 info: =================================
2022-12-16 18:34:22 info: ======= ENV: development =======
2022-12-16 18:34:22 info: 🚀 App listening on the port 8000
2022-12-16 18:34:22 info: =================================
2022-12-16 18:34:33 error: [POST] /login >> StatusCode:: 500, Message:: data and hash arguments required
2022-12-16 18:34:33 info: [0mPOST /login [31m500[0m 94.799 ms - 46[0m
2022-12-16 18:34:50 info: =================================
2022-12-16 18:34:50 info: ======= ENV: development =======
2022-12-16 18:34:50 info: 🚀 App listening on the port 8000
2022-12-16 18:34:50 info: =================================
2022-12-16 18:34:58 info: =================================
2022-12-16 18:34:58 info: ======= ENV: development =======
2022-12-16 18:34:58 info: 🚀 App listening on the port 8000
2022-12-16 18:34:58 info: =================================
2022-12-16 18:35:53 info: =================================
2022-12-16 18:35:53 info: ======= ENV: development =======
2022-12-16 18:35:53 info: 🚀 App listening on the port 8000
2022-12-16 18:35:53 info: =================================
2022-12-16 18:36:05 error: [POST] /login >> StatusCode:: 500, Message:: Operation `users.findOne()` buffering timed out after 10000ms
2022-12-16 18:36:05 info: [0mPOST /login [31m500[0m 10037.473 ms - 75[0m
2022-12-16 18:36:10 error: [POST] /login >> StatusCode:: 500, Message:: data and hash arguments required
2022-12-16 18:36:10 info: [0mPOST /login [31m500[0m 7414.441 ms - 46[0m
2022-12-16 18:36:23 info: =================================
2022-12-16 18:36:23 info: ======= ENV: development =======
2022-12-16 18:36:23 info: 🚀 App listening on the port 8000
2022-12-16 18:36:23 info: =================================
2022-12-16 18:36:26 error: [POST] /login >> StatusCode:: 500, Message:: data and hash arguments required
2022-12-16 18:36:26 info: [0mPOST /login [31m500[0m 85.677 ms - 46[0m
2022-12-16 18:36:37 info: =================================
2022-12-16 18:36:37 info: ======= ENV: development =======
2022-12-16 18:36:37 info: 🚀 App listening on the port 8000
2022-12-16 18:36:37 info: =================================
2022-12-16 18:36:49 info: =================================
2022-12-16 18:36:49 info: ======= ENV: development =======
2022-12-16 18:36:49 info: 🚀 App listening on the port 8000
2022-12-16 18:36:49 info: =================================
2022-12-16 18:36:53 info: =================================
2022-12-16 18:36:53 info: ======= ENV: development =======
2022-12-16 18:36:53 info: 🚀 App listening on the port 8000
2022-12-16 18:36:53 info: =================================
2022-12-16 18:36:57 info: =================================
2022-12-16 18:36:57 info: ======= ENV: development =======
2022-12-16 18:36:57 info: 🚀 App listening on the port 8000
2022-12-16 18:36:57 info: =================================
2022-12-16 18:37:01 info: =================================
2022-12-16 18:37:01 info: ======= ENV: development =======
2022-12-16 18:37:01 info: 🚀 App listening on the port 8000
2022-12-16 18:37:02 info: =================================
2022-12-16 18:37:04 info: =================================
2022-12-16 18:37:04 info: ======= ENV: development =======
2022-12-16 18:37:04 info: 🚀 App listening on the port 8000
2022-12-16 18:37:04 info: =================================
2022-12-16 18:37:14 info: =================================
2022-12-16 18:37:14 info: ======= ENV: development =======
2022-12-16 18:37:14 info: 🚀 App listening on the port 8000
2022-12-16 18:37:14 info: =================================
2022-12-16 18:37:19 info: =================================
2022-12-16 18:37:19 info: ======= ENV: development =======
2022-12-16 18:37:19 info: 🚀 App listening on the port 8000
2022-12-16 18:37:19 info: =================================
2022-12-16 18:37:22 info: =================================
2022-12-16 18:37:22 info: ======= ENV: development =======
2022-12-16 18:37:22 info: 🚀 App listening on the port 8000
2022-12-16 18:37:22 info: =================================
2022-12-16 18:37:23 info: =================================
2022-12-16 18:37:23 info: ======= ENV: development =======
2022-12-16 18:37:23 info: 🚀 App listening on the port 8000
2022-12-16 18:37:23 info: =================================
2022-12-16 18:37:27 info: =================================
2022-12-16 18:37:27 info: ======= ENV: development =======
2022-12-16 18:37:27 info: 🚀 App listening on the port 8000
2022-12-16 18:37:27 info: =================================
2022-12-16 18:37:48 info: =================================
2022-12-16 18:37:48 info: ======= ENV: development =======
2022-12-16 18:37:48 info: 🚀 App listening on the port 8000
2022-12-16 18:37:48 info: =================================
2022-12-16 18:37:52 info: =================================
2022-12-16 18:37:52 info: ======= ENV: development =======
2022-12-16 18:37:52 info: 🚀 App listening on the port 8000
2022-12-16 18:37:52 info: =================================
2022-12-16 18:37:54 info: =================================
2022-12-16 18:37:54 info: ======= ENV: development =======
2022-12-16 18:37:54 info: 🚀 App listening on the port 8000
2022-12-16 18:37:54 info: =================================
2022-12-16 18:38:01 info: =================================
2022-12-16 18:38:01 info: ======= ENV: development =======
2022-12-16 18:38:01 info: 🚀 App listening on the port 8000
2022-12-16 18:38:01 info: =================================
2022-12-16 18:38:05 info: =================================
2022-12-16 18:38:05 info: ======= ENV: development =======
2022-12-16 18:38:05 info: 🚀 App listening on the port 8000
2022-12-16 18:38:05 info: =================================
2022-12-16 18:38:34 info: =================================
2022-12-16 18:38:34 info: ======= ENV: development =======
2022-12-16 18:38:34 info: 🚀 App listening on the port 8000
2022-12-16 18:38:34 info: =================================
2022-12-16 18:38:36 error: [POST] /login >> StatusCode:: 500, Message:: data and hash arguments required
2022-12-16 18:38:36 info: [0mPOST /login [31m500[0m 115.648 ms - 46[0m
2022-12-16 18:38:45 info: =================================
2022-12-16 18:38:45 info: ======= ENV: development =======
2022-12-16 18:38:45 info: 🚀 App listening on the port 8000
2022-12-16 18:38:45 info: =================================
2022-12-16 18:38:59 info: =================================
2022-12-16 18:38:59 info: ======= ENV: development =======
2022-12-16 18:38:59 info: 🚀 App listening on the port 8000
2022-12-16 18:38:59 info: =================================
2022-12-16 18:39:02 error: [POST] /login >> StatusCode:: 500, Message:: data and hash arguments required
2022-12-16 18:39:02 info: [0mPOST /login [31m500[0m 111.900 ms - 46[0m
2022-12-16 18:39:22 info: =================================
2022-12-16 18:39:22 info: ======= ENV: development =======
2022-12-16 18:39:22 info: 🚀 App listening on the port 8000
2022-12-16 18:39:22 info: =================================
2022-12-16 18:39:25 error: [POST] /login >> StatusCode:: 500, Message:: data and hash arguments required
2022-12-16 18:39:25 info: [0mPOST /login [31m500[0m 84.933 ms - 46[0m
2022-12-16 18:40:19 info: =================================
2022-12-16 18:40:19 info: ======= ENV: development =======
2022-12-16 18:40:19 info: 🚀 App listening on the port 8000
2022-12-16 18:40:19 info: =================================
2022-12-16 18:41:06 info: =================================
2022-12-16 18:41:06 info: ======= ENV: development =======
2022-12-16 18:41:06 info: 🚀 App listening on the port 8000
2022-12-16 18:41:06 info: =================================
2022-12-16 18:41:20 info: =================================
2022-12-16 18:41:20 info: ======= ENV: development =======
2022-12-16 18:41:20 info: 🚀 App listening on the port 8000
2022-12-16 18:41:20 info: =================================
2022-12-16 18:41:22 info: =================================
2022-12-16 18:41:22 info: ======= ENV: development =======
2022-12-16 18:41:22 info: 🚀 App listening on the port 8000
2022-12-16 18:41:22 info: =================================
2022-12-16 18:41:25 info: =================================
2022-12-16 18:41:25 info: ======= ENV: development =======
2022-12-16 18:41:25 info: 🚀 App listening on the port 8000
2022-12-16 18:41:25 info: =================================
2022-12-16 18:41:29 info: =================================
2022-12-16 18:41:29 info: ======= ENV: development =======
2022-12-16 18:41:29 info: 🚀 App listening on the port 8000
2022-12-16 18:41:29 info: =================================
2022-12-16 18:41:32 info: [0mPOST /login [32m200[0m 149.947 ms - 255[0m
2022-12-16 18:41:59 info: =================================
2022-12-16 18:41:59 info: ======= ENV: development =======
2022-12-16 18:41:59 info: 🚀 App listening on the port 8000
2022-12-16 18:41:59 info: =================================
2022-12-16 18:42:03 info: [0mPOST /login [32m200[0m 145.054 ms - 255[0m
2022-12-16 18:42:32 info: =================================
2022-12-16 18:42:32 info: ======= ENV: development =======
2022-12-16 18:42:32 info: 🚀 App listening on the port 8000
2022-12-16 18:42:32 info: =================================
2022-12-16 18:43:13 info: =================================
2022-12-16 18:43:13 info: ======= ENV: development =======
2022-12-16 18:43:13 info: 🚀 App listening on the port 8000
2022-12-16 18:43:13 info: =================================
2022-12-16 18:43:17 info: =================================
2022-12-16 18:43:17 info: ======= ENV: development =======
2022-12-16 18:43:17 info: 🚀 App listening on the port 8000
2022-12-16 18:43:17 info: =================================
2022-12-16 18:43:20 info: =================================
2022-12-16 18:43:20 info: ======= ENV: development =======
2022-12-16 18:43:20 info: 🚀 App listening on the port 8000
2022-12-16 18:43:20 info: =================================
2022-12-16 18:43:23 info: =================================
2022-12-16 18:43:23 info: ======= ENV: development =======
2022-12-16 18:43:23 info: 🚀 App listening on the port 8000
2022-12-16 18:43:23 info: =================================
2022-12-16 18:43:27 error: [POST] /login >> StatusCode:: 409, Message:: This email admin@maynaps.com was not found
2022-12-16 18:43:27 info: [0mPOST /login [33m409[0m 92.294 ms - 56[0m
2022-12-16 18:43:35 error: [POST] /login >> StatusCode:: 409, Message:: Password is not matching
2022-12-16 18:43:35 info: [0mPOST /login [33m409[0m 139.189 ms - 38[0m
2022-12-16 18:43:37 info: [0mPOST /login [32m200[0m 135.890 ms - 255[0m
2022-12-16 18:43:52 info: =================================
2022-12-16 18:43:52 info: ======= ENV: development =======
2022-12-16 18:43:52 info: 🚀 App listening on the port 8000
2022-12-16 18:43:52 info: =================================
2022-12-16 18:44:03 info: =================================
2022-12-16 18:44:03 info: ======= ENV: development =======
2022-12-16 18:44:03 info: 🚀 App listening on the port 8000
2022-12-16 18:44:03 info: =================================
2022-12-16 18:44:06 info: =================================
2022-12-16 18:44:06 info: ======= ENV: development =======
2022-12-16 18:44:06 info: 🚀 App listening on the port 8000
2022-12-16 18:44:06 info: =================================
2022-12-16 18:44:08 info: =================================
2022-12-16 18:44:08 info: ======= ENV: development =======
2022-12-16 18:44:08 info: 🚀 App listening on the port 8000
2022-12-16 18:44:08 info: =================================
2022-12-16 19:54:48 error: [POST] /signup >> StatusCode:: 400, Message:: birthDate must be a string
2022-12-16 19:54:48 info: [0mPOST /signup [33m400[0m 43.271 ms - 40[0m
2022-12-16 19:55:02 info: [0mPOST /signup [32m201[0m 747.987 ms - 274[0m
