2022-12-18 17:21:30 info: =================================
2022-12-18 17:21:30 info: ======= ENV: development =======
2022-12-18 17:21:30 info: 🚀 App listening on the port 8000
2022-12-18 17:21:30 info: =================================
2022-12-18 17:22:06 info: [0mPOST /login [32m200[0m 180.201 ms - 255[0m
2022-12-18 17:44:35 error: [POST] /login >> StatusCode:: 409, Message:: This email admin@maynaps.com was not found
2022-12-18 17:44:35 info: [0mPOST /login [33m409[0m 96.573 ms - 56[0m
2022-12-18 17:44:47 error: [POST] /login >> StatusCode:: 409, Message:: Password is not matching
2022-12-18 17:44:47 info: [0mPOST /login [33m409[0m 645.592 ms - 38[0m
2022-12-18 17:44:57 info: [0mPOST /login [32m200[0m 241.718 ms - 255[0m
2022-12-18 17:51:22 info: =================================
2022-12-18 17:51:22 info: ======= ENV: development =======
2022-12-18 17:51:22 info: 🚀 App listening on the port 8000
2022-12-18 17:51:22 info: =================================
2022-12-18 17:51:29 info: =================================
2022-12-18 17:51:29 info: ======= ENV: development =======
2022-12-18 17:51:29 info: 🚀 App listening on the port 8000
2022-12-18 17:51:29 info: =================================
2022-12-18 17:51:40 info: =================================
2022-12-18 17:51:40 info: ======= ENV: development =======
2022-12-18 17:51:40 info: 🚀 App listening on the port 8000
2022-12-18 17:51:40 info: =================================
2022-12-18 17:51:46 info: =================================
2022-12-18 17:51:46 info: ======= ENV: development =======
2022-12-18 17:51:46 info: 🚀 App listening on the port 8000
2022-12-18 17:51:46 info: =================================
2022-12-18 17:51:51 info: =================================
2022-12-18 17:51:51 info: ======= ENV: development =======
2022-12-18 17:51:51 info: 🚀 App listening on the port 8000
2022-12-18 17:51:51 info: =================================
2022-12-18 17:52:04 info: =================================
2022-12-18 17:52:04 info: ======= ENV: development =======
2022-12-18 17:52:04 info: 🚀 App listening on the port 8000
2022-12-18 17:52:04 info: =================================
2022-12-18 17:52:07 info: =================================
2022-12-18 17:52:07 info: ======= ENV: development =======
2022-12-18 17:52:07 info: 🚀 App listening on the port 8000
2022-12-18 17:52:07 info: =================================
2022-12-18 17:52:10 info: =================================
2022-12-18 17:52:10 info: ======= ENV: development =======
2022-12-18 17:52:10 info: 🚀 App listening on the port 8000
2022-12-18 17:52:10 info: =================================
2022-12-18 17:52:14 info: =================================
2022-12-18 17:52:14 info: ======= ENV: development =======
2022-12-18 17:52:14 info: 🚀 App listening on the port 8000
2022-12-18 17:52:14 info: =================================
2022-12-18 17:52:16 info: =================================
2022-12-18 17:52:16 info: ======= ENV: development =======
2022-12-18 17:52:16 info: 🚀 App listening on the port 8000
2022-12-18 17:52:16 info: =================================
2022-12-18 17:52:23 info: =================================
2022-12-18 17:52:23 info: ======= ENV: development =======
2022-12-18 17:52:23 info: 🚀 App listening on the port 8000
2022-12-18 17:52:23 info: =================================
2022-12-18 17:52:44 info: =================================
2022-12-18 17:52:44 info: ======= ENV: development =======
2022-12-18 17:52:44 info: 🚀 App listening on the port 8000
2022-12-18 17:52:44 info: =================================
2022-12-18 17:52:51 info: =================================
2022-12-18 17:52:51 info: ======= ENV: development =======
2022-12-18 17:52:51 info: 🚀 App listening on the port 8000
2022-12-18 17:52:51 info: =================================
2022-12-18 17:52:53 info: =================================
2022-12-18 17:52:53 info: ======= ENV: development =======
2022-12-18 17:52:53 info: 🚀 App listening on the port 8000
2022-12-18 17:52:53 info: =================================
2022-12-18 17:52:55 info: =================================
2022-12-18 17:52:55 info: ======= ENV: development =======
2022-12-18 17:52:55 info: 🚀 App listening on the port 8000
2022-12-18 17:52:55 info: =================================
2022-12-18 17:53:06 info: =================================
2022-12-18 17:53:06 info: ======= ENV: development =======
2022-12-18 17:53:06 info: 🚀 App listening on the port 8000
2022-12-18 17:53:06 info: =================================
2022-12-18 17:53:12 info: =================================
2022-12-18 17:53:12 info: ======= ENV: development =======
2022-12-18 17:53:12 info: 🚀 App listening on the port 8000
2022-12-18 17:53:12 info: =================================
2022-12-18 17:53:27 info: =================================
2022-12-18 17:53:27 info: ======= ENV: development =======
2022-12-18 17:53:27 info: 🚀 App listening on the port 8000
2022-12-18 17:53:27 info: =================================
2022-12-18 17:53:33 info: =================================
2022-12-18 17:53:33 info: ======= ENV: development =======
2022-12-18 17:53:33 info: 🚀 App listening on the port 8000
2022-12-18 17:53:33 info: =================================
2022-12-18 17:53:36 info: =================================
2022-12-18 17:53:36 info: ======= ENV: development =======
2022-12-18 17:53:36 info: 🚀 App listening on the port 8000
2022-12-18 17:53:36 info: =================================
2022-12-18 17:54:05 info: =================================
2022-12-18 17:54:05 info: ======= ENV: development =======
2022-12-18 17:54:05 info: 🚀 App listening on the port 8000
2022-12-18 17:54:05 info: =================================
2022-12-18 17:54:09 info: =================================
2022-12-18 17:54:09 info: ======= ENV: development =======
2022-12-18 17:54:09 info: 🚀 App listening on the port 8000
2022-12-18 17:54:09 info: =================================
2022-12-18 17:54:13 info: =================================
2022-12-18 17:54:13 info: ======= ENV: development =======
2022-12-18 17:54:13 info: 🚀 App listening on the port 8000
2022-12-18 17:54:13 info: =================================
2022-12-18 17:54:29 info: =================================
2022-12-18 17:54:29 info: ======= ENV: development =======
2022-12-18 17:54:29 info: 🚀 App listening on the port 8000
2022-12-18 17:54:29 info: =================================
2022-12-18 17:54:34 info: =================================
2022-12-18 17:54:34 info: ======= ENV: development =======
2022-12-18 17:54:34 info: 🚀 App listening on the port 8000
2022-12-18 17:54:34 info: =================================
2022-12-18 17:54:50 info: =================================
2022-12-18 17:54:50 info: ======= ENV: development =======
2022-12-18 17:54:50 info: 🚀 App listening on the port 8000
2022-12-18 17:54:50 info: =================================
2022-12-18 17:54:56 info: =================================
2022-12-18 17:54:56 info: ======= ENV: development =======
2022-12-18 17:54:56 info: 🚀 App listening on the port 8000
2022-12-18 17:54:56 info: =================================
2022-12-18 17:55:00 info: =================================
2022-12-18 17:55:00 info: ======= ENV: development =======
2022-12-18 17:55:00 info: 🚀 App listening on the port 8000
2022-12-18 17:55:00 info: =================================
2022-12-18 17:55:09 info: =================================
2022-12-18 17:55:09 info: ======= ENV: development =======
2022-12-18 17:55:09 info: 🚀 App listening on the port 8000
2022-12-18 17:55:09 info: =================================
2022-12-18 17:55:14 info: =================================
2022-12-18 17:55:14 info: ======= ENV: development =======
2022-12-18 17:55:14 info: 🚀 App listening on the port 8000
2022-12-18 17:55:14 info: =================================
2022-12-18 17:55:16 info: =================================
2022-12-18 17:55:16 info: ======= ENV: development =======
2022-12-18 17:55:16 info: 🚀 App listening on the port 8000
2022-12-18 17:55:16 info: =================================
2022-12-18 17:55:22 info: =================================
2022-12-18 17:55:22 info: ======= ENV: development =======
2022-12-18 17:55:22 info: 🚀 App listening on the port 8000
2022-12-18 17:55:22 info: =================================
2022-12-18 17:55:24 info: =================================
2022-12-18 17:55:24 info: ======= ENV: development =======
2022-12-18 17:55:24 info: 🚀 App listening on the port 8000
2022-12-18 17:55:24 info: =================================
2022-12-18 17:55:27 info: =================================
2022-12-18 17:55:27 info: ======= ENV: development =======
2022-12-18 17:55:27 info: 🚀 App listening on the port 8000
2022-12-18 17:55:27 info: =================================
2022-12-18 17:55:40 info: =================================
2022-12-18 17:55:40 info: ======= ENV: development =======
2022-12-18 17:55:40 info: 🚀 App listening on the port 8000
2022-12-18 17:55:40 info: =================================
2022-12-18 18:04:01 info: =================================
2022-12-18 18:04:01 info: ======= ENV: development =======
2022-12-18 18:04:01 info: 🚀 App listening on the port 8000
2022-12-18 18:04:01 info: =================================
2022-12-18 18:04:10 info: =================================
2022-12-18 18:04:10 info: ======= ENV: development =======
2022-12-18 18:04:10 info: 🚀 App listening on the port 8000
2022-12-18 18:04:10 info: =================================
2022-12-18 18:04:46 info: =================================
2022-12-18 18:04:46 info: ======= ENV: development =======
2022-12-18 18:04:46 info: 🚀 App listening on the port 8000
2022-12-18 18:04:46 info: =================================
2022-12-18 18:04:51 info: =================================
2022-12-18 18:04:51 info: ======= ENV: development =======
2022-12-18 18:04:51 info: 🚀 App listening on the port 8000
2022-12-18 18:04:51 info: =================================
2022-12-18 18:05:02 info: =================================
2022-12-18 18:05:02 info: ======= ENV: development =======
2022-12-18 18:05:02 info: 🚀 App listening on the port 8000
2022-12-18 18:05:02 info: =================================
2022-12-18 18:05:06 info: =================================
2022-12-18 18:05:06 info: ======= ENV: development =======
2022-12-18 18:05:06 info: 🚀 App listening on the port 8000
2022-12-18 18:05:06 info: =================================
2022-12-18 18:05:09 info: =================================
2022-12-18 18:05:09 info: ======= ENV: development =======
2022-12-18 18:05:09 info: 🚀 App listening on the port 8000
2022-12-18 18:05:09 info: =================================
2022-12-18 18:05:13 info: =================================
2022-12-18 18:05:13 info: ======= ENV: development =======
2022-12-18 18:05:13 info: 🚀 App listening on the port 8000
2022-12-18 18:05:13 info: =================================
2022-12-18 18:05:54 info: =================================
2022-12-18 18:05:54 info: ======= ENV: development =======
2022-12-18 18:05:54 info: 🚀 App listening on the port 8000
2022-12-18 18:05:54 info: =================================
2022-12-18 18:06:00 info: =================================
2022-12-18 18:06:00 info: ======= ENV: development =======
2022-12-18 18:06:00 info: 🚀 App listening on the port 8000
2022-12-18 18:06:00 info: =================================
2022-12-18 18:06:02 info: =================================
2022-12-18 18:06:02 info: ======= ENV: development =======
2022-12-18 18:06:02 info: 🚀 App listening on the port 8000
2022-12-18 18:06:02 info: =================================
2022-12-18 18:06:08 info: =================================
2022-12-18 18:06:08 info: ======= ENV: development =======
2022-12-18 18:06:08 info: 🚀 App listening on the port 8000
2022-12-18 18:06:08 info: =================================
2022-12-18 18:06:24 info: =================================
2022-12-18 18:06:24 info: ======= ENV: development =======
2022-12-18 18:06:24 info: 🚀 App listening on the port 8000
2022-12-18 18:06:24 info: =================================
2022-12-18 18:06:37 info: =================================
2022-12-18 18:06:37 info: ======= ENV: development =======
2022-12-18 18:06:37 info: 🚀 App listening on the port 8000
2022-12-18 18:06:37 info: =================================
2022-12-18 18:06:40 info: =================================
2022-12-18 18:06:40 info: ======= ENV: development =======
2022-12-18 18:06:40 info: 🚀 App listening on the port 8000
2022-12-18 18:06:40 info: =================================
2022-12-18 18:06:47 info: =================================
2022-12-18 18:06:47 info: ======= ENV: development =======
2022-12-18 18:06:47 info: 🚀 App listening on the port 8000
2022-12-18 18:06:47 info: =================================
2022-12-18 18:06:49 info: =================================
2022-12-18 18:06:49 info: ======= ENV: development =======
2022-12-18 18:06:49 info: 🚀 App listening on the port 8000
2022-12-18 18:06:49 info: =================================
2022-12-18 18:06:54 info: =================================
2022-12-18 18:06:54 info: ======= ENV: development =======
2022-12-18 18:06:54 info: 🚀 App listening on the port 8000
2022-12-18 18:06:54 info: =================================
2022-12-18 18:06:56 info: =================================
2022-12-18 18:06:56 info: ======= ENV: development =======
2022-12-18 18:06:56 info: 🚀 App listening on the port 8000
2022-12-18 18:06:56 info: =================================
2022-12-18 18:07:01 info: =================================
2022-12-18 18:07:01 info: ======= ENV: development =======
2022-12-18 18:07:01 info: 🚀 App listening on the port 8000
2022-12-18 18:07:01 info: =================================
2022-12-18 18:07:10 info: =================================
2022-12-18 18:07:10 info: ======= ENV: development =======
2022-12-18 18:07:10 info: 🚀 App listening on the port 8000
2022-12-18 18:07:10 info: =================================
2022-12-18 18:07:17 info: =================================
2022-12-18 18:07:17 info: ======= ENV: development =======
2022-12-18 18:07:17 info: 🚀 App listening on the port 8000
2022-12-18 18:07:17 info: =================================
2022-12-18 18:07:21 info: =================================
2022-12-18 18:07:21 info: ======= ENV: development =======
2022-12-18 18:07:21 info: 🚀 App listening on the port 8000
2022-12-18 18:07:21 info: =================================
2022-12-18 18:07:28 info: =================================
2022-12-18 18:07:28 info: ======= ENV: development =======
2022-12-18 18:07:28 info: 🚀 App listening on the port 8000
2022-12-18 18:07:28 info: =================================
2022-12-18 18:07:32 info: =================================
2022-12-18 18:07:32 info: ======= ENV: development =======
2022-12-18 18:07:32 info: 🚀 App listening on the port 8000
2022-12-18 18:07:32 info: =================================
2022-12-18 18:07:41 info: =================================
2022-12-18 18:07:41 info: ======= ENV: development =======
2022-12-18 18:07:41 info: 🚀 App listening on the port 8000
2022-12-18 18:07:41 info: =================================
2022-12-18 18:07:45 info: =================================
2022-12-18 18:07:45 info: ======= ENV: development =======
2022-12-18 18:07:45 info: 🚀 App listening on the port 8000
2022-12-18 18:07:45 info: =================================
2022-12-18 18:07:55 info: =================================
2022-12-18 18:07:55 info: ======= ENV: development =======
2022-12-18 18:07:55 info: 🚀 App listening on the port 8000
2022-12-18 18:07:55 info: =================================
2022-12-18 18:08:04 info: =================================
2022-12-18 18:08:04 info: ======= ENV: development =======
2022-12-18 18:08:04 info: 🚀 App listening on the port 8000
2022-12-18 18:08:04 info: =================================
2022-12-18 18:08:06 info: =================================
2022-12-18 18:08:06 info: ======= ENV: development =======
2022-12-18 18:08:06 info: 🚀 App listening on the port 8000
2022-12-18 18:08:06 info: =================================
2022-12-18 18:08:08 info: =================================
2022-12-18 18:08:08 info: ======= ENV: development =======
2022-12-18 18:08:08 info: 🚀 App listening on the port 8000
2022-12-18 18:08:08 info: =================================
2022-12-18 18:08:10 info: =================================
2022-12-18 18:08:10 info: ======= ENV: development =======
2022-12-18 18:08:10 info: 🚀 App listening on the port 8000
2022-12-18 18:08:10 info: =================================
2022-12-18 18:08:13 info: =================================
2022-12-18 18:08:13 info: ======= ENV: development =======
2022-12-18 18:08:13 info: 🚀 App listening on the port 8000
2022-12-18 18:08:13 info: =================================
2022-12-18 18:10:22 info: =================================
2022-12-18 18:10:22 info: ======= ENV: development =======
2022-12-18 18:10:22 info: 🚀 App listening on the port 8000
2022-12-18 18:10:22 info: =================================
2022-12-18 18:10:29 info: =================================
2022-12-18 18:10:29 info: ======= ENV: development =======
2022-12-18 18:10:29 info: 🚀 App listening on the port 8000
2022-12-18 18:10:29 info: =================================
2022-12-18 18:11:09 info: =================================
2022-12-18 18:11:09 info: ======= ENV: development =======
2022-12-18 18:11:09 info: 🚀 App listening on the port 8000
2022-12-18 18:11:09 info: =================================
2022-12-18 18:12:07 info: =================================
2022-12-18 18:12:07 info: ======= ENV: development =======
2022-12-18 18:12:07 info: 🚀 App listening on the port 8000
2022-12-18 18:12:07 info: =================================
2022-12-18 18:12:18 info: =================================
2022-12-18 18:12:18 info: ======= ENV: development =======
2022-12-18 18:12:18 info: 🚀 App listening on the port 8000
2022-12-18 18:12:18 info: =================================
2022-12-18 18:12:27 info: =================================
2022-12-18 18:12:27 info: ======= ENV: development =======
2022-12-18 18:12:27 info: 🚀 App listening on the port 8000
2022-12-18 18:12:27 info: =================================
2022-12-18 18:12:49 info: =================================
2022-12-18 18:12:49 info: ======= ENV: development =======
2022-12-18 18:12:49 info: 🚀 App listening on the port 8000
2022-12-18 18:12:49 info: =================================
2022-12-18 18:12:51 info: =================================
2022-12-18 18:12:51 info: ======= ENV: development =======
2022-12-18 18:12:51 info: 🚀 App listening on the port 8000
2022-12-18 18:12:51 info: =================================
2022-12-18 18:12:54 info: =================================
2022-12-18 18:12:54 info: ======= ENV: development =======
2022-12-18 18:12:54 info: 🚀 App listening on the port 8000
2022-12-18 18:12:54 info: =================================
2022-12-18 18:13:30 info: =================================
2022-12-18 18:13:30 info: ======= ENV: development =======
2022-12-18 18:13:30 info: 🚀 App listening on the port 8000
2022-12-18 18:13:30 info: =================================
2022-12-18 18:13:47 info: =================================
2022-12-18 18:13:47 info: ======= ENV: development =======
2022-12-18 18:13:47 info: 🚀 App listening on the port 8000
2022-12-18 18:13:47 info: =================================
2022-12-18 18:13:56 info: =================================
2022-12-18 18:13:56 info: ======= ENV: development =======
2022-12-18 18:13:56 info: 🚀 App listening on the port 8000
2022-12-18 18:13:56 info: =================================
2022-12-18 18:14:05 info: =================================
2022-12-18 18:14:05 info: ======= ENV: development =======
2022-12-18 18:14:05 info: 🚀 App listening on the port 8000
2022-12-18 18:14:05 info: =================================
2022-12-18 18:14:10 info: =================================
2022-12-18 18:14:10 info: ======= ENV: development =======
2022-12-18 18:14:10 info: 🚀 App listening on the port 8000
2022-12-18 18:14:10 info: =================================
2022-12-18 18:14:16 info: =================================
2022-12-18 18:14:16 info: ======= ENV: development =======
2022-12-18 18:14:16 info: 🚀 App listening on the port 8000
2022-12-18 18:14:16 info: =================================
2022-12-18 18:14:22 info: =================================
2022-12-18 18:14:22 info: ======= ENV: development =======
2022-12-18 18:14:22 info: 🚀 App listening on the port 8000
2022-12-18 18:14:22 info: =================================
2022-12-18 18:14:32 info: =================================
2022-12-18 18:14:32 info: ======= ENV: development =======
2022-12-18 18:14:32 info: 🚀 App listening on the port 8000
2022-12-18 18:14:32 info: =================================
2022-12-18 18:14:36 info: =================================
2022-12-18 18:14:36 info: ======= ENV: development =======
2022-12-18 18:14:36 info: 🚀 App listening on the port 8000
2022-12-18 18:14:36 info: =================================
2022-12-18 18:14:40 info: =================================
2022-12-18 18:14:40 info: ======= ENV: development =======
2022-12-18 18:14:40 info: 🚀 App listening on the port 8000
2022-12-18 18:14:40 info: =================================
2022-12-18 18:14:50 info: =================================
2022-12-18 18:14:50 info: ======= ENV: development =======
2022-12-18 18:14:50 info: 🚀 App listening on the port 8000
2022-12-18 18:14:50 info: =================================
2022-12-18 18:15:17 info: =================================
2022-12-18 18:15:17 info: ======= ENV: development =======
2022-12-18 18:15:17 info: 🚀 App listening on the port 8000
2022-12-18 18:15:17 info: =================================
2022-12-18 18:15:25 info: =================================
2022-12-18 18:15:25 info: ======= ENV: development =======
2022-12-18 18:15:25 info: 🚀 App listening on the port 8000
2022-12-18 18:15:25 info: =================================
2022-12-18 18:15:52 info: =================================
2022-12-18 18:15:52 info: ======= ENV: development =======
2022-12-18 18:15:52 info: 🚀 App listening on the port 8000
2022-12-18 18:15:52 info: =================================
2022-12-18 18:15:57 info: =================================
2022-12-18 18:15:57 info: ======= ENV: development =======
2022-12-18 18:15:57 info: 🚀 App listening on the port 8000
2022-12-18 18:15:57 info: =================================
2022-12-18 18:16:08 info: =================================
2022-12-18 18:16:08 info: ======= ENV: development =======
2022-12-18 18:16:08 info: 🚀 App listening on the port 8000
2022-12-18 18:16:08 info: =================================
2022-12-18 18:16:11 info: =================================
2022-12-18 18:16:11 info: ======= ENV: development =======
2022-12-18 18:16:11 info: 🚀 App listening on the port 8000
2022-12-18 18:16:11 info: =================================
2022-12-18 18:16:15 info: =================================
2022-12-18 18:16:15 info: ======= ENV: development =======
2022-12-18 18:16:15 info: 🚀 App listening on the port 8000
2022-12-18 18:16:15 info: =================================
2022-12-18 18:16:19 info: =================================
2022-12-18 18:16:19 info: ======= ENV: development =======
2022-12-18 18:16:19 info: 🚀 App listening on the port 8000
2022-12-18 18:16:19 info: =================================
2022-12-18 18:16:23 info: =================================
2022-12-18 18:16:23 info: ======= ENV: development =======
2022-12-18 18:16:23 info: 🚀 App listening on the port 8000
2022-12-18 18:16:23 info: =================================
2022-12-18 18:16:30 info: =================================
2022-12-18 18:16:30 info: ======= ENV: development =======
2022-12-18 18:16:30 info: 🚀 App listening on the port 8000
2022-12-18 18:16:30 info: =================================
2022-12-18 18:16:35 info: =================================
2022-12-18 18:16:35 info: ======= ENV: development =======
2022-12-18 18:16:35 info: 🚀 App listening on the port 8000
2022-12-18 18:16:35 info: =================================
2022-12-18 18:16:39 info: =================================
2022-12-18 18:16:39 info: ======= ENV: development =======
2022-12-18 18:16:39 info: 🚀 App listening on the port 8000
2022-12-18 18:16:39 info: =================================
2022-12-18 18:16:49 info: =================================
2022-12-18 18:16:49 info: ======= ENV: development =======
2022-12-18 18:16:49 info: 🚀 App listening on the port 8000
2022-12-18 18:16:49 info: =================================
2022-12-18 18:16:52 info: =================================
2022-12-18 18:16:52 info: ======= ENV: development =======
2022-12-18 18:16:52 info: 🚀 App listening on the port 8000
2022-12-18 18:16:52 info: =================================
2022-12-18 18:16:54 info: =================================
2022-12-18 18:16:54 info: ======= ENV: development =======
2022-12-18 18:16:54 info: 🚀 App listening on the port 8000
2022-12-18 18:16:54 info: =================================
2022-12-18 18:17:00 info: =================================
2022-12-18 18:17:00 info: ======= ENV: development =======
2022-12-18 18:17:00 info: 🚀 App listening on the port 8000
2022-12-18 18:17:00 info: =================================
2022-12-18 18:17:12 info: =================================
2022-12-18 18:17:12 info: ======= ENV: development =======
2022-12-18 18:17:12 info: 🚀 App listening on the port 8000
2022-12-18 18:17:12 info: =================================
2022-12-18 18:17:28 info: =================================
2022-12-18 18:17:28 info: ======= ENV: development =======
2022-12-18 18:17:28 info: 🚀 App listening on the port 8000
2022-12-18 18:17:28 info: =================================
2022-12-18 18:17:32 info: =================================
2022-12-18 18:17:32 info: ======= ENV: development =======
2022-12-18 18:17:32 info: 🚀 App listening on the port 8000
2022-12-18 18:17:32 info: =================================
2022-12-18 18:17:42 info: =================================
2022-12-18 18:17:42 info: ======= ENV: development =======
2022-12-18 18:17:42 info: 🚀 App listening on the port 8000
2022-12-18 18:17:42 info: =================================
2022-12-18 18:18:07 info: =================================
2022-12-18 18:18:07 info: ======= ENV: development =======
2022-12-18 18:18:07 info: 🚀 App listening on the port 8000
2022-12-18 18:18:07 info: =================================
2022-12-18 18:18:19 info: =================================
2022-12-18 18:18:19 info: ======= ENV: development =======
2022-12-18 18:18:19 info: 🚀 App listening on the port 8000
2022-12-18 18:18:19 info: =================================
2022-12-18 18:18:25 info: =================================
2022-12-18 18:18:25 info: ======= ENV: development =======
2022-12-18 18:18:25 info: 🚀 App listening on the port 8000
2022-12-18 18:18:25 info: =================================
2022-12-18 18:18:50 info: =================================
2022-12-18 18:18:50 info: ======= ENV: development =======
2022-12-18 18:18:50 info: 🚀 App listening on the port 8000
2022-12-18 18:18:50 info: =================================
2022-12-18 18:18:52 info: =================================
2022-12-18 18:18:52 info: ======= ENV: development =======
2022-12-18 18:18:52 info: 🚀 App listening on the port 8000
2022-12-18 18:18:52 info: =================================
2022-12-18 18:18:57 info: =================================
2022-12-18 18:18:57 info: ======= ENV: development =======
2022-12-18 18:18:57 info: 🚀 App listening on the port 8000
2022-12-18 18:18:57 info: =================================
2022-12-18 18:18:59 info: =================================
2022-12-18 18:18:59 info: ======= ENV: development =======
2022-12-18 18:18:59 info: 🚀 App listening on the port 8000
2022-12-18 18:18:59 info: =================================
2022-12-18 18:19:06 info: =================================
2022-12-18 18:19:06 info: ======= ENV: development =======
2022-12-18 18:19:06 info: 🚀 App listening on the port 8000
2022-12-18 18:19:06 info: =================================
2022-12-18 18:19:16 info: =================================
2022-12-18 18:19:16 info: ======= ENV: development =======
2022-12-18 18:19:16 info: 🚀 App listening on the port 8000
2022-12-18 18:19:16 info: =================================
2022-12-18 18:19:20 info: =================================
2022-12-18 18:19:20 info: ======= ENV: development =======
2022-12-18 18:19:20 info: 🚀 App listening on the port 8000
2022-12-18 18:19:20 info: =================================
2022-12-18 18:19:30 info: =================================
2022-12-18 18:19:30 info: ======= ENV: development =======
2022-12-18 18:19:30 info: 🚀 App listening on the port 8000
2022-12-18 18:19:30 info: =================================
2022-12-18 18:19:32 info: =================================
2022-12-18 18:19:32 info: ======= ENV: development =======
2022-12-18 18:19:32 info: 🚀 App listening on the port 8000
2022-12-18 18:19:32 info: =================================
2022-12-18 18:19:34 info: =================================
2022-12-18 18:19:34 info: ======= ENV: development =======
2022-12-18 18:19:34 info: 🚀 App listening on the port 8000
2022-12-18 18:19:34 info: =================================
2022-12-18 18:19:36 info: =================================
2022-12-18 18:19:36 info: ======= ENV: development =======
2022-12-18 18:19:36 info: 🚀 App listening on the port 8000
2022-12-18 18:19:36 info: =================================
2022-12-18 18:19:42 info: =================================
2022-12-18 18:19:42 info: ======= ENV: development =======
2022-12-18 18:19:42 info: 🚀 App listening on the port 8000
2022-12-18 18:19:42 info: =================================
2022-12-18 18:19:49 info: =================================
2022-12-18 18:19:49 info: ======= ENV: development =======
2022-12-18 18:19:49 info: 🚀 App listening on the port 8000
2022-12-18 18:19:49 info: =================================
2022-12-18 18:19:56 info: =================================
2022-12-18 18:19:56 info: ======= ENV: development =======
2022-12-18 18:19:56 info: 🚀 App listening on the port 8000
2022-12-18 18:19:56 info: =================================
2022-12-18 18:20:02 info: =================================
2022-12-18 18:20:02 info: ======= ENV: development =======
2022-12-18 18:20:02 info: 🚀 App listening on the port 8000
2022-12-18 18:20:02 info: =================================
2022-12-18 18:20:27 info: =================================
2022-12-18 18:20:27 info: ======= ENV: development =======
2022-12-18 18:20:27 info: 🚀 App listening on the port 8000
2022-12-18 18:20:27 info: =================================
2022-12-18 18:20:47 info: =================================
2022-12-18 18:20:47 info: ======= ENV: development =======
2022-12-18 18:20:47 info: 🚀 App listening on the port 8000
2022-12-18 18:20:47 info: =================================
2022-12-18 18:20:52 info: =================================
2022-12-18 18:20:52 info: ======= ENV: development =======
2022-12-18 18:20:52 info: 🚀 App listening on the port 8000
2022-12-18 18:20:52 info: =================================
2022-12-18 18:20:56 info: =================================
2022-12-18 18:20:56 info: ======= ENV: development =======
2022-12-18 18:20:56 info: 🚀 App listening on the port 8000
2022-12-18 18:20:56 info: =================================
2022-12-18 18:21:08 info: =================================
2022-12-18 18:21:08 info: ======= ENV: development =======
2022-12-18 18:21:08 info: 🚀 App listening on the port 8000
2022-12-18 18:21:08 info: =================================
2022-12-18 18:21:11 info: =================================
2022-12-18 18:21:11 info: ======= ENV: development =======
2022-12-18 18:21:11 info: 🚀 App listening on the port 8000
2022-12-18 18:21:11 info: =================================
2022-12-18 18:21:15 info: =================================
2022-12-18 18:21:15 info: ======= ENV: development =======
2022-12-18 18:21:15 info: 🚀 App listening on the port 8000
2022-12-18 18:21:15 info: =================================
2022-12-18 18:21:22 info: =================================
2022-12-18 18:21:22 info: ======= ENV: development =======
2022-12-18 18:21:22 info: 🚀 App listening on the port 8000
2022-12-18 18:21:22 info: =================================
2022-12-18 18:21:27 info: =================================
2022-12-18 18:21:27 info: ======= ENV: development =======
2022-12-18 18:21:27 info: 🚀 App listening on the port 8000
2022-12-18 18:21:27 info: =================================
2022-12-18 18:21:40 info: =================================
2022-12-18 18:21:40 info: ======= ENV: development =======
2022-12-18 18:21:40 info: 🚀 App listening on the port 8000
2022-12-18 18:21:40 info: =================================
2022-12-18 18:21:53 info: =================================
2022-12-18 18:21:53 info: ======= ENV: development =======
2022-12-18 18:21:53 info: 🚀 App listening on the port 8000
2022-12-18 18:21:53 info: =================================
2022-12-18 18:21:57 info: =================================
2022-12-18 18:21:57 info: ======= ENV: development =======
2022-12-18 18:21:57 info: 🚀 App listening on the port 8000
2022-12-18 18:21:57 info: =================================
2022-12-18 18:22:07 info: =================================
2022-12-18 18:22:07 info: ======= ENV: development =======
2022-12-18 18:22:07 info: 🚀 App listening on the port 8000
2022-12-18 18:22:07 info: =================================
2022-12-18 18:22:15 info: =================================
2022-12-18 18:22:15 info: ======= ENV: development =======
2022-12-18 18:22:15 info: 🚀 App listening on the port 8000
2022-12-18 18:22:15 info: =================================
2022-12-18 18:22:18 info: =================================
2022-12-18 18:22:18 info: ======= ENV: development =======
2022-12-18 18:22:18 info: 🚀 App listening on the port 8000
2022-12-18 18:22:18 info: =================================
2022-12-18 18:22:21 info: =================================
2022-12-18 18:22:21 info: ======= ENV: development =======
2022-12-18 18:22:21 info: 🚀 App listening on the port 8000
2022-12-18 18:22:21 info: =================================
2022-12-18 18:22:40 info: =================================
2022-12-18 18:22:40 info: ======= ENV: development =======
2022-12-18 18:22:40 info: 🚀 App listening on the port 8000
2022-12-18 18:22:40 info: =================================
2022-12-18 18:22:42 info: =================================
2022-12-18 18:22:42 info: ======= ENV: development =======
2022-12-18 18:22:42 info: 🚀 App listening on the port 8000
2022-12-18 18:22:42 info: =================================
2022-12-18 18:22:44 info: =================================
2022-12-18 18:22:44 info: ======= ENV: development =======
2022-12-18 18:22:44 info: 🚀 App listening on the port 8000
2022-12-18 18:22:44 info: =================================
2022-12-18 18:22:47 info: =================================
2022-12-18 18:22:47 info: ======= ENV: development =======
2022-12-18 18:22:47 info: 🚀 App listening on the port 8000
2022-12-18 18:22:47 info: =================================
2022-12-18 18:22:54 info: =================================
2022-12-18 18:22:54 info: ======= ENV: development =======
2022-12-18 18:22:54 info: 🚀 App listening on the port 8000
2022-12-18 18:22:54 info: =================================
2022-12-18 18:23:01 info: =================================
2022-12-18 18:23:01 info: ======= ENV: development =======
2022-12-18 18:23:01 info: 🚀 App listening on the port 8000
2022-12-18 18:23:01 info: =================================
2022-12-18 18:23:07 info: =================================
2022-12-18 18:23:07 info: ======= ENV: development =======
2022-12-18 18:23:07 info: 🚀 App listening on the port 8000
2022-12-18 18:23:07 info: =================================
2022-12-18 18:23:14 info: =================================
2022-12-18 18:23:14 info: ======= ENV: development =======
2022-12-18 18:23:14 info: 🚀 App listening on the port 8000
2022-12-18 18:23:14 info: =================================
2022-12-18 18:23:17 info: =================================
2022-12-18 18:23:17 info: ======= ENV: development =======
2022-12-18 18:23:17 info: 🚀 App listening on the port 8000
2022-12-18 18:23:17 info: =================================
2022-12-18 18:23:24 info: =================================
2022-12-18 18:23:24 info: ======= ENV: development =======
2022-12-18 18:23:24 info: 🚀 App listening on the port 8000
2022-12-18 18:23:24 info: =================================
2022-12-18 18:23:27 info: =================================
2022-12-18 18:23:27 info: ======= ENV: development =======
2022-12-18 18:23:27 info: 🚀 App listening on the port 8000
2022-12-18 18:23:27 info: =================================
2022-12-18 18:23:30 info: =================================
2022-12-18 18:23:30 info: ======= ENV: development =======
2022-12-18 18:23:30 info: 🚀 App listening on the port 8000
2022-12-18 18:23:30 info: =================================
2022-12-18 18:23:32 info: =================================
2022-12-18 18:23:32 info: ======= ENV: development =======
2022-12-18 18:23:32 info: 🚀 App listening on the port 8000
2022-12-18 18:23:32 info: =================================
2022-12-18 18:23:42 info: =================================
2022-12-18 18:23:42 info: ======= ENV: development =======
2022-12-18 18:23:42 info: 🚀 App listening on the port 8000
2022-12-18 18:23:42 info: =================================
2022-12-18 18:23:46 info: =================================
2022-12-18 18:23:46 info: ======= ENV: development =======
2022-12-18 18:23:46 info: 🚀 App listening on the port 8000
2022-12-18 18:23:46 info: =================================
2022-12-18 18:23:49 info: =================================
2022-12-18 18:23:49 info: ======= ENV: development =======
2022-12-18 18:23:49 info: 🚀 App listening on the port 8000
2022-12-18 18:23:49 info: =================================
2022-12-18 18:23:55 info: =================================
2022-12-18 18:23:55 info: ======= ENV: development =======
2022-12-18 18:23:55 info: 🚀 App listening on the port 8000
2022-12-18 18:23:55 info: =================================
2022-12-18 18:24:10 info: =================================
2022-12-18 18:24:10 info: ======= ENV: development =======
2022-12-18 18:24:10 info: 🚀 App listening on the port 8000
2022-12-18 18:24:10 info: =================================
2022-12-18 18:24:15 info: =================================
2022-12-18 18:24:15 info: ======= ENV: development =======
2022-12-18 18:24:15 info: 🚀 App listening on the port 8000
2022-12-18 18:24:15 info: =================================
2022-12-18 18:24:20 info: =================================
2022-12-18 18:24:20 info: ======= ENV: development =======
2022-12-18 18:24:20 info: 🚀 App listening on the port 8000
2022-12-18 18:24:20 info: =================================
2022-12-18 18:24:23 info: =================================
2022-12-18 18:24:23 info: ======= ENV: development =======
2022-12-18 18:24:23 info: 🚀 App listening on the port 8000
2022-12-18 18:24:23 info: =================================
2022-12-18 18:24:26 info: =================================
2022-12-18 18:24:26 info: ======= ENV: development =======
2022-12-18 18:24:26 info: 🚀 App listening on the port 8000
2022-12-18 18:24:26 info: =================================
2022-12-18 18:24:30 info: =================================
2022-12-18 18:24:30 info: ======= ENV: development =======
2022-12-18 18:24:30 info: 🚀 App listening on the port 8000
2022-12-18 18:24:30 info: =================================
2022-12-18 18:24:48 info: =================================
2022-12-18 18:24:48 info: ======= ENV: development =======
2022-12-18 18:24:48 info: 🚀 App listening on the port 8000
2022-12-18 18:24:48 info: =================================
2022-12-18 18:24:57 info: =================================
2022-12-18 18:24:57 info: ======= ENV: development =======
2022-12-18 18:24:57 info: 🚀 App listening on the port 8000
2022-12-18 18:24:57 info: =================================
2022-12-18 18:25:03 info: =================================
2022-12-18 18:25:03 info: ======= ENV: development =======
2022-12-18 18:25:03 info: 🚀 App listening on the port 8000
2022-12-18 18:25:03 info: =================================
2022-12-18 18:25:10 info: =================================
2022-12-18 18:25:10 info: ======= ENV: development =======
2022-12-18 18:25:10 info: 🚀 App listening on the port 8000
2022-12-18 18:25:10 info: =================================
2022-12-18 18:25:15 info: =================================
2022-12-18 18:25:15 info: ======= ENV: development =======
2022-12-18 18:25:15 info: 🚀 App listening on the port 8000
2022-12-18 18:25:15 info: =================================
2022-12-18 18:25:26 info: =================================
2022-12-18 18:25:26 info: ======= ENV: development =======
2022-12-18 18:25:26 info: 🚀 App listening on the port 8000
2022-12-18 18:25:26 info: =================================
2022-12-18 18:25:28 info: =================================
2022-12-18 18:25:28 info: ======= ENV: development =======
2022-12-18 18:25:28 info: 🚀 App listening on the port 8000
2022-12-18 18:25:28 info: =================================
2022-12-18 18:25:33 info: =================================
2022-12-18 18:25:33 info: ======= ENV: development =======
2022-12-18 18:25:33 info: 🚀 App listening on the port 8000
2022-12-18 18:25:33 info: =================================
2022-12-18 18:25:41 info: =================================
2022-12-18 18:25:41 info: ======= ENV: development =======
2022-12-18 18:25:41 info: 🚀 App listening on the port 8000
2022-12-18 18:25:41 info: =================================
2022-12-18 18:25:46 info: =================================
2022-12-18 18:25:46 info: ======= ENV: development =======
2022-12-18 18:25:46 info: 🚀 App listening on the port 8000
2022-12-18 18:25:46 info: =================================
2022-12-18 18:26:21 info: =================================
2022-12-18 18:26:21 info: ======= ENV: development =======
2022-12-18 18:26:21 info: 🚀 App listening on the port 8000
2022-12-18 18:26:21 info: =================================
2022-12-18 18:26:26 info: =================================
2022-12-18 18:26:26 info: ======= ENV: development =======
2022-12-18 18:26:26 info: 🚀 App listening on the port 8000
2022-12-18 18:26:26 info: =================================
2022-12-18 18:26:39 info: =================================
2022-12-18 18:26:39 info: ======= ENV: development =======
2022-12-18 18:26:39 info: 🚀 App listening on the port 8000
2022-12-18 18:26:39 info: =================================
2022-12-18 18:26:43 info: =================================
2022-12-18 18:26:43 info: ======= ENV: development =======
2022-12-18 18:26:43 info: 🚀 App listening on the port 8000
2022-12-18 18:26:43 info: =================================
2022-12-18 18:26:57 info: =================================
2022-12-18 18:26:57 info: ======= ENV: development =======
2022-12-18 18:26:57 info: 🚀 App listening on the port 8000
2022-12-18 18:26:57 info: =================================
2022-12-18 18:27:02 info: =================================
2022-12-18 18:27:02 info: ======= ENV: development =======
2022-12-18 18:27:02 info: 🚀 App listening on the port 8000
2022-12-18 18:27:02 info: =================================
2022-12-18 18:27:31 info: =================================
2022-12-18 18:27:31 info: ======= ENV: development =======
2022-12-18 18:27:31 info: 🚀 App listening on the port 8000
2022-12-18 18:27:31 info: =================================
2022-12-18 18:27:53 info: =================================
2022-12-18 18:27:53 info: ======= ENV: development =======
2022-12-18 18:27:53 info: 🚀 App listening on the port 8000
2022-12-18 18:27:53 info: =================================
2022-12-18 18:28:02 info: =================================
2022-12-18 18:28:02 info: ======= ENV: development =======
2022-12-18 18:28:02 info: 🚀 App listening on the port 8000
2022-12-18 18:28:02 info: =================================
2022-12-18 18:28:04 info: =================================
2022-12-18 18:28:04 info: ======= ENV: development =======
2022-12-18 18:28:04 info: 🚀 App listening on the port 8000
2022-12-18 18:28:04 info: =================================
2022-12-18 18:28:16 info: =================================
2022-12-18 18:28:16 info: ======= ENV: development =======
2022-12-18 18:28:16 info: 🚀 App listening on the port 8000
2022-12-18 18:28:16 info: =================================
2022-12-18 18:28:18 info: =================================
2022-12-18 18:28:18 info: ======= ENV: development =======
2022-12-18 18:28:18 info: 🚀 App listening on the port 8000
2022-12-18 18:28:18 info: =================================
2022-12-18 18:28:20 info: =================================
2022-12-18 18:28:20 info: ======= ENV: development =======
2022-12-18 18:28:20 info: 🚀 App listening on the port 8000
2022-12-18 18:28:20 info: =================================
2022-12-18 18:28:24 info: =================================
2022-12-18 18:28:24 info: ======= ENV: development =======
2022-12-18 18:28:24 info: 🚀 App listening on the port 8000
2022-12-18 18:28:24 info: =================================
2022-12-18 18:28:26 info: =================================
2022-12-18 18:28:26 info: ======= ENV: development =======
2022-12-18 18:28:26 info: 🚀 App listening on the port 8000
2022-12-18 18:28:26 info: =================================
2022-12-18 18:28:31 info: =================================
2022-12-18 18:28:31 info: ======= ENV: development =======
2022-12-18 18:28:31 info: 🚀 App listening on the port 8000
2022-12-18 18:28:31 info: =================================
2022-12-18 18:28:43 info: =================================
2022-12-18 18:28:43 info: ======= ENV: development =======
2022-12-18 18:28:43 info: 🚀 App listening on the port 8000
2022-12-18 18:28:43 info: =================================
2022-12-18 18:28:55 info: =================================
2022-12-18 18:28:55 info: ======= ENV: development =======
2022-12-18 18:28:55 info: 🚀 App listening on the port 8000
2022-12-18 18:28:55 info: =================================
2022-12-18 18:29:17 info: =================================
2022-12-18 18:29:17 info: ======= ENV: development =======
2022-12-18 18:29:17 info: 🚀 App listening on the port 8000
2022-12-18 18:29:17 info: =================================
2022-12-18 18:29:29 info: =================================
2022-12-18 18:29:29 info: ======= ENV: development =======
2022-12-18 18:29:29 info: 🚀 App listening on the port 8000
2022-12-18 18:29:29 info: =================================
2022-12-18 18:29:33 info: =================================
2022-12-18 18:29:33 info: ======= ENV: development =======
2022-12-18 18:29:33 info: 🚀 App listening on the port 8000
2022-12-18 18:29:33 info: =================================
2022-12-18 18:29:56 info: =================================
2022-12-18 18:29:56 info: ======= ENV: development =======
2022-12-18 18:29:56 info: 🚀 App listening on the port 8000
2022-12-18 18:29:56 info: =================================
2022-12-18 18:31:12 info: =================================
2022-12-18 18:31:12 info: ======= ENV: development =======
2022-12-18 18:31:12 info: 🚀 App listening on the port 8000
2022-12-18 18:31:12 info: =================================
2022-12-18 18:31:20 info: =================================
2022-12-18 18:31:20 info: ======= ENV: development =======
2022-12-18 18:31:20 info: 🚀 App listening on the port 8000
2022-12-18 18:31:20 info: =================================
2022-12-18 18:31:27 info: =================================
2022-12-18 18:31:27 info: ======= ENV: development =======
2022-12-18 18:31:27 info: 🚀 App listening on the port 8000
2022-12-18 18:31:27 info: =================================
2022-12-18 18:31:38 info: =================================
2022-12-18 18:31:38 info: ======= ENV: development =======
2022-12-18 18:31:38 info: 🚀 App listening on the port 8000
2022-12-18 18:31:38 info: =================================
2022-12-18 18:31:48 info: =================================
2022-12-18 18:31:48 info: ======= ENV: development =======
2022-12-18 18:31:48 info: 🚀 App listening on the port 8000
2022-12-18 18:31:48 info: =================================
2022-12-18 18:32:00 info: =================================
2022-12-18 18:32:00 info: ======= ENV: development =======
2022-12-18 18:32:00 info: 🚀 App listening on the port 8000
2022-12-18 18:32:00 info: =================================
2022-12-18 18:32:08 info: =================================
2022-12-18 18:32:08 info: ======= ENV: development =======
2022-12-18 18:32:08 info: 🚀 App listening on the port 8000
2022-12-18 18:32:08 info: =================================
2022-12-18 18:32:13 info: =================================
2022-12-18 18:32:13 info: ======= ENV: development =======
2022-12-18 18:32:13 info: 🚀 App listening on the port 8000
2022-12-18 18:32:13 info: =================================
2022-12-18 18:32:17 info: =================================
2022-12-18 18:32:17 info: ======= ENV: development =======
2022-12-18 18:32:17 info: 🚀 App listening on the port 8000
2022-12-18 18:32:17 info: =================================
2022-12-18 18:32:26 info: =================================
2022-12-18 18:32:26 info: ======= ENV: development =======
2022-12-18 18:32:26 info: 🚀 App listening on the port 8000
2022-12-18 18:32:26 info: =================================
2022-12-18 18:32:53 info: =================================
2022-12-18 18:32:53 info: ======= ENV: development =======
2022-12-18 18:32:53 info: 🚀 App listening on the port 8000
2022-12-18 18:32:53 info: =================================
2022-12-18 18:32:57 info: =================================
2022-12-18 18:32:57 info: ======= ENV: development =======
2022-12-18 18:32:57 info: 🚀 App listening on the port 8000
2022-12-18 18:32:57 info: =================================
2022-12-18 18:33:01 info: =================================
2022-12-18 18:33:01 info: ======= ENV: development =======
2022-12-18 18:33:01 info: 🚀 App listening on the port 8000
2022-12-18 18:33:01 info: =================================
2022-12-18 18:33:25 info: =================================
2022-12-18 18:33:25 info: ======= ENV: development =======
2022-12-18 18:33:25 info: 🚀 App listening on the port 8000
2022-12-18 18:33:25 info: =================================
2022-12-18 18:34:25 info: =================================
2022-12-18 18:34:25 info: ======= ENV: development =======
2022-12-18 18:34:25 info: 🚀 App listening on the port 8000
2022-12-18 18:34:25 info: =================================
2022-12-18 18:34:35 error: [POST] /products >> StatusCode:: 400, Message:: property email should not exist, property password should not exist, description must be a string, stock must be a number conforming to the specified constraints, category must be a string, brand must be a string
2022-12-18 18:34:35 info: [0mPOST /products [33m400[0m 27.993 ms - 226[0m
2022-12-18 18:34:44 error: [POST] /products >> StatusCode:: 400, Message:: name must be a string, description must be a string, stock must be a number conforming to the specified constraints, category must be a string, brand must be a string
2022-12-18 18:34:44 info: [0mPOST /products [33m400[0m 2.337 ms - 180[0m
2022-12-18 18:36:02 info: [0mPOST /products [32m201[0m 76.075 ms - 192[0m
2022-12-18 23:31:23 info: [0mPOST /login [32m200[0m 556.696 ms - 255[0m
2022-12-18 23:35:23 info: [0mPOST /login [32m200[0m 270.329 ms - 255[0m
2022-12-18 23:36:02 info: [0mPOST /login [32m200[0m 135.093 ms - 255[0m
2022-12-18 23:42:44 info: [0mPOST /login [32m200[0m 290.483 ms - 255[0m
