2023-01-24 13:50:28 info: =================================
2023-01-24 13:50:28 info: ======= ENV: development =======
2023-01-24 13:50:28 info: 🚀 App listening on the port 8000
2023-01-24 13:50:28 info: =================================
2023-01-24 13:50:35 info: [0mGET /api/category [32m200[0m 65.101 ms - -[0m
2023-01-24 13:50:35 info: [0mGET /api/products?limit=4&skip=0 [32m200[0m 56.297 ms - -[0m
2023-01-24 13:50:43 info: [0mGET /api/category [32m200[0m 54.241 ms - -[0m
2023-01-24 13:50:43 info: [0mGET /api/products?limit=4&skip=0 [32m200[0m 56.784 ms - -[0m
2023-01-24 13:51:06 info: [0mGET /api/products/category/computers [32m200[0m 110.240 ms - -[0m
2023-01-24 13:51:06 info: [0mGET /api/category [32m200[0m 53.019 ms - -[0m
2023-01-24 13:51:06 info: [0mGET /api/manufacturers [32m200[0m 54.842 ms - 592[0m
2023-01-24 13:51:11 info: [0mGET /api/products/macbook-pro [32m200[0m 115.400 ms - -[0m
2023-01-24 13:51:11 info: [0mGET /api/reviews/63c179a75758b97301be4069 [32m200[0m 109.393 ms - 608[0m
2023-01-24 13:51:15 info: [0mGET /api/category [32m200[0m 53.028 ms - -[0m
2023-01-24 13:51:15 info: [0mGET /api/products?limit=4&skip=0 [32m200[0m 53.676 ms - -[0m
2023-01-24 13:51:43 info: [0mGET /api/products/category/computers [32m200[0m 106.191 ms - -[0m
2023-01-24 13:51:43 info: [0mGET /api/category [32m200[0m 53.798 ms - -[0m
2023-01-24 13:51:43 info: [0mGET /api/manufacturers [32m200[0m 52.514 ms - 592[0m
2023-01-24 13:51:45 info: [0mGET /api/products/macbook-pro [32m200[0m 107.034 ms - -[0m
2023-01-24 13:51:45 info: [0mGET /api/reviews/63c179a75758b97301be4069 [32m200[0m 104.127 ms - 608[0m
2023-01-24 13:51:55 info: [0mGET /api/category [32m200[0m 54.393 ms - -[0m
2023-01-24 13:51:55 info: [0mGET /api/products?limit=4&skip=0 [32m200[0m 54.725 ms - -[0m
2023-01-24 13:52:02 info: [0mGET /api/category [32m200[0m 54.142 ms - -[0m
2023-01-24 13:52:03 info: [0mGET /api/products?limit=4&skip=0 [32m200[0m 53.849 ms - -[0m
2023-01-24 13:52:19 info: [0mGET /api/category [32m200[0m 52.930 ms - -[0m
2023-01-24 13:52:19 info: [0mGET /api/products?limit=4&skip=0 [32m200[0m 53.657 ms - -[0m
2023-01-24 13:54:06 info: [0mGET /api/products/category/computers [32m200[0m 104.810 ms - -[0m
2023-01-24 13:54:06 info: [0mGET /api/category [32m200[0m 51.943 ms - -[0m
2023-01-24 13:54:06 info: [0mGET /api/manufacturers [32m200[0m 50.839 ms - 592[0m
2023-01-24 13:54:59 info: [0mGET /api/products/macbook-pro [32m200[0m 106.386 ms - -[0m
2023-01-24 13:54:59 info: [0mGET /api/reviews/63c179a75758b97301be4069 [32m200[0m 103.156 ms - 608[0m
2023-01-24 13:55:13 info: [0mGET /api/category [32m200[0m 52.328 ms - -[0m
2023-01-24 13:55:13 info: [0mGET /api/products?limit=4&skip=0 [32m200[0m 53.287 ms - -[0m
2023-01-24 13:55:17 info: [0mGET /api/products/macbook-pro [32m200[0m 106.836 ms - -[0m
2023-01-24 13:55:17 info: [0mGET /api/reviews/63c179a75758b97301be4069 [32m200[0m 102.794 ms - 608[0m
2023-01-24 13:57:16 info: [0mGET /api/products/macbook-pro [32m200[0m 107.809 ms - -[0m
2023-01-24 13:57:16 info: [0mGET /api/reviews/63c179a75758b97301be4069 [32m200[0m 104.982 ms - 608[0m
2023-01-24 14:20:23 info: [0mGET /api/products/macbook-pro [32m200[0m 118.882 ms - -[0m
2023-01-24 14:20:23 info: [0mGET /api/reviews/63c179a75758b97301be4069 [32m200[0m 107.665 ms - 608[0m
2023-01-24 14:21:33 info: [0mGET /api/products/macbook-pro [32m200[0m 105.324 ms - -[0m
2023-01-24 14:21:33 info: [0mGET /api/reviews/63c179a75758b97301be4069 [32m200[0m 102.970 ms - 608[0m
2023-01-24 14:25:03 info: [0mGET /api/products/macbook-pro [32m200[0m 114.672 ms - -[0m
2023-01-24 14:25:03 info: [0mGET /api/reviews/63c179a75758b97301be4069 [32m200[0m 103.051 ms - 608[0m
2023-01-24 14:39:45 info: [0mGET /api/products/macbook-pro [32m200[0m 110.002 ms - -[0m
2023-01-24 14:39:45 info: [0mGET /api/reviews/63c179a75758b97301be4069 [32m200[0m 107.010 ms - 608[0m
2023-01-24 14:39:54 info: [0mGET /api/products/macbook-pro [32m200[0m 103.132 ms - -[0m
2023-01-24 14:39:54 info: [0mGET /api/reviews/63c179a75758b97301be4069 [32m200[0m 102.060 ms - 608[0m
2023-01-24 14:45:00 info: [0mGET /api/products/macbook-pro [32m200[0m 106.653 ms - -[0m
2023-01-24 14:45:00 info: [0mGET /api/reviews/63c179a75758b97301be4069 [32m200[0m 104.355 ms - 608[0m
2023-01-24 14:46:38 info: [0mGET /api/products/macbook-pro [32m200[0m 109.205 ms - -[0m
2023-01-24 14:46:38 info: [0mGET /api/reviews/63c179a75758b97301be4069 [32m200[0m 104.988 ms - 608[0m
2023-01-24 14:47:08 info: [0mGET /api/products/macbook-pro [32m200[0m 105.759 ms - -[0m
2023-01-24 14:47:08 info: [0mGET /api/reviews/63c179a75758b97301be4069 [32m200[0m 103.623 ms - 608[0m
2023-01-24 14:47:11 info: [0mGET /api/products/macbook-pro [32m200[0m 104.810 ms - -[0m
2023-01-24 14:47:12 info: [0mGET /api/reviews/63c179a75758b97301be4069 [32m200[0m 103.864 ms - 608[0m
2023-01-24 14:47:14 info: [0mGET /api/products/macbook-pro [32m200[0m 106.797 ms - -[0m
2023-01-24 14:47:14 info: [0mGET /api/reviews/63c179a75758b97301be4069 [32m200[0m 103.687 ms - 608[0m
2023-01-24 14:47:40 info: [0mGET /api/products/macbook-pro [32m200[0m 104.424 ms - -[0m
2023-01-24 14:47:40 info: [0mGET /api/reviews/63c179a75758b97301be4069 [32m200[0m 103.604 ms - 608[0m
2023-01-24 14:47:47 info: [0mGET /api/products/macbook-pro [32m200[0m 106.351 ms - -[0m
2023-01-24 14:47:47 info: [0mGET /api/reviews/63c179a75758b97301be4069 [32m200[0m 103.739 ms - 608[0m
2023-01-24 14:47:51 info: [0mGET /api/products/macbook-pro [32m200[0m 104.530 ms - -[0m
2023-01-24 14:47:52 info: [0mGET /api/reviews/63c179a75758b97301be4069 [32m200[0m 103.410 ms - 608[0m
2023-01-24 14:48:05 info: [0mGET /api/products/macbook-pro [32m200[0m 106.154 ms - -[0m
2023-01-24 14:48:05 info: [0mGET /api/reviews/63c179a75758b97301be4069 [32m200[0m 103.688 ms - 608[0m
2023-01-24 14:48:16 info: [0mGET /api/products/macbook-pro [32m200[0m 106.458 ms - -[0m
2023-01-24 14:48:17 info: [0mGET /api/reviews/63c179a75758b97301be4069 [32m200[0m 102.598 ms - 608[0m
2023-01-24 14:48:47 info: [0mGET /api/products/macbook-pro [32m200[0m 105.085 ms - -[0m
2023-01-24 14:48:47 info: [0mGET /api/reviews/63c179a75758b97301be4069 [32m200[0m 103.781 ms - 608[0m
2023-01-24 14:49:21 info: [0mGET /api/products/macbook-pro [32m200[0m 105.123 ms - -[0m
2023-01-24 14:49:21 info: [0mGET /api/reviews/63c179a75758b97301be4069 [32m200[0m 102.850 ms - 608[0m
2023-01-24 15:20:04 info: =================================
2023-01-24 15:20:04 info: ======= ENV: development =======
2023-01-24 15:20:04 info: 🚀 App listening on the port 8000
2023-01-24 15:20:04 info: =================================
2023-01-24 15:20:13 info: [0mGET /api/products/macbook-pro [32m200[0m 3890.490 ms - -[0m
2023-01-24 15:20:14 info: [0mGET /api/reviews/63c179a75758b97301be4069 [32m200[0m 803.455 ms - 608[0m
2023-01-24 15:21:22 info: [0mGET /api/products/macbook-pro [32m200[0m 100.409 ms - -[0m
2023-01-24 15:21:22 info: [0mGET /api/reviews/63c179a75758b97301be4069 [32m200[0m 100.407 ms - 608[0m
2023-01-24 15:21:23 info: [0mGET /api/products/macbook-pro [32m200[0m 109.001 ms - -[0m
2023-01-24 15:21:23 info: [0mGET /api/reviews/63c179a75758b97301be4069 [32m200[0m 119.803 ms - 608[0m
2023-01-24 15:22:15 info: [0mGET /api/products/macbook-pro [32m200[0m 99.092 ms - -[0m
2023-01-24 15:22:15 info: [0mGET /api/reviews/63c179a75758b97301be4069 [32m200[0m 96.267 ms - 608[0m
2023-01-24 15:22:17 info: [0mGET /api/products/macbook-pro [32m200[0m 111.753 ms - -[0m
2023-01-24 15:22:17 info: [0mGET /api/reviews/63c179a75758b97301be4069 [32m200[0m 94.830 ms - 608[0m
2023-01-24 15:22:20 info: [0mGET /api/products/macbook-pro [32m200[0m 98.009 ms - -[0m
2023-01-24 15:22:20 info: [0mGET /api/reviews/63c179a75758b97301be4069 [32m200[0m 94.707 ms - 608[0m
2023-01-24 15:22:22 info: [0mGET /api/products/macbook-pro [32m200[0m 97.346 ms - -[0m
2023-01-24 15:22:22 info: [0mGET /api/reviews/63c179a75758b97301be4069 [32m200[0m 96.479 ms - 608[0m
2023-01-24 15:22:27 info: [0mGET /api/products/macbook-pro [32m200[0m 106.649 ms - -[0m
2023-01-24 15:22:27 info: [0mGET /api/reviews/63c179a75758b97301be4069 [32m200[0m 96.922 ms - 608[0m
2023-01-24 15:22:33 info: [0mGET /api/products/macbook-pro [32m200[0m 96.915 ms - -[0m
2023-01-24 15:22:33 info: [0mGET /api/reviews/63c179a75758b97301be4069 [32m200[0m 94.652 ms - 608[0m
2023-01-24 15:22:53 info: [0mGET /api/products/macbook-pro [32m200[0m 96.722 ms - -[0m
2023-01-24 15:22:53 info: [0mGET /api/reviews/63c179a75758b97301be4069 [32m200[0m 94.601 ms - 608[0m
2023-01-24 15:22:56 info: [0mGET /api/products/macbook-pro [32m200[0m 111.403 ms - -[0m
2023-01-24 15:22:56 info: [0mGET /api/reviews/63c179a75758b97301be4069 [32m200[0m 94.241 ms - 608[0m
2023-01-24 15:23:28 info: [0mGET /api/products/macbook-pro [32m200[0m 99.511 ms - -[0m
2023-01-24 15:23:28 info: [0mGET /api/reviews/63c179a75758b97301be4069 [32m200[0m 94.265 ms - 608[0m
2023-01-24 15:25:41 info: [0mGET /api/products/macbook-pro [32m200[0m 102.420 ms - -[0m
2023-01-24 15:25:41 info: [0mGET /api/reviews/63c179a75758b97301be4069 [32m200[0m 94.139 ms - 608[0m
2023-01-24 15:28:17 info: [0mGET /api/products/macbook-pro [32m200[0m 99.012 ms - -[0m
2023-01-24 15:28:17 info: [0mGET /api/reviews/63c179a75758b97301be4069 [32m200[0m 95.399 ms - 608[0m
2023-01-24 15:28:25 info: [0mGET /api/products/macbook-pro [32m200[0m 97.969 ms - -[0m
2023-01-24 15:28:25 info: [0mGET /api/reviews/63c179a75758b97301be4069 [32m200[0m 94.935 ms - 608[0m
2023-01-24 15:37:22 info: [0mGET /api/products/macbook-pro [32m200[0m 99.006 ms - -[0m
2023-01-24 15:37:22 info: [0mGET /api/reviews/63c179a75758b97301be4069 [32m200[0m 95.198 ms - 608[0m
2023-01-24 15:41:10 info: [0mGET /api/products/macbook-pro [32m200[0m 97.348 ms - -[0m
2023-01-24 15:41:10 info: [0mGET /api/reviews/63c179a75758b97301be4069 [32m200[0m 94.584 ms - 608[0m
2023-01-24 15:41:38 info: [0mGET /api/products/macbook-pro [32m200[0m 96.282 ms - -[0m
2023-01-24 15:41:38 info: [0mGET /api/reviews/63c179a75758b97301be4069 [32m200[0m 100.806 ms - 608[0m
2023-01-24 15:41:40 info: [0mGET /api/products/macbook-pro [32m200[0m 97.539 ms - -[0m
2023-01-24 15:41:41 info: [0mGET /api/reviews/63c179a75758b97301be4069 [32m200[0m 98.893 ms - 608[0m
2023-01-24 15:42:02 info: [0mGET /api/products/macbook-pro [32m200[0m 98.015 ms - -[0m
2023-01-24 15:42:02 info: [0mGET /api/products/macbook-pro [32m200[0m 96.554 ms - -[0m
2023-01-24 15:42:02 info: [0mGET /api/reviews/63c179a75758b97301be4069 [32m200[0m 94.769 ms - 608[0m
2023-01-24 15:42:02 info: [0mGET /api/reviews/63c179a75758b97301be4069 [32m200[0m 95.652 ms - 608[0m
2023-01-24 15:43:28 info: [0mGET /api/products/macbook-pro [32m200[0m 98.069 ms - -[0m
2023-01-24 15:43:28 info: [0mGET /api/reviews/63c179a75758b97301be4069 [32m200[0m 95.092 ms - 608[0m
2023-01-24 15:43:47 info: [0mGET /api/products/macbook-pro [32m200[0m 98.404 ms - -[0m
2023-01-24 15:43:47 info: [0mGET /api/reviews/63c179a75758b97301be4069 [32m200[0m 96.640 ms - 608[0m
2023-01-24 16:05:18 info: [0mGET /api/products/macbook-pro [32m200[0m 960.201 ms - -[0m
2023-01-24 16:05:19 info: [0mGET /api/reviews/63c179a75758b97301be4069 [32m200[0m 811.333 ms - 608[0m
2023-01-24 16:05:41 info: [0mGET /api/products/macbook-pro [32m200[0m 97.763 ms - -[0m
2023-01-24 16:05:41 info: [0mGET /api/reviews/63c179a75758b97301be4069 [32m200[0m 122.944 ms - 608[0m
2023-01-24 16:06:38 info: [0mGET /api/products/macbook-pro [32m200[0m 119.263 ms - -[0m
2023-01-24 16:06:38 info: [0mGET /api/reviews/63c179a75758b97301be4069 [32m200[0m 94.012 ms - 608[0m
2023-01-24 16:07:03 info: [0mGET /api/products/macbook-pro [32m200[0m 96.551 ms - -[0m
2023-01-24 16:07:03 info: [0mGET /api/reviews/63c179a75758b97301be4069 [32m200[0m 95.850 ms - 608[0m
2023-01-24 16:07:31 info: [0mGET /api/products/macbook-pro [32m200[0m 137.411 ms - -[0m
2023-01-24 16:07:31 info: [0mGET /api/reviews/63c179a75758b97301be4069 [32m200[0m 97.190 ms - 608[0m
2023-01-24 16:08:52 info: [0mGET /api/products/macbook-pro [32m200[0m 106.464 ms - -[0m
2023-01-24 16:08:52 info: [0mGET /api/reviews/63c179a75758b97301be4069 [32m200[0m 97.863 ms - 608[0m
2023-01-24 16:09:20 info: [0mGET /api/products/macbook-pro [32m200[0m 102.900 ms - -[0m
2023-01-24 16:09:20 info: [0mGET /api/reviews/63c179a75758b97301be4069 [32m200[0m 95.239 ms - 608[0m
2023-01-24 16:09:22 info: [0mGET /api/products/macbook-pro [32m200[0m 127.679 ms - -[0m
2023-01-24 16:09:23 info: [0mGET /api/reviews/63c179a75758b97301be4069 [32m200[0m 140.201 ms - 608[0m
2023-01-24 16:09:41 info: [0mGET /api/products/macbook-pro [32m200[0m 131.324 ms - -[0m
2023-01-24 16:09:41 info: [0mGET /api/reviews/63c179a75758b97301be4069 [32m200[0m 126.153 ms - 608[0m
2023-01-24 16:11:03 info: [0mGET /api/products/macbook-pro [32m200[0m 96.611 ms - -[0m
2023-01-24 16:11:03 info: [0mGET /api/reviews/63c179a75758b97301be4069 [32m200[0m 95.978 ms - 608[0m
2023-01-24 16:13:16 info: [0mGET /api/products/macbook-pro [32m200[0m 97.487 ms - -[0m
2023-01-24 16:13:16 info: [0mGET /api/reviews/63c179a75758b97301be4069 [32m200[0m 109.931 ms - 608[0m
2023-01-24 16:13:37 info: [0mGET /api/products/macbook-pro [32m200[0m 97.880 ms - -[0m
2023-01-24 16:13:37 info: [0mGET /api/reviews/63c179a75758b97301be4069 [32m200[0m 98.885 ms - 608[0m
2023-01-24 16:15:11 info: [0mGET /api/products/macbook-pro [32m200[0m 98.009 ms - -[0m
2023-01-24 16:15:11 info: [0mGET /api/reviews/63c179a75758b97301be4069 [32m200[0m 96.002 ms - 608[0m
2023-01-24 16:16:03 info: [0mGET /api/products/macbook-pro [32m200[0m 99.865 ms - -[0m
2023-01-24 16:16:03 info: [0mGET /api/reviews/63c179a75758b97301be4069 [32m200[0m 141.079 ms - 608[0m
2023-01-24 16:16:14 info: [0mGET /api/products/macbook-pro [32m200[0m 97.047 ms - -[0m
2023-01-24 16:16:14 info: [0mGET /api/reviews/63c179a75758b97301be4069 [32m200[0m 96.479 ms - 608[0m
2023-01-24 16:16:59 info: [0mGET /api/products/macbook-pro [32m200[0m 104.815 ms - -[0m
2023-01-24 16:16:59 info: [0mGET /api/reviews/63c179a75758b97301be4069 [32m200[0m 96.450 ms - 608[0m
2023-01-24 16:17:18 info: [0mGET /api/products/macbook-pro [32m200[0m 98.717 ms - -[0m
2023-01-24 16:17:18 info: [0mGET /api/reviews/63c179a75758b97301be4069 [32m200[0m 96.619 ms - 608[0m
2023-01-24 16:22:44 info: [0mGET /api/products/macbook-pro [32m200[0m 100.937 ms - -[0m
2023-01-24 16:22:45 info: [0mGET /api/reviews/63c179a75758b97301be4069 [32m200[0m 95.383 ms - 608[0m
2023-01-24 16:23:50 info: [0mGET /api/products/macbook-pro [32m200[0m 100.057 ms - -[0m
2023-01-24 16:23:50 info: [0mGET /api/reviews/63c179a75758b97301be4069 [32m200[0m 103.557 ms - 608[0m
2023-01-24 16:23:56 info: [0mGET /api/products/macbook-pro [32m200[0m 120.090 ms - -[0m
2023-01-24 16:23:56 info: [0mGET /api/reviews/63c179a75758b97301be4069 [32m200[0m 106.660 ms - 608[0m
2023-01-24 16:25:22 info: [0mGET /api/products/macbook-pro [32m200[0m 96.985 ms - -[0m
2023-01-24 16:25:22 info: [0mGET /api/reviews/63c179a75758b97301be4069 [32m200[0m 95.030 ms - 608[0m
2023-01-24 16:25:25 info: [0mGET /api/products/macbook-pro [32m200[0m 97.269 ms - -[0m
2023-01-24 16:25:25 info: [0mGET /api/reviews/63c179a75758b97301be4069 [32m200[0m 98.114 ms - 608[0m
2023-01-24 16:25:51 info: [0mGET /api/products/macbook-pro [32m200[0m 99.810 ms - -[0m
2023-01-24 16:25:51 info: [0mGET /api/reviews/63c179a75758b97301be4069 [32m200[0m 96.239 ms - 608[0m
2023-01-24 16:26:28 info: [0mGET /api/products/macbook-pro [32m200[0m 98.339 ms - -[0m
2023-01-24 16:26:28 info: [0mGET /api/reviews/63c179a75758b97301be4069 [32m200[0m 95.475 ms - 608[0m
2023-01-24 16:26:29 info: [0mGET /api/products/macbook-pro [32m200[0m 96.946 ms - -[0m
2023-01-24 16:26:29 info: [0mGET /api/reviews/63c179a75758b97301be4069 [32m200[0m 95.708 ms - 608[0m
2023-01-24 16:27:33 info: [0mGET /api/products/macbook-pro [32m200[0m 98.596 ms - -[0m
2023-01-24 16:27:33 info: [0mGET /api/reviews/63c179a75758b97301be4069 [32m200[0m 93.941 ms - 608[0m
2023-01-24 16:27:41 info: [0mGET /api/products/macbook-pro [32m200[0m 97.071 ms - -[0m
2023-01-24 16:27:41 info: [0mGET /api/reviews/63c179a75758b97301be4069 [32m200[0m 96.290 ms - 608[0m
2023-01-24 16:28:01 info: [0mGET /api/products/macbook-pro [32m200[0m 98.742 ms - -[0m
2023-01-24 16:28:01 info: [0mGET /api/reviews/63c179a75758b97301be4069 [32m200[0m 96.566 ms - 608[0m
2023-01-24 16:28:06 info: [0mGET /api/products/macbook-pro [32m200[0m 98.586 ms - -[0m
2023-01-24 16:28:06 info: [0mGET /api/reviews/63c179a75758b97301be4069 [32m200[0m 94.717 ms - 608[0m
2023-01-24 16:28:24 info: [0mGET /api/products/macbook-pro [32m200[0m 100.037 ms - -[0m
2023-01-24 16:28:25 info: [0mGET /api/reviews/63c179a75758b97301be4069 [32m200[0m 95.066 ms - 608[0m
2023-01-24 16:28:35 info: [0mGET /api/products/macbook-pro [32m200[0m 98.856 ms - -[0m
2023-01-24 16:28:35 info: [0mGET /api/reviews/63c179a75758b97301be4069 [32m200[0m 97.569 ms - 608[0m
2023-01-24 16:28:38 info: [0mGET /api/products/macbook-pro [32m200[0m 96.909 ms - -[0m
2023-01-24 16:28:38 info: [0mGET /api/reviews/63c179a75758b97301be4069 [32m200[0m 96.771 ms - 608[0m
2023-01-24 16:28:46 info: [0mGET /api/products/macbook-pro [32m200[0m 97.487 ms - -[0m
2023-01-24 16:28:46 info: [0mGET /api/reviews/63c179a75758b97301be4069 [32m200[0m 94.544 ms - 608[0m
2023-01-24 16:28:49 info: [0mGET /api/products/macbook-pro [32m200[0m 99.613 ms - -[0m
2023-01-24 16:28:49 info: [0mGET /api/reviews/63c179a75758b97301be4069 [32m200[0m 95.402 ms - 608[0m
2023-01-24 16:29:02 info: [0mGET /api/products/macbook-pro [32m200[0m 97.483 ms - -[0m
2023-01-24 16:29:02 info: [0mGET /api/reviews/63c179a75758b97301be4069 [32m200[0m 97.124 ms - 608[0m
2023-01-24 16:29:09 info: [0mGET /api/products/macbook-pro [32m200[0m 99.420 ms - -[0m
2023-01-24 16:29:09 info: [0mGET /api/reviews/63c179a75758b97301be4069 [32m200[0m 96.148 ms - 608[0m
2023-01-24 16:29:14 info: [0mGET /api/products/macbook-pro [32m200[0m 103.067 ms - -[0m
2023-01-24 16:29:14 info: [0mGET /api/reviews/63c179a75758b97301be4069 [32m200[0m 103.635 ms - 608[0m
2023-01-24 16:29:17 info: [0mGET /api/products/macbook-pro [32m200[0m 96.591 ms - -[0m
2023-01-24 16:29:18 info: [0mGET /api/reviews/63c179a75758b97301be4069 [32m200[0m 95.751 ms - 608[0m
2023-01-24 16:29:33 info: [0mGET /api/products/macbook-pro [32m200[0m 97.214 ms - -[0m
2023-01-24 16:29:33 info: [0mGET /api/reviews/63c179a75758b97301be4069 [32m200[0m 94.812 ms - 608[0m
2023-01-24 16:29:34 info: [0mGET /api/products/macbook-pro [32m200[0m 99.252 ms - -[0m
2023-01-24 16:29:34 info: [0mGET /api/reviews/63c179a75758b97301be4069 [32m200[0m 95.306 ms - 608[0m
2023-01-24 16:29:56 info: [0mGET /api/products/macbook-pro [32m200[0m 97.223 ms - -[0m
2023-01-24 16:29:56 info: [0mGET /api/reviews/63c179a75758b97301be4069 [32m200[0m 95.249 ms - 608[0m
2023-01-24 16:32:13 info: [0mGET /api/products/macbook-pro [32m200[0m 97.919 ms - -[0m
2023-01-24 16:32:13 info: [0mGET /api/reviews/63c179a75758b97301be4069 [32m200[0m 94.970 ms - 608[0m
2023-01-24 16:32:20 info: [0mGET /api/products/macbook-pro [32m200[0m 97.448 ms - -[0m
2023-01-24 16:32:20 info: [0mGET /api/reviews/63c179a75758b97301be4069 [32m200[0m 100.679 ms - 608[0m
2023-01-24 16:32:33 info: [0mGET /api/products/macbook-pro [32m200[0m 98.129 ms - -[0m
2023-01-24 16:32:33 info: [0mGET /api/reviews/63c179a75758b97301be4069 [32m200[0m 94.421 ms - 608[0m
2023-01-24 16:32:59 info: [0mPOST /login [32m200[0m 146.410 ms - 338[0m
2023-01-24 16:32:59 info: [0mGET /api/attribute/ [32m200[0m 49.500 ms - 405[0m
2023-01-24 16:33:48 info: [0mGET /api/category [32m200[0m 49.734 ms - -[0m
2023-01-24 16:33:48 info: [0mGET /api/products?limit=4&skip=0 [32m200[0m 48.720 ms - -[0m
2023-01-24 16:33:50 info: [0mGET /api/products/macbook-pro [32m200[0m 97.550 ms - -[0m
2023-01-24 16:33:50 info: [0mGET /api/reviews/63c179a75758b97301be4069 [32m200[0m 96.437 ms - 608[0m
2023-01-24 16:34:24 info: [0mGET /api/products/macbook-pro [32m200[0m 97.820 ms - -[0m
2023-01-24 16:34:24 info: [0mGET /api/reviews/63c179a75758b97301be4069 [32m200[0m 96.193 ms - 608[0m
2023-01-24 16:35:28 info: [0mGET /api/products/macbook-pro [32m200[0m 100.204 ms - -[0m
2023-01-24 16:35:28 info: [0mGET /api/reviews/63c179a75758b97301be4069 [32m200[0m 97.869 ms - 608[0m
2023-01-24 16:46:31 info: [0mGET /api/products/macbook-pro [32m200[0m 127.592 ms - -[0m
2023-01-24 16:46:32 info: [0mGET /api/reviews/63c179a75758b97301be4069 [32m200[0m 102.644 ms - 608[0m
2023-01-24 16:46:33 info: [0mGET /api/products/macbook-pro [32m200[0m 162.461 ms - -[0m
2023-01-24 16:46:33 info: [0mGET /api/reviews/63c179a75758b97301be4069 [32m200[0m 176.178 ms - 608[0m
2023-01-24 16:46:54 info: [0mGET /api/products/macbook-pro [32m200[0m 133.765 ms - -[0m
2023-01-24 16:46:54 info: [0mGET /api/reviews/63c179a75758b97301be4069 [32m200[0m 125.586 ms - 608[0m
2023-01-24 16:46:55 info: [0mGET /api/products/macbook-pro [32m200[0m 103.696 ms - -[0m
2023-01-24 16:46:55 info: [0mGET /api/reviews/63c179a75758b97301be4069 [32m200[0m 95.328 ms - 608[0m
2023-01-24 16:53:21 info: [0mGET /api/products/macbook-pro [32m200[0m 100.027 ms - -[0m
2023-01-24 16:53:21 info: [0mGET /api/reviews/63c179a75758b97301be4069 [32m200[0m 96.805 ms - 608[0m
2023-01-24 17:04:32 info: [0mGET /api/products/macbook-pro [32m200[0m 206.352 ms - -[0m
2023-01-24 17:04:32 info: [0mGET /api/reviews/63c179a75758b97301be4069 [32m200[0m 109.741 ms - 608[0m
2023-01-24 18:05:13 info: [0mGET /api/products/macbook-pro [32m200[0m 680.145 ms - -[0m
2023-01-24 18:05:13 info: [0mGET /api/reviews/63c179a75758b97301be4069 [32m200[0m 104.761 ms - 608[0m
2023-01-24 18:05:20 info: [0mGET /api/products/macbook-pro [32m200[0m 98.868 ms - -[0m
2023-01-24 18:05:20 info: [0mGET /api/reviews/63c179a75758b97301be4069 [32m200[0m 94.325 ms - 608[0m
2023-01-24 18:05:25 info: [0mGET /api/products/macbook-pro [32m200[0m 97.109 ms - -[0m
2023-01-24 18:05:25 info: [0mGET /api/reviews/63c179a75758b97301be4069 [32m200[0m 96.500 ms - 608[0m
2023-01-24 18:06:34 info: [0mGET /api/products/macbook-pro [32m200[0m 99.069 ms - -[0m
2023-01-24 18:06:34 info: [0mGET /api/reviews/63c179a75758b97301be4069 [32m200[0m 94.358 ms - 608[0m
2023-01-24 18:08:23 info: [0mGET /api/products/macbook-pro [32m200[0m 96.255 ms - -[0m
2023-01-24 18:08:23 info: [0mGET /api/reviews/63c179a75758b97301be4069 [32m200[0m 94.937 ms - 608[0m
2023-01-24 18:08:37 info: [0mGET /api/products/macbook-pro [32m200[0m 98.489 ms - -[0m
2023-01-24 18:08:37 info: [0mGET /api/reviews/63c179a75758b97301be4069 [32m200[0m 95.574 ms - 608[0m
2023-01-24 18:18:45 info: [0mGET /api/products/macbook-pro [32m200[0m 98.518 ms - -[0m
2023-01-24 18:18:45 info: [0mGET /api/reviews/63c179a75758b97301be4069 [32m200[0m 95.754 ms - 608[0m
2023-01-24 18:22:39 info: [0mGET /api/products/macbook-pro [32m200[0m 97.146 ms - -[0m
2023-01-24 18:22:39 info: [0mGET /api/reviews/63c179a75758b97301be4069 [32m200[0m 95.528 ms - 608[0m
2023-01-24 18:22:44 info: [0mGET /api/products/macbook-pro [32m200[0m 95.874 ms - -[0m
2023-01-24 18:22:44 info: [0mGET /api/reviews/63c179a75758b97301be4069 [32m200[0m 94.333 ms - 608[0m
2023-01-24 18:32:54 info: [0mGET /api/products/macbook-pro [32m200[0m 103.115 ms - -[0m
2023-01-24 18:32:54 info: [0mGET /api/reviews/63c179a75758b97301be4069 [32m200[0m 97.187 ms - 608[0m
2023-01-24 18:39:00 info: [0mGET /api/products/macbook-pro [32m200[0m 95.996 ms - -[0m
2023-01-24 18:39:00 info: [0mGET /api/reviews/63c179a75758b97301be4069 [32m200[0m 96.494 ms - 608[0m
2023-01-24 18:39:52 info: [0mGET /api/products/macbook-pro [32m200[0m 97.635 ms - -[0m
2023-01-24 18:39:52 info: [0mGET /api/reviews/63c179a75758b97301be4069 [32m200[0m 93.261 ms - 608[0m
2023-01-24 18:40:09 info: [0mGET /api/products/macbook-pro [32m200[0m 96.843 ms - -[0m
2023-01-24 18:40:09 info: [0mGET /api/reviews/63c179a75758b97301be4069 [32m200[0m 100.132 ms - 608[0m
2023-01-24 18:40:44 info: [0mGET /api/products/macbook-pro [32m200[0m 96.615 ms - -[0m
2023-01-24 18:40:45 info: [0mGET /api/reviews/63c179a75758b97301be4069 [32m200[0m 95.709 ms - 608[0m
2023-01-24 18:44:23 info: [0mGET /api/products/macbook-pro [32m200[0m 98.877 ms - -[0m
2023-01-24 18:44:23 info: [0mGET /api/reviews/63c179a75758b97301be4069 [32m200[0m 95.942 ms - 608[0m
2023-01-24 18:47:06 info: [0mGET /api/products/macbook-pro [32m200[0m 120.225 ms - -[0m
2023-01-24 18:47:06 info: [0mGET /api/reviews/63c179a75758b97301be4069 [32m200[0m 119.328 ms - 608[0m
2023-01-24 18:47:38 info: [0mGET /api/products/macbook-pro [32m200[0m 95.596 ms - -[0m
2023-01-24 18:47:38 info: [0mGET /api/reviews/63c179a75758b97301be4069 [32m200[0m 96.774 ms - 608[0m
2023-01-24 18:53:35 info: [0mGET /api/products/macbook-pro [32m200[0m 98.166 ms - -[0m
2023-01-24 18:53:35 info: [0mGET /api/reviews/63c179a75758b97301be4069 [32m200[0m 107.890 ms - 608[0m
2023-01-24 18:54:25 info: [0mGET /api/products/macbook-pro [32m200[0m 100.165 ms - -[0m
2023-01-24 18:54:25 info: [0mGET /api/reviews/63c179a75758b97301be4069 [32m200[0m 95.654 ms - 608[0m
2023-01-24 18:56:44 info: [0mGET /api/products/macbook-pro [32m200[0m 103.158 ms - -[0m
2023-01-24 18:56:44 info: [0mGET /api/reviews/63c179a75758b97301be4069 [32m200[0m 95.095 ms - 608[0m
2023-01-24 18:58:05 info: [0mGET /api/products/macbook-pro [32m200[0m 98.282 ms - -[0m
2023-01-24 18:58:05 info: [0mGET /api/reviews/63c179a75758b97301be4069 [32m200[0m 93.942 ms - 608[0m
2023-01-24 19:01:33 info: [0mGET /api/products/macbook-pro [32m200[0m 97.466 ms - -[0m
2023-01-24 19:01:33 info: [0mGET /api/reviews/63c179a75758b97301be4069 [32m200[0m 95.216 ms - 608[0m
2023-01-24 19:02:14 info: [0mGET /api/products/macbook-pro [32m200[0m 98.269 ms - -[0m
2023-01-24 19:02:14 info: [0mGET /api/reviews/63c179a75758b97301be4069 [32m200[0m 96.701 ms - 608[0m
