2023-01-23 12:53:34 info: =================================
2023-01-23 12:53:34 info: ======= ENV: development =======
2023-01-23 12:53:34 info: 🚀 App listening on the port 8000
2023-01-23 12:53:34 info: =================================
2023-01-23 12:53:51 info: [0mGET /api/category [32m200[0m 69.538 ms - -[0m
2023-01-23 12:53:51 info: [0mGET /api/products?limit=4&skip=0 [32m200[0m 60.895 ms - -[0m
2023-01-23 13:43:43 error: [POST] /login >> StatusCode:: 400, Message:: email must be an email, password must be a string
2023-01-23 13:43:43 info: [0mPOST /login [33m400[0m 11.582 ms - 63[0m
2023-01-23 13:44:30 error: [POST] /login >> StatusCode:: 400, Message:: email must be an email, password must be a string
2023-01-23 13:44:30 info: [0mPOST /login [33m400[0m 1.620 ms - 63[0m
2023-01-23 13:48:04 info: =================================
2023-01-23 13:48:04 info: ======= ENV: development =======
2023-01-23 13:48:04 info: 🚀 App listening on the port 8000
2023-01-23 13:48:04 info: =================================
2023-01-23 13:48:06 error: [POST] /login >> StatusCode:: 400, Message:: email must be an email, password must be a string
2023-01-23 13:48:06 info: [0mPOST /login [33m400[0m 9.003 ms - 63[0m
2023-01-23 13:48:14 info: =================================
2023-01-23 13:48:14 info: ======= ENV: development =======
2023-01-23 13:48:14 info: 🚀 App listening on the port 8000
2023-01-23 13:48:14 info: =================================
2023-01-23 13:48:16 info: =================================
2023-01-23 13:48:16 info: ======= ENV: development =======
2023-01-23 13:48:16 info: 🚀 App listening on the port 8000
2023-01-23 13:48:16 info: =================================
2023-01-23 13:48:20 error: [POST] /login >> StatusCode:: 400, Message:: email must be an email, password must be a string
2023-01-23 13:48:20 info: [0mPOST /login [33m400[0m 9.340 ms - 63[0m
2023-01-23 13:48:26 info: =================================
2023-01-23 13:48:26 info: ======= ENV: development =======
2023-01-23 13:48:26 info: 🚀 App listening on the port 8000
2023-01-23 13:48:26 info: =================================
2023-01-23 13:51:01 error: [POST] /login >> StatusCode:: 400, Message:: email must be an email, password must be a string
2023-01-23 13:51:01 info: [0mPOST /login [33m400[0m 10.096 ms - 63[0m
2023-01-23 13:52:57 error: [POST] /login >> StatusCode:: 400, Message:: email must be an email, password must be a string
2023-01-23 13:52:57 info: [0mPOST /login [33m400[0m 2.153 ms - 63[0m
2023-01-23 13:53:16 error: [POST] /login >> StatusCode:: 400, Message:: email must be an email, password must be a string
2023-01-23 13:53:16 info: [0mPOST /login [33m400[0m 1.615 ms - 63[0m
2023-01-23 13:53:36 error: [POST] /login >> StatusCode:: 400, Message:: email must be an email, password must be a string
2023-01-23 13:53:36 info: [0mPOST /login [33m400[0m 1.216 ms - 63[0m
2023-01-23 13:53:56 error: [POST] /login >> StatusCode:: 400, Message:: email must be an email, password must be a string
2023-01-23 13:53:56 info: [0mPOST /login [33m400[0m 1.328 ms - 63[0m
2023-01-23 13:54:12 error: [POST] /login >> StatusCode:: 400, Message:: email must be an email, password must be a string
2023-01-23 13:54:12 info: [0mPOST /login [33m400[0m 1.299 ms - 63[0m
2023-01-23 13:54:26 error: [POST] /login >> StatusCode:: 400, Message:: email must be an email, password must be a string
2023-01-23 13:54:26 info: [0mPOST /login [33m400[0m 1.149 ms - 63[0m
2023-01-23 13:54:39 error: [POST] /login >> StatusCode:: 400, Message:: email must be an email, password must be a string
2023-01-23 13:54:39 info: [0mPOST /login [33m400[0m 1.429 ms - 63[0m
2023-01-23 13:56:07 info: =================================
2023-01-23 13:56:07 info: ======= ENV: development =======
2023-01-23 13:56:07 info: 🚀 App listening on the port 8000
2023-01-23 13:56:07 info: =================================
2023-01-23 13:56:10 info: =================================
2023-01-23 13:56:10 info: ======= ENV: development =======
2023-01-23 13:56:10 info: 🚀 App listening on the port 8000
2023-01-23 13:56:10 info: =================================
2023-01-23 13:56:12 error: [POST] /login >> StatusCode:: 400, Message:: email must be an email, password must be a string
2023-01-23 13:56:12 info: [0mPOST /login [33m400[0m 9.908 ms - 63[0m
2023-01-23 13:56:26 info: =================================
2023-01-23 13:56:26 info: ======= ENV: development =======
2023-01-23 13:56:26 info: 🚀 App listening on the port 8000
2023-01-23 13:56:26 info: =================================
2023-01-23 13:56:28 error: [POST] /login >> StatusCode:: 400, Message:: email must be an email, password must be a string
2023-01-23 13:56:28 info: [0mPOST /login [33m400[0m 17.218 ms - 63[0m
2023-01-23 13:57:25 info: [0mPOST /login [32m200[0m 181.962 ms - 338[0m
2023-01-23 13:57:39 info: =================================
2023-01-23 13:57:39 info: ======= ENV: development =======
2023-01-23 13:57:39 info: 🚀 App listening on the port 8000
2023-01-23 13:57:39 info: =================================
2023-01-23 14:02:43 info: [0mPOST /login [32m200[0m 149.295 ms - 338[0m
2023-01-23 14:02:56 info: [0mPOST /login [32m200[0m 123.582 ms - 338[0m
2023-01-23 14:03:54 info: [0mPOST /login [32m200[0m 116.654 ms - 338[0m
2023-01-23 14:04:06 info: [0mPOST /login [32m200[0m 126.159 ms - 338[0m
2023-01-23 14:04:19 info: [0mPOST /login [32m200[0m 135.025 ms - 338[0m
2023-01-23 14:04:36 info: [0mPOST /login [32m200[0m 116.173 ms - 338[0m
2023-01-23 14:05:50 info: [0mPOST /login [32m200[0m 122.289 ms - 338[0m
2023-01-23 14:06:21 info: [0mPOST /login [32m200[0m 130.987 ms - 338[0m
2023-01-23 14:06:22 info: [0mGET /api/category [32m200[0m 61.612 ms - -[0m
2023-01-23 14:06:22 info: [0mGET /api/products?limit=4&skip=0 [32m200[0m 56.549 ms - -[0m
2023-01-23 14:08:12 info: [0mGET /api/category [32m200[0m 53.017 ms - -[0m
2023-01-23 14:08:12 info: [0mGET /api/products?limit=4&skip=0 [32m200[0m 54.476 ms - -[0m
2023-01-23 14:08:18 info: [0mGET /api/category [32m200[0m 51.958 ms - -[0m
2023-01-23 14:08:18 info: [0mGET /api/products?limit=4&skip=0 [32m200[0m 52.092 ms - -[0m
2023-01-23 14:08:28 info: [0mGET /api/category [32m200[0m 53.205 ms - -[0m
2023-01-23 14:08:28 info: [0mGET /api/products?limit=4&skip=0 [32m200[0m 52.761 ms - -[0m
2023-01-23 14:08:39 info: [0mGET /api/category [32m200[0m 53.811 ms - -[0m
2023-01-23 14:08:39 info: [0mGET /api/products?limit=4&skip=0 [32m200[0m 54.055 ms - -[0m
2023-01-23 14:08:51 info: [0mGET /api/category [32m200[0m 53.503 ms - -[0m
2023-01-23 14:08:51 info: [0mGET /api/products?limit=4&skip=0 [32m200[0m 53.050 ms - -[0m
2023-01-23 14:09:06 info: [0mGET /api/category [32m200[0m 53.395 ms - -[0m
2023-01-23 14:09:06 info: [0mGET /api/products?limit=4&skip=0 [32m200[0m 52.445 ms - -[0m
2023-01-23 14:09:45 info: [0mGET /api/category [32m200[0m 51.738 ms - -[0m
2023-01-23 14:09:45 info: [0mGET /api/products?limit=4&skip=0 [32m200[0m 52.123 ms - -[0m
2023-01-23 14:10:32 info: [0mGET /api/category [32m200[0m 51.493 ms - -[0m
2023-01-23 14:10:32 info: [0mGET /api/category [32m200[0m 51.588 ms - -[0m
2023-01-23 14:10:32 info: [0mGET /api/products?limit=4&skip=0 [32m200[0m 53.072 ms - -[0m
2023-01-23 14:10:32 info: [0mGET /api/products?limit=4&skip=0 [32m200[0m 52.545 ms - -[0m
2023-01-23 14:11:03 info: [0mGET /api/category [32m200[0m 53.110 ms - -[0m
2023-01-23 14:11:03 info: [0mGET /api/products?limit=4&skip=0 [32m200[0m 53.272 ms - -[0m
2023-01-23 14:12:17 info: [0mGET /api/category [32m200[0m 53.826 ms - -[0m
2023-01-23 14:12:17 info: [0mGET /api/products?limit=4&skip=0 [32m200[0m 52.922 ms - -[0m
2023-01-23 14:12:38 info: [0mGET /api/category [32m200[0m 51.987 ms - -[0m
2023-01-23 14:12:38 info: [0mGET /api/products?limit=4&skip=0 [32m200[0m 54.009 ms - -[0m
2023-01-23 14:12:51 info: [0mGET /api/category [32m200[0m 52.020 ms - -[0m
2023-01-23 14:12:51 info: [0mGET /api/products?limit=4&skip=0 [32m200[0m 52.381 ms - -[0m
2023-01-23 14:13:16 info: [0mGET /api/category [32m200[0m 52.518 ms - -[0m
2023-01-23 14:13:16 info: [0mGET /api/category [32m200[0m 50.915 ms - -[0m
2023-01-23 14:13:16 info: [0mGET /api/products?limit=4&skip=0 [32m200[0m 52.530 ms - -[0m
2023-01-23 14:13:16 info: [0mGET /api/products?limit=4&skip=0 [32m200[0m 52.244 ms - -[0m
2023-01-23 14:13:29 info: [0mPOST /login [32m200[0m 119.813 ms - 338[0m
2023-01-23 14:13:29 info: [0mGET /api/category [32m200[0m 52.268 ms - -[0m
2023-01-23 14:13:29 info: [0mGET /api/products?limit=4&skip=0 [32m200[0m 52.285 ms - -[0m
2023-01-23 14:13:36 info: [0mGET /api/category [32m200[0m 52.393 ms - -[0m
2023-01-23 14:13:36 info: [0mGET /api/products?limit=4&skip=0 [32m200[0m 53.718 ms - -[0m
2023-01-23 14:14:15 info: [0mPOST /login [32m200[0m 116.360 ms - 338[0m
2023-01-23 14:14:15 info: [0mGET /api/category [32m200[0m 52.282 ms - -[0m
2023-01-23 14:14:15 info: [0mGET /api/products?limit=4&skip=0 [32m200[0m 57.008 ms - -[0m
2023-01-23 14:15:58 info: [0mPOST /login [32m200[0m 124.424 ms - 338[0m
2023-01-23 14:15:58 info: [0mGET /api/category [32m200[0m 61.322 ms - -[0m
2023-01-23 14:15:58 info: [0mGET /api/products?limit=4&skip=0 [32m200[0m 53.207 ms - -[0m
2023-01-23 14:17:04 info: [0mGET /api/category [32m200[0m 52.050 ms - -[0m
2023-01-23 14:17:04 info: [0mGET /api/products?limit=4&skip=0 [32m200[0m 53.593 ms - -[0m
2023-01-23 14:20:06 info: [0mGET /api/category [32m200[0m 54.809 ms - -[0m
2023-01-23 14:20:06 info: [0mGET /api/products?limit=4&skip=0 [32m200[0m 52.793 ms - -[0m
2023-01-23 14:20:17 info: [0mGET /api/category [32m200[0m 54.450 ms - -[0m
2023-01-23 14:20:17 info: [0mGET /api/products?limit=4&skip=0 [32m200[0m 53.313 ms - -[0m
2023-01-23 14:23:43 error: [POST] /logout >> StatusCode:: 401, Message:: Wrong authentication token
2023-01-23 14:23:43 info: [0mPOST /logout [33m401[0m 10.426 ms - 40[0m
2023-01-23 14:23:46 info: [0mGET /api/category [32m200[0m 53.429 ms - -[0m
2023-01-23 14:23:46 info: [0mGET /api/products?limit=4&skip=0 [32m200[0m 52.796 ms - -[0m
2023-01-23 14:23:50 error: [POST] /logout >> StatusCode:: 401, Message:: Wrong authentication token
2023-01-23 14:23:50 info: [0mPOST /logout [33m401[0m 2.217 ms - 40[0m
2023-01-23 14:24:31 info: [0mGET /api/category [32m200[0m 52.998 ms - -[0m
2023-01-23 14:24:31 info: [0mGET /api/products?limit=4&skip=0 [32m200[0m 54.103 ms - -[0m
2023-01-23 14:24:35 error: [POST] /logout >> StatusCode:: 401, Message:: Wrong authentication token
2023-01-23 14:24:35 info: [0mPOST /logout [33m401[0m 1.670 ms - 40[0m
2023-01-23 14:24:54 error: [POST] /logout >> StatusCode:: 401, Message:: Wrong authentication token
2023-01-23 14:24:54 info: [0mPOST /logout [33m401[0m 1.675 ms - 40[0m
2023-01-23 14:25:29 error: [POST] /logout >> StatusCode:: 401, Message:: Wrong authentication token
2023-01-23 14:25:29 info: [0mPOST /logout [33m401[0m 0.864 ms - 40[0m
2023-01-23 14:26:09 info: =================================
2023-01-23 14:26:09 info: ======= ENV: development =======
2023-01-23 14:26:09 info: 🚀 App listening on the port 8000
2023-01-23 14:26:09 info: =================================
2023-01-23 14:26:14 error: [POST] /logout >> StatusCode:: 401, Message:: Wrong authentication token
2023-01-23 14:26:14 info: [0mPOST /logout [33m401[0m 20.039 ms - 40[0m
2023-01-23 14:26:31 info: =================================
2023-01-23 14:26:31 info: ======= ENV: development =======
2023-01-23 14:26:31 info: 🚀 App listening on the port 8000
2023-01-23 14:26:31 info: =================================
2023-01-23 14:27:53 info: [0mPOST /logout [32m200[0m 139.946 ms - 366[0m
2023-01-23 14:28:07 info: [0mPOST /login [32m200[0m 125.703 ms - 338[0m
2023-01-23 14:28:07 info: [0mGET /api/category [32m200[0m 58.095 ms - -[0m
2023-01-23 14:28:07 info: [0mGET /api/products?limit=4&skip=0 [32m200[0m 55.211 ms - -[0m
2023-01-23 14:28:13 info: [0mGET /api/category [32m200[0m 55.009 ms - -[0m
2023-01-23 14:28:13 info: [0mGET /api/products?limit=4&skip=0 [32m200[0m 55.271 ms - -[0m
2023-01-23 14:28:18 info: [0mPOST /logout [32m200[0m 106.776 ms - 366[0m
2023-01-23 14:28:25 info: [0mPOST /login [32m200[0m 122.407 ms - 338[0m
2023-01-23 14:28:25 info: [0mGET /api/category [32m200[0m 53.017 ms - -[0m
2023-01-23 14:28:25 info: [0mGET /api/products?limit=4&skip=0 [32m200[0m 54.274 ms - -[0m
2023-01-23 14:29:03 info: [0mPOST /logout [32m200[0m 105.997 ms - 366[0m
2023-01-23 14:29:10 info: [0mPOST /login [32m200[0m 119.452 ms - 338[0m
2023-01-23 14:29:11 info: [0mGET /api/category [32m200[0m 53.081 ms - -[0m
2023-01-23 14:29:11 info: [0mGET /api/products?limit=4&skip=0 [32m200[0m 53.487 ms - -[0m
2023-01-23 14:29:16 info: [0mGET /api/category [32m200[0m 52.366 ms - -[0m
2023-01-23 14:29:16 info: [0mGET /api/products?limit=4&skip=0 [32m200[0m 53.347 ms - -[0m
2023-01-23 14:29:38 info: [0mGET /api/products/macbook-pro [32m200[0m 131.397 ms - -[0m
2023-01-23 14:29:38 info: [0mGET /api/reviews/63c179a75758b97301be4069 [32m200[0m 109.450 ms - 608[0m
2023-01-23 14:30:04 info: [0mPOST /logout [32m200[0m 105.026 ms - 366[0m
2023-01-23 14:30:30 info: [0mPOST /login [32m200[0m 117.123 ms - 338[0m
2023-01-23 14:30:31 info: [0mGET /api/category [32m200[0m 52.729 ms - -[0m
2023-01-23 14:30:31 info: [0mGET /api/products?limit=4&skip=0 [32m200[0m 54.224 ms - -[0m
2023-01-23 14:30:33 info: [0mPOST /logout [32m200[0m 105.449 ms - 366[0m
2023-01-23 16:33:34 info: [0mPOST /login [32m200[0m 483.998 ms - 338[0m
2023-01-23 16:33:34 info: [0mGET /api/category [32m200[0m 51.526 ms - -[0m
2023-01-23 16:33:34 info: [0mGET /api/products?limit=4&skip=0 [32m200[0m 52.006 ms - -[0m
2023-01-23 16:37:54 info: [0mGET /api/category [32m200[0m 50.617 ms - -[0m
2023-01-23 16:37:55 info: [0mGET /api/products?limit=4&skip=0 [32m200[0m 50.781 ms - -[0m
2023-01-23 16:38:00 info: [0mGET /api/category [32m200[0m 100.223 ms - -[0m
2023-01-23 16:38:01 info: [0mGET /api/products?limit=4&skip=0 [32m200[0m 51.285 ms - -[0m
2023-01-23 16:43:50 info: [0mGET /api/category [32m200[0m 51.162 ms - -[0m
2023-01-23 16:43:50 info: [0mGET /api/products?limit=4&skip=0 [32m200[0m 49.647 ms - -[0m
2023-01-23 16:44:04 info: [0mGET /api/products/macbook-pro [32m200[0m 437.574 ms - -[0m
2023-01-23 16:44:04 info: [0mGET /api/reviews/63c179a75758b97301be4069 [32m200[0m 115.918 ms - 608[0m
2023-01-23 18:48:19 info: [0mGET /api/category [32m200[0m 375.252 ms - -[0m
2023-01-23 18:48:19 info: [0mGET /api/products?limit=4&skip=0 [32m200[0m 54.958 ms - -[0m
2023-01-23 18:51:37 info: [0mGET /api/category [32m200[0m 53.542 ms - -[0m
2023-01-23 18:51:37 info: [0mGET /api/products?limit=4&skip=0 [32m200[0m 55.279 ms - -[0m
2023-01-23 18:51:58 info: [0mGET /api/category [32m200[0m 53.449 ms - -[0m
2023-01-23 18:51:58 info: [0mGET /api/products?limit=4&skip=0 [32m200[0m 54.712 ms - -[0m
2023-01-23 18:52:45 info: =================================
2023-01-23 18:52:45 info: ======= ENV: development =======
2023-01-23 18:52:45 info: 🚀 App listening on the port 8000
2023-01-23 18:52:45 info: =================================
2023-01-23 18:53:35 info: =================================
2023-01-23 18:53:35 info: ======= ENV: development =======
2023-01-23 18:53:35 info: 🚀 App listening on the port 8000
2023-01-23 18:53:35 info: =================================
2023-01-23 18:57:52 info: [0mGET /api/category [32m200[0m 66.682 ms - -[0m
2023-01-23 18:57:52 info: [0mGET /api/products?limit=4&skip=0 [32m200[0m 54.233 ms - -[0m
