2023-01-14 09:45:08 info: [0mGET /api/category [32m200[0m 578.187 ms - -[0m
2023-01-14 09:45:08 info: [0mGET /api/products?limit=4&skip=0 [32m200[0m 87.216 ms - -[0m
2023-01-14 09:45:14 info: [0mGET /api/products/category/parts [32m200[0m 112.362 ms - 31[0m
2023-01-14 09:45:14 info: [0mGET /api/category [32m200[0m 57.955 ms - -[0m
2023-01-14 09:45:14 info: [0mGET /api/manufacturers [32m200[0m 52.422 ms - 436[0m
2023-01-14 09:45:16 info: [0mGET /api/products/category/components [32m200[0m 117.987 ms - 31[0m
2023-01-14 09:45:16 info: [0mGET /api/category [32m200[0m 73.297 ms - -[0m
2023-01-14 09:45:16 info: [0mGET /api/manufacturers [32m200[0m 97.066 ms - 436[0m
2023-01-14 09:45:18 info: [0mGET /api/products/category/computers [32m200[0m 125.374 ms - -[0m
2023-01-14 09:45:18 info: [0mGET /api/category [32m200[0m 66.837 ms - -[0m
2023-01-14 09:45:18 info: [0mGET /api/manufacturers [32m200[0m 60.526 ms - 436[0m
2023-01-14 10:02:55 info: [0mGET /api/products/category/computers [32m200[0m 113.066 ms - -[0m
2023-01-14 10:02:55 info: [0mGET /api/category [32m200[0m 60.414 ms - -[0m
2023-01-14 10:02:55 info: [0mGET /api/manufacturers [32m200[0m 50.883 ms - 436[0m
2023-01-14 10:11:38 info: [0mGET /api/products/category/computers [32m200[0m 105.417 ms - -[0m
2023-01-14 10:11:38 info: [0mGET /api/category [32m200[0m 51.701 ms - -[0m
2023-01-14 10:11:38 info: [0mGET /api/manufacturers [32m200[0m 48.795 ms - 436[0m
2023-01-14 10:11:38 info: [0mGET /api/products/category/computers [32m200[0m 455.169 ms - -[0m
2023-01-14 10:11:38 info: [0mGET /api/category [32m200[0m 57.300 ms - -[0m
2023-01-14 10:11:38 info: [0mGET /api/manufacturers [32m200[0m 59.163 ms - 436[0m
2023-01-14 10:13:29 info: [0mGET /api/products/microsoft-surface-laptop-4 [32m200[0m 117.313 ms - 854[0m
2023-01-14 10:13:31 info: [0mGET /api/products/category/computers [32m200[0m 113.674 ms - -[0m
2023-01-14 10:13:31 info: [0mGET /api/category [32m200[0m 50.639 ms - -[0m
2023-01-14 10:13:31 info: [0mGET /api/manufacturers [32m200[0m 48.972 ms - 436[0m
2023-01-14 10:16:13 info: [0mGET /api/products/category/parts [32m200[0m 101.538 ms - 31[0m
2023-01-14 10:16:13 info: [0mGET /api/category [32m200[0m 74.604 ms - -[0m
2023-01-14 10:16:13 info: [0mGET /api/manufacturers [32m200[0m 50.157 ms - 436[0m
2023-01-14 10:16:14 info: [0mGET /api/products/category/computers [32m200[0m 143.948 ms - -[0m
2023-01-14 10:16:14 info: [0mGET /api/category [32m200[0m 51.523 ms - -[0m
2023-01-14 10:16:14 info: [0mGET /api/manufacturers [32m200[0m 52.977 ms - 436[0m
2023-01-14 10:16:16 info: [0mGET /api/products/category/components [32m200[0m 97.514 ms - 31[0m
2023-01-14 10:16:16 info: [0mGET /api/category [32m200[0m 51.472 ms - -[0m
2023-01-14 10:16:16 info: [0mGET /api/manufacturers [32m200[0m 52.175 ms - 436[0m
2023-01-14 10:16:17 info: [0mGET /api/products/category/computers [32m200[0m 106.653 ms - -[0m
2023-01-14 10:16:17 info: [0mGET /api/category [32m200[0m 50.224 ms - -[0m
2023-01-14 10:16:17 info: [0mGET /api/manufacturers [32m200[0m 60.543 ms - 436[0m
2023-01-14 10:16:18 info: [0mGET /api/products/category/parts [32m200[0m 99.516 ms - 31[0m
2023-01-14 10:16:18 info: [0mGET /api/category [32m200[0m 53.127 ms - -[0m
2023-01-14 10:16:18 info: [0mGET /api/manufacturers [32m200[0m 62.639 ms - 436[0m
2023-01-14 10:16:19 info: [0mGET /api/products/category/computers [32m200[0m 110.331 ms - -[0m
2023-01-14 10:16:19 info: [0mGET /api/category [32m200[0m 50.524 ms - -[0m
2023-01-14 10:16:20 info: [0mGET /api/manufacturers [32m200[0m 50.607 ms - 436[0m
2023-01-14 10:16:20 info: [0mGET /api/products/category/parts [32m200[0m 98.595 ms - 31[0m
2023-01-14 10:16:21 info: [0mGET /api/category [32m200[0m 51.044 ms - -[0m
2023-01-14 10:16:21 info: [0mGET /api/manufacturers [32m200[0m 50.798 ms - 436[0m
2023-01-14 10:16:22 info: [0mGET /api/products/category/components [32m200[0m 135.587 ms - 31[0m
2023-01-14 10:16:22 info: [0mGET /api/category [32m200[0m 51.306 ms - -[0m
2023-01-14 10:16:22 info: [0mGET /api/manufacturers [32m200[0m 50.973 ms - 436[0m
2023-01-14 10:16:23 info: [0mGET /api/products/category/computers [32m200[0m 125.429 ms - -[0m
2023-01-14 10:16:23 info: [0mGET /api/category [32m200[0m 50.891 ms - -[0m
2023-01-14 10:16:23 info: [0mGET /api/manufacturers [32m200[0m 48.845 ms - 436[0m
2023-01-14 10:16:26 info: [0mGET /api/products/microsoft-surface-laptop-4 [32m200[0m 106.374 ms - 854[0m
2023-01-14 10:16:34 info: [0mGET /api/products/category/computers [32m200[0m 102.331 ms - -[0m
2023-01-14 10:16:34 info: [0mGET /api/category [32m200[0m 64.711 ms - -[0m
2023-01-14 10:16:34 info: [0mGET /api/manufacturers [32m200[0m 53.348 ms - 436[0m
2023-01-14 10:16:36 info: [0mGET /api/products/macbook-pro [32m200[0m 106.128 ms - 715[0m
2023-01-14 10:23:04 info: [0mGET /api/products/macbook-pro [32m200[0m 104.905 ms - 715[0m
2023-01-14 10:23:25 info: [0mGET /api/products/macbook-pro [32m200[0m 135.955 ms - 715[0m
2023-01-14 10:23:51 info: [0mGET /api/products/macbook-pro [32m200[0m 125.101 ms - 715[0m
2023-01-14 10:27:34 info: [0mGET /api/products/macbook-pro [32m200[0m 100.071 ms - 715[0m
2023-01-14 10:42:36 info: [0mGET /api/products/macbook-pro [32m200[0m 104.494 ms - 715[0m
2023-01-14 10:43:21 info: [0mGET /api/products/macbook-pro [32m200[0m 124.914 ms - 715[0m
2023-01-14 10:43:50 info: [0mGET /api/products/macbook-pro [32m200[0m 125.045 ms - 715[0m
2023-01-14 10:46:00 info: [0mGET /api/products/macbook-pro [32m200[0m 101.845 ms - 715[0m
2023-01-14 10:49:01 info: [0mGET /api/products/macbook-pro [32m200[0m 110.252 ms - 715[0m
2023-01-14 10:49:02 info: [0mGET /api/category [32m200[0m 50.643 ms - -[0m
2023-01-14 10:49:02 info: [0mGET /api/products?limit=4&skip=0 [32m200[0m 77.231 ms - -[0m
2023-01-14 10:49:30 info: [0mGET /api/products/macbook-pro [32m200[0m 105.686 ms - 715[0m
2023-01-14 10:49:32 info: [0mGET /api/category [32m200[0m 52.070 ms - -[0m
2023-01-14 10:49:32 info: [0mGET /api/products?limit=4&skip=0 [32m200[0m 52.300 ms - -[0m
2023-01-14 10:49:34 info: [0mGET /api/products/category/computers [32m200[0m 150.120 ms - -[0m
2023-01-14 10:49:34 info: [0mGET /api/category [32m200[0m 50.546 ms - -[0m
2023-01-14 10:49:34 info: [0mGET /api/manufacturers [32m200[0m 92.459 ms - 436[0m
2023-01-14 10:51:36 info: [0mGET /api/category [32m200[0m 49.528 ms - -[0m
2023-01-14 10:51:36 info: [0mGET /api/products?limit=4&skip=0 [32m200[0m 51.421 ms - -[0m
2023-01-14 10:52:11 info: [0mGET /api/category [32m200[0m 50.236 ms - -[0m
2023-01-14 10:52:11 info: [0mGET /api/products?limit=4&skip=0 [32m200[0m 59.736 ms - -[0m
2023-01-14 10:52:14 info: [0mGET /api/products/category/computers [32m200[0m 100.446 ms - -[0m
2023-01-14 10:52:14 info: [0mGET /api/category [32m200[0m 59.928 ms - -[0m
2023-01-14 10:52:14 info: [0mGET /api/manufacturers [32m200[0m 88.396 ms - 436[0m
2023-01-14 10:52:16 info: [0mGET /api/products/macbook-pro [32m200[0m 178.728 ms - 715[0m
2023-01-14 10:52:56 info: [0mGET /api/category [32m200[0m 55.443 ms - -[0m
2023-01-14 10:52:56 info: [0mGET /api/products?limit=4&skip=0 [32m200[0m 49.030 ms - -[0m
2023-01-14 10:53:04 info: [0mGET /api/products/category/computers [32m200[0m 128.074 ms - -[0m
2023-01-14 10:53:04 info: [0mGET /api/category [32m200[0m 54.396 ms - -[0m
2023-01-14 10:53:04 info: [0mGET /api/manufacturers [32m200[0m 48.948 ms - 436[0m
2023-01-14 10:53:19 info: [0mGET /api/products/macbook-pro [32m200[0m 125.559 ms - 715[0m
2023-01-14 10:53:44 info: [0mGET /api/category [32m200[0m 49.444 ms - -[0m
2023-01-14 10:53:45 info: [0mGET /api/products?limit=4&skip=0 [32m200[0m 69.026 ms - -[0m
2023-01-14 10:58:43 info: [0mGET /api/products/category/computers [32m200[0m 105.807 ms - -[0m
2023-01-14 10:58:43 info: [0mGET /api/category [32m200[0m 48.770 ms - -[0m
2023-01-14 10:58:43 info: [0mGET /api/manufacturers [32m200[0m 48.358 ms - 436[0m
2023-01-14 10:59:07 info: [0mGET /api/products/macbook-pro [32m200[0m 100.377 ms - 715[0m
2023-01-14 10:59:11 info: [0mGET /api/products/macbook-pro [32m200[0m 98.833 ms - 715[0m
2023-01-14 11:06:43 info: [0mGET /api/products/macbook-pro [32m200[0m 102.334 ms - 714[0m
2023-01-14 11:07:14 info: [0mGET /api/products/macbook-pro [32m200[0m 100.998 ms - 715[0m
2023-01-14 11:08:32 info: [0mGET /api/category [32m200[0m 105.268 ms - -[0m
2023-01-14 11:08:32 info: [0mGET /api/products?limit=4&skip=0 [32m200[0m 51.147 ms - -[0m
2023-01-14 11:08:41 info: [0mGET /api/products/microsoft-surface-laptop-4 [32m200[0m 100.136 ms - 854[0m
2023-01-14 11:08:51 info: [0mGET /api/category [32m200[0m 52.142 ms - -[0m
2023-01-14 11:08:51 info: [0mGET /api/products?limit=4&skip=0 [32m200[0m 49.517 ms - -[0m
2023-01-14 11:11:07 info: [0mGET /api/category [32m200[0m 49.245 ms - -[0m
2023-01-14 11:11:07 info: [0mGET /api/products?limit=4&skip=0 [32m200[0m 60.751 ms - -[0m
2023-01-14 11:11:20 info: [0mGET /api/products/category/computers [32m200[0m 105.130 ms - -[0m
2023-01-14 11:11:20 info: [0mGET /api/category [32m200[0m 54.400 ms - -[0m
2023-01-14 11:11:20 info: [0mGET /api/manufacturers [32m200[0m 52.679 ms - 436[0m
2023-01-14 11:11:26 info: [0mGET /api/products/macbook-pro [32m200[0m 184.042 ms - 715[0m
2023-01-14 11:11:28 info: [0mGET /api/products/category/computers [32m200[0m 98.851 ms - -[0m
2023-01-14 11:11:28 info: [0mGET /api/category [32m200[0m 49.172 ms - -[0m
2023-01-14 11:11:28 info: [0mGET /api/manufacturers [32m200[0m 49.612 ms - 436[0m
2023-01-14 11:11:30 info: [0mGET /api/products/microsoft-surface-laptop-4 [32m200[0m 199.757 ms - 854[0m
2023-01-14 11:37:29 info: [0mGET /api/category [32m200[0m 392.347 ms - -[0m
2023-01-14 11:37:29 info: [0mGET /api/products?limit=4&skip=0 [32m200[0m 53.590 ms - -[0m
2023-01-14 11:39:14 info: [0mGET /api/products/macbook-pro [32m200[0m 104.360 ms - 715[0m
