2023-01-18 11:27:15 info: =================================
2023-01-18 11:27:15 info: ======= ENV: development =======
2023-01-18 11:27:15 info: 🚀 App listening on the port 8000
2023-01-18 11:27:15 info: =================================
2023-01-18 11:27:19 info: [0mGET /api/category [32m200[0m 74.332 ms - -[0m
2023-01-18 11:27:19 info: [0mGET /api/products?limit=4&skip=0 [32m200[0m 69.409 ms - -[0m
2023-01-18 11:27:43 info: =================================
2023-01-18 11:27:43 info: ======= ENV: development =======
2023-01-18 11:27:43 info: 🚀 App listening on the port 8000
2023-01-18 11:27:43 info: =================================
2023-01-18 11:29:06 info: =================================
2023-01-18 11:29:06 info: ======= ENV: development =======
2023-01-18 11:29:06 info: 🚀 App listening on the port 8000
2023-01-18 11:29:06 info: =================================
2023-01-18 11:30:35 info: =================================
2023-01-18 11:30:35 info: ======= ENV: development =======
2023-01-18 11:30:35 info: 🚀 App listening on the port 8000
2023-01-18 11:30:35 info: =================================
2023-01-18 11:30:39 info: =================================
2023-01-18 11:30:39 info: ======= ENV: development =======
2023-01-18 11:30:39 info: 🚀 App listening on the port 8000
2023-01-18 11:30:39 info: =================================
2023-01-18 11:30:43 info: =================================
2023-01-18 11:30:43 info: ======= ENV: development =======
2023-01-18 11:30:43 info: 🚀 App listening on the port 8000
2023-01-18 11:30:43 info: =================================
2023-01-18 11:30:47 info: =================================
2023-01-18 11:30:47 info: ======= ENV: development =======
2023-01-18 11:30:47 info: 🚀 App listening on the port 8000
2023-01-18 11:30:47 info: =================================
2023-01-18 11:30:54 info: =================================
2023-01-18 11:30:54 info: ======= ENV: development =======
2023-01-18 11:30:54 info: 🚀 App listening on the port 8000
2023-01-18 11:30:54 info: =================================
2023-01-18 11:30:56 info: =================================
2023-01-18 11:30:56 info: ======= ENV: development =======
2023-01-18 11:30:56 info: 🚀 App listening on the port 8000
2023-01-18 11:30:56 info: =================================
2023-01-18 11:31:50 info: =================================
2023-01-18 11:31:50 info: ======= ENV: development =======
2023-01-18 11:31:50 info: 🚀 App listening on the port 8000
2023-01-18 11:31:50 info: =================================
2023-01-18 11:31:55 info: =================================
2023-01-18 11:31:55 info: ======= ENV: development =======
2023-01-18 11:31:55 info: 🚀 App listening on the port 8000
2023-01-18 11:31:55 info: =================================
2023-01-18 11:31:58 info: =================================
2023-01-18 11:31:58 info: ======= ENV: development =======
2023-01-18 11:31:58 info: 🚀 App listening on the port 8000
2023-01-18 11:31:58 info: =================================
2023-01-18 11:32:08 info: =================================
2023-01-18 11:32:08 info: ======= ENV: development =======
2023-01-18 11:32:08 info: 🚀 App listening on the port 8000
2023-01-18 11:32:08 info: =================================
2023-01-18 11:32:34 info: =================================
2023-01-18 11:32:34 info: ======= ENV: development =======
2023-01-18 11:32:34 info: 🚀 App listening on the port 8000
2023-01-18 11:32:34 info: =================================
2023-01-18 11:32:40 info: =================================
2023-01-18 11:32:40 info: ======= ENV: development =======
2023-01-18 11:32:40 info: 🚀 App listening on the port 8000
2023-01-18 11:32:40 info: =================================
2023-01-18 11:32:44 info: =================================
2023-01-18 11:32:44 info: ======= ENV: development =======
2023-01-18 11:32:44 info: 🚀 App listening on the port 8000
2023-01-18 11:32:44 info: =================================
2023-01-18 11:32:49 info: =================================
2023-01-18 11:32:49 info: ======= ENV: development =======
2023-01-18 11:32:49 info: 🚀 App listening on the port 8000
2023-01-18 11:32:49 info: =================================
2023-01-18 11:32:52 info: =================================
2023-01-18 11:32:52 info: ======= ENV: development =======
2023-01-18 11:32:52 info: 🚀 App listening on the port 8000
2023-01-18 11:32:52 info: =================================
2023-01-18 11:32:59 info: =================================
2023-01-18 11:32:59 info: ======= ENV: development =======
2023-01-18 11:32:59 info: 🚀 App listening on the port 8000
2023-01-18 11:32:59 info: =================================
2023-01-18 11:33:02 info: =================================
2023-01-18 11:33:02 info: ======= ENV: development =======
2023-01-18 11:33:02 info: 🚀 App listening on the port 8000
2023-01-18 11:33:02 info: =================================
2023-01-18 11:33:09 info: =================================
2023-01-18 11:33:09 info: ======= ENV: development =======
2023-01-18 11:33:09 info: 🚀 App listening on the port 8000
2023-01-18 11:33:09 info: =================================
2023-01-18 11:33:10 info: =================================
2023-01-18 11:33:10 info: ======= ENV: development =======
2023-01-18 11:33:10 info: 🚀 App listening on the port 8000
2023-01-18 11:33:10 info: =================================
2023-01-18 11:33:39 info: =================================
2023-01-18 11:33:39 info: ======= ENV: development =======
2023-01-18 11:33:39 info: 🚀 App listening on the port 8000
2023-01-18 11:33:39 info: =================================
2023-01-18 11:33:51 info: =================================
2023-01-18 11:33:51 info: ======= ENV: development =======
2023-01-18 11:33:51 info: 🚀 App listening on the port 8000
2023-01-18 11:33:51 info: =================================
2023-01-18 11:33:54 info: =================================
2023-01-18 11:33:54 info: ======= ENV: development =======
2023-01-18 11:33:54 info: 🚀 App listening on the port 8000
2023-01-18 11:33:54 info: =================================
2023-01-18 11:33:59 info: =================================
2023-01-18 11:33:59 info: ======= ENV: development =======
2023-01-18 11:33:59 info: 🚀 App listening on the port 8000
2023-01-18 11:33:59 info: =================================
2023-01-18 11:34:06 info: =================================
2023-01-18 11:34:06 info: ======= ENV: development =======
2023-01-18 11:34:06 info: 🚀 App listening on the port 8000
2023-01-18 11:34:06 info: =================================
2023-01-18 11:34:17 info: =================================
2023-01-18 11:34:17 info: ======= ENV: development =======
2023-01-18 11:34:17 info: 🚀 App listening on the port 8000
2023-01-18 11:34:17 info: =================================
2023-01-18 11:34:27 info: =================================
2023-01-18 11:34:27 info: ======= ENV: development =======
2023-01-18 11:34:27 info: 🚀 App listening on the port 8000
2023-01-18 11:34:27 info: =================================
2023-01-18 11:34:35 info: =================================
2023-01-18 11:34:35 info: ======= ENV: development =======
2023-01-18 11:34:35 info: 🚀 App listening on the port 8000
2023-01-18 11:34:35 info: =================================
2023-01-18 11:34:39 info: =================================
2023-01-18 11:34:39 info: ======= ENV: development =======
2023-01-18 11:34:39 info: 🚀 App listening on the port 8000
2023-01-18 11:34:39 info: =================================
2023-01-18 11:34:42 info: =================================
2023-01-18 11:34:42 info: ======= ENV: development =======
2023-01-18 11:34:42 info: 🚀 App listening on the port 8000
2023-01-18 11:34:42 info: =================================
2023-01-18 11:34:57 info: =================================
2023-01-18 11:34:57 info: ======= ENV: development =======
2023-01-18 11:34:57 info: 🚀 App listening on the port 8000
2023-01-18 11:34:57 info: =================================
2023-01-18 11:34:59 info: =================================
2023-01-18 11:34:59 info: ======= ENV: development =======
2023-01-18 11:34:59 info: 🚀 App listening on the port 8000
2023-01-18 11:34:59 info: =================================
2023-01-18 11:35:07 info: =================================
2023-01-18 11:35:07 info: ======= ENV: development =======
2023-01-18 11:35:07 info: 🚀 App listening on the port 8000
2023-01-18 11:35:07 info: =================================
2023-01-18 11:35:10 info: =================================
2023-01-18 11:35:10 info: ======= ENV: development =======
2023-01-18 11:35:10 info: 🚀 App listening on the port 8000
2023-01-18 11:35:10 info: =================================
2023-01-18 11:35:14 info: =================================
2023-01-18 11:35:14 info: ======= ENV: development =======
2023-01-18 11:35:14 info: 🚀 App listening on the port 8000
2023-01-18 11:35:14 info: =================================
2023-01-18 11:35:26 info: =================================
2023-01-18 11:35:26 info: ======= ENV: development =======
2023-01-18 11:35:26 info: 🚀 App listening on the port 8000
2023-01-18 11:35:26 info: =================================
2023-01-18 11:35:39 info: =================================
2023-01-18 11:35:39 info: ======= ENV: development =======
2023-01-18 11:35:39 info: 🚀 App listening on the port 8000
2023-01-18 11:35:39 info: =================================
2023-01-18 11:35:43 info: =================================
2023-01-18 11:35:43 info: ======= ENV: development =======
2023-01-18 11:35:43 info: 🚀 App listening on the port 8000
2023-01-18 11:35:43 info: =================================
2023-01-18 11:35:53 info: =================================
2023-01-18 11:35:53 info: ======= ENV: development =======
2023-01-18 11:35:53 info: 🚀 App listening on the port 8000
2023-01-18 11:35:53 info: =================================
2023-01-18 11:35:57 info: =================================
2023-01-18 11:35:57 info: ======= ENV: development =======
2023-01-18 11:35:57 info: 🚀 App listening on the port 8000
2023-01-18 11:35:57 info: =================================
2023-01-18 11:35:59 info: =================================
2023-01-18 11:35:59 info: ======= ENV: development =======
2023-01-18 11:35:59 info: 🚀 App listening on the port 8000
2023-01-18 11:35:59 info: =================================
2023-01-18 11:36:05 info: =================================
2023-01-18 11:36:05 info: ======= ENV: development =======
2023-01-18 11:36:05 info: 🚀 App listening on the port 8000
2023-01-18 11:36:05 info: =================================
2023-01-18 11:36:08 info: =================================
2023-01-18 11:36:08 info: ======= ENV: development =======
2023-01-18 11:36:08 info: 🚀 App listening on the port 8000
2023-01-18 11:36:08 info: =================================
2023-01-18 11:36:25 info: =================================
2023-01-18 11:36:25 info: ======= ENV: development =======
2023-01-18 11:36:25 info: 🚀 App listening on the port 8000
2023-01-18 11:36:25 info: =================================
2023-01-18 11:36:33 info: =================================
2023-01-18 11:36:33 info: ======= ENV: development =======
2023-01-18 11:36:33 info: 🚀 App listening on the port 8000
2023-01-18 11:36:33 info: =================================
2023-01-18 11:36:40 info: =================================
2023-01-18 11:36:40 info: ======= ENV: development =======
2023-01-18 11:36:40 info: 🚀 App listening on the port 8000
2023-01-18 11:36:40 info: =================================
2023-01-18 11:36:42 info: =================================
2023-01-18 11:36:42 info: ======= ENV: development =======
2023-01-18 11:36:42 info: 🚀 App listening on the port 8000
2023-01-18 11:36:42 info: =================================
2023-01-18 11:36:51 info: =================================
2023-01-18 11:36:51 info: ======= ENV: development =======
2023-01-18 11:36:51 info: 🚀 App listening on the port 8000
2023-01-18 11:36:51 info: =================================
2023-01-18 11:37:00 info: =================================
2023-01-18 11:37:00 info: ======= ENV: development =======
2023-01-18 11:37:00 info: 🚀 App listening on the port 8000
2023-01-18 11:37:00 info: =================================
2023-01-18 11:37:04 info: =================================
2023-01-18 11:37:04 info: ======= ENV: development =======
2023-01-18 11:37:04 info: 🚀 App listening on the port 8000
2023-01-18 11:37:04 info: =================================
2023-01-18 11:37:08 info: =================================
2023-01-18 11:37:08 info: ======= ENV: development =======
2023-01-18 11:37:08 info: 🚀 App listening on the port 8000
2023-01-18 11:37:08 info: =================================
2023-01-18 11:37:21 info: =================================
2023-01-18 11:37:21 info: ======= ENV: development =======
2023-01-18 11:37:21 info: 🚀 App listening on the port 8000
2023-01-18 11:37:21 info: =================================
2023-01-18 11:38:07 info: =================================
2023-01-18 11:38:07 info: ======= ENV: development =======
2023-01-18 11:38:07 info: 🚀 App listening on the port 8000
2023-01-18 11:38:07 info: =================================
2023-01-18 11:38:18 info: =================================
2023-01-18 11:38:18 info: ======= ENV: development =======
2023-01-18 11:38:18 info: 🚀 App listening on the port 8000
2023-01-18 11:38:18 info: =================================
2023-01-18 11:38:23 info: =================================
2023-01-18 11:38:23 info: ======= ENV: development =======
2023-01-18 11:38:23 info: 🚀 App listening on the port 8000
2023-01-18 11:38:23 info: =================================
2023-01-18 11:38:41 info: =================================
2023-01-18 11:38:41 info: ======= ENV: development =======
2023-01-18 11:38:41 info: 🚀 App listening on the port 8000
2023-01-18 11:38:41 info: =================================
2023-01-18 11:38:44 info: =================================
2023-01-18 11:38:44 info: ======= ENV: development =======
2023-01-18 11:38:44 info: 🚀 App listening on the port 8000
2023-01-18 11:38:44 info: =================================
2023-01-18 11:38:48 info: =================================
2023-01-18 11:38:48 info: ======= ENV: development =======
2023-01-18 11:38:48 info: 🚀 App listening on the port 8000
2023-01-18 11:38:48 info: =================================
2023-01-18 11:38:50 info: =================================
2023-01-18 11:38:50 info: ======= ENV: development =======
2023-01-18 11:38:50 info: 🚀 App listening on the port 8000
2023-01-18 11:38:50 info: =================================
2023-01-18 11:38:52 info: =================================
2023-01-18 11:38:52 info: ======= ENV: development =======
2023-01-18 11:38:52 info: 🚀 App listening on the port 8000
2023-01-18 11:38:52 info: =================================
2023-01-18 11:39:09 info: =================================
2023-01-18 11:39:09 info: ======= ENV: development =======
2023-01-18 11:39:09 info: 🚀 App listening on the port 8000
2023-01-18 11:39:09 info: =================================
2023-01-18 11:39:11 info: =================================
2023-01-18 11:39:11 info: ======= ENV: development =======
2023-01-18 11:39:11 info: 🚀 App listening on the port 8000
2023-01-18 11:39:11 info: =================================
2023-01-18 11:39:16 info: =================================
2023-01-18 11:39:16 info: ======= ENV: development =======
2023-01-18 11:39:16 info: 🚀 App listening on the port 8000
2023-01-18 11:39:16 info: =================================
2023-01-18 11:39:19 info: =================================
2023-01-18 11:39:19 info: ======= ENV: development =======
2023-01-18 11:39:19 info: 🚀 App listening on the port 8000
2023-01-18 11:39:19 info: =================================
2023-01-18 11:39:30 info: =================================
2023-01-18 11:39:30 info: ======= ENV: development =======
2023-01-18 11:39:30 info: 🚀 App listening on the port 8000
2023-01-18 11:39:30 info: =================================
2023-01-18 11:39:33 info: =================================
2023-01-18 11:39:33 info: ======= ENV: development =======
2023-01-18 11:39:33 info: 🚀 App listening on the port 8000
2023-01-18 11:39:33 info: =================================
2023-01-18 11:39:43 info: =================================
2023-01-18 11:39:43 info: ======= ENV: development =======
2023-01-18 11:39:43 info: 🚀 App listening on the port 8000
2023-01-18 11:39:43 info: =================================
2023-01-18 11:40:07 info: =================================
2023-01-18 11:40:07 info: ======= ENV: development =======
2023-01-18 11:40:07 info: 🚀 App listening on the port 8000
2023-01-18 11:40:07 info: =================================
2023-01-18 11:40:19 info: =================================
2023-01-18 11:40:19 info: ======= ENV: development =======
2023-01-18 11:40:19 info: 🚀 App listening on the port 8000
2023-01-18 11:40:19 info: =================================
2023-01-18 11:40:34 info: =================================
2023-01-18 11:40:34 info: ======= ENV: development =======
2023-01-18 11:40:34 info: 🚀 App listening on the port 8000
2023-01-18 11:40:34 info: =================================
2023-01-18 11:40:36 info: =================================
2023-01-18 11:40:36 info: ======= ENV: development =======
2023-01-18 11:40:36 info: 🚀 App listening on the port 8000
2023-01-18 11:40:36 info: =================================
2023-01-18 11:40:39 info: =================================
2023-01-18 11:40:39 info: ======= ENV: development =======
2023-01-18 11:40:39 info: 🚀 App listening on the port 8000
2023-01-18 11:40:39 info: =================================
2023-01-18 11:40:52 info: =================================
2023-01-18 11:40:52 info: ======= ENV: development =======
2023-01-18 11:40:52 info: 🚀 App listening on the port 8000
2023-01-18 11:40:52 info: =================================
2023-01-18 11:40:58 info: =================================
2023-01-18 11:40:58 info: ======= ENV: development =======
2023-01-18 11:40:58 info: 🚀 App listening on the port 8000
2023-01-18 11:40:58 info: =================================
2023-01-18 11:41:04 info: =================================
2023-01-18 11:41:04 info: ======= ENV: development =======
2023-01-18 11:41:04 info: 🚀 App listening on the port 8000
2023-01-18 11:41:04 info: =================================
2023-01-18 11:41:11 info: =================================
2023-01-18 11:41:11 info: ======= ENV: development =======
2023-01-18 11:41:11 info: 🚀 App listening on the port 8000
2023-01-18 11:41:11 info: =================================
2023-01-18 11:41:15 info: =================================
2023-01-18 11:41:15 info: ======= ENV: development =======
2023-01-18 11:41:15 info: 🚀 App listening on the port 8000
2023-01-18 11:41:15 info: =================================
2023-01-18 11:41:28 info: =================================
2023-01-18 11:41:28 info: ======= ENV: development =======
2023-01-18 11:41:28 info: 🚀 App listening on the port 8000
2023-01-18 11:41:28 info: =================================
2023-01-18 11:41:38 info: =================================
2023-01-18 11:41:38 info: ======= ENV: development =======
2023-01-18 11:41:38 info: 🚀 App listening on the port 8000
2023-01-18 11:41:38 info: =================================
2023-01-18 11:41:41 info: =================================
2023-01-18 11:41:41 info: ======= ENV: development =======
2023-01-18 11:41:41 info: 🚀 App listening on the port 8000
2023-01-18 11:41:41 info: =================================
2023-01-18 11:41:52 info: =================================
2023-01-18 11:41:52 info: ======= ENV: development =======
2023-01-18 11:41:52 info: 🚀 App listening on the port 8000
2023-01-18 11:41:52 info: =================================
2023-01-18 11:42:01 info: =================================
2023-01-18 11:42:01 info: ======= ENV: development =======
2023-01-18 11:42:01 info: 🚀 App listening on the port 8000
2023-01-18 11:42:01 info: =================================
2023-01-18 12:11:23 info: [0mGET /api/products/category/computers [32m200[0m 470.400 ms - -[0m
2023-01-18 12:11:23 info: [0mGET /api/category [32m200[0m 51.973 ms - -[0m
2023-01-18 12:11:24 info: [0mGET /api/manufacturers [32m200[0m 53.732 ms - 592[0m
2023-01-18 12:11:29 info: [0mGET /api/products/macbook-pro [32m200[0m 253.361 ms - 894[0m
2023-01-18 12:11:29 info: [0mGET /api/reviews/63c179a75758b97301be4069 [32m200[0m 268.363 ms - 608[0m
2023-01-18 12:11:33 info: [0mGET /api/category [32m200[0m 56.329 ms - -[0m
2023-01-18 12:11:33 info: [0mGET /api/products?limit=4&skip=0 [32m200[0m 52.688 ms - -[0m
2023-01-18 12:14:32 info: [0mGET /api/products/category/computers [32m200[0m 116.908 ms - -[0m
2023-01-18 12:14:32 info: [0mGET /api/category [32m200[0m 51.521 ms - -[0m
2023-01-18 12:14:32 info: [0mGET /api/manufacturers [32m200[0m 52.280 ms - 592[0m
2023-01-18 12:14:34 info: [0mGET /api/products/macbook-pro [32m200[0m 119.790 ms - 894[0m
2023-01-18 12:14:34 info: [0mGET /api/reviews/63c179a75758b97301be4069 [32m200[0m 107.843 ms - 608[0m
2023-01-18 12:14:37 info: [0mGET /api/category [32m200[0m 63.086 ms - -[0m
2023-01-18 12:14:38 info: [0mGET /api/products?limit=4&skip=0 [32m200[0m 55.262 ms - -[0m
2023-01-18 12:15:58 info: =================================
2023-01-18 12:15:58 info: ======= ENV: development =======
2023-01-18 12:15:58 info: 🚀 App listening on the port 8000
2023-01-18 12:15:58 info: =================================
2023-01-18 12:16:09 info: =================================
2023-01-18 12:16:09 info: ======= ENV: development =======
2023-01-18 12:16:09 info: 🚀 App listening on the port 8000
2023-01-18 12:16:09 info: =================================
2023-01-18 12:16:11 info: =================================
2023-01-18 12:16:11 info: ======= ENV: development =======
2023-01-18 12:16:11 info: 🚀 App listening on the port 8000
2023-01-18 12:16:11 info: =================================
2023-01-18 12:16:19 info: =================================
2023-01-18 12:16:19 info: ======= ENV: development =======
2023-01-18 12:16:19 info: 🚀 App listening on the port 8000
2023-01-18 12:16:19 info: =================================
2023-01-18 12:16:39 info: =================================
2023-01-18 12:16:39 info: ======= ENV: development =======
2023-01-18 12:16:39 info: 🚀 App listening on the port 8000
2023-01-18 12:16:39 info: =================================
2023-01-18 12:16:46 info: =================================
2023-01-18 12:16:46 info: ======= ENV: development =======
2023-01-18 12:16:46 info: 🚀 App listening on the port 8000
2023-01-18 12:16:46 info: =================================
2023-01-18 12:16:49 info: =================================
2023-01-18 12:16:49 info: ======= ENV: development =======
2023-01-18 12:16:49 info: 🚀 App listening on the port 8000
2023-01-18 12:16:49 info: =================================
2023-01-18 12:16:53 info: =================================
2023-01-18 12:16:53 info: ======= ENV: development =======
2023-01-18 12:16:53 info: 🚀 App listening on the port 8000
2023-01-18 12:16:53 info: =================================
2023-01-18 12:16:58 info: =================================
2023-01-18 12:16:58 info: ======= ENV: development =======
2023-01-18 12:16:58 info: 🚀 App listening on the port 8000
2023-01-18 12:16:58 info: =================================
2023-01-18 12:17:02 info: =================================
2023-01-18 12:17:02 info: ======= ENV: development =======
2023-01-18 12:17:02 info: 🚀 App listening on the port 8000
2023-01-18 12:17:02 info: =================================
2023-01-18 12:17:10 info: =================================
2023-01-18 12:17:10 info: ======= ENV: development =======
2023-01-18 12:17:10 info: 🚀 App listening on the port 8000
2023-01-18 12:17:10 info: =================================
2023-01-18 12:17:14 info: =================================
2023-01-18 12:17:14 info: ======= ENV: development =======
2023-01-18 12:17:14 info: 🚀 App listening on the port 8000
2023-01-18 12:17:14 info: =================================
2023-01-18 12:17:22 info: =================================
2023-01-18 12:17:22 info: ======= ENV: development =======
2023-01-18 12:17:22 info: 🚀 App listening on the port 8000
2023-01-18 12:17:22 info: =================================
2023-01-18 12:17:29 info: =================================
2023-01-18 12:17:29 info: ======= ENV: development =======
2023-01-18 12:17:29 info: 🚀 App listening on the port 8000
2023-01-18 12:17:29 info: =================================
2023-01-18 12:17:39 info: =================================
2023-01-18 12:17:39 info: ======= ENV: development =======
2023-01-18 12:17:39 info: 🚀 App listening on the port 8000
2023-01-18 12:17:39 info: =================================
2023-01-18 12:17:45 info: =================================
2023-01-18 12:17:45 info: ======= ENV: development =======
2023-01-18 12:17:45 info: 🚀 App listening on the port 8000
2023-01-18 12:17:45 info: =================================
2023-01-18 12:17:51 info: =================================
2023-01-18 12:17:51 info: ======= ENV: development =======
2023-01-18 12:17:51 info: 🚀 App listening on the port 8000
2023-01-18 12:17:51 info: =================================
2023-01-18 12:18:16 info: =================================
2023-01-18 12:18:16 info: ======= ENV: development =======
2023-01-18 12:18:16 info: 🚀 App listening on the port 8000
2023-01-18 12:18:16 info: =================================
2023-01-18 12:18:17 info: =================================
2023-01-18 12:18:17 info: ======= ENV: development =======
2023-01-18 12:18:17 info: 🚀 App listening on the port 8000
2023-01-18 12:18:17 info: =================================
2023-01-18 12:18:21 info: =================================
2023-01-18 12:18:21 info: ======= ENV: development =======
2023-01-18 12:18:21 info: 🚀 App listening on the port 8000
2023-01-18 12:18:21 info: =================================
2023-01-18 12:18:36 info: =================================
2023-01-18 12:18:36 info: ======= ENV: development =======
2023-01-18 12:18:36 info: 🚀 App listening on the port 8000
2023-01-18 12:18:36 info: =================================
2023-01-18 12:18:39 info: =================================
2023-01-18 12:18:39 info: ======= ENV: development =======
2023-01-18 12:18:39 info: 🚀 App listening on the port 8000
2023-01-18 12:18:39 info: =================================
2023-01-18 12:18:41 info: =================================
2023-01-18 12:18:41 info: ======= ENV: development =======
2023-01-18 12:18:41 info: 🚀 App listening on the port 8000
2023-01-18 12:18:41 info: =================================
2023-01-18 12:18:52 info: =================================
2023-01-18 12:18:52 info: ======= ENV: development =======
2023-01-18 12:18:52 info: 🚀 App listening on the port 8000
2023-01-18 12:18:52 info: =================================
2023-01-18 12:19:04 info: =================================
2023-01-18 12:19:04 info: ======= ENV: development =======
2023-01-18 12:19:04 info: 🚀 App listening on the port 8000
2023-01-18 12:19:04 info: =================================
2023-01-18 12:19:08 info: =================================
2023-01-18 12:19:08 info: ======= ENV: development =======
2023-01-18 12:19:08 info: 🚀 App listening on the port 8000
2023-01-18 12:19:08 info: =================================
2023-01-18 12:19:21 info: =================================
2023-01-18 12:19:21 info: ======= ENV: development =======
2023-01-18 12:19:21 info: 🚀 App listening on the port 8000
2023-01-18 12:19:21 info: =================================
2023-01-18 12:19:30 info: =================================
2023-01-18 12:19:30 info: ======= ENV: development =======
2023-01-18 12:19:30 info: 🚀 App listening on the port 8000
2023-01-18 12:19:30 info: =================================
2023-01-18 12:19:44 info: =================================
2023-01-18 12:19:44 info: ======= ENV: development =======
2023-01-18 12:19:44 info: 🚀 App listening on the port 8000
2023-01-18 12:19:44 info: =================================
2023-01-18 12:19:51 info: =================================
2023-01-18 12:19:51 info: ======= ENV: development =======
2023-01-18 12:19:51 info: 🚀 App listening on the port 8000
2023-01-18 12:19:51 info: =================================
2023-01-18 12:20:37 info: =================================
2023-01-18 12:20:37 info: ======= ENV: development =======
2023-01-18 12:20:37 info: 🚀 App listening on the port 8000
2023-01-18 12:20:37 info: =================================
2023-01-18 12:20:42 info: =================================
2023-01-18 12:20:42 info: ======= ENV: development =======
2023-01-18 12:20:42 info: 🚀 App listening on the port 8000
2023-01-18 12:20:42 info: =================================
2023-01-18 12:20:50 info: =================================
2023-01-18 12:20:50 info: ======= ENV: development =======
2023-01-18 12:20:50 info: 🚀 App listening on the port 8000
2023-01-18 12:20:50 info: =================================
2023-01-18 12:21:18 info: =================================
2023-01-18 12:21:18 info: ======= ENV: development =======
2023-01-18 12:21:18 info: 🚀 App listening on the port 8000
2023-01-18 12:21:18 info: =================================
2023-01-18 12:21:34 info: =================================
2023-01-18 12:21:34 info: ======= ENV: development =======
2023-01-18 12:21:34 info: 🚀 App listening on the port 8000
2023-01-18 12:21:34 info: =================================
2023-01-18 12:21:35 info: =================================
2023-01-18 12:21:35 info: ======= ENV: development =======
2023-01-18 12:21:35 info: 🚀 App listening on the port 8000
2023-01-18 12:21:35 info: =================================
2023-01-18 12:21:39 info: =================================
2023-01-18 12:21:39 info: ======= ENV: development =======
2023-01-18 12:21:39 info: 🚀 App listening on the port 8000
2023-01-18 12:21:39 info: =================================
2023-01-18 12:21:42 info: =================================
2023-01-18 12:21:42 info: ======= ENV: development =======
2023-01-18 12:21:42 info: 🚀 App listening on the port 8000
2023-01-18 12:21:42 info: =================================
2023-01-18 12:21:47 info: =================================
2023-01-18 12:21:47 info: ======= ENV: development =======
2023-01-18 12:21:47 info: 🚀 App listening on the port 8000
2023-01-18 12:21:47 info: =================================
2023-01-18 12:21:49 info: =================================
2023-01-18 12:21:49 info: ======= ENV: development =======
2023-01-18 12:21:49 info: 🚀 App listening on the port 8000
2023-01-18 12:21:49 info: =================================
2023-01-18 12:21:54 info: =================================
2023-01-18 12:21:54 info: ======= ENV: development =======
2023-01-18 12:21:54 info: 🚀 App listening on the port 8000
2023-01-18 12:21:54 info: =================================
2023-01-18 12:22:02 info: =================================
2023-01-18 12:22:02 info: ======= ENV: development =======
2023-01-18 12:22:02 info: 🚀 App listening on the port 8000
2023-01-18 12:22:02 info: =================================
2023-01-18 12:22:05 info: =================================
2023-01-18 12:22:05 info: ======= ENV: development =======
2023-01-18 12:22:05 info: 🚀 App listening on the port 8000
2023-01-18 12:22:05 info: =================================
2023-01-18 12:22:08 info: =================================
2023-01-18 12:22:08 info: ======= ENV: development =======
2023-01-18 12:22:08 info: 🚀 App listening on the port 8000
2023-01-18 12:22:08 info: =================================
2023-01-18 12:22:24 info: =================================
2023-01-18 12:22:24 info: ======= ENV: development =======
2023-01-18 12:22:24 info: 🚀 App listening on the port 8000
2023-01-18 12:22:24 info: =================================
2023-01-18 12:22:31 info: =================================
2023-01-18 12:22:31 info: ======= ENV: development =======
2023-01-18 12:22:31 info: 🚀 App listening on the port 8000
2023-01-18 12:22:31 info: =================================
2023-01-18 12:22:35 info: =================================
2023-01-18 12:22:35 info: ======= ENV: development =======
2023-01-18 12:22:35 info: 🚀 App listening on the port 8000
2023-01-18 12:22:35 info: =================================
2023-01-18 12:22:41 info: =================================
2023-01-18 12:22:41 info: ======= ENV: development =======
2023-01-18 12:22:41 info: 🚀 App listening on the port 8000
2023-01-18 12:22:41 info: =================================
2023-01-18 12:22:45 info: =================================
2023-01-18 12:22:45 info: ======= ENV: development =======
2023-01-18 12:22:45 info: 🚀 App listening on the port 8000
2023-01-18 12:22:45 info: =================================
2023-01-18 12:22:53 info: =================================
2023-01-18 12:22:53 info: ======= ENV: development =======
2023-01-18 12:22:53 info: 🚀 App listening on the port 8000
2023-01-18 12:22:53 info: =================================
2023-01-18 12:23:27 info: =================================
2023-01-18 12:23:27 info: ======= ENV: development =======
2023-01-18 12:23:27 info: 🚀 App listening on the port 8000
2023-01-18 12:23:27 info: =================================
2023-01-18 12:23:35 info: =================================
2023-01-18 12:23:35 info: ======= ENV: development =======
2023-01-18 12:23:35 info: 🚀 App listening on the port 8000
2023-01-18 12:23:35 info: =================================
2023-01-18 12:23:38 info: =================================
2023-01-18 12:23:38 info: ======= ENV: development =======
2023-01-18 12:23:38 info: 🚀 App listening on the port 8000
2023-01-18 12:23:38 info: =================================
2023-01-18 12:23:44 info: =================================
2023-01-18 12:23:44 info: ======= ENV: development =======
2023-01-18 12:23:44 info: 🚀 App listening on the port 8000
2023-01-18 12:23:44 info: =================================
2023-01-18 12:23:55 info: =================================
2023-01-18 12:23:55 info: ======= ENV: development =======
2023-01-18 12:23:55 info: 🚀 App listening on the port 8000
2023-01-18 12:23:55 info: =================================
2023-01-18 12:23:57 info: =================================
2023-01-18 12:23:57 info: ======= ENV: development =======
2023-01-18 12:23:57 info: 🚀 App listening on the port 8000
2023-01-18 12:23:57 info: =================================
2023-01-18 12:23:59 info: =================================
2023-01-18 12:23:59 info: ======= ENV: development =======
2023-01-18 12:23:59 info: 🚀 App listening on the port 8000
2023-01-18 12:23:59 info: =================================
2023-01-18 12:24:05 info: =================================
2023-01-18 12:24:05 info: ======= ENV: development =======
2023-01-18 12:24:05 info: 🚀 App listening on the port 8000
2023-01-18 12:24:05 info: =================================
2023-01-18 12:24:14 info: =================================
2023-01-18 12:24:14 info: ======= ENV: development =======
2023-01-18 12:24:14 info: 🚀 App listening on the port 8000
2023-01-18 12:24:14 info: =================================
2023-01-18 12:24:16 info: =================================
2023-01-18 12:24:16 info: ======= ENV: development =======
2023-01-18 12:24:16 info: 🚀 App listening on the port 8000
2023-01-18 12:24:16 info: =================================
2023-01-18 12:24:20 info: =================================
2023-01-18 12:24:20 info: ======= ENV: development =======
2023-01-18 12:24:20 info: 🚀 App listening on the port 8000
2023-01-18 12:24:20 info: =================================
2023-01-18 12:24:51 info: =================================
2023-01-18 12:24:51 info: ======= ENV: development =======
2023-01-18 12:24:51 info: 🚀 App listening on the port 8000
2023-01-18 12:24:51 info: =================================
2023-01-18 12:24:57 info: =================================
2023-01-18 12:24:57 info: ======= ENV: development =======
2023-01-18 12:24:57 info: 🚀 App listening on the port 8000
2023-01-18 12:24:57 info: =================================
2023-01-18 12:25:00 info: =================================
2023-01-18 12:25:00 info: ======= ENV: development =======
2023-01-18 12:25:00 info: 🚀 App listening on the port 8000
2023-01-18 12:25:00 info: =================================
2023-01-18 12:25:02 info: =================================
2023-01-18 12:25:02 info: ======= ENV: development =======
2023-01-18 12:25:02 info: 🚀 App listening on the port 8000
2023-01-18 12:25:02 info: =================================
2023-01-18 12:25:06 info: =================================
2023-01-18 12:25:06 info: ======= ENV: development =======
2023-01-18 12:25:06 info: 🚀 App listening on the port 8000
2023-01-18 12:25:06 info: =================================
2023-01-18 12:25:12 info: =================================
2023-01-18 12:25:12 info: ======= ENV: development =======
2023-01-18 12:25:12 info: 🚀 App listening on the port 8000
2023-01-18 12:25:12 info: =================================
2023-01-18 12:25:45 info: =================================
2023-01-18 12:25:45 info: ======= ENV: development =======
2023-01-18 12:25:45 info: 🚀 App listening on the port 8000
2023-01-18 12:25:45 info: =================================
2023-01-18 12:25:51 info: =================================
2023-01-18 12:25:51 info: ======= ENV: development =======
2023-01-18 12:25:51 info: 🚀 App listening on the port 8000
2023-01-18 12:25:51 info: =================================
2023-01-18 12:25:55 info: =================================
2023-01-18 12:25:55 info: ======= ENV: development =======
2023-01-18 12:25:55 info: 🚀 App listening on the port 8000
2023-01-18 12:25:55 info: =================================
2023-01-18 12:26:05 info: =================================
2023-01-18 12:26:05 info: ======= ENV: development =======
2023-01-18 12:26:05 info: 🚀 App listening on the port 8000
2023-01-18 12:26:05 info: =================================
2023-01-18 12:26:10 info: =================================
2023-01-18 12:26:10 info: ======= ENV: development =======
2023-01-18 12:26:10 info: 🚀 App listening on the port 8000
2023-01-18 12:26:10 info: =================================
2023-01-18 12:26:17 info: =================================
2023-01-18 12:26:17 info: ======= ENV: development =======
2023-01-18 12:26:17 info: 🚀 App listening on the port 8000
2023-01-18 12:26:17 info: =================================
2023-01-18 12:26:23 info: =================================
2023-01-18 12:26:23 info: ======= ENV: development =======
2023-01-18 12:26:23 info: 🚀 App listening on the port 8000
2023-01-18 12:26:23 info: =================================
2023-01-18 12:26:31 info: =================================
2023-01-18 12:26:31 info: ======= ENV: development =======
2023-01-18 12:26:31 info: 🚀 App listening on the port 8000
2023-01-18 12:26:31 info: =================================
2023-01-18 12:26:32 info: =================================
2023-01-18 12:26:32 info: ======= ENV: development =======
2023-01-18 12:26:32 info: 🚀 App listening on the port 8000
2023-01-18 12:26:32 info: =================================
2023-01-18 12:26:40 info: =================================
2023-01-18 12:26:40 info: ======= ENV: development =======
2023-01-18 12:26:40 info: 🚀 App listening on the port 8000
2023-01-18 12:26:40 info: =================================
2023-01-18 12:26:46 info: =================================
2023-01-18 12:26:46 info: ======= ENV: development =======
2023-01-18 12:26:46 info: 🚀 App listening on the port 8000
2023-01-18 12:26:46 info: =================================
2023-01-18 12:26:50 info: =================================
2023-01-18 12:26:50 info: ======= ENV: development =======
2023-01-18 12:26:50 info: 🚀 App listening on the port 8000
2023-01-18 12:26:50 info: =================================
2023-01-18 12:27:29 info: =================================
2023-01-18 12:27:29 info: ======= ENV: development =======
2023-01-18 12:27:29 info: 🚀 App listening on the port 8000
2023-01-18 12:27:29 info: =================================
2023-01-18 12:27:40 info: =================================
2023-01-18 12:27:40 info: ======= ENV: development =======
2023-01-18 12:27:40 info: 🚀 App listening on the port 8000
2023-01-18 12:27:40 info: =================================
2023-01-18 12:28:06 info: =================================
2023-01-18 12:28:06 info: ======= ENV: development =======
2023-01-18 12:28:06 info: 🚀 App listening on the port 8000
2023-01-18 12:28:06 info: =================================
2023-01-18 12:28:21 info: =================================
2023-01-18 12:28:21 info: ======= ENV: development =======
2023-01-18 12:28:21 info: 🚀 App listening on the port 8000
2023-01-18 12:28:21 info: =================================
2023-01-18 12:28:27 info: =================================
2023-01-18 12:28:27 info: ======= ENV: development =======
2023-01-18 12:28:27 info: 🚀 App listening on the port 8000
2023-01-18 12:28:27 info: =================================
2023-01-18 12:29:08 info: =================================
2023-01-18 12:29:08 info: ======= ENV: development =======
2023-01-18 12:29:08 info: 🚀 App listening on the port 8000
2023-01-18 12:29:08 info: =================================
2023-01-18 12:29:22 info: =================================
2023-01-18 12:29:22 info: ======= ENV: development =======
2023-01-18 12:29:22 info: 🚀 App listening on the port 8000
2023-01-18 12:29:22 info: =================================
2023-01-18 12:29:32 info: =================================
2023-01-18 12:29:32 info: ======= ENV: development =======
2023-01-18 12:29:32 info: 🚀 App listening on the port 8000
2023-01-18 12:29:32 info: =================================
2023-01-18 12:29:37 info: =================================
2023-01-18 12:29:37 info: ======= ENV: development =======
2023-01-18 12:29:37 info: 🚀 App listening on the port 8000
2023-01-18 12:29:37 info: =================================
2023-01-18 12:29:45 info: =================================
2023-01-18 12:29:45 info: ======= ENV: development =======
2023-01-18 12:29:45 info: 🚀 App listening on the port 8000
2023-01-18 12:29:45 info: =================================
2023-01-18 12:29:46 info: =================================
2023-01-18 12:29:46 info: ======= ENV: development =======
2023-01-18 12:29:46 info: 🚀 App listening on the port 8000
2023-01-18 12:29:46 info: =================================
2023-01-18 12:29:58 info: =================================
2023-01-18 12:29:58 info: ======= ENV: development =======
2023-01-18 12:29:58 info: 🚀 App listening on the port 8000
2023-01-18 12:29:58 info: =================================
2023-01-18 12:30:01 info: =================================
2023-01-18 12:30:01 info: ======= ENV: development =======
2023-01-18 12:30:01 info: 🚀 App listening on the port 8000
2023-01-18 12:30:01 info: =================================
2023-01-18 12:30:06 info: =================================
2023-01-18 12:30:06 info: ======= ENV: development =======
2023-01-18 12:30:06 info: 🚀 App listening on the port 8000
2023-01-18 12:30:06 info: =================================
2023-01-18 12:30:36 info: =================================
2023-01-18 12:30:36 info: ======= ENV: development =======
2023-01-18 12:30:36 info: 🚀 App listening on the port 8000
2023-01-18 12:30:36 info: =================================
2023-01-18 12:30:45 info: =================================
2023-01-18 12:30:45 info: ======= ENV: development =======
2023-01-18 12:30:45 info: 🚀 App listening on the port 8000
2023-01-18 12:30:45 info: =================================
2023-01-18 12:30:50 info: =================================
2023-01-18 12:30:50 info: ======= ENV: development =======
2023-01-18 12:30:50 info: 🚀 App listening on the port 8000
2023-01-18 12:30:50 info: =================================
2023-01-18 12:30:54 info: =================================
2023-01-18 12:30:54 info: ======= ENV: development =======
2023-01-18 12:30:54 info: 🚀 App listening on the port 8000
2023-01-18 12:30:54 info: =================================
2023-01-18 12:31:24 info: =================================
2023-01-18 12:31:24 info: ======= ENV: development =======
2023-01-18 12:31:24 info: 🚀 App listening on the port 8000
2023-01-18 12:31:24 info: =================================
2023-01-18 12:31:34 info: =================================
2023-01-18 12:31:34 info: ======= ENV: development =======
2023-01-18 12:31:34 info: 🚀 App listening on the port 8000
2023-01-18 12:31:34 info: =================================
2023-01-18 12:31:38 info: =================================
2023-01-18 12:31:38 info: ======= ENV: development =======
2023-01-18 12:31:38 info: 🚀 App listening on the port 8000
2023-01-18 12:31:38 info: =================================
2023-01-18 12:31:41 info: =================================
2023-01-18 12:31:41 info: ======= ENV: development =======
2023-01-18 12:31:41 info: 🚀 App listening on the port 8000
2023-01-18 12:31:41 info: =================================
2023-01-18 12:31:43 info: =================================
2023-01-18 12:31:43 info: ======= ENV: development =======
2023-01-18 12:31:43 info: 🚀 App listening on the port 8000
2023-01-18 12:31:43 info: =================================
2023-01-18 12:31:55 info: =================================
2023-01-18 12:31:55 info: ======= ENV: development =======
2023-01-18 12:31:55 info: 🚀 App listening on the port 8000
2023-01-18 12:31:55 info: =================================
2023-01-18 12:32:52 info: [0mGET /api/products/macbook-pro [32m200[0m 127.116 ms - 894[0m
2023-01-18 12:32:52 info: [0mGET /api/reviews/63c179a75758b97301be4069 [32m200[0m 121.245 ms - 608[0m
2023-01-18 12:33:42 info: =================================
2023-01-18 12:33:42 info: ======= ENV: development =======
2023-01-18 12:33:42 info: 🚀 App listening on the port 8000
2023-01-18 12:33:42 info: =================================
2023-01-18 12:33:46 info: =================================
2023-01-18 12:33:46 info: ======= ENV: development =======
2023-01-18 12:33:46 info: 🚀 App listening on the port 8000
2023-01-18 12:33:46 info: =================================
2023-01-18 12:33:54 info: =================================
2023-01-18 12:33:54 info: ======= ENV: development =======
2023-01-18 12:33:54 info: 🚀 App listening on the port 8000
2023-01-18 12:33:54 info: =================================
2023-01-18 12:33:59 info: =================================
2023-01-18 12:33:59 info: ======= ENV: development =======
2023-01-18 12:33:59 info: 🚀 App listening on the port 8000
2023-01-18 12:33:59 info: =================================
2023-01-18 12:34:19 info: =================================
2023-01-18 12:34:19 info: ======= ENV: development =======
2023-01-18 12:34:19 info: 🚀 App listening on the port 8000
2023-01-18 12:34:19 info: =================================
2023-01-18 12:34:22 info: =================================
2023-01-18 12:34:22 info: ======= ENV: development =======
2023-01-18 12:34:22 info: 🚀 App listening on the port 8000
2023-01-18 12:34:22 info: =================================
2023-01-18 12:34:39 info: =================================
2023-01-18 12:34:39 info: ======= ENV: development =======
2023-01-18 12:34:39 info: 🚀 App listening on the port 8000
2023-01-18 12:34:39 info: =================================
2023-01-18 12:34:40 info: =================================
2023-01-18 12:34:40 info: ======= ENV: development =======
2023-01-18 12:34:40 info: 🚀 App listening on the port 8000
2023-01-18 12:34:40 info: =================================
2023-01-18 12:34:49 info: =================================
2023-01-18 12:34:49 info: ======= ENV: development =======
2023-01-18 12:34:49 info: 🚀 App listening on the port 8000
2023-01-18 12:34:49 info: =================================
2023-01-18 12:34:52 info: =================================
2023-01-18 12:34:52 info: ======= ENV: development =======
2023-01-18 12:34:52 info: 🚀 App listening on the port 8000
2023-01-18 12:34:52 info: =================================
2023-01-18 12:35:11 info: =================================
2023-01-18 12:35:11 info: ======= ENV: development =======
2023-01-18 12:35:11 info: 🚀 App listening on the port 8000
2023-01-18 12:35:11 info: =================================
2023-01-18 12:35:18 info: =================================
2023-01-18 12:35:18 info: ======= ENV: development =======
2023-01-18 12:35:18 info: 🚀 App listening on the port 8000
2023-01-18 12:35:18 info: =================================
2023-01-18 12:35:47 info: =================================
2023-01-18 12:35:47 info: ======= ENV: development =======
2023-01-18 12:35:47 info: 🚀 App listening on the port 8000
2023-01-18 12:35:47 info: =================================
2023-01-18 12:35:51 info: =================================
2023-01-18 12:35:51 info: ======= ENV: development =======
2023-01-18 12:35:51 info: 🚀 App listening on the port 8000
2023-01-18 12:35:51 info: =================================
2023-01-18 12:35:55 info: =================================
2023-01-18 12:35:55 info: ======= ENV: development =======
2023-01-18 12:35:55 info: 🚀 App listening on the port 8000
2023-01-18 12:35:55 info: =================================
2023-01-18 12:36:14 info: =================================
2023-01-18 12:36:14 info: ======= ENV: development =======
2023-01-18 12:36:14 info: 🚀 App listening on the port 8000
2023-01-18 12:36:14 info: =================================
2023-01-18 12:36:23 info: =================================
2023-01-18 12:36:23 info: ======= ENV: development =======
2023-01-18 12:36:23 info: 🚀 App listening on the port 8000
2023-01-18 12:36:23 info: =================================
2023-01-18 12:36:27 info: =================================
2023-01-18 12:36:27 info: ======= ENV: development =======
2023-01-18 12:36:27 info: 🚀 App listening on the port 8000
2023-01-18 12:36:27 info: =================================
2023-01-18 12:36:38 info: =================================
2023-01-18 12:36:38 info: ======= ENV: development =======
2023-01-18 12:36:38 info: 🚀 App listening on the port 8000
2023-01-18 12:36:38 info: =================================
2023-01-18 12:36:40 info: =================================
2023-01-18 12:36:40 info: ======= ENV: development =======
2023-01-18 12:36:40 info: 🚀 App listening on the port 8000
2023-01-18 12:36:40 info: =================================
2023-01-18 12:37:28 info: =================================
2023-01-18 12:37:28 info: ======= ENV: development =======
2023-01-18 12:37:28 info: 🚀 App listening on the port 8000
2023-01-18 12:37:28 info: =================================
2023-01-18 12:37:45 info: =================================
2023-01-18 12:37:45 info: ======= ENV: development =======
2023-01-18 12:37:45 info: 🚀 App listening on the port 8000
2023-01-18 12:37:45 info: =================================
2023-01-18 12:37:58 info: =================================
2023-01-18 12:37:58 info: ======= ENV: development =======
2023-01-18 12:37:58 info: 🚀 App listening on the port 8000
2023-01-18 12:37:58 info: =================================
2023-01-18 12:38:00 info: =================================
2023-01-18 12:38:00 info: ======= ENV: development =======
2023-01-18 12:38:00 info: 🚀 App listening on the port 8000
2023-01-18 12:38:00 info: =================================
2023-01-18 12:38:03 info: =================================
2023-01-18 12:38:03 info: ======= ENV: development =======
2023-01-18 12:38:03 info: 🚀 App listening on the port 8000
2023-01-18 12:38:03 info: =================================
2023-01-18 12:38:08 info: =================================
2023-01-18 12:38:08 info: ======= ENV: development =======
2023-01-18 12:38:08 info: 🚀 App listening on the port 8000
2023-01-18 12:38:08 info: =================================
2023-01-18 12:38:22 info: =================================
2023-01-18 12:38:22 info: ======= ENV: development =======
2023-01-18 12:38:22 info: 🚀 App listening on the port 8000
2023-01-18 12:38:22 info: =================================
2023-01-18 12:38:46 info: =================================
2023-01-18 12:38:46 info: ======= ENV: development =======
2023-01-18 12:38:46 info: 🚀 App listening on the port 8000
2023-01-18 12:38:46 info: =================================
2023-01-18 12:39:00 info: =================================
2023-01-18 12:39:00 info: ======= ENV: development =======
2023-01-18 12:39:00 info: 🚀 App listening on the port 8000
2023-01-18 12:39:00 info: =================================
2023-01-18 12:40:01 info: =================================
2023-01-18 12:40:01 info: ======= ENV: development =======
2023-01-18 12:40:01 info: 🚀 App listening on the port 8000
2023-01-18 12:40:01 info: =================================
2023-01-18 12:40:05 info: =================================
2023-01-18 12:40:05 info: ======= ENV: development =======
2023-01-18 12:40:05 info: 🚀 App listening on the port 8000
2023-01-18 12:40:05 info: =================================
2023-01-18 12:40:24 info: =================================
2023-01-18 12:40:24 info: ======= ENV: development =======
2023-01-18 12:40:24 info: 🚀 App listening on the port 8000
2023-01-18 12:40:24 info: =================================
2023-01-18 12:40:29 info: =================================
2023-01-18 12:40:29 info: ======= ENV: development =======
2023-01-18 12:40:29 info: 🚀 App listening on the port 8000
2023-01-18 12:40:29 info: =================================
2023-01-18 12:40:53 info: =================================
2023-01-18 12:40:53 info: ======= ENV: development =======
2023-01-18 12:40:53 info: 🚀 App listening on the port 8000
2023-01-18 12:40:53 info: =================================
2023-01-18 12:40:55 info: =================================
2023-01-18 12:40:55 info: ======= ENV: development =======
2023-01-18 12:40:55 info: 🚀 App listening on the port 8000
2023-01-18 12:40:55 info: =================================
2023-01-18 12:41:12 info: =================================
2023-01-18 12:41:12 info: ======= ENV: development =======
2023-01-18 12:41:12 info: 🚀 App listening on the port 8000
2023-01-18 12:41:12 info: =================================
2023-01-18 12:41:35 info: =================================
2023-01-18 12:41:35 info: ======= ENV: development =======
2023-01-18 12:41:35 info: 🚀 App listening on the port 8000
2023-01-18 12:41:35 info: =================================
2023-01-18 12:41:44 info: =================================
2023-01-18 12:41:44 info: ======= ENV: development =======
2023-01-18 12:41:44 info: 🚀 App listening on the port 8000
2023-01-18 12:41:44 info: =================================
2023-01-18 12:42:11 info: =================================
2023-01-18 12:42:11 info: ======= ENV: development =======
2023-01-18 12:42:11 info: 🚀 App listening on the port 8000
2023-01-18 12:42:11 info: =================================
2023-01-18 12:42:15 info: =================================
2023-01-18 12:42:15 info: ======= ENV: development =======
2023-01-18 12:42:15 info: 🚀 App listening on the port 8000
2023-01-18 12:42:15 info: =================================
2023-01-18 12:42:35 info: =================================
2023-01-18 12:42:35 info: ======= ENV: development =======
2023-01-18 12:42:35 info: 🚀 App listening on the port 8000
2023-01-18 12:42:35 info: =================================
2023-01-18 12:42:39 info: =================================
2023-01-18 12:42:39 info: ======= ENV: development =======
2023-01-18 12:42:39 info: 🚀 App listening on the port 8000
2023-01-18 12:42:39 info: =================================
2023-01-18 12:42:42 info: =================================
2023-01-18 12:42:42 info: ======= ENV: development =======
2023-01-18 12:42:42 info: 🚀 App listening on the port 8000
2023-01-18 12:42:42 info: =================================
2023-01-18 12:42:47 info: =================================
2023-01-18 12:42:47 info: ======= ENV: development =======
2023-01-18 12:42:47 info: 🚀 App listening on the port 8000
2023-01-18 12:42:47 info: =================================
2023-01-18 12:42:52 info: =================================
2023-01-18 12:42:52 info: ======= ENV: development =======
2023-01-18 12:42:52 info: 🚀 App listening on the port 8000
2023-01-18 12:42:52 info: =================================
2023-01-18 12:43:16 info: =================================
2023-01-18 12:43:16 info: ======= ENV: development =======
2023-01-18 12:43:16 info: 🚀 App listening on the port 8000
2023-01-18 12:43:16 info: =================================
2023-01-18 12:43:54 info: =================================
2023-01-18 12:43:54 info: ======= ENV: development =======
2023-01-18 12:43:54 info: 🚀 App listening on the port 8000
2023-01-18 12:43:54 info: =================================
2023-01-18 12:44:05 info: =================================
2023-01-18 12:44:05 info: ======= ENV: development =======
2023-01-18 12:44:05 info: 🚀 App listening on the port 8000
2023-01-18 12:44:05 info: =================================
2023-01-18 12:44:22 info: =================================
2023-01-18 12:44:22 info: ======= ENV: development =======
2023-01-18 12:44:22 info: 🚀 App listening on the port 8000
2023-01-18 12:44:22 info: =================================
2023-01-18 12:44:32 info: =================================
2023-01-18 12:44:32 info: ======= ENV: development =======
2023-01-18 12:44:32 info: 🚀 App listening on the port 8000
2023-01-18 12:44:32 info: =================================
2023-01-18 12:44:42 info: =================================
2023-01-18 12:44:42 info: ======= ENV: development =======
2023-01-18 12:44:42 info: 🚀 App listening on the port 8000
2023-01-18 12:44:42 info: =================================
2023-01-18 12:44:53 info: =================================
2023-01-18 12:44:53 info: ======= ENV: development =======
2023-01-18 12:44:53 info: 🚀 App listening on the port 8000
2023-01-18 12:44:53 info: =================================
2023-01-18 12:45:03 info: =================================
2023-01-18 12:45:03 info: ======= ENV: development =======
2023-01-18 12:45:03 info: 🚀 App listening on the port 8000
2023-01-18 12:45:03 info: =================================
2023-01-18 15:57:26 info: =================================
2023-01-18 15:57:26 info: ======= ENV: development =======
2023-01-18 15:57:26 info: 🚀 App listening on the port 8000
2023-01-18 15:57:26 info: =================================
2023-01-18 15:57:32 info: [0mGET /api/category [32m200[0m 68.431 ms - -[0m
2023-01-18 15:57:32 info: [0mGET /api/products?limit=4&skip=0 [32m200[0m 57.930 ms - -[0m
2023-01-18 15:57:40 info: [0mGET /api/products/category/computers [32m200[0m 111.752 ms - -[0m
2023-01-18 15:57:40 info: [0mGET /api/category [32m200[0m 53.683 ms - -[0m
2023-01-18 15:57:41 info: [0mGET /api/manufacturers [32m200[0m 52.845 ms - 592[0m
2023-01-18 15:57:44 info: [0mGET /api/products/macbook-pro [32m200[0m 120.832 ms - 894[0m
2023-01-18 15:57:44 info: [0mGET /api/reviews/63c179a75758b97301be4069 [32m200[0m 111.024 ms - 608[0m
2023-01-18 18:49:37 info: [0mGET /api/products/macbook-pro [32m200[0m 927.337 ms - 894[0m
2023-01-18 18:49:37 info: [0mGET /api/reviews/63c179a75758b97301be4069 [32m200[0m 111.609 ms - 608[0m
2023-01-18 18:51:59 info: [0mGET /api/category [32m200[0m 57.635 ms - -[0m
2023-01-18 18:51:59 info: [0mGET /api/products?limit=4&skip=0 [32m200[0m 53.080 ms - -[0m
2023-01-18 18:52:30 info: [0mGET /api/products/category/computers [32m200[0m 117.478 ms - -[0m
2023-01-18 18:52:30 info: [0mGET /api/category [32m200[0m 51.837 ms - -[0m
2023-01-18 18:52:30 info: [0mGET /api/manufacturers [32m200[0m 51.671 ms - 592[0m
2023-01-18 18:52:32 info: [0mGET /api/products/microsoft-surface-laptop-4 [32m200[0m 100.322 ms - 980[0m
2023-01-18 18:52:32 info: [0mGET /api/reviews/63c179e95758b97301be406e [32m200[0m 50.393 ms - 31[0m
2023-01-18 18:52:52 info: [0mGET /api/products/microsoft-surface-laptop-4 [32m200[0m 110.797 ms - 980[0m
2023-01-18 18:52:52 info: [0mGET /api/reviews/63c179e95758b97301be406e [32m200[0m 49.093 ms - 31[0m
2023-01-18 18:52:54 info: [0mGET /api/category [32m200[0m 55.822 ms - -[0m
2023-01-18 18:52:54 info: [0mGET /api/products?limit=4&skip=0 [32m200[0m 56.500 ms - -[0m
2023-01-18 18:52:56 info: [0mGET /api/category [32m200[0m 52.342 ms - -[0m
2023-01-18 18:52:56 info: [0mGET /api/products?limit=4&skip=0 [32m200[0m 74.643 ms - -[0m
2023-01-18 18:52:57 info: [0mGET /api/category [32m200[0m 50.776 ms - -[0m
2023-01-18 18:52:57 info: [0mGET /api/products?limit=4&skip=0 [32m200[0m 51.907 ms - -[0m
2023-01-18 18:52:59 info: [0mGET /api/category [32m200[0m 54.977 ms - -[0m
2023-01-18 18:52:59 info: [0mGET /api/products?limit=4&skip=0 [32m200[0m 52.921 ms - -[0m
2023-01-18 18:53:01 info: [0mGET /api/category [32m200[0m 52.518 ms - -[0m
2023-01-18 18:53:01 info: [0mGET /api/products?limit=4&skip=0 [32m200[0m 61.276 ms - -[0m
2023-01-18 18:53:04 info: [0mGET /api/category [32m200[0m 55.759 ms - -[0m
2023-01-18 18:53:04 info: [0mGET /api/products?limit=4&skip=0 [32m200[0m 51.003 ms - -[0m
2023-01-18 18:53:07 info: [0mGET /api/category [32m200[0m 49.227 ms - -[0m
2023-01-18 18:53:07 info: [0mGET /api/products?limit=4&skip=0 [32m200[0m 50.433 ms - -[0m
2023-01-18 18:53:31 info: [0mGET /api/category [32m200[0m 97.766 ms - -[0m
2023-01-18 18:53:31 info: [0mGET /api/products?limit=4&skip=0 [32m200[0m 55.108 ms - -[0m
2023-01-18 18:53:34 info: [0mGET /api/products/category/parts [32m200[0m 113.665 ms - 31[0m
2023-01-18 18:53:34 info: [0mGET /api/category [32m200[0m 50.197 ms - -[0m
2023-01-18 18:53:34 info: [0mGET /api/manufacturers [32m200[0m 49.042 ms - 592[0m
2023-01-18 18:53:36 info: [0mGET /api/products/category/computers [32m200[0m 132.574 ms - -[0m
2023-01-18 18:53:36 info: [0mGET /api/category [32m200[0m 51.727 ms - -[0m
2023-01-18 18:53:36 info: [0mGET /api/manufacturers [32m200[0m 53.261 ms - 592[0m
2023-01-18 18:53:37 info: [0mGET /api/products/category/components [32m200[0m 100.372 ms - 31[0m
2023-01-18 18:53:37 info: [0mGET /api/category [32m200[0m 53.561 ms - -[0m
2023-01-18 18:53:37 info: [0mGET /api/manufacturers [32m200[0m 51.942 ms - 592[0m
2023-01-18 18:53:38 info: [0mGET /api/products/category/computers [32m200[0m 110.193 ms - -[0m
2023-01-18 18:53:38 info: [0mGET /api/category [32m200[0m 48.516 ms - -[0m
2023-01-18 18:53:38 info: [0mGET /api/manufacturers [32m200[0m 48.493 ms - 592[0m
2023-01-18 19:00:38 info: [0mGET /api/category [32m200[0m 51.079 ms - -[0m
2023-01-18 19:00:38 info: [0mGET /api/products?limit=4&skip=0 [32m200[0m 50.729 ms - -[0m
2023-01-18 19:00:41 info: [0mGET /api/products/category/computers [32m200[0m 112.457 ms - -[0m
2023-01-18 19:00:41 info: [0mGET /api/category [32m200[0m 49.402 ms - -[0m
2023-01-18 19:00:41 info: [0mGET /api/manufacturers [32m200[0m 62.870 ms - 592[0m
