2023-01-05 01:41:14 info: =================================
2023-01-05 01:41:14 info: ======= ENV: development =======
2023-01-05 01:41:14 info: 🚀 App listening on the port 8000
2023-01-05 01:41:14 info: =================================
2023-01-05 01:49:20 info: =================================
2023-01-05 01:49:20 info: ======= ENV: development =======
2023-01-05 01:49:20 info: 🚀 App listening on the port 8000
2023-01-05 01:49:20 info: =================================
2023-01-05 01:49:44 error: [GET] /api/products >> StatusCode:: 404, Message:: Authentication token missing
2023-01-05 01:49:44 info: [0mGET /api/products [33m404[0m 3.739 ms - 42[0m
2023-01-05 01:50:43 info: [0mGET /login [33m404[0m 2.524 ms - 144[0m
2023-01-05 01:50:54 error: [POST] /login >> StatusCode:: 400, Message:: email must be an email, password must be a string
2023-01-05 01:50:54 info: [0mPOST /login [33m400[0m 5.051 ms - 63[0m
2023-01-05 01:51:14 info: [0mPOST /login [32m200[0m 160.773 ms - 255[0m
2023-01-05 01:51:38 error: [POST] /api/products >> StatusCode:: 400, Message:: property email should not exist, property password should not exist, name must be a string, description must be a string, stock must be a number conforming to the specified constraints, category must be a string, brand must be a string
2023-01-05 01:51:38 info: [0mPOST /api/products [33m400[0m 70.694 ms - 249[0m
2023-01-05 01:51:58 info: [0mGET /api/products [32m200[0m 452.095 ms - 194[0m
2023-01-05 01:53:14 info: [0mPOST /login [32m200[0m 134.913 ms - 255[0m
2023-01-05 02:03:39 error: [GET] /api/products >> StatusCode:: 404, Message:: Authentication token missing
2023-01-05 02:03:39 info: [0mGET /api/products [33m404[0m 0.670 ms - 42[0m
2023-01-05 02:03:47 error: [GET] /api/products >> StatusCode:: 404, Message:: Authentication token missing
2023-01-05 02:03:47 info: [0mGET /api/products [33m404[0m 0.772 ms - 42[0m
2023-01-05 02:04:01 error: [GET] /api/products >> StatusCode:: 404, Message:: Authentication token missing
2023-01-05 02:04:01 info: [0mGET /api/products [33m404[0m 0.875 ms - 42[0m
2023-01-05 02:04:06 error: [GET] /api/products >> StatusCode:: 404, Message:: Authentication token missing
2023-01-05 02:04:06 info: [0mGET /api/products [33m404[0m 0.982 ms - 42[0m
2023-01-05 02:04:55 error: [GET] /api/products >> StatusCode:: 404, Message:: Authentication token missing
2023-01-05 02:04:55 info: [0mGET /api/products [33m404[0m 1.534 ms - 42[0m
2023-01-05 02:04:58 error: [GET] /api/products >> StatusCode:: 404, Message:: Authentication token missing
2023-01-05 02:04:58 info: [0mGET /api/products [33m404[0m 0.728 ms - 42[0m
2023-01-05 02:05:07 error: [GET] /api/products >> StatusCode:: 404, Message:: Authentication token missing
2023-01-05 02:05:07 info: [0mGET /api/products [33m404[0m 0.697 ms - 42[0m
2023-01-05 02:05:28 error: [GET] /api/products >> StatusCode:: 404, Message:: Authentication token missing
2023-01-05 02:05:28 info: [0mGET /api/products [33m404[0m 0.676 ms - 42[0m
2023-01-05 02:11:15 error: [GET] /api/products >> StatusCode:: 404, Message:: Authentication token missing
2023-01-05 02:11:15 info: [0mGET /api/products [33m404[0m 0.858 ms - 42[0m
2023-01-05 02:11:17 error: [GET] /api/products >> StatusCode:: 404, Message:: Authentication token missing
2023-01-05 02:11:17 info: [0mGET /api/products [33m404[0m 0.674 ms - 42[0m
2023-01-05 02:11:36 error: [GET] /api/products >> StatusCode:: 404, Message:: Authentication token missing
2023-01-05 02:11:36 info: [0mGET /api/products [33m404[0m 0.638 ms - 42[0m
2023-01-05 02:12:48 info: =================================
2023-01-05 02:12:48 info: ======= ENV: development =======
2023-01-05 02:12:48 info: 🚀 App listening on the port 8000
2023-01-05 02:12:48 info: =================================
2023-01-05 02:12:53 info: =================================
2023-01-05 02:12:53 info: ======= ENV: development =======
2023-01-05 02:12:53 info: 🚀 App listening on the port 8000
2023-01-05 02:12:53 info: =================================
2023-01-05 02:12:55 info: =================================
2023-01-05 02:12:55 info: ======= ENV: development =======
2023-01-05 02:12:55 info: 🚀 App listening on the port 8000
2023-01-05 02:12:55 info: =================================
2023-01-05 02:13:18 info: =================================
2023-01-05 02:13:18 info: ======= ENV: development =======
2023-01-05 02:13:18 info: 🚀 App listening on the port 8000
2023-01-05 02:13:18 info: =================================
2023-01-05 02:13:30 info: =================================
2023-01-05 02:13:30 info: ======= ENV: development =======
2023-01-05 02:13:30 info: 🚀 App listening on the port 8000
2023-01-05 02:13:30 info: =================================
2023-01-05 02:13:40 info: [0mGET /api/products [32m200[0m 66.412 ms - 194[0m
2023-01-05 02:14:06 info: [0mGET /api/products [32m200[0m 67.043 ms - 194[0m
2023-01-05 02:14:15 info: [0mGET /api/products [32m200[0m 51.122 ms - 194[0m
2023-01-05 02:14:22 info: [0mGET /api/products [32m200[0m 59.116 ms - 194[0m
2023-01-05 02:14:47 info: [0mGET /api/products [32m200[0m 73.640 ms - 194[0m
2023-01-05 02:14:47 info: [0mGET /api/products [32m200[0m 55.425 ms - 194[0m
2023-01-05 02:14:54 info: [0mGET /api/products [32m200[0m 60.606 ms - 194[0m
2023-01-05 02:15:00 info: [0mGET /api/products [32m200[0m 60.672 ms - 194[0m
2023-01-05 02:15:00 info: [0mGET /api/products [32m200[0m 94.647 ms - 194[0m
2023-01-05 02:16:40 info: =================================
2023-01-05 02:16:40 info: ======= ENV: development =======
2023-01-05 02:16:40 info: 🚀 App listening on the port 8000
2023-01-05 02:16:40 info: =================================
2023-01-05 02:16:49 info: =================================
2023-01-05 02:16:49 info: ======= ENV: development =======
2023-01-05 02:16:49 info: 🚀 App listening on the port 8000
2023-01-05 02:16:49 info: =================================
2023-01-05 02:16:52 info: =================================
2023-01-05 02:16:52 info: ======= ENV: development =======
2023-01-05 02:16:52 info: 🚀 App listening on the port 8000
2023-01-05 02:16:52 info: =================================
2023-01-05 02:17:11 info: =================================
2023-01-05 02:17:11 info: ======= ENV: development =======
2023-01-05 02:17:11 info: 🚀 App listening on the port 8000
2023-01-05 02:17:11 info: =================================
2023-01-05 02:17:16 info: =================================
2023-01-05 02:17:16 info: ======= ENV: development =======
2023-01-05 02:17:16 info: 🚀 App listening on the port 8000
2023-01-05 02:17:16 info: =================================
2023-01-05 02:17:19 info: [0mGET /api/products [32m200[0m 81.053 ms - 194[0m
2023-01-05 02:17:37 info: [0mGET /api/products [32m200[0m 53.850 ms - 194[0m
2023-01-05 02:17:44 info: =================================
2023-01-05 02:17:44 info: ======= ENV: development =======
2023-01-05 02:17:44 info: 🚀 App listening on the port 8000
2023-01-05 02:17:44 info: =================================
2023-01-05 02:17:46 info: [0mGET /api/products [32m200[0m 392.745 ms - 186[0m
2023-01-05 02:18:15 info: [0mGET /api/products [32m200[0m 67.015 ms - 186[0m
2023-01-05 02:18:20 info: [0mGET /api/products [32m200[0m 54.412 ms - 186[0m
2023-01-05 02:18:22 info: [0mGET /api/products [32m200[0m 67.652 ms - 186[0m
2023-01-05 02:18:35 info: [0mGET /api/products [32m200[0m 70.221 ms - 186[0m
2023-01-05 02:23:44 info: =================================
2023-01-05 02:23:44 info: ======= ENV: development =======
2023-01-05 02:23:44 info: 🚀 App listening on the port 8000
2023-01-05 02:23:44 info: =================================
2023-01-05 02:23:49 info: =================================
2023-01-05 02:23:49 info: ======= ENV: development =======
2023-01-05 02:23:49 info: 🚀 App listening on the port 8000
2023-01-05 02:23:49 info: =================================
2023-01-05 02:23:54 info: =================================
2023-01-05 02:23:54 info: ======= ENV: development =======
2023-01-05 02:23:54 info: 🚀 App listening on the port 8000
2023-01-05 02:23:54 info: =================================
2023-01-05 02:23:58 info: =================================
2023-01-05 02:23:58 info: ======= ENV: development =======
2023-01-05 02:23:58 info: 🚀 App listening on the port 8000
2023-01-05 02:23:58 info: =================================
2023-01-05 02:24:02 info: =================================
2023-01-05 02:24:02 info: ======= ENV: development =======
2023-01-05 02:24:02 info: 🚀 App listening on the port 8000
2023-01-05 02:24:02 info: =================================
2023-01-05 02:24:13 info: =================================
2023-01-05 02:24:13 info: ======= ENV: development =======
2023-01-05 02:24:13 info: 🚀 App listening on the port 8000
2023-01-05 02:24:13 info: =================================
2023-01-05 02:24:16 info: =================================
2023-01-05 02:24:16 info: ======= ENV: development =======
2023-01-05 02:24:16 info: 🚀 App listening on the port 8000
2023-01-05 02:24:16 info: =================================
2023-01-05 02:24:23 info: =================================
2023-01-05 02:24:23 info: ======= ENV: development =======
2023-01-05 02:24:23 info: 🚀 App listening on the port 8000
2023-01-05 02:24:23 info: =================================
2023-01-05 02:24:24 info: =================================
2023-01-05 02:24:24 info: ======= ENV: development =======
2023-01-05 02:24:24 info: 🚀 App listening on the port 8000
2023-01-05 02:24:24 info: =================================
2023-01-05 02:24:26 info: =================================
2023-01-05 02:24:26 info: ======= ENV: development =======
2023-01-05 02:24:26 info: 🚀 App listening on the port 8000
2023-01-05 02:24:26 info: =================================
2023-01-05 02:24:29 info: =================================
2023-01-05 02:24:29 info: ======= ENV: development =======
2023-01-05 02:24:29 info: 🚀 App listening on the port 8000
2023-01-05 02:24:29 info: =================================
2023-01-05 02:24:34 info: =================================
2023-01-05 02:24:34 info: ======= ENV: development =======
2023-01-05 02:24:34 info: 🚀 App listening on the port 8000
2023-01-05 02:24:34 info: =================================
2023-01-05 02:24:42 info: =================================
2023-01-05 02:24:42 info: ======= ENV: development =======
2023-01-05 02:24:42 info: 🚀 App listening on the port 8000
2023-01-05 02:24:42 info: =================================
2023-01-05 02:24:45 info: =================================
2023-01-05 02:24:45 info: ======= ENV: development =======
2023-01-05 02:24:45 info: 🚀 App listening on the port 8000
2023-01-05 02:24:45 info: =================================
2023-01-05 02:24:56 info: =================================
2023-01-05 02:24:56 info: ======= ENV: development =======
2023-01-05 02:24:56 info: 🚀 App listening on the port 8000
2023-01-05 02:24:56 info: =================================
2023-01-05 02:25:41 info: =================================
2023-01-05 02:25:41 info: ======= ENV: development =======
2023-01-05 02:25:41 info: 🚀 App listening on the port 8000
2023-01-05 02:25:41 info: =================================
2023-01-05 02:25:43 info: =================================
2023-01-05 02:25:43 info: ======= ENV: development =======
2023-01-05 02:25:43 info: 🚀 App listening on the port 8000
2023-01-05 02:25:43 info: =================================
2023-01-05 02:26:17 info: =================================
2023-01-05 02:26:17 info: ======= ENV: development =======
2023-01-05 02:26:17 info: 🚀 App listening on the port 8000
2023-01-05 02:26:17 info: =================================
2023-01-05 02:27:41 info: =================================
2023-01-05 02:27:41 info: ======= ENV: development =======
2023-01-05 02:27:41 info: 🚀 App listening on the port 8000
2023-01-05 02:27:41 info: =================================
2023-01-05 02:27:45 info: =================================
2023-01-05 02:27:45 info: ======= ENV: development =======
2023-01-05 02:27:45 info: 🚀 App listening on the port 8000
2023-01-05 02:27:45 info: =================================
2023-01-05 02:27:49 info: =================================
2023-01-05 02:27:49 info: ======= ENV: development =======
2023-01-05 02:27:49 info: 🚀 App listening on the port 8000
2023-01-05 02:27:49 info: =================================
2023-01-05 02:27:52 info: =================================
2023-01-05 02:27:52 info: ======= ENV: development =======
2023-01-05 02:27:52 info: 🚀 App listening on the port 8000
2023-01-05 02:27:52 info: =================================
2023-01-05 02:28:16 info: =================================
2023-01-05 02:28:16 info: ======= ENV: development =======
2023-01-05 02:28:16 info: 🚀 App listening on the port 8000
2023-01-05 02:28:16 info: =================================
2023-01-05 02:28:22 info: =================================
2023-01-05 02:28:22 info: ======= ENV: development =======
2023-01-05 02:28:22 info: 🚀 App listening on the port 8000
2023-01-05 02:28:22 info: =================================
2023-01-05 02:28:37 info: =================================
2023-01-05 02:28:37 info: ======= ENV: development =======
2023-01-05 02:28:37 info: 🚀 App listening on the port 8000
2023-01-05 02:28:37 info: =================================
2023-01-05 02:32:18 info: =================================
2023-01-05 02:32:18 info: ======= ENV: development =======
2023-01-05 02:32:18 info: 🚀 App listening on the port 8000
2023-01-05 02:32:18 info: =================================
2023-01-05 02:32:23 info: =================================
2023-01-05 02:32:23 info: ======= ENV: development =======
2023-01-05 02:32:23 info: 🚀 App listening on the port 8000
2023-01-05 02:32:23 info: =================================
2023-01-05 02:32:34 info: =================================
2023-01-05 02:32:34 info: ======= ENV: development =======
2023-01-05 02:32:34 info: 🚀 App listening on the port 8000
2023-01-05 02:32:34 info: =================================
2023-01-05 02:33:34 error: [POST] /api/products >> StatusCode:: 400, Message:: brand must be a string,brand should not be empty, category must be a string,category should not be empty, description must be a string,description should not be empty, images must be an URL address,images must be a string,images must be an array, price must be a number conforming to the specified constraints, rating must be a number conforming to the specified constraints, stock must be a number conforming to the specified constraints, thumbnail must be an URL address,thumbnail must be a string, title must be a string
2023-01-05 02:33:34 info: [0mPOST /api/products [33m400[0m 10.965 ms - 537[0m
2023-01-05 02:33:59 error: [POST] /api/products >> StatusCode:: 400, Message:: images must be an URL address,images must be a string
2023-01-05 02:33:59 info: [0mPOST /api/products [33m400[0m 21.692 ms - 67[0m
2023-01-05 02:36:12 info: =================================
2023-01-05 02:36:12 info: ======= ENV: development =======
2023-01-05 02:36:12 info: 🚀 App listening on the port 8000
2023-01-05 02:36:12 info: =================================
2023-01-05 02:36:15 info: =================================
2023-01-05 02:36:15 info: ======= ENV: development =======
2023-01-05 02:36:15 info: 🚀 App listening on the port 8000
2023-01-05 02:36:15 info: =================================
2023-01-05 02:36:18 info: =================================
2023-01-05 02:36:18 info: ======= ENV: development =======
2023-01-05 02:36:18 info: 🚀 App listening on the port 8000
2023-01-05 02:36:18 info: =================================
2023-01-05 02:36:22 info: =================================
2023-01-05 02:36:22 info: ======= ENV: development =======
2023-01-05 02:36:22 info: 🚀 App listening on the port 8000
2023-01-05 02:36:22 info: =================================
2023-01-05 02:36:27 info: =================================
2023-01-05 02:36:27 info: ======= ENV: development =======
2023-01-05 02:36:27 info: 🚀 App listening on the port 8000
2023-01-05 02:36:27 info: =================================
2023-01-05 02:36:29 info: =================================
2023-01-05 02:36:29 info: ======= ENV: development =======
2023-01-05 02:36:29 info: 🚀 App listening on the port 8000
2023-01-05 02:36:29 info: =================================
2023-01-05 02:36:34 info: =================================
2023-01-05 02:36:34 info: ======= ENV: development =======
2023-01-05 02:36:34 info: 🚀 App listening on the port 8000
2023-01-05 02:36:34 info: =================================
2023-01-05 02:36:49 info: =================================
2023-01-05 02:36:49 info: ======= ENV: development =======
2023-01-05 02:36:49 info: 🚀 App listening on the port 8000
2023-01-05 02:36:49 info: =================================
2023-01-05 02:37:02 info: =================================
2023-01-05 02:37:02 info: ======= ENV: development =======
2023-01-05 02:37:02 info: 🚀 App listening on the port 8000
2023-01-05 02:37:02 info: =================================
2023-01-05 02:37:05 info: =================================
2023-01-05 02:37:05 info: ======= ENV: development =======
2023-01-05 02:37:05 info: 🚀 App listening on the port 8000
2023-01-05 02:37:05 info: =================================
2023-01-05 02:37:09 info: =================================
2023-01-05 02:37:09 info: ======= ENV: development =======
2023-01-05 02:37:09 info: 🚀 App listening on the port 8000
2023-01-05 02:37:09 info: =================================
2023-01-05 02:37:14 info: =================================
2023-01-05 02:37:14 info: ======= ENV: development =======
2023-01-05 02:37:14 info: 🚀 App listening on the port 8000
2023-01-05 02:37:14 info: =================================
2023-01-05 02:37:22 info: =================================
2023-01-05 02:37:22 info: ======= ENV: development =======
2023-01-05 02:37:22 info: 🚀 App listening on the port 8000
2023-01-05 02:37:22 info: =================================
2023-01-05 02:37:36 info: =================================
2023-01-05 02:37:36 info: ======= ENV: development =======
2023-01-05 02:37:36 info: 🚀 App listening on the port 8000
2023-01-05 02:37:36 info: =================================
2023-01-05 02:37:37 info: =================================
2023-01-05 02:37:37 info: ======= ENV: development =======
2023-01-05 02:37:37 info: 🚀 App listening on the port 8000
2023-01-05 02:37:37 info: =================================
2023-01-05 02:37:44 info: =================================
2023-01-05 02:37:44 info: ======= ENV: development =======
2023-01-05 02:37:44 info: 🚀 App listening on the port 8000
2023-01-05 02:37:44 info: =================================
2023-01-05 02:37:48 info: =================================
2023-01-05 02:37:48 info: ======= ENV: development =======
2023-01-05 02:37:48 info: 🚀 App listening on the port 8000
2023-01-05 02:37:48 info: =================================
2023-01-05 02:37:50 info: =================================
2023-01-05 02:37:50 info: ======= ENV: development =======
2023-01-05 02:37:50 info: 🚀 App listening on the port 8000
2023-01-05 02:37:50 info: =================================
2023-01-05 02:37:55 info: =================================
2023-01-05 02:37:55 info: ======= ENV: development =======
2023-01-05 02:37:55 info: 🚀 App listening on the port 8000
2023-01-05 02:37:55 info: =================================
2023-01-05 02:37:57 info: =================================
2023-01-05 02:37:57 info: ======= ENV: development =======
2023-01-05 02:37:57 info: 🚀 App listening on the port 8000
2023-01-05 02:37:57 info: =================================
2023-01-05 02:38:15 info: =================================
2023-01-05 02:38:15 info: ======= ENV: development =======
2023-01-05 02:38:15 info: 🚀 App listening on the port 8000
2023-01-05 02:38:15 info: =================================
2023-01-05 02:38:17 info: =================================
2023-01-05 02:38:17 info: ======= ENV: development =======
2023-01-05 02:38:17 info: 🚀 App listening on the port 8000
2023-01-05 02:38:17 info: =================================
2023-01-05 02:38:18 info: =================================
2023-01-05 02:38:18 info: ======= ENV: development =======
2023-01-05 02:38:18 info: 🚀 App listening on the port 8000
2023-01-05 02:38:18 info: =================================
2023-01-05 02:38:21 info: =================================
2023-01-05 02:38:21 info: ======= ENV: development =======
2023-01-05 02:38:21 info: 🚀 App listening on the port 8000
2023-01-05 02:38:21 info: =================================
2023-01-05 02:38:23 info: =================================
2023-01-05 02:38:23 info: ======= ENV: development =======
2023-01-05 02:38:23 info: 🚀 App listening on the port 8000
2023-01-05 02:38:23 info: =================================
2023-01-05 02:38:31 info: =================================
2023-01-05 02:38:31 info: ======= ENV: development =======
2023-01-05 02:38:31 info: 🚀 App listening on the port 8000
2023-01-05 02:38:31 info: =================================
2023-01-05 02:38:34 info: =================================
2023-01-05 02:38:34 info: ======= ENV: development =======
2023-01-05 02:38:34 info: 🚀 App listening on the port 8000
2023-01-05 02:38:34 info: =================================
2023-01-05 02:39:05 info: =================================
2023-01-05 02:39:05 info: ======= ENV: development =======
2023-01-05 02:39:05 info: 🚀 App listening on the port 8000
2023-01-05 02:39:05 info: =================================
2023-01-05 02:39:19 info: =================================
2023-01-05 02:39:19 info: ======= ENV: development =======
2023-01-05 02:39:19 info: 🚀 App listening on the port 8000
2023-01-05 02:39:19 info: =================================
2023-01-05 02:39:22 info: =================================
2023-01-05 02:39:22 info: ======= ENV: development =======
2023-01-05 02:39:22 info: 🚀 App listening on the port 8000
2023-01-05 02:39:22 info: =================================
2023-01-05 02:39:30 info: =================================
2023-01-05 02:39:30 info: ======= ENV: development =======
2023-01-05 02:39:30 info: 🚀 App listening on the port 8000
2023-01-05 02:39:30 info: =================================
2023-01-05 02:39:32 info: =================================
2023-01-05 02:39:32 info: ======= ENV: development =======
2023-01-05 02:39:32 info: 🚀 App listening on the port 8000
2023-01-05 02:39:32 info: =================================
2023-01-05 02:39:41 info: =================================
2023-01-05 02:39:41 info: ======= ENV: development =======
2023-01-05 02:39:41 info: 🚀 App listening on the port 8000
2023-01-05 02:39:41 info: =================================
2023-01-05 02:39:45 info: =================================
2023-01-05 02:39:45 info: ======= ENV: development =======
2023-01-05 02:39:45 info: 🚀 App listening on the port 8000
2023-01-05 02:39:45 info: =================================
2023-01-05 02:39:48 info: =================================
2023-01-05 02:39:48 info: ======= ENV: development =======
2023-01-05 02:39:48 info: 🚀 App listening on the port 8000
2023-01-05 02:39:48 info: =================================
2023-01-05 02:39:51 info: =================================
2023-01-05 02:39:51 info: ======= ENV: development =======
2023-01-05 02:39:51 info: 🚀 App listening on the port 8000
2023-01-05 02:39:51 info: =================================
2023-01-05 02:39:58 info: =================================
2023-01-05 02:39:58 info: ======= ENV: development =======
2023-01-05 02:39:58 info: 🚀 App listening on the port 8000
2023-01-05 02:39:58 info: =================================
2023-01-05 02:40:02 info: =================================
2023-01-05 02:40:02 info: ======= ENV: development =======
2023-01-05 02:40:02 info: 🚀 App listening on the port 8000
2023-01-05 02:40:02 info: =================================
2023-01-05 02:40:06 info: =================================
2023-01-05 02:40:06 info: ======= ENV: development =======
2023-01-05 02:40:06 info: 🚀 App listening on the port 8000
2023-01-05 02:40:06 info: =================================
2023-01-05 02:42:33 info: =================================
2023-01-05 02:42:33 info: ======= ENV: development =======
2023-01-05 02:42:33 info: 🚀 App listening on the port 8000
2023-01-05 02:42:33 info: =================================
2023-01-05 02:42:49 info: =================================
2023-01-05 02:42:49 info: ======= ENV: development =======
2023-01-05 02:42:49 info: 🚀 App listening on the port 8000
2023-01-05 02:42:49 info: =================================
2023-01-05 02:43:00 info: =================================
2023-01-05 02:43:00 info: ======= ENV: development =======
2023-01-05 02:43:00 info: 🚀 App listening on the port 8000
2023-01-05 02:43:00 info: =================================
2023-01-05 02:43:10 info: =================================
2023-01-05 02:43:10 info: ======= ENV: development =======
2023-01-05 02:43:10 info: 🚀 App listening on the port 8000
2023-01-05 02:43:10 info: =================================
2023-01-05 02:43:13 info: =================================
2023-01-05 02:43:13 info: ======= ENV: development =======
2023-01-05 02:43:13 info: 🚀 App listening on the port 8000
2023-01-05 02:43:13 info: =================================
2023-01-05 02:43:43 info: =================================
2023-01-05 02:43:43 info: ======= ENV: development =======
2023-01-05 02:43:43 info: 🚀 App listening on the port 8000
2023-01-05 02:43:43 info: =================================
2023-01-05 02:43:45 info: =================================
2023-01-05 02:43:45 info: ======= ENV: development =======
2023-01-05 02:43:45 info: 🚀 App listening on the port 8000
2023-01-05 02:43:45 info: =================================
2023-01-05 02:43:49 error: [POST] /api/products >> StatusCode:: 400, Message:: property rating should not exist
2023-01-05 02:43:49 info: [0mPOST /api/products [33m400[0m 29.169 ms - 46[0m
2023-01-05 02:44:01 info: [0mPOST /api/products [32m201[0m 86.757 ms - 568[0m
2023-01-05 02:45:02 info: =================================
2023-01-05 02:45:02 info: ======= ENV: development =======
2023-01-05 02:45:02 info: 🚀 App listening on the port 8000
2023-01-05 02:45:02 info: =================================
2023-01-05 02:45:04 info: =================================
2023-01-05 02:45:04 info: ======= ENV: development =======
2023-01-05 02:45:04 info: 🚀 App listening on the port 8000
2023-01-05 02:45:04 info: =================================
2023-01-05 02:45:22 info: =================================
2023-01-05 02:45:22 info: ======= ENV: development =======
2023-01-05 02:45:22 info: 🚀 App listening on the port 8000
2023-01-05 02:45:22 info: =================================
2023-01-05 02:45:24 info: =================================
2023-01-05 02:45:24 info: ======= ENV: development =======
2023-01-05 02:45:24 info: 🚀 App listening on the port 8000
2023-01-05 02:45:24 info: =================================
2023-01-05 02:46:43 info: [0mGET /api/products [32m200[0m 72.959 ms - 562[0m
2023-01-05 02:47:28 info: [0mGET /api/products [32m200[0m 52.088 ms - 562[0m
2023-01-05 02:47:28 info: [0mGET /api/products [32m200[0m 52.045 ms - 562[0m
2023-01-05 02:47:44 info: [0mGET /api/products [32m200[0m 55.639 ms - 562[0m
2023-01-05 02:47:44 info: [0mGET /api/products [32m200[0m 61.503 ms - 562[0m
2023-01-05 02:47:44 info: [0mGET /api/products [32m200[0m 55.155 ms - 562[0m
2023-01-05 02:49:17 info: [0mPOST /api/products [33m404[0m 9.523 ms - 152[0m
2023-01-05 02:49:21 info: [0mPOST /secure/api/products [32m201[0m 185.896 ms - 568[0m
2023-01-05 02:50:24 error: [POST] /secure/api/products >> StatusCode:: 404, Message:: Authentication token missing
2023-01-05 02:50:24 info: [0mPOST /secure/api/products [33m404[0m 1.571 ms - 42[0m
