2023-01-17 08:39:31 info: [0mGET /api/category [32m200[0m 384.939 ms - -[0m
2023-01-17 08:39:31 info: [0mGET /api/products?limit=4&skip=0 [32m200[0m 57.213 ms - -[0m
2023-01-17 08:40:00 info: [0mGET /api/products/category/computers [32m200[0m 110.433 ms - -[0m
2023-01-17 08:40:00 info: [0mGET /api/category [32m200[0m 51.807 ms - -[0m
2023-01-17 08:40:00 info: [0mGET /api/manufacturers [32m200[0m 55.590 ms - 592[0m
2023-01-17 08:40:02 info: [0mGET /api/products/macbook-pro [32m200[0m 436.933 ms - 870[0m
2023-01-17 08:40:02 info: [0mGET /api/reviews/63c179a75758b97301be4069 [32m200[0m 117.063 ms - 319[0m
2023-01-17 09:17:02 info: [0mGET /api/category [32m200[0m 54.245 ms - -[0m
2023-01-17 09:17:02 info: [0mGET /api/products?limit=4&skip=0 [32m200[0m 55.010 ms - -[0m
2023-01-17 09:17:04 info: [0mGET /api/products/category/computers [32m200[0m 102.213 ms - -[0m
2023-01-17 09:17:04 info: [0mGET /api/category [32m200[0m 51.725 ms - -[0m
2023-01-17 09:17:04 info: [0mGET /api/manufacturers [32m200[0m 50.136 ms - 592[0m
2023-01-17 09:18:55 info: [0mGET /api/products/category/computers [32m200[0m 275.617 ms - -[0m
2023-01-17 09:18:55 info: [0mGET /api/category [32m200[0m 52.893 ms - -[0m
2023-01-17 09:18:55 info: [0mGET /api/manufacturers [32m200[0m 49.885 ms - 592[0m
2023-01-17 09:21:44 info: [0mGET /api/products/macbook-pro [32m200[0m 113.715 ms - 870[0m
2023-01-17 09:21:44 info: [0mGET /api/reviews/63c179a75758b97301be4069 [32m200[0m 100.807 ms - 319[0m
2023-01-17 09:21:50 info: [0mGET /api/products/category/computers [32m200[0m 105.091 ms - -[0m
2023-01-17 09:21:50 info: [0mGET /api/category [32m200[0m 49.538 ms - -[0m
2023-01-17 09:21:50 info: [0mGET /api/manufacturers [32m200[0m 49.253 ms - 592[0m
2023-01-17 09:22:41 info: [0mGET /api/products/category/computers [32m200[0m 103.256 ms - -[0m
2023-01-17 09:22:41 info: [0mGET /api/category [32m200[0m 51.190 ms - -[0m
2023-01-17 09:22:41 info: [0mGET /api/manufacturers [32m200[0m 51.634 ms - 592[0m
2023-01-17 09:23:16 info: [0mGET /api/products/category/computers [32m200[0m 112.838 ms - -[0m
2023-01-17 09:23:16 info: [0mGET /api/category [32m200[0m 53.900 ms - -[0m
2023-01-17 09:23:16 info: [0mGET /api/manufacturers [32m200[0m 50.859 ms - 592[0m
2023-01-17 09:23:38 info: [0mGET /api/products/category/computers [32m200[0m 110.023 ms - -[0m
2023-01-17 09:23:38 info: [0mGET /api/category [32m200[0m 49.720 ms - -[0m
2023-01-17 09:23:38 info: [0mGET /api/manufacturers [32m200[0m 53.737 ms - 592[0m
2023-01-17 09:23:53 info: [0mGET /api/products/category/computers [32m200[0m 149.991 ms - -[0m
2023-01-17 09:23:53 info: [0mGET /api/category [32m200[0m 58.670 ms - -[0m
2023-01-17 09:23:53 info: [0mGET /api/manufacturers [32m200[0m 51.057 ms - 592[0m
2023-01-17 09:25:56 info: =================================
2023-01-17 09:25:56 info: ======= ENV: development =======
2023-01-17 09:25:56 info: 🚀 App listening on the port 8000
2023-01-17 09:25:56 info: =================================
2023-01-17 09:25:59 info: [0mGET /api/products/category/computers [32m200[0m 178.908 ms - -[0m
2023-01-17 09:26:00 info: [0mGET /api/category [32m200[0m 69.288 ms - -[0m
2023-01-17 09:26:00 info: [0mGET /api/manufacturers [32m200[0m 75.349 ms - 592[0m
2023-01-17 15:08:18 info: [0mGET /api/products/macbook-pro [32m200[0m 838.979 ms - 870[0m
2023-01-17 15:08:19 info: [0mGET /api/reviews/63c179a75758b97301be4069 [32m200[0m 116.920 ms - 319[0m
2023-01-17 15:32:39 info: [0mGET /api/category [32m200[0m 72.062 ms - -[0m
2023-01-17 15:32:39 info: [0mGET /api/products?limit=4&skip=0 [32m200[0m 124.063 ms - -[0m
2023-01-17 15:32:41 info: [0mGET /api/products/category/computers [32m200[0m 112.401 ms - -[0m
2023-01-17 15:32:41 info: [0mGET /api/category [32m200[0m 58.282 ms - -[0m
2023-01-17 15:32:41 info: [0mGET /api/manufacturers [32m200[0m 53.414 ms - 592[0m
2023-01-17 15:32:44 info: [0mGET /api/products/macbook-pro [32m200[0m 116.507 ms - 870[0m
2023-01-17 15:32:44 info: [0mGET /api/reviews/63c179a75758b97301be4069 [32m200[0m 108.878 ms - 319[0m
2023-01-17 15:32:49 error: [GET] /api/products/macbook-s >> StatusCode:: 409, Message:: Product doesn't exist
2023-01-17 15:32:49 info: [0mGET /api/products/macbook-s [33m409[0m 56.773 ms - 35[0m
2023-01-17 15:33:33 info: [0mGET /api/category [32m200[0m 53.148 ms - -[0m
2023-01-17 15:33:33 info: [0mGET /api/products?limit=4&skip=0 [32m200[0m 110.898 ms - -[0m
2023-01-17 15:33:39 info: [0mGET /api/products/category/computers [32m200[0m 112.617 ms - -[0m
2023-01-17 15:33:39 info: [0mGET /api/category [32m200[0m 57.163 ms - -[0m
2023-01-17 15:33:39 info: [0mGET /api/manufacturers [32m200[0m 59.443 ms - 592[0m
2023-01-17 15:33:57 info: =================================
2023-01-17 15:33:57 info: ======= ENV: development =======
2023-01-17 15:33:57 info: 🚀 App listening on the port 8000
2023-01-17 15:33:57 info: =================================
2023-01-17 15:34:09 info: =================================
2023-01-17 15:34:09 info: ======= ENV: development =======
2023-01-17 15:34:09 info: 🚀 App listening on the port 8000
2023-01-17 15:34:09 info: =================================
2023-01-17 15:34:48 info: =================================
2023-01-17 15:34:48 info: ======= ENV: development =======
2023-01-17 15:34:48 info: 🚀 App listening on the port 8000
2023-01-17 15:34:48 info: =================================
2023-01-17 15:34:51 info: =================================
2023-01-17 15:34:51 info: ======= ENV: development =======
2023-01-17 15:34:51 info: 🚀 App listening on the port 8000
2023-01-17 15:34:51 info: =================================
2023-01-17 15:35:54 info: =================================
2023-01-17 15:35:54 info: ======= ENV: development =======
2023-01-17 15:35:54 info: 🚀 App listening on the port 8000
2023-01-17 15:35:54 info: =================================
2023-01-17 15:36:03 info: =================================
2023-01-17 15:36:03 info: ======= ENV: development =======
2023-01-17 15:36:03 info: 🚀 App listening on the port 8000
2023-01-17 15:36:03 info: =================================
2023-01-17 15:36:24 info: =================================
2023-01-17 15:36:24 info: ======= ENV: development =======
2023-01-17 15:36:24 info: 🚀 App listening on the port 8000
2023-01-17 15:36:24 info: =================================
2023-01-17 15:38:09 info: =================================
2023-01-17 15:38:09 info: ======= ENV: development =======
2023-01-17 15:38:09 info: 🚀 App listening on the port 8000
2023-01-17 15:38:09 info: =================================
2023-01-17 15:38:11 info: =================================
2023-01-17 15:38:11 info: ======= ENV: development =======
2023-01-17 15:38:11 info: 🚀 App listening on the port 8000
2023-01-17 15:38:11 info: =================================
2023-01-17 15:38:58 info: =================================
2023-01-17 15:38:58 info: ======= ENV: development =======
2023-01-17 15:38:58 info: 🚀 App listening on the port 8000
2023-01-17 15:38:58 info: =================================
2023-01-17 15:39:16 info: =================================
2023-01-17 15:39:16 info: ======= ENV: development =======
2023-01-17 15:39:16 info: 🚀 App listening on the port 8000
2023-01-17 15:39:16 info: =================================
2023-01-17 15:39:23 info: =================================
2023-01-17 15:39:23 info: ======= ENV: development =======
2023-01-17 15:39:23 info: 🚀 App listening on the port 8000
2023-01-17 15:39:23 info: =================================
2023-01-17 15:39:27 info: =================================
2023-01-17 15:39:27 info: ======= ENV: development =======
2023-01-17 15:39:27 info: 🚀 App listening on the port 8000
2023-01-17 15:39:27 info: =================================
2023-01-17 15:39:33 info: =================================
2023-01-17 15:39:33 info: ======= ENV: development =======
2023-01-17 15:39:33 info: 🚀 App listening on the port 8000
2023-01-17 15:39:33 info: =================================
2023-01-17 15:39:39 info: =================================
2023-01-17 15:39:39 info: ======= ENV: development =======
2023-01-17 15:39:39 info: 🚀 App listening on the port 8000
2023-01-17 15:39:39 info: =================================
2023-01-17 15:39:47 info: =================================
2023-01-17 15:39:47 info: ======= ENV: development =======
2023-01-17 15:39:47 info: 🚀 App listening on the port 8000
2023-01-17 15:39:47 info: =================================
2023-01-17 15:39:55 info: =================================
2023-01-17 15:39:55 info: ======= ENV: development =======
2023-01-17 15:39:55 info: 🚀 App listening on the port 8000
2023-01-17 15:39:55 info: =================================
2023-01-17 15:39:57 info: =================================
2023-01-17 15:39:58 info: ======= ENV: development =======
2023-01-17 15:39:58 info: 🚀 App listening on the port 8000
2023-01-17 15:39:58 info: =================================
2023-01-17 15:40:13 info: =================================
2023-01-17 15:40:13 info: ======= ENV: development =======
2023-01-17 15:40:13 info: 🚀 App listening on the port 8000
2023-01-17 15:40:13 info: =================================
2023-01-17 15:40:21 info: =================================
2023-01-17 15:40:21 info: ======= ENV: development =======
2023-01-17 15:40:21 info: 🚀 App listening on the port 8000
2023-01-17 15:40:21 info: =================================
2023-01-17 15:40:36 info: =================================
2023-01-17 15:40:36 info: ======= ENV: development =======
2023-01-17 15:40:36 info: 🚀 App listening on the port 8000
2023-01-17 15:40:36 info: =================================
2023-01-17 15:40:47 info: =================================
2023-01-17 15:40:47 info: ======= ENV: development =======
2023-01-17 15:40:47 info: 🚀 App listening on the port 8000
2023-01-17 15:40:47 info: =================================
2023-01-17 15:40:51 info: =================================
2023-01-17 15:40:51 info: ======= ENV: development =======
2023-01-17 15:40:51 info: 🚀 App listening on the port 8000
2023-01-17 15:40:51 info: =================================
2023-01-17 15:40:52 info: =================================
2023-01-17 15:40:52 info: ======= ENV: development =======
2023-01-17 15:40:52 info: 🚀 App listening on the port 8000
2023-01-17 15:40:52 info: =================================
2023-01-17 15:41:03 info: =================================
2023-01-17 15:41:03 info: ======= ENV: development =======
2023-01-17 15:41:03 info: 🚀 App listening on the port 8000
2023-01-17 15:41:03 info: =================================
2023-01-17 15:41:12 info: =================================
2023-01-17 15:41:12 info: ======= ENV: development =======
2023-01-17 15:41:12 info: 🚀 App listening on the port 8000
2023-01-17 15:41:12 info: =================================
2023-01-17 15:41:20 info: =================================
2023-01-17 15:41:20 info: ======= ENV: development =======
2023-01-17 15:41:20 info: 🚀 App listening on the port 8000
2023-01-17 15:41:20 info: =================================
2023-01-17 15:41:22 info: =================================
2023-01-17 15:41:22 info: ======= ENV: development =======
2023-01-17 15:41:22 info: 🚀 App listening on the port 8000
2023-01-17 15:41:22 info: =================================
2023-01-17 15:41:24 info: =================================
2023-01-17 15:41:24 info: ======= ENV: development =======
2023-01-17 15:41:24 info: 🚀 App listening on the port 8000
2023-01-17 15:41:24 info: =================================
2023-01-17 15:41:35 info: =================================
2023-01-17 15:41:35 info: ======= ENV: development =======
2023-01-17 15:41:35 info: 🚀 App listening on the port 8000
2023-01-17 15:41:35 info: =================================
2023-01-17 15:41:38 info: =================================
2023-01-17 15:41:38 info: ======= ENV: development =======
2023-01-17 15:41:38 info: 🚀 App listening on the port 8000
2023-01-17 15:41:38 info: =================================
2023-01-17 15:49:33 info: =================================
2023-01-17 15:49:33 info: ======= ENV: development =======
2023-01-17 15:49:33 info: 🚀 App listening on the port 8000
2023-01-17 15:49:33 info: =================================
2023-01-17 15:49:36 info: =================================
2023-01-17 15:49:36 info: ======= ENV: development =======
2023-01-17 15:49:36 info: 🚀 App listening on the port 8000
2023-01-17 15:49:36 info: =================================
2023-01-17 16:07:56 info: =================================
2023-01-17 16:07:56 info: ======= ENV: development =======
2023-01-17 16:07:56 info: 🚀 App listening on the port 8000
2023-01-17 16:07:56 info: =================================
2023-01-17 16:08:00 info: =================================
2023-01-17 16:08:00 info: ======= ENV: development =======
2023-01-17 16:08:00 info: 🚀 App listening on the port 8000
2023-01-17 16:08:00 info: =================================
2023-01-17 16:08:03 info: =================================
2023-01-17 16:08:03 info: ======= ENV: development =======
2023-01-17 16:08:03 info: 🚀 App listening on the port 8000
2023-01-17 16:08:03 info: =================================
2023-01-17 16:08:15 info: =================================
2023-01-17 16:08:15 info: ======= ENV: development =======
2023-01-17 16:08:15 info: 🚀 App listening on the port 8000
2023-01-17 16:08:15 info: =================================
2023-01-17 16:08:20 info: [0mPOST /login [32m200[0m 149.471 ms - 338[0m
2023-01-17 16:08:20 info: [0mPOST /login [32m200[0m 134.250 ms - 338[0m
2023-01-17 16:08:27 info: [0mPOST /login [32m200[0m 122.740 ms - 338[0m
2023-01-17 16:08:27 info: [0mPOST /secure/api/reviews/ [32m201[0m 206.894 ms - 275[0m
2023-01-17 16:08:41 info: =================================
2023-01-17 16:08:41 info: ======= ENV: development =======
2023-01-17 16:08:41 info: 🚀 App listening on the port 8000
2023-01-17 16:08:41 info: =================================
2023-01-17 16:09:27 info: =================================
2023-01-17 16:09:27 info: ======= ENV: development =======
2023-01-17 16:09:27 info: 🚀 App listening on the port 8000
2023-01-17 16:09:27 info: =================================
2023-01-17 16:09:35 info: =================================
2023-01-17 16:09:35 info: ======= ENV: development =======
2023-01-17 16:09:35 info: 🚀 App listening on the port 8000
2023-01-17 16:09:35 info: =================================
2023-01-17 16:09:39 info: =================================
2023-01-17 16:09:39 info: ======= ENV: development =======
2023-01-17 16:09:39 info: 🚀 App listening on the port 8000
2023-01-17 16:09:39 info: =================================
2023-01-17 16:10:06 info: =================================
2023-01-17 16:10:06 info: ======= ENV: development =======
2023-01-17 16:10:06 info: 🚀 App listening on the port 8000
2023-01-17 16:10:06 info: =================================
2023-01-17 16:10:09 info: =================================
2023-01-17 16:10:09 info: ======= ENV: development =======
2023-01-17 16:10:09 info: 🚀 App listening on the port 8000
2023-01-17 16:10:09 info: =================================
2023-01-17 16:10:15 info: =================================
2023-01-17 16:10:15 info: ======= ENV: development =======
2023-01-17 16:10:15 info: 🚀 App listening on the port 8000
2023-01-17 16:10:15 info: =================================
2023-01-17 16:10:19 info: =================================
2023-01-17 16:10:19 info: ======= ENV: development =======
2023-01-17 16:10:19 info: 🚀 App listening on the port 8000
2023-01-17 16:10:19 info: =================================
2023-01-17 16:10:21 info: =================================
2023-01-17 16:10:21 info: ======= ENV: development =======
2023-01-17 16:10:21 info: 🚀 App listening on the port 8000
2023-01-17 16:10:21 info: =================================
2023-01-17 16:10:28 info: =================================
2023-01-17 16:10:28 info: ======= ENV: development =======
2023-01-17 16:10:28 info: 🚀 App listening on the port 8000
2023-01-17 16:10:28 info: =================================
2023-01-17 16:10:37 info: =================================
2023-01-17 16:10:37 info: ======= ENV: development =======
2023-01-17 16:10:37 info: 🚀 App listening on the port 8000
2023-01-17 16:10:37 info: =================================
2023-01-17 16:10:40 info: =================================
2023-01-17 16:10:40 info: ======= ENV: development =======
2023-01-17 16:10:40 info: 🚀 App listening on the port 8000
2023-01-17 16:10:40 info: =================================
2023-01-17 16:10:44 info: =================================
2023-01-17 16:10:44 info: ======= ENV: development =======
2023-01-17 16:10:44 info: 🚀 App listening on the port 8000
2023-01-17 16:10:44 info: =================================
2023-01-17 16:10:47 info: =================================
2023-01-17 16:10:47 info: ======= ENV: development =======
2023-01-17 16:10:47 info: 🚀 App listening on the port 8000
2023-01-17 16:10:47 info: =================================
2023-01-17 16:10:51 info: =================================
2023-01-17 16:10:51 info: ======= ENV: development =======
2023-01-17 16:10:51 info: 🚀 App listening on the port 8000
2023-01-17 16:10:51 info: =================================
2023-01-17 16:11:00 info: =================================
2023-01-17 16:11:00 info: ======= ENV: development =======
2023-01-17 16:11:00 info: 🚀 App listening on the port 8000
2023-01-17 16:11:00 info: =================================
2023-01-17 16:11:03 info: =================================
2023-01-17 16:11:03 info: ======= ENV: development =======
2023-01-17 16:11:03 info: 🚀 App listening on the port 8000
2023-01-17 16:11:03 info: =================================
2023-01-17 16:11:07 info: =================================
2023-01-17 16:11:07 info: ======= ENV: development =======
2023-01-17 16:11:07 info: 🚀 App listening on the port 8000
2023-01-17 16:11:07 info: =================================
2023-01-17 16:11:23 info: =================================
2023-01-17 16:11:23 info: ======= ENV: development =======
2023-01-17 16:11:23 info: 🚀 App listening on the port 8000
2023-01-17 16:11:23 info: =================================
2023-01-17 16:11:32 info: =================================
2023-01-17 16:11:32 info: ======= ENV: development =======
2023-01-17 16:11:32 info: 🚀 App listening on the port 8000
2023-01-17 16:11:32 info: =================================
2023-01-17 16:11:35 info: =================================
2023-01-17 16:11:35 info: ======= ENV: development =======
2023-01-17 16:11:35 info: 🚀 App listening on the port 8000
2023-01-17 16:11:35 info: =================================
2023-01-17 16:11:38 info: =================================
2023-01-17 16:11:38 info: ======= ENV: development =======
2023-01-17 16:11:38 info: 🚀 App listening on the port 8000
2023-01-17 16:11:38 info: =================================
2023-01-17 16:11:43 info: =================================
2023-01-17 16:11:43 info: ======= ENV: development =======
2023-01-17 16:11:43 info: 🚀 App listening on the port 8000
2023-01-17 16:11:43 info: =================================
2023-01-17 16:11:45 info: =================================
2023-01-17 16:11:45 info: ======= ENV: development =======
2023-01-17 16:11:45 info: 🚀 App listening on the port 8000
2023-01-17 16:11:45 info: =================================
2023-01-17 16:11:56 info: =================================
2023-01-17 16:11:56 info: ======= ENV: development =======
2023-01-17 16:11:56 info: 🚀 App listening on the port 8000
2023-01-17 16:11:56 info: =================================
2023-01-17 16:11:59 info: =================================
2023-01-17 16:11:59 info: ======= ENV: development =======
2023-01-17 16:11:59 info: 🚀 App listening on the port 8000
2023-01-17 16:11:59 info: =================================
2023-01-17 16:12:07 info: =================================
2023-01-17 16:12:07 info: ======= ENV: development =======
2023-01-17 16:12:07 info: 🚀 App listening on the port 8000
2023-01-17 16:12:07 info: =================================
2023-01-17 16:12:18 info: =================================
2023-01-17 16:12:18 info: ======= ENV: development =======
2023-01-17 16:12:18 info: 🚀 App listening on the port 8000
2023-01-17 16:12:18 info: =================================
2023-01-17 16:12:24 info: =================================
2023-01-17 16:12:24 info: ======= ENV: development =======
2023-01-17 16:12:24 info: 🚀 App listening on the port 8000
2023-01-17 16:12:24 info: =================================
2023-01-17 16:12:52 info: =================================
2023-01-17 16:12:52 info: ======= ENV: development =======
2023-01-17 16:12:52 info: 🚀 App listening on the port 8000
2023-01-17 16:12:52 info: =================================
2023-01-17 16:12:56 info: =================================
2023-01-17 16:12:56 info: ======= ENV: development =======
2023-01-17 16:12:56 info: 🚀 App listening on the port 8000
2023-01-17 16:12:56 info: =================================
2023-01-17 16:13:03 info: =================================
2023-01-17 16:13:03 info: ======= ENV: development =======
2023-01-17 16:13:03 info: 🚀 App listening on the port 8000
2023-01-17 16:13:03 info: =================================
2023-01-17 16:13:26 info: =================================
2023-01-17 16:13:26 info: ======= ENV: development =======
2023-01-17 16:13:26 info: 🚀 App listening on the port 8000
2023-01-17 16:13:26 info: =================================
2023-01-17 16:13:38 info: =================================
2023-01-17 16:13:38 info: ======= ENV: development =======
2023-01-17 16:13:38 info: 🚀 App listening on the port 8000
2023-01-17 16:13:38 info: =================================
2023-01-17 16:14:15 info: =================================
2023-01-17 16:14:15 info: ======= ENV: development =======
2023-01-17 16:14:15 info: 🚀 App listening on the port 8000
2023-01-17 16:14:15 info: =================================
2023-01-17 16:14:18 info: =================================
2023-01-17 16:14:18 info: ======= ENV: development =======
2023-01-17 16:14:18 info: 🚀 App listening on the port 8000
2023-01-17 16:14:18 info: =================================
2023-01-17 16:14:22 info: =================================
2023-01-17 16:14:22 info: ======= ENV: development =======
2023-01-17 16:14:22 info: 🚀 App listening on the port 8000
2023-01-17 16:14:22 info: =================================
2023-01-17 16:14:25 info: =================================
2023-01-17 16:14:25 info: ======= ENV: development =======
2023-01-17 16:14:25 info: 🚀 App listening on the port 8000
2023-01-17 16:14:25 info: =================================
2023-01-17 16:14:32 info: =================================
2023-01-17 16:14:32 info: ======= ENV: development =======
2023-01-17 16:14:32 info: 🚀 App listening on the port 8000
2023-01-17 16:14:32 info: =================================
2023-01-17 16:14:37 info: =================================
2023-01-17 16:14:37 info: ======= ENV: development =======
2023-01-17 16:14:37 info: 🚀 App listening on the port 8000
2023-01-17 16:14:37 info: =================================
2023-01-17 16:14:47 info: =================================
2023-01-17 16:14:47 info: ======= ENV: development =======
2023-01-17 16:14:47 info: 🚀 App listening on the port 8000
2023-01-17 16:14:47 info: =================================
2023-01-17 16:15:02 info: =================================
2023-01-17 16:15:02 info: ======= ENV: development =======
2023-01-17 16:15:02 info: 🚀 App listening on the port 8000
2023-01-17 16:15:02 info: =================================
2023-01-17 16:15:40 info: =================================
2023-01-17 16:15:40 info: ======= ENV: development =======
2023-01-17 16:15:40 info: 🚀 App listening on the port 8000
2023-01-17 16:15:40 info: =================================
2023-01-17 16:16:37 info: =================================
2023-01-17 16:16:37 info: ======= ENV: development =======
2023-01-17 16:16:37 info: 🚀 App listening on the port 8000
2023-01-17 16:16:37 info: =================================
2023-01-17 16:16:57 info: =================================
2023-01-17 16:16:57 info: ======= ENV: development =======
2023-01-17 16:16:57 info: 🚀 App listening on the port 8000
2023-01-17 16:16:57 info: =================================
2023-01-17 16:17:38 info: =================================
2023-01-17 16:17:38 info: ======= ENV: development =======
2023-01-17 16:17:38 info: 🚀 App listening on the port 8000
2023-01-17 16:17:38 info: =================================
2023-01-17 16:17:58 info: =================================
2023-01-17 16:17:58 info: ======= ENV: development =======
2023-01-17 16:17:58 info: 🚀 App listening on the port 8000
2023-01-17 16:17:58 info: =================================
2023-01-17 16:18:01 info: =================================
2023-01-17 16:18:01 info: ======= ENV: development =======
2023-01-17 16:18:01 info: 🚀 App listening on the port 8000
2023-01-17 16:18:01 info: =================================
2023-01-17 16:18:03 info: =================================
2023-01-17 16:18:03 info: ======= ENV: development =======
2023-01-17 16:18:03 info: 🚀 App listening on the port 8000
2023-01-17 16:18:03 info: =================================
2023-01-17 16:18:15 info: =================================
2023-01-17 16:18:16 info: ======= ENV: development =======
2023-01-17 16:18:16 info: 🚀 App listening on the port 8000
2023-01-17 16:18:16 info: =================================
2023-01-17 16:18:21 info: =================================
2023-01-17 16:18:21 info: ======= ENV: development =======
2023-01-17 16:18:21 info: 🚀 App listening on the port 8000
2023-01-17 16:18:21 info: =================================
2023-01-17 16:18:28 info: =================================
2023-01-17 16:18:28 info: ======= ENV: development =======
2023-01-17 16:18:28 info: 🚀 App listening on the port 8000
2023-01-17 16:18:28 info: =================================
2023-01-17 16:18:47 info: [0mPOST /login [32m200[0m 410.693 ms - 338[0m
2023-01-17 16:18:47 error: [POST] /secure/api/reviews/ >> StatusCode:: 400, Message:: productId is empty
2023-01-17 16:18:47 info: [0mPOST /secure/api/reviews/ [33m400[0m 272.456 ms - 32[0m
2023-01-17 16:19:11 info: =================================
2023-01-17 16:19:11 info: ======= ENV: development =======
2023-01-17 16:19:11 info: 🚀 App listening on the port 8000
2023-01-17 16:19:11 info: =================================
2023-01-17 16:19:13 info: =================================
2023-01-17 16:19:13 info: ======= ENV: development =======
2023-01-17 16:19:13 info: 🚀 App listening on the port 8000
2023-01-17 16:19:13 info: =================================
2023-01-17 16:19:18 info: =================================
2023-01-17 16:19:18 info: ======= ENV: development =======
2023-01-17 16:19:18 info: 🚀 App listening on the port 8000
2023-01-17 16:19:18 info: =================================
2023-01-17 16:19:29 info: =================================
2023-01-17 16:19:29 info: ======= ENV: development =======
2023-01-17 16:19:29 info: 🚀 App listening on the port 8000
2023-01-17 16:19:29 info: =================================
2023-01-17 16:19:34 info: [0mPOST /login [32m200[0m 148.315 ms - 338[0m
2023-01-17 16:19:34 info: [0mPOST /secure/api/reviews/ [32m201[0m 479.003 ms - 275[0m
2023-01-17 16:19:51 info: [0mPOST /login [32m200[0m 125.155 ms - 338[0m
2023-01-17 16:19:52 info: [0mPOST /secure/api/reviews/ [32m201[0m 428.335 ms - 274[0m
2023-01-17 16:20:29 info: [0mPOST /login [32m200[0m 126.162 ms - 338[0m
2023-01-17 16:20:30 info: [0mPOST /secure/api/reviews/ [32m201[0m 412.379 ms - 274[0m
2023-01-17 16:20:38 info: [0mPOST /login [32m200[0m 120.428 ms - 338[0m
2023-01-17 16:20:39 info: [0mPOST /secure/api/reviews/ [32m201[0m 757.310 ms - 274[0m
2023-01-17 16:22:05 info: [0mGET /api/products/category/computers [32m200[0m 122.822 ms - -[0m
2023-01-17 16:22:05 info: [0mGET /api/category [32m200[0m 87.381 ms - -[0m
2023-01-17 16:22:05 info: [0mGET /api/manufacturers [32m200[0m 69.919 ms - 592[0m
2023-01-17 16:23:13 info: [0mGET /api/products/category/computers [32m200[0m 118.470 ms - -[0m
2023-01-17 16:23:14 info: [0mGET /api/category [32m200[0m 54.461 ms - -[0m
2023-01-17 16:23:14 info: [0mGET /api/manufacturers [32m200[0m 52.152 ms - 592[0m
2023-01-17 16:24:03 info: [0mGET /api/products/category/computers [32m200[0m 142.406 ms - -[0m
2023-01-17 16:24:03 info: [0mGET /api/category [32m200[0m 83.017 ms - -[0m
2023-01-17 16:24:03 info: [0mGET /api/manufacturers [32m200[0m 69.544 ms - 592[0m
2023-01-17 16:24:09 info: [0mGET /api/products/microsoft-surface-laptop-4 [32m200[0m 120.162 ms - 964[0m
2023-01-17 16:24:10 info: [0mGET /api/reviews/63c179e95758b97301be406e [32m200[0m 58.373 ms - 31[0m
2023-01-17 16:24:19 info: [0mGET /api/category [32m200[0m 54.209 ms - -[0m
2023-01-17 16:24:19 info: [0mGET /api/products?limit=4&skip=0 [32m200[0m 52.696 ms - -[0m
2023-01-17 16:24:24 info: [0mGET /api/products/category/computers [32m200[0m 104.109 ms - -[0m
2023-01-17 16:24:24 info: [0mGET /api/category [32m200[0m 49.482 ms - -[0m
2023-01-17 16:24:24 info: [0mGET /api/manufacturers [32m200[0m 49.717 ms - 592[0m
2023-01-17 16:24:27 info: [0mGET /api/products/macbook-pro [32m200[0m 103.914 ms - 878[0m
2023-01-17 16:24:27 info: [0mGET /api/reviews/63c179a75758b97301be4069 [32m200[0m 110.822 ms - 608[0m
2023-01-17 16:26:21 info: [0mGET /api/category [32m200[0m 53.606 ms - -[0m
2023-01-17 16:26:21 info: [0mGET /api/products?limit=4&skip=0 [32m200[0m 63.741 ms - -[0m
2023-01-17 16:26:25 info: [0mGET /api/products/category/computers [32m200[0m 110.174 ms - -[0m
2023-01-17 16:26:25 info: [0mGET /api/category [32m200[0m 66.430 ms - -[0m
2023-01-17 16:26:25 info: [0mGET /api/manufacturers [32m200[0m 51.160 ms - 592[0m
2023-01-17 16:26:27 info: [0mGET /api/products/macbook-pro [32m200[0m 105.446 ms - 878[0m
2023-01-17 16:26:27 info: [0mGET /api/reviews/63c179a75758b97301be4069 [32m200[0m 117.592 ms - 608[0m
2023-01-17 16:27:09 info: [0mGET /api/products/macbook-pro [32m200[0m 108.563 ms - 878[0m
2023-01-17 16:27:09 info: [0mGET /api/reviews/63c179a75758b97301be4069 [32m200[0m 102.451 ms - 608[0m
2023-01-17 16:30:10 info: [0mGET /api/category [32m200[0m 54.407 ms - -[0m
2023-01-17 16:30:10 info: [0mGET /api/products?limit=4&skip=0 [32m200[0m 57.515 ms - -[0m
2023-01-17 16:30:14 info: [0mGET /api/products/category/computers [32m200[0m 103.362 ms - -[0m
2023-01-17 16:30:14 info: [0mGET /api/category [32m200[0m 51.302 ms - -[0m
2023-01-17 16:30:14 info: [0mGET /api/manufacturers [32m200[0m 50.349 ms - 592[0m
2023-01-17 16:30:18 info: [0mGET /api/category [32m200[0m 65.161 ms - -[0m
2023-01-17 16:30:18 info: [0mGET /api/products?limit=4&skip=0 [32m200[0m 51.428 ms - -[0m
2023-01-17 16:30:21 info: [0mGET /api/category [32m200[0m 89.229 ms - -[0m
2023-01-17 16:30:21 info: [0mGET /api/products?limit=4&skip=0 [32m200[0m 70.283 ms - -[0m
2023-01-17 16:30:49 info: [0mGET /api/products/macbook-pro [32m200[0m 104.916 ms - 878[0m
2023-01-17 16:30:50 info: [0mGET /api/reviews/63c179a75758b97301be4069 [32m200[0m 106.391 ms - 608[0m
2023-01-17 16:35:55 info: [0mGET /api/category [32m200[0m 54.520 ms - -[0m
2023-01-17 16:35:55 info: [0mGET /api/products?limit=4&skip=0 [32m200[0m 54.913 ms - -[0m
2023-01-17 16:35:57 info: [0mGET /api/products/category/parts [32m200[0m 98.993 ms - 31[0m
2023-01-17 16:35:57 info: [0mGET /api/category [32m200[0m 57.950 ms - -[0m
2023-01-17 16:35:57 info: [0mGET /api/manufacturers [32m200[0m 50.202 ms - 592[0m
2023-01-17 16:35:59 info: [0mGET /api/category [32m200[0m 49.819 ms - -[0m
2023-01-17 16:35:59 info: [0mGET /api/products?limit=4&skip=0 [32m200[0m 50.981 ms - -[0m
2023-01-17 16:36:03 info: [0mGET /api/products/category/computers [32m200[0m 142.533 ms - -[0m
2023-01-17 16:36:03 info: [0mGET /api/category [32m200[0m 72.578 ms - -[0m
2023-01-17 16:36:03 info: [0mGET /api/manufacturers [32m200[0m 65.601 ms - 592[0m
2023-01-17 16:36:04 info: [0mGET /api/products/microsoft-surface-laptop-4 [32m200[0m 116.674 ms - 964[0m
2023-01-17 16:36:05 info: [0mGET /api/reviews/63c179e95758b97301be406e [32m200[0m 54.184 ms - 31[0m
2023-01-17 16:36:17 info: [0mGET /api/category [32m200[0m 67.533 ms - -[0m
2023-01-17 16:36:18 info: [0mGET /api/products?limit=4&skip=0 [32m200[0m 56.910 ms - -[0m
2023-01-17 16:36:19 info: [0mGET /api/products/category/computers [32m200[0m 113.990 ms - -[0m
2023-01-17 16:36:19 info: [0mGET /api/category [32m200[0m 61.418 ms - -[0m
2023-01-17 16:36:19 info: [0mGET /api/manufacturers [32m200[0m 56.583 ms - 592[0m
2023-01-17 16:36:21 info: [0mGET /api/products/macbook-pro [32m200[0m 119.520 ms - 878[0m
2023-01-17 16:36:21 info: [0mGET /api/reviews/63c179a75758b97301be4069 [32m200[0m 111.069 ms - 608[0m
2023-01-17 16:36:22 info: [0mGET /api/category [32m200[0m 63.914 ms - -[0m
2023-01-17 16:36:22 info: [0mGET /api/products?limit=4&skip=0 [32m200[0m 54.256 ms - -[0m
2023-01-17 16:36:24 info: [0mGET /api/products/category/computers [32m200[0m 121.774 ms - -[0m
2023-01-17 16:36:24 info: [0mGET /api/category [32m200[0m 59.201 ms - -[0m
2023-01-17 16:36:24 info: [0mGET /api/manufacturers [32m200[0m 64.744 ms - 592[0m
2023-01-17 16:36:57 info: [0mGET /api/products/macbook-pro [32m200[0m 122.382 ms - 878[0m
2023-01-17 16:36:57 info: [0mGET /api/reviews/63c179a75758b97301be4069 [32m200[0m 102.884 ms - 608[0m
2023-01-17 16:52:22 info: =================================
2023-01-17 16:52:22 info: ======= ENV: development =======
2023-01-17 16:52:22 info: 🚀 App listening on the port 8000
2023-01-17 16:52:22 info: =================================
2023-01-17 16:52:36 info: =================================
2023-01-17 16:52:36 info: ======= ENV: development =======
2023-01-17 16:52:36 info: 🚀 App listening on the port 8000
2023-01-17 16:52:36 info: =================================
2023-01-17 16:52:42 info: =================================
2023-01-17 16:52:42 info: ======= ENV: development =======
2023-01-17 16:52:42 info: 🚀 App listening on the port 8000
2023-01-17 16:52:42 info: =================================
2023-01-17 16:52:46 info: =================================
2023-01-17 16:52:46 info: ======= ENV: development =======
2023-01-17 16:52:46 info: 🚀 App listening on the port 8000
2023-01-17 16:52:46 info: =================================
2023-01-17 16:52:53 info: =================================
2023-01-17 16:52:53 info: ======= ENV: development =======
2023-01-17 16:52:53 info: 🚀 App listening on the port 8000
2023-01-17 16:52:53 info: =================================
2023-01-17 16:53:04 info: =================================
2023-01-17 16:53:04 info: ======= ENV: development =======
2023-01-17 16:53:04 info: 🚀 App listening on the port 8000
2023-01-17 16:53:04 info: =================================
2023-01-17 16:54:48 info: =================================
2023-01-17 16:54:48 info: ======= ENV: development =======
2023-01-17 16:54:48 info: 🚀 App listening on the port 8000
2023-01-17 16:54:48 info: =================================
2023-01-17 16:54:57 info: =================================
2023-01-17 16:54:57 info: ======= ENV: development =======
2023-01-17 16:54:57 info: 🚀 App listening on the port 8000
2023-01-17 16:54:57 info: =================================
2023-01-17 16:55:16 info: =================================
2023-01-17 16:55:16 info: ======= ENV: development =======
2023-01-17 16:55:16 info: 🚀 App listening on the port 8000
2023-01-17 16:55:16 info: =================================
2023-01-17 16:55:22 info: =================================
2023-01-17 16:55:22 info: ======= ENV: development =======
2023-01-17 16:55:22 info: 🚀 App listening on the port 8000
2023-01-17 16:55:22 info: =================================
2023-01-17 16:55:30 info: =================================
2023-01-17 16:55:30 info: ======= ENV: development =======
2023-01-17 16:55:30 info: 🚀 App listening on the port 8000
2023-01-17 16:55:30 info: =================================
2023-01-17 16:55:43 info: =================================
2023-01-17 16:55:43 info: ======= ENV: development =======
2023-01-17 16:55:43 info: 🚀 App listening on the port 8000
2023-01-17 16:55:43 info: =================================
2023-01-17 16:56:36 info: =================================
2023-01-17 16:56:36 info: ======= ENV: development =======
2023-01-17 16:56:36 info: 🚀 App listening on the port 8000
2023-01-17 16:56:36 info: =================================
2023-01-17 16:56:38 info: =================================
2023-01-17 16:56:38 info: ======= ENV: development =======
2023-01-17 16:56:38 info: 🚀 App listening on the port 8000
2023-01-17 16:56:38 info: =================================
2023-01-17 16:56:44 info: =================================
2023-01-17 16:56:44 info: ======= ENV: development =======
2023-01-17 16:56:44 info: 🚀 App listening on the port 8000
2023-01-17 16:56:44 info: =================================
2023-01-17 16:56:46 info: =================================
2023-01-17 16:56:46 info: ======= ENV: development =======
2023-01-17 16:56:46 info: 🚀 App listening on the port 8000
2023-01-17 16:56:46 info: =================================
2023-01-17 16:56:49 info: =================================
2023-01-17 16:56:49 info: ======= ENV: development =======
2023-01-17 16:56:49 info: 🚀 App listening on the port 8000
2023-01-17 16:56:49 info: =================================
2023-01-17 16:56:55 info: =================================
2023-01-17 16:56:55 info: ======= ENV: development =======
2023-01-17 16:56:55 info: 🚀 App listening on the port 8000
2023-01-17 16:56:55 info: =================================
2023-01-17 16:57:00 info: =================================
2023-01-17 16:57:00 info: ======= ENV: development =======
2023-01-17 16:57:00 info: 🚀 App listening on the port 8000
2023-01-17 16:57:00 info: =================================
2023-01-17 16:57:11 info: =================================
2023-01-17 16:57:11 info: ======= ENV: development =======
2023-01-17 16:57:11 info: 🚀 App listening on the port 8000
2023-01-17 16:57:11 info: =================================
2023-01-17 16:57:16 info: =================================
2023-01-17 16:57:16 info: ======= ENV: development =======
2023-01-17 16:57:16 info: 🚀 App listening on the port 8000
2023-01-17 16:57:16 info: =================================
2023-01-17 16:57:24 info: =================================
2023-01-17 16:57:24 info: ======= ENV: development =======
2023-01-17 16:57:24 info: 🚀 App listening on the port 8000
2023-01-17 16:57:24 info: =================================
2023-01-17 16:57:28 info: =================================
2023-01-17 16:57:28 info: ======= ENV: development =======
2023-01-17 16:57:28 info: 🚀 App listening on the port 8000
2023-01-17 16:57:28 info: =================================
2023-01-17 16:57:33 info: =================================
2023-01-17 16:57:33 info: ======= ENV: development =======
2023-01-17 16:57:33 info: 🚀 App listening on the port 8000
2023-01-17 16:57:33 info: =================================
2023-01-17 16:57:37 info: =================================
2023-01-17 16:57:37 info: ======= ENV: development =======
2023-01-17 16:57:37 info: 🚀 App listening on the port 8000
2023-01-17 16:57:37 info: =================================
2023-01-17 16:57:41 info: =================================
2023-01-17 16:57:41 info: ======= ENV: development =======
2023-01-17 16:57:41 info: 🚀 App listening on the port 8000
2023-01-17 16:57:41 info: =================================
2023-01-17 16:57:52 info: =================================
2023-01-17 16:57:52 info: ======= ENV: development =======
2023-01-17 16:57:52 info: 🚀 App listening on the port 8000
2023-01-17 16:57:52 info: =================================
2023-01-17 16:58:01 info: =================================
2023-01-17 16:58:01 info: ======= ENV: development =======
2023-01-17 16:58:01 info: 🚀 App listening on the port 8000
2023-01-17 16:58:01 info: =================================
2023-01-17 16:59:04 info: =================================
2023-01-17 16:59:04 info: ======= ENV: development =======
2023-01-17 16:59:04 info: 🚀 App listening on the port 8000
2023-01-17 16:59:04 info: =================================
2023-01-17 18:13:14 info: =================================
2023-01-17 18:13:14 info: ======= ENV: development =======
2023-01-17 18:13:14 info: 🚀 App listening on the port 8000
2023-01-17 18:13:14 info: =================================
2023-01-17 18:14:05 info: [0mGET /api/category [32m200[0m 64.730 ms - -[0m
2023-01-17 18:14:05 info: [0mGET /api/products?limit=4&skip=0 [32m200[0m 56.468 ms - -[0m
2023-01-17 18:14:33 info: [0mGET /api/products/category/computers [32m200[0m 123.545 ms - -[0m
2023-01-17 18:14:33 info: [0mGET /api/category [32m200[0m 55.121 ms - -[0m
2023-01-17 18:14:33 info: [0mGET /api/manufacturers [32m200[0m 49.767 ms - 592[0m
2023-01-17 18:14:36 info: [0mGET /api/products/macbook-pro [32m200[0m 104.139 ms - 878[0m
2023-01-17 18:14:37 info: [0mGET /api/reviews/63c179a75758b97301be4069 [32m200[0m 115.813 ms - 608[0m
2023-01-17 18:27:10 info: [0mGET /api/category [32m200[0m 58.332 ms - -[0m
2023-01-17 18:27:10 info: [0mGET /api/products?limit=4&skip=0 [32m200[0m 63.869 ms - -[0m
2023-01-17 18:27:12 info: [0mGET /api/products/category/parts [32m200[0m 122.898 ms - 31[0m
2023-01-17 18:27:12 info: [0mGET /api/category [32m200[0m 52.030 ms - -[0m
2023-01-17 18:27:12 info: [0mGET /api/manufacturers [32m200[0m 51.679 ms - 592[0m
2023-01-17 18:27:13 info: [0mGET /api/category [32m200[0m 50.892 ms - -[0m
2023-01-17 18:27:13 info: [0mGET /api/products?limit=4&skip=0 [32m200[0m 55.458 ms - -[0m
2023-01-17 18:27:14 info: [0mGET /api/products/category/components [32m200[0m 135.888 ms - 31[0m
2023-01-17 18:27:14 info: [0mGET /api/category [32m200[0m 56.181 ms - -[0m
2023-01-17 18:27:14 info: [0mGET /api/manufacturers [32m200[0m 60.279 ms - 592[0m
2023-01-17 18:27:18 info: [0mGET /api/category [32m200[0m 111.595 ms - -[0m
2023-01-17 18:27:18 info: [0mGET /api/products?limit=4&skip=0 [32m200[0m 76.671 ms - -[0m
2023-01-17 18:28:07 info: [0mGET /api/products/category/computers [32m200[0m 104.623 ms - -[0m
2023-01-17 18:28:07 info: [0mGET /api/category [32m200[0m 52.172 ms - -[0m
2023-01-17 18:28:07 info: [0mGET /api/manufacturers [32m200[0m 53.966 ms - 592[0m
2023-01-17 18:28:10 info: [0mGET /api/products/macbook-pro [32m200[0m 108.507 ms - 878[0m
2023-01-17 18:28:10 info: [0mGET /api/reviews/63c179a75758b97301be4069 [32m200[0m 105.340 ms - 608[0m
2023-01-17 18:34:52 info: [0mGET /api/category [32m200[0m 56.486 ms - -[0m
2023-01-17 18:34:52 info: [0mGET /api/products?limit=4&skip=0 [32m200[0m 52.427 ms - -[0m
2023-01-17 18:34:57 info: [0mGET /api/products/category/computers [32m200[0m 108.991 ms - -[0m
2023-01-17 18:34:57 info: [0mGET /api/category [32m200[0m 50.079 ms - -[0m
2023-01-17 18:34:57 info: [0mGET /api/manufacturers [32m200[0m 48.810 ms - 592[0m
2023-01-17 18:35:00 info: [0mGET /api/products/macbook-pro [32m200[0m 98.720 ms - 878[0m
2023-01-17 18:35:00 info: [0mGET /api/reviews/63c179a75758b97301be4069 [32m200[0m 100.421 ms - 608[0m
2023-01-17 20:09:22 info: [0mGET /api/category [32m200[0m 532.447 ms - -[0m
2023-01-17 20:09:22 info: [0mGET /api/products?limit=4&skip=0 [32m200[0m 81.104 ms - -[0m
2023-01-17 20:09:27 info: [0mGET /api/products/category/computers [32m200[0m 111.522 ms - -[0m
2023-01-17 20:09:27 info: [0mGET /api/category [32m200[0m 79.481 ms - -[0m
2023-01-17 20:09:27 info: [0mGET /api/manufacturers [32m200[0m 57.734 ms - 592[0m
2023-01-17 20:09:29 info: [0mGET /api/products/macbook-pro [32m200[0m 128.852 ms - 878[0m
2023-01-17 20:09:29 info: [0mGET /api/reviews/63c179a75758b97301be4069 [32m200[0m 140.132 ms - 608[0m
2023-01-17 20:09:31 info: [0mGET /api/category [32m200[0m 56.592 ms - -[0m
2023-01-17 20:09:31 info: [0mGET /api/products?limit=4&skip=0 [32m200[0m 51.788 ms - -[0m
2023-01-17 20:09:33 info: [0mGET /api/products/category/parts [32m200[0m 102.878 ms - 31[0m
2023-01-17 20:09:33 info: [0mGET /api/category [32m200[0m 50.495 ms - -[0m
2023-01-17 20:09:33 info: [0mGET /api/manufacturers [32m200[0m 52.409 ms - 592[0m
2023-01-17 20:09:34 info: [0mGET /api/category [32m200[0m 52.933 ms - -[0m
2023-01-17 20:09:34 info: [0mGET /api/products?limit=4&skip=0 [32m200[0m 86.338 ms - -[0m
2023-01-17 20:09:37 info: [0mGET /api/products/category/computers [32m200[0m 199.708 ms - -[0m
2023-01-17 20:09:37 info: [0mGET /api/category [32m200[0m 51.381 ms - -[0m
2023-01-17 20:09:37 info: [0mGET /api/manufacturers [32m200[0m 101.138 ms - 592[0m
2023-01-17 20:09:38 info: [0mGET /api/products/microsoft-surface-laptop-4 [32m200[0m 148.813 ms - 964[0m
2023-01-17 20:09:39 info: [0mGET /api/reviews/63c179e95758b97301be406e [32m200[0m 627.783 ms - 31[0m
2023-01-17 20:09:52 info: [0mGET /api/category [32m200[0m 65.710 ms - -[0m
2023-01-17 20:09:53 info: [0mGET /api/products?limit=4&skip=0 [32m200[0m 300.359 ms - -[0m
2023-01-17 20:11:12 info: [0mGET /api/products/macbook-pro [32m200[0m 104.254 ms - 878[0m
2023-01-17 20:11:12 info: [0mGET /api/reviews/63c179a75758b97301be4069 [32m200[0m 105.054 ms - 608[0m
