2023-01-19 09:07:48 info: =================================
2023-01-19 09:07:48 info: ======= ENV: development =======
2023-01-19 09:07:48 info: 🚀 App listening on the port 8000
2023-01-19 09:07:48 info: =================================
2023-01-19 09:08:15 info: [0mGET /api/category [32m200[0m 74.987 ms - -[0m
2023-01-19 09:08:15 info: [0mGET /api/products?limit=4&skip=0 [32m200[0m 64.271 ms - -[0m
2023-01-19 09:10:11 info: [0mPOST /login [32m200[0m 136.722 ms - 338[0m
2023-01-19 09:10:11 info: [0mGET /api/products/macbook-pro [32m200[0m 110.688 ms - 894[0m
2023-01-19 09:12:38 info: [0mPOST /login [32m200[0m 119.294 ms - 338[0m
2023-01-19 09:12:38 info: [0mPOST /login [32m200[0m 124.546 ms - 338[0m
2023-01-19 09:13:06 info: [0mPOST /login [32m200[0m 117.621 ms - 338[0m
2023-01-19 09:13:06 info: [0mGET /api/attributes/ [33m404[0m 2.609 ms - 154[0m
2023-01-19 09:13:10 info: [0mPOST /login [32m200[0m 209.351 ms - 338[0m
2023-01-19 09:13:10 info: [0mGET /api/attributes/ [33m404[0m 1.273 ms - 154[0m
2023-01-19 09:13:12 info: [0mPOST /login [32m200[0m 170.791 ms - 338[0m
2023-01-19 09:13:12 info: [0mGET /api/attribute/ [32m200[0m 50.207 ms - 31[0m
2023-01-19 09:13:34 info: [0mPOST /login [32m200[0m 215.938 ms - 338[0m
2023-01-19 09:13:34 error: [POST] /secure/api/attribute/ >> StatusCode:: 400, Message:: attributeData is empty
2023-01-19 09:13:34 info: [0mPOST /secure/api/attribute/ [33m400[0m 76.735 ms - 36[0m
2023-01-19 09:13:43 info: [0mPOST /login [32m200[0m 117.821 ms - 338[0m
2023-01-19 09:13:43 error: [POST] /secure/api/attribute/ >> StatusCode:: 400, Message:: Unexpected token } in JSON at position 9
2023-01-19 09:13:43 info: [0mPOST /secure/api/attribute/ [33m400[0m 5.588 ms - 54[0m
2023-01-19 09:13:47 info: [0mPOST /login [32m200[0m 116.017 ms - 338[0m
2023-01-19 09:13:47 error: [POST] /secure/api/attribute/ >> StatusCode:: 400, Message:: attributeData is empty
2023-01-19 09:13:47 info: [0mPOST /secure/api/attribute/ [33m400[0m 49.741 ms - 36[0m
2023-01-19 09:13:57 info: [0mPOST /login [32m200[0m 114.991 ms - 338[0m
2023-01-19 09:13:57 error: [POST] /secure/api/attribute/ >> StatusCode:: 500, Message:: Attribute validation failed: required: Path `required` is required., title: Path `title` is required., type: Path `type` is required.
2023-01-19 09:13:57 info: [0mPOST /secure/api/attribute/ [31m500[0m 56.390 ms - 147[0m
2023-01-19 09:16:43 info: [0mPOST /login [32m200[0m 115.705 ms - 338[0m
2023-01-19 09:16:44 info: [0mPOST /secure/api/attribute/ [32m201[0m 380.641 ms - 225[0m
2023-01-19 09:18:31 info: =================================
2023-01-19 09:18:31 info: ======= ENV: development =======
2023-01-19 09:18:31 info: 🚀 App listening on the port 8000
2023-01-19 09:18:31 info: =================================
2023-01-19 09:18:33 info: =================================
2023-01-19 09:18:33 info: ======= ENV: development =======
2023-01-19 09:18:33 info: 🚀 App listening on the port 8000
2023-01-19 09:18:33 info: =================================
2023-01-19 09:18:42 info: =================================
2023-01-19 09:18:42 info: ======= ENV: development =======
2023-01-19 09:18:42 info: 🚀 App listening on the port 8000
2023-01-19 09:18:42 info: =================================
2023-01-19 09:18:44 info: [0mGET /api/products/category/computers [32m200[0m 187.103 ms - -[0m
2023-01-19 09:18:44 info: [0mGET /api/category [32m200[0m 121.836 ms - -[0m
2023-01-19 09:18:45 info: [0mGET /api/manufacturers [32m200[0m 137.815 ms - 592[0m
2023-01-19 09:18:48 error: [GET] /api/products/macbook-pro >> StatusCode:: 500, Message:: Schema hasn't been registered for model "Attributes".
Use mongoose.model(name, schema)
2023-01-19 09:18:48 info: [0mGET /api/products/macbook-pro [31m500[0m 55.452 ms - 103[0m
2023-01-19 09:18:48 error: [GET] /api/products/macbook-pro >> StatusCode:: 500, Message:: Schema hasn't been registered for model "Attributes".
Use mongoose.model(name, schema)
2023-01-19 09:18:48 info: [0mGET /api/products/macbook-pro [31m500[0m 67.631 ms - 103[0m
2023-01-19 09:19:27 info: =================================
2023-01-19 09:19:27 info: ======= ENV: development =======
2023-01-19 09:19:27 info: 🚀 App listening on the port 8000
2023-01-19 09:19:27 info: =================================
2023-01-19 09:19:30 info: [0mGET /api/products/macbook-pro [32m200[0m 137.099 ms - -[0m
2023-01-19 09:19:30 info: [0mGET /api/reviews/63c179a75758b97301be4069 [32m200[0m 99.692 ms - 608[0m
2023-01-19 09:20:02 info: [0mPOST /login [32m200[0m 161.330 ms - 338[0m
2023-01-19 09:20:02 info: [0mGET /api/attribute/ [32m200[0m 49.845 ms - 219[0m
2023-01-19 09:20:54 info: [0mPOST /login [32m200[0m 116.325 ms - 338[0m
2023-01-19 09:20:54 info: [0mPUT /secure/api/attribute/63c8e04ce6ebc6e0c6b654d1 [33m404[0m 51.549 ms - 184[0m
2023-01-19 09:20:59 info: [0mPOST /login [32m200[0m 115.338 ms - 338[0m
2023-01-19 09:20:59 info: [0mPUT /secure/api/attribute/63c8e04ce6ebc6e0c6b654d1 [33m404[0m 50.711 ms - 184[0m
2023-01-19 09:21:23 info: =================================
2023-01-19 09:21:23 info: ======= ENV: development =======
2023-01-19 09:21:23 info: 🚀 App listening on the port 8000
2023-01-19 09:21:23 info: =================================
2023-01-19 09:21:25 info: =================================
2023-01-19 09:21:25 info: ======= ENV: development =======
2023-01-19 09:21:25 info: 🚀 App listening on the port 8000
2023-01-19 09:21:25 info: =================================
2023-01-19 09:22:01 info: =================================
2023-01-19 09:22:01 info: ======= ENV: development =======
2023-01-19 09:22:01 info: 🚀 App listening on the port 8000
2023-01-19 09:22:01 info: =================================
2023-01-19 09:22:02 info: =================================
2023-01-19 09:22:02 info: ======= ENV: development =======
2023-01-19 09:22:02 info: 🚀 App listening on the port 8000
2023-01-19 09:22:02 info: =================================
2023-01-19 09:22:55 info: =================================
2023-01-19 09:22:55 info: ======= ENV: development =======
2023-01-19 09:22:55 info: 🚀 App listening on the port 8000
2023-01-19 09:22:55 info: =================================
2023-01-19 09:23:12 info: =================================
2023-01-19 09:23:12 info: ======= ENV: development =======
2023-01-19 09:23:12 info: 🚀 App listening on the port 8000
2023-01-19 09:23:12 info: =================================
2023-01-19 09:23:20 info: =================================
2023-01-19 09:23:20 info: ======= ENV: development =======
2023-01-19 09:23:20 info: 🚀 App listening on the port 8000
2023-01-19 09:23:20 info: =================================
2023-01-19 09:23:27 info: =================================
2023-01-19 09:23:27 info: ======= ENV: development =======
2023-01-19 09:23:27 info: 🚀 App listening on the port 8000
2023-01-19 09:23:27 info: =================================
2023-01-19 09:23:29 info: =================================
2023-01-19 09:23:29 info: ======= ENV: development =======
2023-01-19 09:23:29 info: 🚀 App listening on the port 8000
2023-01-19 09:23:29 info: =================================
2023-01-19 09:23:42 info: =================================
2023-01-19 09:23:42 info: ======= ENV: development =======
2023-01-19 09:23:42 info: 🚀 App listening on the port 8000
2023-01-19 09:23:42 info: =================================
2023-01-19 09:23:49 info: =================================
2023-01-19 09:23:49 info: ======= ENV: development =======
2023-01-19 09:23:49 info: 🚀 App listening on the port 8000
2023-01-19 09:23:49 info: =================================
2023-01-19 09:23:56 info: =================================
2023-01-19 09:23:56 info: ======= ENV: development =======
2023-01-19 09:23:56 info: 🚀 App listening on the port 8000
2023-01-19 09:23:56 info: =================================
2023-01-19 09:23:58 info: [0mPOST /login [32m200[0m 828.715 ms - 338[0m
2023-01-19 09:23:58 info: [0mPUT /secure/api/attribute/63c8e04ce6ebc6e0c6b654d1 [32m200[0m 120.412 ms - 225[0m
2023-01-19 09:24:02 info: [0mPOST /login [32m200[0m 165.155 ms - 338[0m
2023-01-19 09:24:02 info: [0mPUT /secure/api/attribute/63c8e04ce6ebc6e0c6b654d1 [32m200[0m 125.183 ms - 225[0m
2023-01-19 09:24:12 info: [0mPOST /login [32m200[0m 354.637 ms - 338[0m
2023-01-19 09:24:13 info: [0mDELETE /secure/api/attribute/63c8e04ce6ebc6e0c6b654d1 [32m200[0m 126.696 ms - 225[0m
2023-01-19 09:24:15 info: [0mPOST /login [32m200[0m 129.036 ms - 338[0m
2023-01-19 09:24:16 info: [0mGET /api/attribute/ [32m200[0m 56.782 ms - 31[0m
2023-01-19 09:24:19 info: [0mPOST /login [32m200[0m 122.475 ms - 338[0m
2023-01-19 09:24:19 info: [0mPOST /secure/api/attribute/ [32m201[0m 116.992 ms - 225[0m
2023-01-19 09:24:22 info: [0mPOST /login [32m200[0m 129.776 ms - 338[0m
2023-01-19 09:24:22 info: [0mGET /api/attribute/ [32m200[0m 59.370 ms - 219[0m
2023-01-19 09:24:30 info: [0mGET /api/products/macbook-pro [32m200[0m 175.973 ms - -[0m
2023-01-19 09:24:30 info: [0mGET /api/reviews/63c179a75758b97301be4069 [32m200[0m 186.119 ms - 608[0m
2023-01-19 09:31:20 info: [0mGET /api/products/macbook-pro [32m200[0m 169.557 ms - -[0m
2023-01-19 09:31:20 info: [0mGET /api/reviews/63c179a75758b97301be4069 [32m200[0m 228.459 ms - 608[0m
2023-01-19 09:40:01 info: [0mGET /api/products/macbook-pro [32m200[0m 174.021 ms - -[0m
2023-01-19 09:40:02 info: [0mGET /api/reviews/63c179a75758b97301be4069 [32m200[0m 150.449 ms - 608[0m
2023-01-19 09:41:13 info: [0mGET /api/products/macbook-pro [32m200[0m 176.336 ms - -[0m
2023-01-19 09:41:13 info: [0mGET /api/reviews/63c179a75758b97301be4069 [32m200[0m 146.872 ms - 608[0m
2023-01-19 09:44:57 info: [0mGET /api/products/macbook-pro [32m200[0m 158.937 ms - -[0m
2023-01-19 09:44:57 info: [0mGET /api/reviews/63c179a75758b97301be4069 [32m200[0m 147.180 ms - 608[0m
2023-01-19 09:45:45 info: [0mGET /api/products/macbook-pro [32m200[0m 373.518 ms - -[0m
2023-01-19 09:45:45 info: [0mGET /api/reviews/63c179a75758b97301be4069 [32m200[0m 112.248 ms - 608[0m
2023-01-19 10:29:09 info: [0mGET /api/products/macbook-pro [32m200[0m 156.354 ms - -[0m
2023-01-19 10:29:09 info: [0mGET /api/reviews/63c179a75758b97301be4069 [32m200[0m 100.953 ms - 608[0m
2023-01-19 10:34:12 info: [0mGET /api/products/macbook-pro [32m200[0m 100.357 ms - -[0m
2023-01-19 10:34:12 info: [0mGET /api/reviews/63c179a75758b97301be4069 [32m200[0m 97.571 ms - 608[0m
2023-01-19 10:34:19 info: [0mGET /api/products/macbook-pro [32m200[0m 101.411 ms - -[0m
2023-01-19 10:34:19 info: [0mGET /api/reviews/63c179a75758b97301be4069 [32m200[0m 98.338 ms - 608[0m
2023-01-19 10:36:44 info: [0mGET /api/products/macbook-pro [32m200[0m 104.446 ms - -[0m
2023-01-19 10:36:44 info: [0mGET /api/reviews/63c179a75758b97301be4069 [32m200[0m 106.645 ms - 608[0m
2023-01-19 10:38:10 info: =================================
2023-01-19 10:38:10 info: ======= ENV: development =======
2023-01-19 10:38:10 info: 🚀 App listening on the port 8000
2023-01-19 10:38:10 info: =================================
2023-01-19 10:38:13 info: =================================
2023-01-19 10:38:13 info: ======= ENV: development =======
2023-01-19 10:38:13 info: 🚀 App listening on the port 8000
2023-01-19 10:38:13 info: =================================
2023-01-19 10:38:16 info: =================================
2023-01-19 10:38:16 info: ======= ENV: development =======
2023-01-19 10:38:16 info: 🚀 App listening on the port 8000
2023-01-19 10:38:16 info: =================================
2023-01-19 10:42:06 info: =================================
2023-01-19 10:42:06 info: ======= ENV: development =======
2023-01-19 10:42:06 info: 🚀 App listening on the port 8000
2023-01-19 10:42:06 info: =================================
2023-01-19 10:42:42 info: =================================
2023-01-19 10:42:42 info: ======= ENV: development =======
2023-01-19 10:42:42 info: 🚀 App listening on the port 8000
2023-01-19 10:42:42 info: =================================
2023-01-19 10:42:48 info: =================================
2023-01-19 10:42:48 info: ======= ENV: development =======
2023-01-19 10:42:48 info: 🚀 App listening on the port 8000
2023-01-19 10:42:48 info: =================================
2023-01-19 10:45:38 info: =================================
2023-01-19 10:45:38 info: ======= ENV: development =======
2023-01-19 10:45:38 info: 🚀 App listening on the port 8000
2023-01-19 10:45:38 info: =================================
2023-01-19 10:45:57 info: =================================
2023-01-19 10:45:57 info: ======= ENV: development =======
2023-01-19 10:45:57 info: 🚀 App listening on the port 8000
2023-01-19 10:45:57 info: =================================
2023-01-19 10:47:27 info: =================================
2023-01-19 10:47:27 info: ======= ENV: development =======
2023-01-19 10:47:27 info: 🚀 App listening on the port 8000
2023-01-19 10:47:27 info: =================================
2023-01-19 10:47:31 info: =================================
2023-01-19 10:47:31 info: ======= ENV: development =======
2023-01-19 10:47:31 info: 🚀 App listening on the port 8000
2023-01-19 10:47:31 info: =================================
2023-01-19 10:48:35 info: =================================
2023-01-19 10:48:35 info: ======= ENV: development =======
2023-01-19 10:48:35 info: 🚀 App listening on the port 8000
2023-01-19 10:48:35 info: =================================
2023-01-19 10:48:39 info: =================================
2023-01-19 10:48:39 info: ======= ENV: development =======
2023-01-19 10:48:39 info: 🚀 App listening on the port 8000
2023-01-19 10:48:39 info: =================================
2023-01-19 10:48:41 info: =================================
2023-01-19 10:48:41 info: ======= ENV: development =======
2023-01-19 10:48:41 info: 🚀 App listening on the port 8000
2023-01-19 10:48:41 info: =================================
2023-01-19 10:48:43 info: =================================
2023-01-19 10:48:43 info: ======= ENV: development =======
2023-01-19 10:48:43 info: 🚀 App listening on the port 8000
2023-01-19 10:48:43 info: =================================
2023-01-19 10:49:46 info: =================================
2023-01-19 10:49:46 info: ======= ENV: development =======
2023-01-19 10:49:46 info: 🚀 App listening on the port 8000
2023-01-19 10:49:46 info: =================================
2023-01-19 10:49:51 info: =================================
2023-01-19 10:49:51 info: ======= ENV: development =======
2023-01-19 10:49:51 info: 🚀 App listening on the port 8000
2023-01-19 10:49:51 info: =================================
2023-01-19 10:50:01 info: =================================
2023-01-19 10:50:01 info: ======= ENV: development =======
2023-01-19 10:50:01 info: 🚀 App listening on the port 8000
2023-01-19 10:50:01 info: =================================
2023-01-19 10:50:06 info: =================================
2023-01-19 10:50:06 info: ======= ENV: development =======
2023-01-19 10:50:06 info: 🚀 App listening on the port 8000
2023-01-19 10:50:06 info: =================================
2023-01-19 10:50:10 info: =================================
2023-01-19 10:50:10 info: ======= ENV: development =======
2023-01-19 10:50:10 info: 🚀 App listening on the port 8000
2023-01-19 10:50:10 info: =================================
2023-01-19 10:50:20 info: =================================
2023-01-19 10:50:20 info: ======= ENV: development =======
2023-01-19 10:50:20 info: 🚀 App listening on the port 8000
2023-01-19 10:50:20 info: =================================
2023-01-19 10:50:31 info: =================================
2023-01-19 10:50:31 info: ======= ENV: development =======
2023-01-19 10:50:31 info: 🚀 App listening on the port 8000
2023-01-19 10:50:31 info: =================================
2023-01-19 10:50:35 info: =================================
2023-01-19 10:50:35 info: ======= ENV: development =======
2023-01-19 10:50:35 info: 🚀 App listening on the port 8000
2023-01-19 10:50:35 info: =================================
2023-01-19 10:50:39 info: =================================
2023-01-19 10:50:39 info: ======= ENV: development =======
2023-01-19 10:50:39 info: 🚀 App listening on the port 8000
2023-01-19 10:50:39 info: =================================
2023-01-19 10:50:41 info: =================================
2023-01-19 10:50:41 info: ======= ENV: development =======
2023-01-19 10:50:41 info: 🚀 App listening on the port 8000
2023-01-19 10:50:41 info: =================================
2023-01-19 10:52:22 info: =================================
2023-01-19 10:52:22 info: ======= ENV: development =======
2023-01-19 10:52:22 info: 🚀 App listening on the port 8000
2023-01-19 10:52:22 info: =================================
2023-01-19 10:52:29 info: =================================
2023-01-19 10:52:29 info: ======= ENV: development =======
2023-01-19 10:52:29 info: 🚀 App listening on the port 8000
2023-01-19 10:52:29 info: =================================
2023-01-19 10:52:31 info: =================================
2023-01-19 10:52:31 info: ======= ENV: development =======
2023-01-19 10:52:31 info: 🚀 App listening on the port 8000
2023-01-19 10:52:31 info: =================================
2023-01-19 10:52:55 info: =================================
2023-01-19 10:52:55 info: ======= ENV: development =======
2023-01-19 10:52:55 info: 🚀 App listening on the port 8000
2023-01-19 10:52:55 info: =================================
2023-01-19 10:54:17 info: =================================
2023-01-19 10:54:17 info: ======= ENV: development =======
2023-01-19 10:54:17 info: 🚀 App listening on the port 8000
2023-01-19 10:54:17 info: =================================
2023-01-19 10:54:20 info: =================================
2023-01-19 10:54:20 info: ======= ENV: development =======
2023-01-19 10:54:20 info: 🚀 App listening on the port 8000
2023-01-19 10:54:20 info: =================================
2023-01-19 10:54:28 info: =================================
2023-01-19 10:54:28 info: ======= ENV: development =======
2023-01-19 10:54:28 info: 🚀 App listening on the port 8000
2023-01-19 10:54:28 info: =================================
2023-01-19 10:55:07 info: =================================
2023-01-19 10:55:07 info: ======= ENV: development =======
2023-01-19 10:55:07 info: 🚀 App listening on the port 8000
2023-01-19 10:55:07 info: =================================
2023-01-19 10:55:13 info: =================================
2023-01-19 10:55:13 info: ======= ENV: development =======
2023-01-19 10:55:13 info: 🚀 App listening on the port 8000
2023-01-19 10:55:13 info: =================================
2023-01-19 10:55:30 info: =================================
2023-01-19 10:55:30 info: ======= ENV: development =======
2023-01-19 10:55:30 info: 🚀 App listening on the port 8000
2023-01-19 10:55:30 info: =================================
2023-01-19 10:55:34 info: =================================
2023-01-19 10:55:34 info: ======= ENV: development =======
2023-01-19 10:55:34 info: 🚀 App listening on the port 8000
2023-01-19 10:55:34 info: =================================
2023-01-19 10:56:45 info: [0mPOST /login [32m200[0m 739.179 ms - 338[0m
2023-01-19 10:56:45 error: [POST] /secure/api/attribute/ >> StatusCode:: 401, Message:: Wrong authentication token
2023-01-19 10:56:45 info: [0mPOST /secure/api/attribute/ [33m401[0m 3.754 ms - 40[0m
2023-01-19 10:56:50 info: [0mPOST /login [32m200[0m 119.125 ms - 338[0m
2023-01-19 10:56:50 info: [0mPOST /login [32m200[0m 117.419 ms - 338[0m
2023-01-19 10:57:05 info: [0mPOST /login [32m200[0m 132.950 ms - 338[0m
2023-01-19 10:57:05 info: [0mPOST /secure/api/attribute/ [32m201[0m 140.567 ms - 216[0m
2023-01-19 10:57:16 info: [0mPOST /login [32m200[0m 131.195 ms - 338[0m
2023-01-19 10:57:17 info: [0mPOST /secure/api/attribute/ [32m201[0m 104.784 ms - 216[0m
2023-01-19 10:57:24 info: =================================
2023-01-19 10:57:24 info: ======= ENV: development =======
2023-01-19 10:57:24 info: 🚀 App listening on the port 8000
2023-01-19 10:57:24 info: =================================
2023-01-19 10:57:25 info: [0mPOST /login [32m200[0m 468.824 ms - 338[0m
2023-01-19 10:57:25 info: [0mPOST /secure/api/attribute/ [32m201[0m 126.569 ms - 216[0m
2023-01-19 10:57:30 info: =================================
2023-01-19 10:57:30 info: ======= ENV: development =======
2023-01-19 10:57:30 info: 🚀 App listening on the port 8000
2023-01-19 10:57:30 info: =================================
2023-01-19 10:57:39 info: =================================
2023-01-19 10:57:39 info: ======= ENV: development =======
2023-01-19 10:57:39 info: 🚀 App listening on the port 8000
2023-01-19 10:57:39 info: =================================
2023-01-19 10:57:40 info: [0mPOST /login [32m200[0m 637.606 ms - 338[0m
2023-01-19 10:57:40 info: [0mPOST /secure/api/attribute/ [32m201[0m 127.374 ms - 216[0m
2023-01-19 10:57:42 info: [0mPOST /login [32m200[0m 131.062 ms - 338[0m
2023-01-19 10:57:43 info: [0mPOST /secure/api/attribute/ [32m201[0m 103.223 ms - 216[0m
2023-01-19 10:58:26 info: =================================
2023-01-19 10:58:26 info: ======= ENV: development =======
2023-01-19 10:58:26 info: 🚀 App listening on the port 8000
2023-01-19 10:58:26 info: =================================
2023-01-19 10:58:42 info: [0mPOST /login [32m200[0m 4712.765 ms - 338[0m
2023-01-19 10:58:42 info: [0mPOST /secure/api/attribute/ [32m201[0m 188.986 ms - 216[0m
2023-01-19 10:58:56 info: =================================
2023-01-19 10:58:56 info: ======= ENV: development =======
2023-01-19 10:58:56 info: 🚀 App listening on the port 8000
2023-01-19 10:58:56 info: =================================
2023-01-19 10:59:05 info: [0mPOST /login [32m200[0m 139.757 ms - 338[0m
2023-01-19 10:59:05 info: [0mPOST /secure/api/attribute/ [32m201[0m 115.313 ms - 216[0m
2023-01-19 10:59:34 info: =================================
2023-01-19 10:59:34 info: ======= ENV: development =======
2023-01-19 10:59:34 info: 🚀 App listening on the port 8000
2023-01-19 10:59:34 info: =================================
2023-01-19 10:59:45 info: [0mPOST /login [32m200[0m 215.355 ms - 338[0m
2023-01-19 10:59:48 info: [0mPOST /secure/api/attribute/ [32m201[0m 2662.540 ms - 216[0m
2023-01-19 11:00:09 info: =================================
2023-01-19 11:00:09 info: ======= ENV: development =======
2023-01-19 11:00:09 info: 🚀 App listening on the port 8000
2023-01-19 11:00:09 info: =================================
2023-01-19 11:01:09 info: =================================
2023-01-19 11:01:09 info: ======= ENV: development =======
2023-01-19 11:01:09 info: 🚀 App listening on the port 8000
2023-01-19 11:01:09 info: =================================
2023-01-19 11:01:25 info: [0mPOST /login [32m200[0m 152.678 ms - 338[0m
2023-01-19 11:01:26 info: [0mPOST /secure/api/attribute/ [32m201[0m 158.000 ms - 216[0m
2023-01-19 11:01:48 info: [0mPOST /login [32m200[0m 133.176 ms - 338[0m
2023-01-19 11:01:48 error: [POST] /secure/api/attribute/ >> StatusCode:: 500, Message:: Attribute validation failed: title: Path `title` is required.
2023-01-19 11:01:48 info: [0mPOST /secure/api/attribute/ [31m500[0m 61.629 ms - 75[0m
2023-01-19 11:01:58 info: [0mPOST /login [32m200[0m 113.784 ms - 338[0m
2023-01-19 11:01:59 info: [0mPOST /secure/api/attribute/ [32m201[0m 116.517 ms - 216[0m
2023-01-19 11:02:15 info: =================================
2023-01-19 11:02:15 info: ======= ENV: development =======
2023-01-19 11:02:15 info: 🚀 App listening on the port 8000
2023-01-19 11:02:15 info: =================================
2023-01-19 11:02:20 info: [0mPOST /login [32m200[0m 170.446 ms - 338[0m
2023-01-19 11:02:20 info: [0mPOST /secure/api/attribute/ [32m201[0m 154.472 ms - 216[0m
2023-01-19 11:02:44 info: =================================
2023-01-19 11:02:44 info: ======= ENV: development =======
2023-01-19 11:02:44 info: 🚀 App listening on the port 8000
2023-01-19 11:02:44 info: =================================
2023-01-19 11:02:52 info: [0mPOST /login [32m200[0m 157.381 ms - 338[0m
2023-01-19 11:02:52 info: [0mPOST /secure/api/attribute/ [32m201[0m 221.011 ms - 216[0m
2023-01-19 11:03:01 info: =================================
2023-01-19 11:03:01 info: ======= ENV: development =======
2023-01-19 11:03:01 info: 🚀 App listening on the port 8000
2023-01-19 11:03:01 info: =================================
2023-01-19 11:03:07 info: =================================
2023-01-19 11:03:07 info: ======= ENV: development =======
2023-01-19 11:03:07 info: 🚀 App listening on the port 8000
2023-01-19 11:03:07 info: =================================
2023-01-19 11:03:23 info: [0mPOST /login [32m200[0m 157.615 ms - 338[0m
2023-01-19 11:03:23 info: [0mPOST /secure/api/attribute/ [32m201[0m 149.921 ms - 216[0m
2023-01-19 11:04:09 info: =================================
2023-01-19 11:04:09 info: ======= ENV: development =======
2023-01-19 11:04:09 info: 🚀 App listening on the port 8000
2023-01-19 11:04:09 info: =================================
2023-01-19 11:04:15 info: [0mPOST /login [32m200[0m 153.643 ms - 338[0m
2023-01-19 11:04:15 info: [0mPOST /secure/api/attribute/ [32m201[0m 142.850 ms - 216[0m
2023-01-19 11:04:28 info: =================================
2023-01-19 11:04:28 info: ======= ENV: development =======
2023-01-19 11:04:28 info: 🚀 App listening on the port 8000
2023-01-19 11:04:28 info: =================================
2023-01-19 11:04:30 info: [0mPOST /login [32m200[0m 146.178 ms - 338[0m
2023-01-19 11:04:30 info: [0mPOST /secure/api/attribute/ [32m201[0m 117.554 ms - 216[0m
2023-01-19 11:08:57 info: =================================
2023-01-19 11:08:57 info: ======= ENV: development =======
2023-01-19 11:08:57 info: 🚀 App listening on the port 8000
2023-01-19 11:08:57 info: =================================
2023-01-19 11:09:02 info: =================================
2023-01-19 11:09:02 info: ======= ENV: development =======
2023-01-19 11:09:02 info: 🚀 App listening on the port 8000
2023-01-19 11:09:02 info: =================================
2023-01-19 11:09:08 info: [0mPOST /login [32m200[0m 2314.325 ms - 338[0m
2023-01-19 11:09:11 info: [0mPOST /secure/api/attribute/ [32m201[0m 2387.360 ms - 216[0m
2023-01-19 11:09:31 info: =================================
2023-01-19 11:09:31 info: ======= ENV: development =======
2023-01-19 11:09:31 info: 🚀 App listening on the port 8000
2023-01-19 11:09:31 info: =================================
2023-01-19 11:09:47 info: [0mPOST /login [32m200[0m 172.428 ms - 338[0m
2023-01-19 11:09:47 info: [0mPOST /secure/api/attribute/ [32m201[0m 115.372 ms - 216[0m
2023-01-19 11:10:09 info: =================================
2023-01-19 11:10:09 info: ======= ENV: development =======
2023-01-19 11:10:09 info: 🚀 App listening on the port 8000
2023-01-19 11:10:09 info: =================================
2023-01-19 11:10:14 info: =================================
2023-01-19 11:10:14 info: ======= ENV: development =======
2023-01-19 11:10:14 info: 🚀 App listening on the port 8000
2023-01-19 11:10:14 info: =================================
2023-01-19 11:10:18 info: =================================
2023-01-19 11:10:18 info: ======= ENV: development =======
2023-01-19 11:10:18 info: 🚀 App listening on the port 8000
2023-01-19 11:10:18 info: =================================
2023-01-19 11:10:37 info: =================================
2023-01-19 11:10:37 info: ======= ENV: development =======
2023-01-19 11:10:37 info: 🚀 App listening on the port 8000
2023-01-19 11:10:37 info: =================================
2023-01-19 11:10:47 info: [0mPOST /login [32m200[0m 140.903 ms - 338[0m
2023-01-19 11:10:47 info: [0mPOST /secure/api/attribute/ [32m201[0m 118.277 ms - 216[0m
2023-01-19 11:11:02 info: =================================
2023-01-19 11:11:02 info: ======= ENV: development =======
2023-01-19 11:11:02 info: 🚀 App listening on the port 8000
2023-01-19 11:11:02 info: =================================
2023-01-19 11:11:22 info: [0mPOST /login [32m200[0m 221.862 ms - 338[0m
2023-01-19 11:11:24 info: [0mPOST /secure/api/attribute/ [32m201[0m 2269.560 ms - 216[0m
2023-01-19 11:12:08 info: =================================
2023-01-19 11:12:08 info: ======= ENV: development =======
2023-01-19 11:12:08 info: 🚀 App listening on the port 8000
2023-01-19 11:12:08 info: =================================
2023-01-19 11:12:17 info: =================================
2023-01-19 11:12:17 info: ======= ENV: development =======
2023-01-19 11:12:17 info: 🚀 App listening on the port 8000
2023-01-19 11:12:17 info: =================================
2023-01-19 11:23:38 info: =================================
2023-01-19 11:23:38 info: ======= ENV: development =======
2023-01-19 11:23:38 info: 🚀 App listening on the port 8000
2023-01-19 11:23:38 info: =================================
2023-01-19 11:23:59 info: =================================
2023-01-19 11:23:59 info: ======= ENV: development =======
2023-01-19 11:23:59 info: 🚀 App listening on the port 8000
2023-01-19 11:23:59 info: =================================
2023-01-19 11:24:02 info: =================================
2023-01-19 11:24:02 info: ======= ENV: development =======
2023-01-19 11:24:02 info: 🚀 App listening on the port 8000
2023-01-19 11:24:02 info: =================================
2023-01-19 11:24:05 info: [0mPOST /login [32m200[0m 151.663 ms - 338[0m
2023-01-19 11:24:05 info: [0mPOST /secure/api/attribute/ [32m201[0m 131.351 ms - 216[0m
2023-01-19 11:26:28 info: =================================
2023-01-19 11:26:28 info: ======= ENV: development =======
2023-01-19 11:26:28 info: 🚀 App listening on the port 8000
2023-01-19 11:26:28 info: =================================
2023-01-19 11:26:33 info: [0mPOST /login [32m200[0m 213.165 ms - 338[0m
2023-01-19 11:26:34 info: [0mPOST /secure/api/attribute/ [32m201[0m 189.393 ms - 216[0m
2023-01-19 11:26:53 info: =================================
2023-01-19 11:26:53 info: ======= ENV: development =======
2023-01-19 11:26:53 info: 🚀 App listening on the port 8000
2023-01-19 11:26:53 info: =================================
2023-01-19 11:27:09 info: [0mPOST /login [32m200[0m 161.723 ms - 338[0m
2023-01-19 11:27:09 info: [0mPOST /secure/api/attribute/ [32m201[0m 123.344 ms - 216[0m
2023-01-19 11:27:25 info: =================================
2023-01-19 11:27:25 info: ======= ENV: development =======
2023-01-19 11:27:25 info: 🚀 App listening on the port 8000
2023-01-19 11:27:25 info: =================================
2023-01-19 11:28:00 info: =================================
2023-01-19 11:28:00 info: ======= ENV: development =======
2023-01-19 11:28:00 info: 🚀 App listening on the port 8000
2023-01-19 11:28:00 info: =================================
2023-01-19 11:28:47 info: [0mPOST /login [32m200[0m 156.085 ms - 338[0m
2023-01-19 11:28:48 error: [POST] /secure/api/attribute/ >> StatusCode:: 400, Message:: Unexpected token } in JSON at position 81
2023-01-19 11:28:48 info: [0mPOST /secure/api/attribute/ [33m400[0m 4.759 ms - 55[0m
2023-01-19 11:28:51 info: [0mPOST /login [32m200[0m 124.002 ms - 338[0m
2023-01-19 11:28:52 error: [POST] /secure/api/attribute/ >> StatusCode:: 500, Message:: Attribute validation failed: required: Path `required` is required.
2023-01-19 11:28:52 info: [0mPOST /secure/api/attribute/ [31m500[0m 74.053 ms - 81[0m
2023-01-19 11:31:33 info: =================================
2023-01-19 11:31:33 info: ======= ENV: development =======
2023-01-19 11:31:33 info: 🚀 App listening on the port 8000
2023-01-19 11:31:33 info: =================================
2023-01-19 11:31:36 info: =================================
2023-01-19 11:31:36 info: ======= ENV: development =======
2023-01-19 11:31:36 info: 🚀 App listening on the port 8000
2023-01-19 11:31:36 info: =================================
2023-01-19 11:31:44 info: [0mPOST /login [32m200[0m 202.624 ms - 338[0m
2023-01-19 11:31:44 error: [POST] /secure/api/attribute/ >> StatusCode:: 400, Message:: Unexpected token / in JSON at position 56
2023-01-19 11:31:44 info: [0mPOST /secure/api/attribute/ [33m400[0m 3.561 ms - 55[0m
2023-01-19 11:31:49 info: [0mPOST /login [32m200[0m 160.450 ms - 338[0m
2023-01-19 11:31:49 info: [0mPOST /secure/api/attribute/ [32m201[0m 164.150 ms - 216[0m
2023-01-19 11:32:30 info: =================================
2023-01-19 11:32:30 info: ======= ENV: development =======
2023-01-19 11:32:30 info: 🚀 App listening on the port 8000
2023-01-19 11:32:30 info: =================================
2023-01-19 11:32:36 info: =================================
2023-01-19 11:32:36 info: ======= ENV: development =======
2023-01-19 11:32:36 info: 🚀 App listening on the port 8000
2023-01-19 11:32:36 info: =================================
2023-01-19 11:32:41 info: =================================
2023-01-19 11:32:41 info: ======= ENV: development =======
2023-01-19 11:32:41 info: 🚀 App listening on the port 8000
2023-01-19 11:32:41 info: =================================
2023-01-19 11:32:53 info: =================================
2023-01-19 11:32:53 info: ======= ENV: development =======
2023-01-19 11:32:53 info: 🚀 App listening on the port 8000
2023-01-19 11:32:53 info: =================================
2023-01-19 11:32:55 info: [0mPOST /login [32m200[0m 808.434 ms - 338[0m
2023-01-19 11:32:55 info: [0mPOST /secure/api/attribute/ [32m201[0m 118.876 ms - 216[0m
2023-01-19 11:33:19 info: =================================
2023-01-19 11:33:19 info: ======= ENV: development =======
2023-01-19 11:33:19 info: 🚀 App listening on the port 8000
2023-01-19 11:33:19 info: =================================
2023-01-19 11:33:24 info: [0mPOST /login [32m200[0m 155.487 ms - 338[0m
2023-01-19 11:33:24 info: [0mPOST /secure/api/attribute/ [32m201[0m 135.271 ms - 216[0m
2023-01-19 11:33:44 info: =================================
2023-01-19 11:33:44 info: ======= ENV: development =======
2023-01-19 11:33:44 info: 🚀 App listening on the port 8000
2023-01-19 11:33:44 info: =================================
2023-01-19 11:33:48 info: =================================
2023-01-19 11:33:48 info: ======= ENV: development =======
2023-01-19 11:33:48 info: 🚀 App listening on the port 8000
2023-01-19 11:33:48 info: =================================
2023-01-19 11:33:51 info: =================================
2023-01-19 11:33:51 info: ======= ENV: development =======
2023-01-19 11:33:51 info: 🚀 App listening on the port 8000
2023-01-19 11:33:51 info: =================================
2023-01-19 11:33:53 info: =================================
2023-01-19 11:33:53 info: ======= ENV: development =======
2023-01-19 11:33:53 info: 🚀 App listening on the port 8000
2023-01-19 11:33:53 info: =================================
2023-01-19 11:35:52 info: =================================
2023-01-19 11:35:52 info: ======= ENV: development =======
2023-01-19 11:35:52 info: 🚀 App listening on the port 8000
2023-01-19 11:35:52 info: =================================
2023-01-19 11:35:57 info: [0mGET /api/products/macbook-pro [32m200[0m 128.845 ms - 894[0m
2023-01-19 11:35:57 info: [0mGET /api/reviews/63c179a75758b97301be4069 [32m200[0m 107.249 ms - 608[0m
2023-01-19 11:37:15 info: [0mGET /api/products/macbook-pro [32m200[0m 105.264 ms - 894[0m
2023-01-19 11:37:15 info: [0mGET /api/reviews/63c179a75758b97301be4069 [32m200[0m 146.750 ms - 608[0m
2023-01-19 11:37:42 info: [0mGET /api/products/macbook-pro [32m200[0m 109.075 ms - 894[0m
2023-01-19 11:37:42 info: [0mGET /api/reviews/63c179a75758b97301be4069 [32m200[0m 363.389 ms - 608[0m
2023-01-19 11:38:14 info: [0mPOST /login [32m200[0m 144.462 ms - 338[0m
2023-01-19 11:38:14 info: [0mGET /api/attribute/ [32m200[0m 48.660 ms - 207[0m
2023-01-19 11:39:07 info: [0mGET /api/products/macbook-pro [32m200[0m 110.166 ms - 894[0m
2023-01-19 11:39:07 info: [0mGET /api/reviews/63c179a75758b97301be4069 [32m200[0m 105.870 ms - 608[0m
2023-01-19 11:39:12 info: [0mGET /api/products/macbook-pro [32m200[0m 708.128 ms - 894[0m
2023-01-19 11:39:12 info: [0mGET /api/reviews/63c179a75758b97301be4069 [32m200[0m 98.933 ms - 608[0m
2023-01-19 11:39:23 info: [0mGET /api/products/macbook-pro [32m200[0m 4550.496 ms - 894[0m
2023-01-19 11:39:23 info: [0mGET /api/reviews/63c179a75758b97301be4069 [32m200[0m 540.532 ms - 608[0m
2023-01-19 11:40:32 info: [0mGET /api/products/macbook-pro [32m200[0m 189.727 ms - 894[0m
2023-01-19 11:40:32 info: [0mGET /api/reviews/63c179a75758b97301be4069 [32m200[0m 110.443 ms - 608[0m
2023-01-19 11:40:55 info: [0mGET /api/products/macbook-pro [32m200[0m 114.787 ms - -[0m
2023-01-19 11:40:55 info: [0mGET /api/reviews/63c179a75758b97301be4069 [32m200[0m 123.208 ms - 608[0m
2023-01-19 11:42:15 info: [0mGET /api/products/macbook-pro [32m200[0m 122.005 ms - -[0m
2023-01-19 11:42:16 info: [0mGET /api/reviews/63c179a75758b97301be4069 [32m200[0m 100.864 ms - 608[0m
2023-01-19 11:42:57 info: [0mGET /api/products/macbook-pro [32m200[0m 106.284 ms - -[0m
2023-01-19 11:42:57 info: [0mGET /api/reviews/63c179a75758b97301be4069 [32m200[0m 106.472 ms - 608[0m
2023-01-19 11:43:09 info: [0mGET /api/products/macbook-pro [32m200[0m 1555.703 ms - -[0m
2023-01-19 11:43:09 info: [0mGET /api/reviews/63c179a75758b97301be4069 [32m200[0m 102.131 ms - 608[0m
2023-01-19 11:47:36 info: [0mGET /api/products/macbook-pro [32m200[0m 2568.877 ms - -[0m
2023-01-19 11:47:36 info: [0mGET /api/reviews/63c179a75758b97301be4069 [32m200[0m 310.573 ms - 608[0m
2023-01-19 11:50:11 error: [GET] /api/category >> StatusCode:: 500, Message:: connection <monitor> to 3.121.35.97:27017 timed out
2023-01-19 11:50:11 info: [0mGET /api/category [31m500[0m 30002.152 ms - 65[0m
2023-01-19 11:50:24 info: [0mGET /api/category [32m200[0m 8368.565 ms - -[0m
2023-01-19 11:50:32 info: [0mGET /api/products?limit=4&skip=0 [32m200[0m 8151.651 ms - -[0m
2023-01-19 11:50:33 info: [0mGET /api/category [32m200[0m 19526.865 ms - -[0m
2023-01-19 11:50:33 info: [0mGET /api/products?limit=4&skip=0 [32m200[0m 55.543 ms - -[0m
2023-01-19 12:06:05 info: =================================
2023-01-19 12:06:05 info: ======= ENV: development =======
2023-01-19 12:06:05 info: 🚀 App listening on the port 8000
2023-01-19 12:06:05 info: =================================
2023-01-19 12:08:17 info: =================================
2023-01-19 12:08:17 info: ======= ENV: development =======
2023-01-19 12:08:17 info: 🚀 App listening on the port 8000
2023-01-19 12:08:17 info: =================================
2023-01-19 12:08:30 info: =================================
2023-01-19 12:08:30 info: ======= ENV: development =======
2023-01-19 12:08:30 info: 🚀 App listening on the port 8000
2023-01-19 12:08:30 info: =================================
2023-01-19 12:08:40 info: =================================
2023-01-19 12:08:40 info: ======= ENV: development =======
2023-01-19 12:08:40 info: 🚀 App listening on the port 8000
2023-01-19 12:08:40 info: =================================
2023-01-19 12:08:46 info: =================================
2023-01-19 12:08:46 info: ======= ENV: development =======
2023-01-19 12:08:46 info: 🚀 App listening on the port 8000
2023-01-19 12:08:46 info: =================================
2023-01-19 12:08:53 info: =================================
2023-01-19 12:08:53 info: ======= ENV: development =======
2023-01-19 12:08:53 info: 🚀 App listening on the port 8000
2023-01-19 12:08:53 info: =================================
2023-01-19 12:08:56 info: =================================
2023-01-19 12:08:56 info: ======= ENV: development =======
2023-01-19 12:08:56 info: 🚀 App listening on the port 8000
2023-01-19 12:08:56 info: =================================
2023-01-19 12:08:58 info: =================================
2023-01-19 12:08:58 info: ======= ENV: development =======
2023-01-19 12:08:58 info: 🚀 App listening on the port 8000
2023-01-19 12:08:58 info: =================================
2023-01-19 12:09:06 info: =================================
2023-01-19 12:09:06 info: ======= ENV: development =======
2023-01-19 12:09:06 info: 🚀 App listening on the port 8000
2023-01-19 12:09:06 info: =================================
2023-01-19 12:09:11 info: =================================
2023-01-19 12:09:11 info: ======= ENV: development =======
2023-01-19 12:09:11 info: 🚀 App listening on the port 8000
2023-01-19 12:09:11 info: =================================
2023-01-19 12:09:17 info: =================================
2023-01-19 12:09:17 info: ======= ENV: development =======
2023-01-19 12:09:17 info: 🚀 App listening on the port 8000
2023-01-19 12:09:17 info: =================================
2023-01-19 12:09:19 info: =================================
2023-01-19 12:09:19 info: ======= ENV: development =======
2023-01-19 12:09:19 info: 🚀 App listening on the port 8000
2023-01-19 12:09:19 info: =================================
2023-01-19 12:09:24 info: =================================
2023-01-19 12:09:24 info: ======= ENV: development =======
2023-01-19 12:09:24 info: 🚀 App listening on the port 8000
2023-01-19 12:09:24 info: =================================
2023-01-19 12:09:36 info: =================================
2023-01-19 12:09:36 info: ======= ENV: development =======
2023-01-19 12:09:36 info: 🚀 App listening on the port 8000
2023-01-19 12:09:36 info: =================================
2023-01-19 12:09:40 info: =================================
2023-01-19 12:09:40 info: ======= ENV: development =======
2023-01-19 12:09:40 info: 🚀 App listening on the port 8000
2023-01-19 12:09:40 info: =================================
2023-01-19 12:09:48 info: =================================
2023-01-19 12:09:48 info: ======= ENV: development =======
2023-01-19 12:09:48 info: 🚀 App listening on the port 8000
2023-01-19 12:09:48 info: =================================
2023-01-19 12:09:53 info: =================================
2023-01-19 12:09:53 info: ======= ENV: development =======
2023-01-19 12:09:53 info: 🚀 App listening on the port 8000
2023-01-19 12:09:53 info: =================================
2023-01-19 12:10:04 info: =================================
2023-01-19 12:10:04 info: ======= ENV: development =======
2023-01-19 12:10:04 info: 🚀 App listening on the port 8000
2023-01-19 12:10:04 info: =================================
2023-01-19 12:10:09 info: =================================
2023-01-19 12:10:09 info: ======= ENV: development =======
2023-01-19 12:10:09 info: 🚀 App listening on the port 8000
2023-01-19 12:10:09 info: =================================
2023-01-19 12:10:16 info: =================================
2023-01-19 12:10:16 info: ======= ENV: development =======
2023-01-19 12:10:16 info: 🚀 App listening on the port 8000
2023-01-19 12:10:16 info: =================================
2023-01-19 12:10:25 info: =================================
2023-01-19 12:10:25 info: ======= ENV: development =======
2023-01-19 12:10:25 info: 🚀 App listening on the port 8000
2023-01-19 12:10:25 info: =================================
2023-01-19 12:10:31 info: =================================
2023-01-19 12:10:31 info: ======= ENV: development =======
2023-01-19 12:10:31 info: 🚀 App listening on the port 8000
2023-01-19 12:10:31 info: =================================
2023-01-19 12:10:34 info: =================================
2023-01-19 12:10:34 info: ======= ENV: development =======
2023-01-19 12:10:34 info: 🚀 App listening on the port 8000
2023-01-19 12:10:34 info: =================================
2023-01-19 12:10:39 info: =================================
2023-01-19 12:10:39 info: ======= ENV: development =======
2023-01-19 12:10:39 info: 🚀 App listening on the port 8000
2023-01-19 12:10:39 info: =================================
2023-01-19 12:11:15 info: =================================
2023-01-19 12:11:15 info: ======= ENV: development =======
2023-01-19 12:11:15 info: 🚀 App listening on the port 8000
2023-01-19 12:11:15 info: =================================
2023-01-19 12:11:21 info: =================================
2023-01-19 12:11:21 info: ======= ENV: development =======
2023-01-19 12:11:21 info: 🚀 App listening on the port 8000
2023-01-19 12:11:21 info: =================================
2023-01-19 12:11:24 info: =================================
2023-01-19 12:11:24 info: ======= ENV: development =======
2023-01-19 12:11:24 info: 🚀 App listening on the port 8000
2023-01-19 12:11:24 info: =================================
2023-01-19 12:11:33 info: =================================
2023-01-19 12:11:33 info: ======= ENV: development =======
2023-01-19 12:11:33 info: 🚀 App listening on the port 8000
2023-01-19 12:11:33 info: =================================
2023-01-19 12:11:37 info: =================================
2023-01-19 12:11:37 info: ======= ENV: development =======
2023-01-19 12:11:37 info: 🚀 App listening on the port 8000
2023-01-19 12:11:37 info: =================================
2023-01-19 12:11:46 info: =================================
2023-01-19 12:11:46 info: ======= ENV: development =======
2023-01-19 12:11:46 info: 🚀 App listening on the port 8000
2023-01-19 12:11:46 info: =================================
2023-01-19 12:11:48 info: =================================
2023-01-19 12:11:48 info: ======= ENV: development =======
2023-01-19 12:11:48 info: 🚀 App listening on the port 8000
2023-01-19 12:11:48 info: =================================
2023-01-19 12:11:57 info: =================================
2023-01-19 12:11:57 info: ======= ENV: development =======
2023-01-19 12:11:57 info: 🚀 App listening on the port 8000
2023-01-19 12:11:57 info: =================================
2023-01-19 12:12:15 info: =================================
2023-01-19 12:12:15 info: ======= ENV: development =======
2023-01-19 12:12:15 info: 🚀 App listening on the port 8000
2023-01-19 12:12:15 info: =================================
2023-01-19 12:12:22 info: =================================
2023-01-19 12:12:22 info: ======= ENV: development =======
2023-01-19 12:12:22 info: 🚀 App listening on the port 8000
2023-01-19 12:12:22 info: =================================
2023-01-19 12:12:28 info: =================================
2023-01-19 12:12:28 info: ======= ENV: development =======
2023-01-19 12:12:28 info: 🚀 App listening on the port 8000
2023-01-19 12:12:28 info: =================================
2023-01-19 12:12:32 info: =================================
2023-01-19 12:12:32 info: ======= ENV: development =======
2023-01-19 12:12:32 info: 🚀 App listening on the port 8000
2023-01-19 12:12:32 info: =================================
2023-01-19 12:12:46 info: =================================
2023-01-19 12:12:46 info: ======= ENV: development =======
2023-01-19 12:12:46 info: 🚀 App listening on the port 8000
2023-01-19 12:12:46 info: =================================
2023-01-19 12:12:57 info: =================================
2023-01-19 12:12:57 info: ======= ENV: development =======
2023-01-19 12:12:57 info: 🚀 App listening on the port 8000
2023-01-19 12:12:57 info: =================================
2023-01-19 12:13:12 info: =================================
2023-01-19 12:13:12 info: ======= ENV: development =======
2023-01-19 12:13:12 info: 🚀 App listening on the port 8000
2023-01-19 12:13:12 info: =================================
2023-01-19 12:13:20 info: =================================
2023-01-19 12:13:20 info: ======= ENV: development =======
2023-01-19 12:13:20 info: 🚀 App listening on the port 8000
2023-01-19 12:13:20 info: =================================
2023-01-19 12:13:35 info: =================================
2023-01-19 12:13:35 info: ======= ENV: development =======
2023-01-19 12:13:35 info: 🚀 App listening on the port 8000
2023-01-19 12:13:35 info: =================================
2023-01-19 12:13:43 info: =================================
2023-01-19 12:13:43 info: ======= ENV: development =======
2023-01-19 12:13:43 info: 🚀 App listening on the port 8000
2023-01-19 12:13:43 info: =================================
2023-01-19 12:13:47 info: =================================
2023-01-19 12:13:47 info: ======= ENV: development =======
2023-01-19 12:13:47 info: 🚀 App listening on the port 8000
2023-01-19 12:13:47 info: =================================
2023-01-19 12:13:49 info: =================================
2023-01-19 12:13:49 info: ======= ENV: development =======
2023-01-19 12:13:49 info: 🚀 App listening on the port 8000
2023-01-19 12:13:49 info: =================================
2023-01-19 12:13:52 info: =================================
2023-01-19 12:13:52 info: ======= ENV: development =======
2023-01-19 12:13:52 info: 🚀 App listening on the port 8000
2023-01-19 12:13:52 info: =================================
2023-01-19 12:13:54 info: =================================
2023-01-19 12:13:54 info: ======= ENV: development =======
2023-01-19 12:13:54 info: 🚀 App listening on the port 8000
2023-01-19 12:13:54 info: =================================
2023-01-19 12:13:56 info: =================================
2023-01-19 12:13:56 info: ======= ENV: development =======
2023-01-19 12:13:56 info: 🚀 App listening on the port 8000
2023-01-19 12:13:56 info: =================================
2023-01-19 12:14:07 info: =================================
2023-01-19 12:14:07 info: ======= ENV: development =======
2023-01-19 12:14:07 info: 🚀 App listening on the port 8000
2023-01-19 12:14:07 info: =================================
2023-01-19 12:14:21 info: =================================
2023-01-19 12:14:21 info: ======= ENV: development =======
2023-01-19 12:14:21 info: 🚀 App listening on the port 8000
2023-01-19 12:14:21 info: =================================
2023-01-19 12:14:29 info: =================================
2023-01-19 12:14:29 info: ======= ENV: development =======
2023-01-19 12:14:29 info: 🚀 App listening on the port 8000
2023-01-19 12:14:29 info: =================================
2023-01-19 12:14:32 info: =================================
2023-01-19 12:14:32 info: ======= ENV: development =======
2023-01-19 12:14:32 info: 🚀 App listening on the port 8000
2023-01-19 12:14:32 info: =================================
2023-01-19 12:14:35 info: =================================
2023-01-19 12:14:35 info: ======= ENV: development =======
2023-01-19 12:14:35 info: 🚀 App listening on the port 8000
2023-01-19 12:14:35 info: =================================
2023-01-19 12:14:39 info: =================================
2023-01-19 12:14:39 info: ======= ENV: development =======
2023-01-19 12:14:39 info: 🚀 App listening on the port 8000
2023-01-19 12:14:39 info: =================================
2023-01-19 12:14:41 info: =================================
2023-01-19 12:14:41 info: ======= ENV: development =======
2023-01-19 12:14:41 info: 🚀 App listening on the port 8000
2023-01-19 12:14:41 info: =================================
2023-01-19 12:14:44 info: =================================
2023-01-19 12:14:44 info: ======= ENV: development =======
2023-01-19 12:14:44 info: 🚀 App listening on the port 8000
2023-01-19 12:14:44 info: =================================
2023-01-19 12:15:42 info: =================================
2023-01-19 12:15:42 info: ======= ENV: development =======
2023-01-19 12:15:42 info: 🚀 App listening on the port 8000
2023-01-19 12:15:42 info: =================================
2023-01-19 12:15:52 info: =================================
2023-01-19 12:15:52 info: ======= ENV: development =======
2023-01-19 12:15:52 info: 🚀 App listening on the port 8000
2023-01-19 12:15:52 info: =================================
2023-01-19 12:16:05 info: =================================
2023-01-19 12:16:05 info: ======= ENV: development =======
2023-01-19 12:16:05 info: 🚀 App listening on the port 8000
2023-01-19 12:16:05 info: =================================
2023-01-19 12:16:08 info: =================================
2023-01-19 12:16:08 info: ======= ENV: development =======
2023-01-19 12:16:08 info: 🚀 App listening on the port 8000
2023-01-19 12:16:08 info: =================================
2023-01-19 12:16:11 info: =================================
2023-01-19 12:16:11 info: ======= ENV: development =======
2023-01-19 12:16:11 info: 🚀 App listening on the port 8000
2023-01-19 12:16:11 info: =================================
2023-01-19 12:16:17 info: =================================
2023-01-19 12:16:17 info: ======= ENV: development =======
2023-01-19 12:16:17 info: 🚀 App listening on the port 8000
2023-01-19 12:16:17 info: =================================
2023-01-19 12:16:36 info: =================================
2023-01-19 12:16:36 info: ======= ENV: development =======
2023-01-19 12:16:36 info: 🚀 App listening on the port 8000
2023-01-19 12:16:36 info: =================================
2023-01-19 12:16:45 info: =================================
2023-01-19 12:16:45 info: ======= ENV: development =======
2023-01-19 12:16:45 info: 🚀 App listening on the port 8000
2023-01-19 12:16:45 info: =================================
2023-01-19 12:16:50 info: =================================
2023-01-19 12:16:50 info: ======= ENV: development =======
2023-01-19 12:16:50 info: 🚀 App listening on the port 8000
2023-01-19 12:16:50 info: =================================
2023-01-19 12:16:59 info: =================================
2023-01-19 12:16:59 info: ======= ENV: development =======
2023-01-19 12:16:59 info: 🚀 App listening on the port 8000
2023-01-19 12:16:59 info: =================================
2023-01-19 12:17:12 info: =================================
2023-01-19 12:17:12 info: ======= ENV: development =======
2023-01-19 12:17:12 info: 🚀 App listening on the port 8000
2023-01-19 12:17:12 info: =================================
2023-01-19 12:17:18 info: =================================
2023-01-19 12:17:18 info: ======= ENV: development =======
2023-01-19 12:17:18 info: 🚀 App listening on the port 8000
2023-01-19 12:17:18 info: =================================
2023-01-19 12:17:21 info: =================================
2023-01-19 12:17:21 info: ======= ENV: development =======
2023-01-19 12:17:21 info: 🚀 App listening on the port 8000
2023-01-19 12:17:21 info: =================================
2023-01-19 12:17:26 info: =================================
2023-01-19 12:17:26 info: ======= ENV: development =======
2023-01-19 12:17:26 info: 🚀 App listening on the port 8000
2023-01-19 12:17:26 info: =================================
2023-01-19 12:17:36 info: =================================
2023-01-19 12:17:36 info: ======= ENV: development =======
2023-01-19 12:17:36 info: 🚀 App listening on the port 8000
2023-01-19 12:17:36 info: =================================
2023-01-19 12:17:43 info: =================================
2023-01-19 12:17:43 info: ======= ENV: development =======
2023-01-19 12:17:43 info: 🚀 App listening on the port 8000
2023-01-19 12:17:43 info: =================================
2023-01-19 12:17:46 info: =================================
2023-01-19 12:17:46 info: ======= ENV: development =======
2023-01-19 12:17:46 info: 🚀 App listening on the port 8000
2023-01-19 12:17:46 info: =================================
2023-01-19 12:17:53 info: =================================
2023-01-19 12:17:53 info: ======= ENV: development =======
2023-01-19 12:17:53 info: 🚀 App listening on the port 8000
2023-01-19 12:17:53 info: =================================
2023-01-19 12:17:56 info: =================================
2023-01-19 12:17:56 info: ======= ENV: development =======
2023-01-19 12:17:56 info: 🚀 App listening on the port 8000
2023-01-19 12:17:56 info: =================================
2023-01-19 12:18:03 info: =================================
2023-01-19 12:18:03 info: ======= ENV: development =======
2023-01-19 12:18:03 info: 🚀 App listening on the port 8000
2023-01-19 12:18:03 info: =================================
2023-01-19 12:18:05 info: =================================
2023-01-19 12:18:05 info: ======= ENV: development =======
2023-01-19 12:18:05 info: 🚀 App listening on the port 8000
2023-01-19 12:18:05 info: =================================
2023-01-19 12:18:08 info: =================================
2023-01-19 12:18:08 info: ======= ENV: development =======
2023-01-19 12:18:08 info: 🚀 App listening on the port 8000
2023-01-19 12:18:08 info: =================================
2023-01-19 12:18:16 info: =================================
2023-01-19 12:18:16 info: ======= ENV: development =======
2023-01-19 12:18:16 info: 🚀 App listening on the port 8000
2023-01-19 12:18:16 info: =================================
2023-01-19 12:18:31 info: =================================
2023-01-19 12:18:31 info: ======= ENV: development =======
2023-01-19 12:18:31 info: 🚀 App listening on the port 8000
2023-01-19 12:18:31 info: =================================
2023-01-19 12:18:34 info: =================================
2023-01-19 12:18:34 info: ======= ENV: development =======
2023-01-19 12:18:34 info: 🚀 App listening on the port 8000
2023-01-19 12:18:34 info: =================================
2023-01-19 12:18:39 info: =================================
2023-01-19 12:18:39 info: ======= ENV: development =======
2023-01-19 12:18:39 info: 🚀 App listening on the port 8000
2023-01-19 12:18:39 info: =================================
2023-01-19 12:18:41 info: =================================
2023-01-19 12:18:41 info: ======= ENV: development =======
2023-01-19 12:18:41 info: 🚀 App listening on the port 8000
2023-01-19 12:18:41 info: =================================
2023-01-19 12:18:49 info: =================================
2023-01-19 12:18:49 info: ======= ENV: development =======
2023-01-19 12:18:49 info: 🚀 App listening on the port 8000
2023-01-19 12:18:49 info: =================================
2023-01-19 12:19:01 info: =================================
2023-01-19 12:19:01 info: ======= ENV: development =======
2023-01-19 12:19:01 info: 🚀 App listening on the port 8000
2023-01-19 12:19:01 info: =================================
2023-01-19 12:19:03 info: =================================
2023-01-19 12:19:03 info: ======= ENV: development =======
2023-01-19 12:19:03 info: 🚀 App listening on the port 8000
2023-01-19 12:19:03 info: =================================
2023-01-19 12:19:14 info: =================================
2023-01-19 12:19:14 info: ======= ENV: development =======
2023-01-19 12:19:14 info: 🚀 App listening on the port 8000
2023-01-19 12:19:14 info: =================================
2023-01-19 12:19:22 info: =================================
2023-01-19 12:19:22 info: ======= ENV: development =======
2023-01-19 12:19:22 info: 🚀 App listening on the port 8000
2023-01-19 12:19:22 info: =================================
2023-01-19 12:19:29 info: =================================
2023-01-19 12:19:29 info: ======= ENV: development =======
2023-01-19 12:19:29 info: 🚀 App listening on the port 8000
2023-01-19 12:19:29 info: =================================
2023-01-19 12:19:34 info: =================================
2023-01-19 12:19:34 info: ======= ENV: development =======
2023-01-19 12:19:34 info: 🚀 App listening on the port 8000
2023-01-19 12:19:34 info: =================================
2023-01-19 12:19:37 info: =================================
2023-01-19 12:19:37 info: ======= ENV: development =======
2023-01-19 12:19:37 info: 🚀 App listening on the port 8000
2023-01-19 12:19:37 info: =================================
2023-01-19 12:19:44 info: =================================
2023-01-19 12:19:44 info: ======= ENV: development =======
2023-01-19 12:19:44 info: 🚀 App listening on the port 8000
2023-01-19 12:19:44 info: =================================
2023-01-19 12:19:50 info: =================================
2023-01-19 12:19:50 info: ======= ENV: development =======
2023-01-19 12:19:50 info: 🚀 App listening on the port 8000
2023-01-19 12:19:50 info: =================================
2023-01-19 12:19:57 info: =================================
2023-01-19 12:19:57 info: ======= ENV: development =======
2023-01-19 12:19:57 info: 🚀 App listening on the port 8000
2023-01-19 12:19:57 info: =================================
2023-01-19 12:20:10 info: =================================
2023-01-19 12:20:10 info: ======= ENV: development =======
2023-01-19 12:20:10 info: 🚀 App listening on the port 8000
2023-01-19 12:20:10 info: =================================
2023-01-19 12:20:15 info: =================================
2023-01-19 12:20:15 info: ======= ENV: development =======
2023-01-19 12:20:15 info: 🚀 App listening on the port 8000
2023-01-19 12:20:15 info: =================================
2023-01-19 12:20:32 info: =================================
2023-01-19 12:20:32 info: ======= ENV: development =======
2023-01-19 12:20:32 info: 🚀 App listening on the port 8000
2023-01-19 12:20:32 info: =================================
2023-01-19 12:20:37 info: =================================
2023-01-19 12:20:37 info: ======= ENV: development =======
2023-01-19 12:20:37 info: 🚀 App listening on the port 8000
2023-01-19 12:20:37 info: =================================
2023-01-19 12:20:39 info: =================================
2023-01-19 12:20:39 info: ======= ENV: development =======
2023-01-19 12:20:39 info: 🚀 App listening on the port 8000
2023-01-19 12:20:39 info: =================================
2023-01-19 12:20:45 info: =================================
2023-01-19 12:20:45 info: ======= ENV: development =======
2023-01-19 12:20:45 info: 🚀 App listening on the port 8000
2023-01-19 12:20:45 info: =================================
2023-01-19 12:20:49 info: =================================
2023-01-19 12:20:49 info: ======= ENV: development =======
2023-01-19 12:20:49 info: 🚀 App listening on the port 8000
2023-01-19 12:20:49 info: =================================
2023-01-19 12:20:56 info: =================================
2023-01-19 12:20:56 info: ======= ENV: development =======
2023-01-19 12:20:56 info: 🚀 App listening on the port 8000
2023-01-19 12:20:56 info: =================================
2023-01-19 12:21:02 info: =================================
2023-01-19 12:21:02 info: ======= ENV: development =======
2023-01-19 12:21:02 info: 🚀 App listening on the port 8000
2023-01-19 12:21:02 info: =================================
2023-01-19 12:21:06 info: =================================
2023-01-19 12:21:06 info: ======= ENV: development =======
2023-01-19 12:21:06 info: 🚀 App listening on the port 8000
2023-01-19 12:21:06 info: =================================
2023-01-19 12:21:15 info: =================================
2023-01-19 12:21:15 info: ======= ENV: development =======
2023-01-19 12:21:15 info: 🚀 App listening on the port 8000
2023-01-19 12:21:15 info: =================================
2023-01-19 12:21:21 info: =================================
2023-01-19 12:21:21 info: ======= ENV: development =======
2023-01-19 12:21:21 info: 🚀 App listening on the port 8000
2023-01-19 12:21:21 info: =================================
2023-01-19 12:21:27 info: =================================
2023-01-19 12:21:27 info: ======= ENV: development =======
2023-01-19 12:21:27 info: 🚀 App listening on the port 8000
2023-01-19 12:21:27 info: =================================
2023-01-19 12:21:29 info: =================================
2023-01-19 12:21:29 info: ======= ENV: development =======
2023-01-19 12:21:29 info: 🚀 App listening on the port 8000
2023-01-19 12:21:29 info: =================================
2023-01-19 12:21:32 info: =================================
2023-01-19 12:21:32 info: ======= ENV: development =======
2023-01-19 12:21:32 info: 🚀 App listening on the port 8000
2023-01-19 12:21:32 info: =================================
2023-01-19 12:21:41 info: =================================
2023-01-19 12:21:41 info: ======= ENV: development =======
2023-01-19 12:21:41 info: 🚀 App listening on the port 8000
2023-01-19 12:21:41 info: =================================
2023-01-19 12:21:47 info: =================================
2023-01-19 12:21:47 info: ======= ENV: development =======
2023-01-19 12:21:47 info: 🚀 App listening on the port 8000
2023-01-19 12:21:47 info: =================================
2023-01-19 14:38:35 info: [0mGET /api/products/category/computers [32m200[0m 628.175 ms - -[0m
2023-01-19 14:38:36 info: [0mGET /api/category [32m200[0m 399.907 ms - -[0m
2023-01-19 14:38:36 info: [0mGET /api/manufacturers [32m200[0m 364.530 ms - 592[0m
2023-01-19 14:42:05 info: [0mGET /api/products/macbook-pro [32m200[0m 497.951 ms - -[0m
2023-01-19 14:42:05 info: [0mGET /api/reviews/63c179a75758b97301be4069 [32m200[0m 103.566 ms - 608[0m
