2023-01-11 04:59:44 info: =================================
2023-01-11 04:59:44 info: ======= ENV: development =======
2023-01-11 04:59:44 info: 🚀 App listening on the port 8000
2023-01-11 04:59:44 info: =================================
2023-01-11 05:00:10 info: [0mGET /api/category [32m200[0m 76.230 ms - 691[0m
2023-01-11 05:00:10 info: [0mGET /api/products?limit=4&skip=0 [32m200[0m 72.399 ms - 603[0m
2023-01-11 05:00:40 error: [POST] /secure/api/products/category/computer >> StatusCode:: 401, Message:: Wrong authentication token
2023-01-11 05:00:40 info: [0mPOST /secure/api/products/category/computer [33m401[0m 14.237 ms - 40[0m
2023-01-11 05:02:17 error: [GET] /secure/api/products/ >> StatusCode:: 401, Message:: Wrong authentication token
2023-01-11 05:02:17 info: [0mGET /secure/api/products/ [33m401[0m 1.605 ms - 40[0m
2023-01-11 05:02:20 error: [GET] /secure/api/products/ >> StatusCode:: 401, Message:: Wrong authentication token
2023-01-11 05:02:20 info: [0mGET /secure/api/products/ [33m401[0m 1.331 ms - 40[0m
2023-01-11 05:02:21 error: [GET] /secure/api/products/ >> StatusCode:: 401, Message:: Wrong authentication token
2023-01-11 05:02:21 info: [0mGET /secure/api/products/ [33m401[0m 1.075 ms - 40[0m
2023-01-11 05:02:24 info: [0mGET /api/products/ [32m200[0m 77.199 ms - 603[0m
2023-01-11 05:02:29 info: [0mGET /api/products/category/computer [32m200[0m 129.311 ms - 611[0m
2023-01-11 05:03:23 info: [0mPOST /login [32m200[0m 135.504 ms - 260[0m
2023-01-11 05:03:51 info: =================================
2023-01-11 05:03:51 info: ======= ENV: development =======
2023-01-11 05:03:51 info: 🚀 App listening on the port 8000
2023-01-11 05:03:51 info: =================================
2023-01-11 05:03:53 info: =================================
2023-01-11 05:03:53 info: ======= ENV: development =======
2023-01-11 05:03:53 info: 🚀 App listening on the port 8000
2023-01-11 05:03:53 info: =================================
2023-01-11 05:03:56 info: =================================
2023-01-11 05:03:56 info: ======= ENV: development =======
2023-01-11 05:03:56 info: 🚀 App listening on the port 8000
2023-01-11 05:03:56 info: =================================
2023-01-11 05:03:57 error: [POST] /login >> StatusCode:: 500, Message:: data and hash arguments required
2023-01-11 05:03:57 info: [0mPOST /login [31m500[0m 269.872 ms - 46[0m
2023-01-11 05:04:00 error: [POST] /login >> StatusCode:: 500, Message:: data and hash arguments required
2023-01-11 05:04:00 info: [0mPOST /login [31m500[0m 65.678 ms - 46[0m
2023-01-11 05:04:16 info: =================================
2023-01-11 05:04:16 info: ======= ENV: development =======
2023-01-11 05:04:16 info: 🚀 App listening on the port 8000
2023-01-11 05:04:16 info: =================================
2023-01-11 05:04:18 error: [POST] /login >> StatusCode:: 500, Message:: data and hash arguments required
2023-01-11 05:04:18 info: [0mPOST /login [31m500[0m 96.228 ms - 46[0m
2023-01-11 05:04:32 info: =================================
2023-01-11 05:04:32 info: ======= ENV: development =======
2023-01-11 05:04:32 info: 🚀 App listening on the port 8000
2023-01-11 05:04:32 info: =================================
2023-01-11 05:04:33 info: [0mPOST /login [32m200[0m 292.668 ms - 260[0m
2023-01-11 05:04:37 info: =================================
2023-01-11 05:04:37 info: ======= ENV: development =======
2023-01-11 05:04:37 info: 🚀 App listening on the port 8000
2023-01-11 05:04:37 info: =================================
2023-01-11 05:04:40 info: =================================
2023-01-11 05:04:40 info: ======= ENV: development =======
2023-01-11 05:04:40 info: 🚀 App listening on the port 8000
2023-01-11 05:04:40 info: =================================
2023-01-11 05:04:45 info: =================================
2023-01-11 05:04:45 info: ======= ENV: development =======
2023-01-11 05:04:45 info: 🚀 App listening on the port 8000
2023-01-11 05:04:45 info: =================================
2023-01-11 05:05:21 info: =================================
2023-01-11 05:05:21 info: ======= ENV: development =======
2023-01-11 05:05:21 info: 🚀 App listening on the port 8000
2023-01-11 05:05:21 info: =================================
2023-01-11 05:05:27 info: =================================
2023-01-11 05:05:27 info: ======= ENV: development =======
2023-01-11 05:05:27 info: 🚀 App listening on the port 8000
2023-01-11 05:05:27 info: =================================
2023-01-11 05:05:51 info: =================================
2023-01-11 05:05:51 info: ======= ENV: development =======
2023-01-11 05:05:51 info: 🚀 App listening on the port 8000
2023-01-11 05:05:51 info: =================================
2023-01-11 05:05:56 info: [0mPOST /login [32m200[0m 158.417 ms - 260[0m
2023-01-11 05:06:10 info: =================================
2023-01-11 05:06:10 info: ======= ENV: development =======
2023-01-11 05:06:10 info: 🚀 App listening on the port 8000
2023-01-11 05:06:10 info: =================================
2023-01-11 05:06:11 info: [0mPOST /login [32m200[0m 1084.112 ms - 200[0m
2023-01-11 05:06:27 info: =================================
2023-01-11 05:06:27 info: ======= ENV: development =======
2023-01-11 05:06:27 info: 🚀 App listening on the port 8000
2023-01-11 05:06:27 info: =================================
2023-01-11 05:07:03 info: =================================
2023-01-11 05:07:03 info: ======= ENV: development =======
2023-01-11 05:07:03 info: 🚀 App listening on the port 8000
2023-01-11 05:07:03 info: =================================
2023-01-11 05:07:16 info: =================================
2023-01-11 05:07:16 info: ======= ENV: development =======
2023-01-11 05:07:16 info: 🚀 App listening on the port 8000
2023-01-11 05:07:16 info: =================================
2023-01-11 05:07:25 info: =================================
2023-01-11 05:07:25 info: ======= ENV: development =======
2023-01-11 05:07:25 info: 🚀 App listening on the port 8000
2023-01-11 05:07:25 info: =================================
2023-01-11 05:07:28 info: [0mPOST /login [32m200[0m 154.803 ms - 260[0m
2023-01-11 05:07:31 info: [0mPOST /login [32m200[0m 130.963 ms - 260[0m
2023-01-11 05:08:35 info: =================================
2023-01-11 05:08:35 info: ======= ENV: development =======
2023-01-11 05:08:35 info: 🚀 App listening on the port 8000
2023-01-11 05:08:35 info: =================================
2023-01-11 05:08:42 info: =================================
2023-01-11 05:08:42 info: ======= ENV: development =======
2023-01-11 05:08:42 info: 🚀 App listening on the port 8000
2023-01-11 05:08:42 info: =================================
2023-01-11 05:08:49 info: =================================
2023-01-11 05:08:49 info: ======= ENV: development =======
2023-01-11 05:08:49 info: 🚀 App listening on the port 8000
2023-01-11 05:08:49 info: =================================
2023-01-11 05:08:56 info: =================================
2023-01-11 05:08:56 info: ======= ENV: development =======
2023-01-11 05:08:56 info: 🚀 App listening on the port 8000
2023-01-11 05:08:56 info: =================================
2023-01-11 05:09:02 info: =================================
2023-01-11 05:09:02 info: ======= ENV: development =======
2023-01-11 05:09:02 info: 🚀 App listening on the port 8000
2023-01-11 05:09:02 info: =================================
2023-01-11 05:09:05 info: =================================
2023-01-11 05:09:05 info: ======= ENV: development =======
2023-01-11 05:09:05 info: 🚀 App listening on the port 8000
2023-01-11 05:09:05 info: =================================
2023-01-11 05:09:08 info: =================================
2023-01-11 05:09:08 info: ======= ENV: development =======
2023-01-11 05:09:08 info: 🚀 App listening on the port 8000
2023-01-11 05:09:08 info: =================================
2023-01-11 05:09:18 info: =================================
2023-01-11 05:09:18 info: ======= ENV: development =======
2023-01-11 05:09:18 info: 🚀 App listening on the port 8000
2023-01-11 05:09:18 info: =================================
2023-01-11 05:09:21 info: =================================
2023-01-11 05:09:21 info: ======= ENV: development =======
2023-01-11 05:09:21 info: 🚀 App listening on the port 8000
2023-01-11 05:09:21 info: =================================
2023-01-11 05:09:26 info: =================================
2023-01-11 05:09:26 info: ======= ENV: development =======
2023-01-11 05:09:26 info: 🚀 App listening on the port 8000
2023-01-11 05:09:26 info: =================================
2023-01-11 05:09:30 info: =================================
2023-01-11 05:09:30 info: ======= ENV: development =======
2023-01-11 05:09:30 info: 🚀 App listening on the port 8000
2023-01-11 05:09:30 info: =================================
2023-01-11 05:09:37 info: =================================
2023-01-11 05:09:37 info: ======= ENV: development =======
2023-01-11 05:09:37 info: 🚀 App listening on the port 8000
2023-01-11 05:09:37 info: =================================
2023-01-11 05:10:50 info: =================================
2023-01-11 05:10:50 info: ======= ENV: development =======
2023-01-11 05:10:50 info: 🚀 App listening on the port 8000
2023-01-11 05:10:50 info: =================================
2023-01-11 05:11:12 info: =================================
2023-01-11 05:11:12 info: ======= ENV: development =======
2023-01-11 05:11:12 info: 🚀 App listening on the port 8000
2023-01-11 05:11:12 info: =================================
2023-01-11 05:11:13 info: [0mPOST /login [32m200[0m 93.548 ms - 260[0m
2023-01-11 05:11:35 info: =================================
2023-01-11 05:11:35 info: ======= ENV: development =======
2023-01-11 05:11:35 info: 🚀 App listening on the port 8000
2023-01-11 05:11:35 info: =================================
2023-01-11 05:11:38 info: [0mPOST /login [32m200[0m 95.056 ms - 260[0m
2023-01-11 05:11:40 info: [0mPOST /login [32m200[0m 75.109 ms - 260[0m
2023-01-11 05:12:01 info: =================================
2023-01-11 05:12:01 info: ======= ENV: development =======
2023-01-11 05:12:01 info: 🚀 App listening on the port 8000
2023-01-11 05:12:01 info: =================================
2023-01-11 05:12:02 info: [0mPOST /login [32m200[0m 79.178 ms - 260[0m
2023-01-11 05:12:22 info: =================================
2023-01-11 05:12:22 info: ======= ENV: development =======
2023-01-11 05:12:22 info: 🚀 App listening on the port 8000
2023-01-11 05:12:22 info: =================================
2023-01-11 05:12:30 info: =================================
2023-01-11 05:12:30 info: ======= ENV: development =======
2023-01-11 05:12:30 info: 🚀 App listening on the port 8000
2023-01-11 05:12:30 info: =================================
2023-01-11 05:12:36 info: =================================
2023-01-11 05:12:36 info: ======= ENV: development =======
2023-01-11 05:12:36 info: 🚀 App listening on the port 8000
2023-01-11 05:12:36 info: =================================
2023-01-11 05:13:06 info: =================================
2023-01-11 05:13:06 info: ======= ENV: development =======
2023-01-11 05:13:06 info: 🚀 App listening on the port 8000
2023-01-11 05:13:06 info: =================================
2023-01-11 05:13:13 info: =================================
2023-01-11 05:13:13 info: ======= ENV: development =======
2023-01-11 05:13:13 info: 🚀 App listening on the port 8000
2023-01-11 05:13:13 info: =================================
2023-01-11 05:13:35 info: =================================
2023-01-11 05:13:35 info: ======= ENV: development =======
2023-01-11 05:13:35 info: 🚀 App listening on the port 8000
2023-01-11 05:13:35 info: =================================
2023-01-11 05:13:41 info: =================================
2023-01-11 05:13:41 info: ======= ENV: development =======
2023-01-11 05:13:41 info: 🚀 App listening on the port 8000
2023-01-11 05:13:41 info: =================================
2023-01-11 05:13:43 info: =================================
2023-01-11 05:13:43 info: ======= ENV: development =======
2023-01-11 05:13:43 info: 🚀 App listening on the port 8000
2023-01-11 05:13:43 info: =================================
2023-01-11 05:13:50 info: =================================
2023-01-11 05:13:50 info: ======= ENV: development =======
2023-01-11 05:13:50 info: 🚀 App listening on the port 8000
2023-01-11 05:13:50 info: =================================
2023-01-11 05:14:02 info: =================================
2023-01-11 05:14:02 info: ======= ENV: development =======
2023-01-11 05:14:02 info: 🚀 App listening on the port 8000
2023-01-11 05:14:02 info: =================================
2023-01-11 05:14:04 info: =================================
2023-01-11 05:14:04 info: ======= ENV: development =======
2023-01-11 05:14:04 info: 🚀 App listening on the port 8000
2023-01-11 05:14:04 info: =================================
2023-01-11 05:14:20 info: =================================
2023-01-11 05:14:20 info: ======= ENV: development =======
2023-01-11 05:14:20 info: 🚀 App listening on the port 8000
2023-01-11 05:14:20 info: =================================
2023-01-11 05:14:26 info: =================================
2023-01-11 05:14:26 info: ======= ENV: development =======
2023-01-11 05:14:26 info: 🚀 App listening on the port 8000
2023-01-11 05:14:26 info: =================================
2023-01-11 05:14:38 info: =================================
2023-01-11 05:14:38 info: ======= ENV: development =======
2023-01-11 05:14:38 info: 🚀 App listening on the port 8000
2023-01-11 05:14:38 info: =================================
2023-01-11 05:14:40 info: =================================
2023-01-11 05:14:40 info: ======= ENV: development =======
2023-01-11 05:14:40 info: 🚀 App listening on the port 8000
2023-01-11 05:14:40 info: =================================
2023-01-11 05:14:45 info: =================================
2023-01-11 05:14:45 info: ======= ENV: development =======
2023-01-11 05:14:45 info: 🚀 App listening on the port 8000
2023-01-11 05:14:45 info: =================================
2023-01-11 05:14:48 info: =================================
2023-01-11 05:14:48 info: ======= ENV: development =======
2023-01-11 05:14:48 info: 🚀 App listening on the port 8000
2023-01-11 05:14:48 info: =================================
2023-01-11 05:14:50 info: =================================
2023-01-11 05:14:50 info: ======= ENV: development =======
2023-01-11 05:14:50 info: 🚀 App listening on the port 8000
2023-01-11 05:14:50 info: =================================
2023-01-11 05:15:17 info: =================================
2023-01-11 05:15:17 info: ======= ENV: development =======
2023-01-11 05:15:17 info: 🚀 App listening on the port 8000
2023-01-11 05:15:17 info: =================================
2023-01-11 05:15:20 info: =================================
2023-01-11 05:15:20 info: ======= ENV: development =======
2023-01-11 05:15:20 info: 🚀 App listening on the port 8000
2023-01-11 05:15:20 info: =================================
2023-01-11 05:15:23 info: =================================
2023-01-11 05:15:23 info: ======= ENV: development =======
2023-01-11 05:15:23 info: 🚀 App listening on the port 8000
2023-01-11 05:15:23 info: =================================
2023-01-11 05:15:29 info: =================================
2023-01-11 05:15:29 info: ======= ENV: development =======
2023-01-11 05:15:29 info: 🚀 App listening on the port 8000
2023-01-11 05:15:29 info: =================================
2023-01-11 05:16:19 info: =================================
2023-01-11 05:16:19 info: ======= ENV: development =======
2023-01-11 05:16:19 info: 🚀 App listening on the port 8000
2023-01-11 05:16:19 info: =================================
2023-01-11 05:16:29 info: =================================
2023-01-11 05:16:29 info: ======= ENV: development =======
2023-01-11 05:16:29 info: 🚀 App listening on the port 8000
2023-01-11 05:16:29 info: =================================
2023-01-11 05:16:31 info: =================================
2023-01-11 05:16:31 info: ======= ENV: development =======
2023-01-11 05:16:31 info: 🚀 App listening on the port 8000
2023-01-11 05:16:31 info: =================================
2023-01-11 05:16:47 info: =================================
2023-01-11 05:16:47 info: ======= ENV: development =======
2023-01-11 05:16:47 info: 🚀 App listening on the port 8000
2023-01-11 05:16:47 info: =================================
2023-01-11 05:17:03 info: =================================
2023-01-11 05:17:03 info: ======= ENV: development =======
2023-01-11 05:17:03 info: 🚀 App listening on the port 8000
2023-01-11 05:17:03 info: =================================
2023-01-11 05:17:07 info: =================================
2023-01-11 05:17:07 info: ======= ENV: development =======
2023-01-11 05:17:07 info: 🚀 App listening on the port 8000
2023-01-11 05:17:07 info: =================================
2023-01-11 05:17:11 info: =================================
2023-01-11 05:17:11 info: ======= ENV: development =======
2023-01-11 05:17:11 info: 🚀 App listening on the port 8000
2023-01-11 05:17:11 info: =================================
2023-01-11 05:17:19 info: =================================
2023-01-11 05:17:19 info: ======= ENV: development =======
2023-01-11 05:17:19 info: 🚀 App listening on the port 8000
2023-01-11 05:17:19 info: =================================
2023-01-11 05:17:31 info: =================================
2023-01-11 05:17:31 info: ======= ENV: development =======
2023-01-11 05:17:31 info: 🚀 App listening on the port 8000
2023-01-11 05:17:31 info: =================================
2023-01-11 05:17:35 info: =================================
2023-01-11 05:17:35 info: ======= ENV: development =======
2023-01-11 05:17:35 info: 🚀 App listening on the port 8000
2023-01-11 05:17:35 info: =================================
2023-01-11 05:17:37 info: =================================
2023-01-11 05:17:37 info: ======= ENV: development =======
2023-01-11 05:17:37 info: 🚀 App listening on the port 8000
2023-01-11 05:17:37 info: =================================
2023-01-11 05:17:47 info: =================================
2023-01-11 05:17:47 info: ======= ENV: development =======
2023-01-11 05:17:47 info: 🚀 App listening on the port 8000
2023-01-11 05:17:47 info: =================================
2023-01-11 05:17:50 info: [0mPOST /login [32m200[0m 151.443 ms - -[0m
2023-01-11 05:17:53 info: [0mPOST /login [32m200[0m 132.603 ms - -[0m
2023-01-11 05:18:03 info: =================================
2023-01-11 05:18:03 info: ======= ENV: development =======
2023-01-11 05:18:03 info: 🚀 App listening on the port 8000
2023-01-11 05:18:03 info: =================================
2023-01-11 05:18:04 info: [0mPOST /login [32m200[0m 159.366 ms - -[0m
2023-01-11 05:18:25 info: =================================
2023-01-11 05:18:25 info: ======= ENV: development =======
2023-01-11 05:18:25 info: 🚀 App listening on the port 8000
2023-01-11 05:18:25 info: =================================
2023-01-11 05:18:38 info: [0mPOST /login [32m200[0m 153.889 ms - 260[0m
2023-01-11 05:19:10 error: [POST] /secure/api/brands/ >> StatusCode:: 401, Message:: Wrong authentication token
2023-01-11 05:19:10 info: [0mPOST /secure/api/brands/ [33m401[0m 2.892 ms - 40[0m
2023-01-11 05:19:14 info: [0mPOST /secure/api/brands/ [33m404[0m 65.339 ms - 158[0m
2023-01-11 05:19:17 error: [POST] /secure/api/brand/ >> StatusCode:: 400, Message:: slug must be a string,slug should not be empty
2023-01-11 05:19:17 info: [0mPOST /secure/api/brand/ [33m400[0m 69.521 ms - 60[0m
2023-01-11 05:21:40 info: [0mGET /api/category [32m200[0m 70.483 ms - 691[0m
2023-01-11 05:21:40 info: [0mGET /api/category [32m200[0m 58.166 ms - 691[0m
2023-01-11 05:21:40 info: [0mGET /api/products?limit=4&skip=0 [32m200[0m 59.282 ms - 603[0m
2023-01-11 05:21:40 info: [0mGET /api/products?limit=4&skip=0 [32m200[0m 61.412 ms - 603[0m
2023-01-11 05:21:58 info: [0mPOST /secure/api/brand/ [32m200[0m 598.044 ms - 305[0m
2023-01-11 05:22:27 info: [0mGET /api/brands/ [33m404[0m 0.766 ms - 150[0m
2023-01-11 05:22:30 info: [0mGET /api/brands/ [33m404[0m 0.731 ms - 150[0m
2023-01-11 05:22:59 info: =================================
2023-01-11 05:22:59 info: ======= ENV: development =======
2023-01-11 05:22:59 info: 🚀 App listening on the port 8000
2023-01-11 05:22:59 info: =================================
2023-01-11 05:23:11 info: [0mGET /api/brands/ [32m200[0m 269.189 ms - 299[0m
2023-01-11 05:24:26 error: [POST] /secure/api/products/ >> StatusCode:: 401, Message:: Wrong authentication token
2023-01-11 05:24:26 info: [0mPOST /secure/api/products/ [33m401[0m 3.202 ms - 40[0m
2023-01-11 05:24:49 error: [POST] /secure/api/products/ >> StatusCode:: 400, Message:: brand must be a string,brand should not be empty
2023-01-11 05:24:49 info: [0mPOST /secure/api/products/ [33m400[0m 64.674 ms - 62[0m
2023-01-11 05:25:16 info: [0mGET /api/products/ [32m200[0m 138.235 ms - 603[0m
2023-01-11 05:25:19 info: [0mGET /api/products/ [32m200[0m 69.147 ms - 603[0m
2023-01-11 05:26:22 info: [0mPOST /secure/api/products/ [32m201[0m 209.694 ms - 644[0m
2023-01-11 05:29:44 info: [0mGET /api/products/category/computer [32m200[0m 108.926 ms - 646[0m
2023-01-11 05:29:44 info: [0mGET /api/category [32m200[0m 55.379 ms - 691[0m
2023-01-11 05:29:44 info: [0mGET /api/brands [32m200[0m 53.907 ms - 299[0m
2023-01-11 05:30:45 info: [0mGET /api/products/category/computer [32m200[0m 107.642 ms - 646[0m
2023-01-11 05:30:45 info: [0mGET /api/category [32m200[0m 52.807 ms - 691[0m
2023-01-11 05:30:45 info: [0mGET /api/brands [32m200[0m 58.725 ms - 299[0m
2023-01-11 05:30:55 info: [0mGET /api/products/category/computer [32m200[0m 120.226 ms - 646[0m
2023-01-11 05:30:55 info: [0mGET /api/category [32m200[0m 55.594 ms - 691[0m
2023-01-11 05:30:55 info: [0mGET /api/brands [32m200[0m 55.697 ms - 299[0m
2023-01-11 05:34:56 info: [0mGET /api/products/category/computer [32m200[0m 119.241 ms - 646[0m
2023-01-11 05:34:56 info: [0mGET /api/category [32m200[0m 56.895 ms - 691[0m
2023-01-11 05:34:56 info: [0mGET /api/brands [32m200[0m 56.762 ms - 299[0m
2023-01-11 05:36:18 info: [0mGET /api/products/category/computer [32m200[0m 108.872 ms - 646[0m
2023-01-11 05:36:18 info: [0mGET /api/category [32m200[0m 53.485 ms - 691[0m
2023-01-11 05:36:18 info: [0mGET /api/brands [32m200[0m 55.613 ms - 299[0m
2023-01-11 05:37:42 info: =================================
2023-01-11 05:37:42 info: ======= ENV: development =======
2023-01-11 05:37:42 info: 🚀 App listening on the port 8000
2023-01-11 05:37:42 info: =================================
2023-01-11 05:37:57 info: =================================
2023-01-11 05:37:57 info: ======= ENV: development =======
2023-01-11 05:37:57 info: 🚀 App listening on the port 8000
2023-01-11 05:37:57 info: =================================
2023-01-11 05:38:00 info: =================================
2023-01-11 05:38:00 info: ======= ENV: development =======
2023-01-11 05:38:00 info: 🚀 App listening on the port 8000
2023-01-11 05:38:00 info: =================================
2023-01-11 05:38:05 info: =================================
2023-01-11 05:38:05 info: ======= ENV: development =======
2023-01-11 05:38:05 info: 🚀 App listening on the port 8000
2023-01-11 05:38:05 info: =================================
2023-01-11 05:38:34 error: [POST] /secure/api/brands/ >> StatusCode:: 500, Message:: E11000 duplicate key error collection: test.brands index: name_1 dup key: { name: "Apple" }
2023-01-11 05:38:34 info: [0mPOST /secure/api/brands/ [31m500[0m 184.698 ms - 107[0m
2023-01-11 05:39:33 info: [0mGET /api/products/category/computer [32m200[0m 166.323 ms - 646[0m
2023-01-11 05:39:33 info: [0mGET /api/category [32m200[0m 71.668 ms - 691[0m
2023-01-11 05:39:33 info: [0mGET /api/brands [32m200[0m 70.983 ms - 299[0m
2023-01-11 05:44:33 info: [0mGET /api/products/category/computer [32m200[0m 162.779 ms - 646[0m
2023-01-11 05:44:34 info: [0mGET /api/category [32m200[0m 91.017 ms - 691[0m
2023-01-11 05:44:34 info: [0mGET /api/brands [32m200[0m 123.398 ms - 299[0m
2023-01-11 05:45:32 info: [0mGET /api/products/category/computer [32m200[0m 195.450 ms - 646[0m
2023-01-11 05:45:32 info: [0mGET /api/category [32m200[0m 70.268 ms - 691[0m
2023-01-11 05:45:32 info: [0mGET /api/brands [32m200[0m 69.222 ms - 299[0m
2023-01-11 05:48:52 info: [0mGET /api/products/category/computer [32m200[0m 146.575 ms - 646[0m
2023-01-11 05:48:52 info: [0mGET /api/category [32m200[0m 79.122 ms - 691[0m
2023-01-11 05:48:52 info: [0mGET /api/brands [32m200[0m 78.780 ms - 299[0m
2023-01-11 05:49:58 info: [0mGET /api/category [32m200[0m 102.611 ms - 691[0m
2023-01-11 05:49:58 info: [0mGET /api/products?limit=4&skip=0 [32m200[0m 116.262 ms - 638[0m
2023-01-11 05:50:00 info: [0mGET /api/products/category/computer [32m200[0m 264.786 ms - 646[0m
2023-01-11 05:50:01 info: [0mGET /api/category [32m200[0m 83.145 ms - 691[0m
2023-01-11 05:50:01 info: [0mGET /api/brands [32m200[0m 82.316 ms - 299[0m
2023-01-11 05:53:13 info: [0mGET /api/products/category/computer [32m200[0m 138.329 ms - 646[0m
2023-01-11 05:53:13 info: [0mGET /api/category [32m200[0m 71.883 ms - 691[0m
2023-01-11 05:53:13 info: [0mGET /api/brands [32m200[0m 69.083 ms - 299[0m
2023-01-11 05:53:17 info: [0mGET /api/products/category/computer [32m200[0m 138.440 ms - 646[0m
2023-01-11 05:53:17 info: [0mGET /api/category [32m200[0m 68.802 ms - 691[0m
2023-01-11 05:53:17 info: [0mGET /api/brands [32m200[0m 75.034 ms - 299[0m
2023-01-11 05:53:23 info: [0mGET /api/products/category/computer [32m200[0m 135.137 ms - 646[0m
2023-01-11 05:53:23 info: [0mGET /api/category [32m200[0m 68.638 ms - 691[0m
2023-01-11 05:53:23 info: [0mGET /api/brands [32m200[0m 66.918 ms - 299[0m
2023-01-11 05:53:41 info: [0mGET /api/products/category/computer [32m200[0m 147.643 ms - 646[0m
2023-01-11 05:53:41 info: [0mGET /api/category [32m200[0m 69.592 ms - 691[0m
2023-01-11 05:53:42 info: [0mGET /api/brands [32m200[0m 72.488 ms - 299[0m
2023-01-11 05:53:42 info: [0mGET /api/products/category/computer [32m200[0m 135.146 ms - 646[0m
2023-01-11 05:53:42 info: [0mGET /api/category [32m200[0m 68.382 ms - 691[0m
2023-01-11 05:53:42 info: [0mGET /api/brands [32m200[0m 68.157 ms - 299[0m
2023-01-11 05:53:46 info: [0mGET /api/products/category/computer [32m200[0m 153.495 ms - 646[0m
2023-01-11 05:53:46 info: [0mGET /api/category [32m200[0m 68.265 ms - 691[0m
2023-01-11 05:53:46 info: [0mGET /api/brands [32m200[0m 67.638 ms - 299[0m
2023-01-11 05:53:55 info: [0mGET /api/products/category/computer [32m200[0m 135.704 ms - 646[0m
2023-01-11 05:53:55 info: [0mGET /api/category [32m200[0m 68.124 ms - 691[0m
2023-01-11 05:53:55 info: [0mGET /api/brands [32m200[0m 69.360 ms - 299[0m
2023-01-11 05:54:00 info: [0mGET /api/products/category/computer [32m200[0m 150.975 ms - 646[0m
2023-01-11 05:54:00 info: [0mGET /api/category [32m200[0m 68.779 ms - 691[0m
2023-01-11 05:54:00 info: [0mGET /api/brands [32m200[0m 90.960 ms - 299[0m
2023-01-11 05:54:43 info: [0mGET /api/products/category/computer [32m200[0m 138.574 ms - 646[0m
2023-01-11 05:54:43 info: [0mGET /api/category [32m200[0m 69.193 ms - 691[0m
2023-01-11 05:54:43 info: [0mGET /api/brands [32m200[0m 68.371 ms - 299[0m
2023-01-11 05:55:08 info: [0mGET /api/products/category/computer [32m200[0m 160.320 ms - 646[0m
2023-01-11 05:55:08 info: [0mGET /api/category [32m200[0m 69.494 ms - 691[0m
2023-01-11 05:55:08 info: [0mGET /api/brands [32m200[0m 69.050 ms - 299[0m
2023-01-11 05:55:16 info: [0mGET /api/products/category/parts [32m200[0m 137.697 ms - 31[0m
2023-01-11 05:55:16 info: [0mGET /api/category [32m200[0m 72.841 ms - 691[0m
2023-01-11 05:55:16 info: [0mGET /api/brands [32m200[0m 88.984 ms - 299[0m
2023-01-11 06:00:00 info: [0mGET /api/products/category/computer [32m200[0m 170.131 ms - 646[0m
2023-01-11 06:00:00 info: [0mGET /api/category [32m200[0m 85.213 ms - 691[0m
2023-01-11 06:00:00 info: [0mGET /api/brands [32m200[0m 68.812 ms - 299[0m
2023-01-11 06:00:02 info: [0mGET /api/products/category/parts [32m200[0m 521.835 ms - 31[0m
2023-01-11 06:00:02 info: [0mGET /api/category [32m200[0m 95.569 ms - 691[0m
2023-01-11 06:00:02 info: [0mGET /api/brands [32m200[0m 181.220 ms - 299[0m
2023-01-11 06:00:04 info: [0mGET /api/products/category/computer [32m200[0m 358.494 ms - 646[0m
2023-01-11 06:00:04 info: [0mGET /api/category [32m200[0m 177.517 ms - 691[0m
2023-01-11 06:00:04 info: [0mGET /api/brands [32m200[0m 179.700 ms - 299[0m
2023-01-11 06:01:14 info: [0mGET /api/products/category/parts [32m200[0m 142.396 ms - 31[0m
2023-01-11 06:01:14 info: [0mGET /api/category [32m200[0m 70.455 ms - 691[0m
2023-01-11 06:01:14 info: [0mGET /api/brands [32m200[0m 100.046 ms - 299[0m
2023-01-11 06:01:17 info: [0mGET /api/products/category/computer [32m200[0m 184.301 ms - 646[0m
2023-01-11 06:01:17 info: [0mGET /api/category [32m200[0m 71.043 ms - 691[0m
2023-01-11 06:01:17 info: [0mGET /api/brands [32m200[0m 68.315 ms - 299[0m
2023-01-11 06:07:24 info: [0mGET /api/products/category/computer [32m200[0m 137.775 ms - 646[0m
2023-01-11 06:07:24 info: [0mGET /api/category [32m200[0m 68.248 ms - 691[0m
2023-01-11 06:07:24 info: [0mGET /api/brands [32m200[0m 70.333 ms - 299[0m
2023-01-11 06:11:25 info: =================================
2023-01-11 06:11:25 info: ======= ENV: development =======
2023-01-11 06:11:25 info: 🚀 App listening on the port 8000
2023-01-11 06:11:25 info: =================================
2023-01-11 06:11:33 info: =================================
2023-01-11 06:11:33 info: ======= ENV: development =======
2023-01-11 06:11:33 info: 🚀 App listening on the port 8000
2023-01-11 06:11:33 info: =================================
2023-01-11 06:11:35 info: =================================
2023-01-11 06:11:35 info: ======= ENV: development =======
2023-01-11 06:11:35 info: 🚀 App listening on the port 8000
2023-01-11 06:11:35 info: =================================
2023-01-11 06:11:54 info: =================================
2023-01-11 06:11:54 info: ======= ENV: development =======
2023-01-11 06:11:54 info: 🚀 App listening on the port 8000
2023-01-11 06:11:54 info: =================================
2023-01-11 06:12:17 info: =================================
2023-01-11 06:12:17 info: ======= ENV: development =======
2023-01-11 06:12:17 info: 🚀 App listening on the port 8000
2023-01-11 06:12:17 info: =================================
2023-01-11 06:12:21 info: =================================
2023-01-11 06:12:21 info: ======= ENV: development =======
2023-01-11 06:12:21 info: 🚀 App listening on the port 8000
2023-01-11 06:12:21 info: =================================
2023-01-11 06:12:23 info: =================================
2023-01-11 06:12:23 info: ======= ENV: development =======
2023-01-11 06:12:23 info: 🚀 App listening on the port 8000
2023-01-11 06:12:23 info: =================================
2023-01-11 06:12:25 info: =================================
2023-01-11 06:12:25 info: ======= ENV: development =======
2023-01-11 06:12:25 info: 🚀 App listening on the port 8000
2023-01-11 06:12:25 info: =================================
2023-01-11 06:12:33 info: =================================
2023-01-11 06:12:33 info: ======= ENV: development =======
2023-01-11 06:12:33 info: 🚀 App listening on the port 8000
2023-01-11 06:12:33 info: =================================
2023-01-11 06:12:36 info: =================================
2023-01-11 06:12:36 info: ======= ENV: development =======
2023-01-11 06:12:36 info: 🚀 App listening on the port 8000
2023-01-11 06:12:36 info: =================================
2023-01-11 06:13:29 info: =================================
2023-01-11 06:13:29 info: ======= ENV: development =======
2023-01-11 06:13:29 info: 🚀 App listening on the port 8000
2023-01-11 06:13:29 info: =================================
2023-01-11 06:13:46 info: =================================
2023-01-11 06:13:46 info: ======= ENV: development =======
2023-01-11 06:13:46 info: 🚀 App listening on the port 8000
2023-01-11 06:13:46 info: =================================
2023-01-11 06:13:55 info: =================================
2023-01-11 06:13:55 info: ======= ENV: development =======
2023-01-11 06:13:55 info: 🚀 App listening on the port 8000
2023-01-11 06:13:55 info: =================================
2023-01-11 06:14:30 info: =================================
2023-01-11 06:14:30 info: ======= ENV: development =======
2023-01-11 06:14:30 info: 🚀 App listening on the port 8000
2023-01-11 06:14:30 info: =================================
2023-01-11 06:15:18 info: =================================
2023-01-11 06:15:18 info: ======= ENV: development =======
2023-01-11 06:15:18 info: 🚀 App listening on the port 8000
2023-01-11 06:15:18 info: =================================
2023-01-11 06:15:21 info: =================================
2023-01-11 06:15:21 info: ======= ENV: development =======
2023-01-11 06:15:21 info: 🚀 App listening on the port 8000
2023-01-11 06:15:21 info: =================================
2023-01-11 06:15:26 info: =================================
2023-01-11 06:15:26 info: ======= ENV: development =======
2023-01-11 06:15:26 info: 🚀 App listening on the port 8000
2023-01-11 06:15:26 info: =================================
2023-01-11 06:15:31 info: =================================
2023-01-11 06:15:31 info: ======= ENV: development =======
2023-01-11 06:15:31 info: 🚀 App listening on the port 8000
2023-01-11 06:15:31 info: =================================
2023-01-11 06:15:49 info: =================================
2023-01-11 06:15:49 info: ======= ENV: development =======
2023-01-11 06:15:49 info: 🚀 App listening on the port 8000
2023-01-11 06:15:49 info: =================================
2023-01-11 06:15:51 info: =================================
2023-01-11 06:15:51 info: ======= ENV: development =======
2023-01-11 06:15:51 info: 🚀 App listening on the port 8000
2023-01-11 06:15:51 info: =================================
2023-01-11 06:15:56 info: =================================
2023-01-11 06:15:56 info: ======= ENV: development =======
2023-01-11 06:15:56 info: 🚀 App listening on the port 8000
2023-01-11 06:15:56 info: =================================
2023-01-11 06:16:10 info: =================================
2023-01-11 06:16:10 info: ======= ENV: development =======
2023-01-11 06:16:10 info: 🚀 App listening on the port 8000
2023-01-11 06:16:10 info: =================================
2023-01-11 06:16:24 info: =================================
2023-01-11 06:16:24 info: ======= ENV: development =======
2023-01-11 06:16:24 info: 🚀 App listening on the port 8000
2023-01-11 06:16:24 info: =================================
2023-01-11 06:16:28 info: =================================
2023-01-11 06:16:28 info: ======= ENV: development =======
2023-01-11 06:16:28 info: 🚀 App listening on the port 8000
2023-01-11 06:16:28 info: =================================
2023-01-11 06:16:35 info: =================================
2023-01-11 06:16:35 info: ======= ENV: development =======
2023-01-11 06:16:35 info: 🚀 App listening on the port 8000
2023-01-11 06:16:35 info: =================================
2023-01-11 06:18:38 info: =================================
2023-01-11 06:18:38 info: ======= ENV: development =======
2023-01-11 06:18:38 info: 🚀 App listening on the port 8000
2023-01-11 06:18:38 info: =================================
2023-01-11 06:18:45 info: =================================
2023-01-11 06:18:45 info: ======= ENV: development =======
2023-01-11 06:18:45 info: 🚀 App listening on the port 8000
2023-01-11 06:18:45 info: =================================
2023-01-11 06:18:49 info: =================================
2023-01-11 06:18:49 info: ======= ENV: development =======
2023-01-11 06:18:49 info: 🚀 App listening on the port 8000
2023-01-11 06:18:49 info: =================================
2023-01-11 06:18:54 info: =================================
2023-01-11 06:18:54 info: ======= ENV: development =======
2023-01-11 06:18:54 info: 🚀 App listening on the port 8000
2023-01-11 06:18:54 info: =================================
2023-01-11 06:19:06 info: =================================
2023-01-11 06:19:06 info: ======= ENV: development =======
2023-01-11 06:19:06 info: 🚀 App listening on the port 8000
2023-01-11 06:19:06 info: =================================
2023-01-11 06:19:12 info: =================================
2023-01-11 06:19:12 info: ======= ENV: development =======
2023-01-11 06:19:12 info: 🚀 App listening on the port 8000
2023-01-11 06:19:12 info: =================================
2023-01-11 06:19:18 info: =================================
2023-01-11 06:19:18 info: ======= ENV: development =======
2023-01-11 06:19:18 info: 🚀 App listening on the port 8000
2023-01-11 06:19:18 info: =================================
2023-01-11 06:19:24 info: =================================
2023-01-11 06:19:24 info: ======= ENV: development =======
2023-01-11 06:19:24 info: 🚀 App listening on the port 8000
2023-01-11 06:19:24 info: =================================
2023-01-11 06:20:17 info: =================================
2023-01-11 06:20:17 info: ======= ENV: development =======
2023-01-11 06:20:17 info: 🚀 App listening on the port 8000
2023-01-11 06:20:17 info: =================================
2023-01-11 06:20:36 info: =================================
2023-01-11 06:20:36 info: ======= ENV: development =======
2023-01-11 06:20:36 info: 🚀 App listening on the port 8000
2023-01-11 06:20:36 info: =================================
2023-01-11 06:21:43 info: =================================
2023-01-11 06:21:43 info: ======= ENV: development =======
2023-01-11 06:21:43 info: 🚀 App listening on the port 8000
2023-01-11 06:21:43 info: =================================
2023-01-11 06:21:58 info: =================================
2023-01-11 06:21:58 info: ======= ENV: development =======
2023-01-11 06:21:58 info: 🚀 App listening on the port 8000
2023-01-11 06:21:58 info: =================================
2023-01-11 06:22:02 info: =================================
2023-01-11 06:22:02 info: ======= ENV: development =======
2023-01-11 06:22:02 info: 🚀 App listening on the port 8000
2023-01-11 06:22:02 info: =================================
2023-01-11 06:22:07 info: =================================
2023-01-11 06:22:07 info: ======= ENV: development =======
2023-01-11 06:22:07 info: 🚀 App listening on the port 8000
2023-01-11 06:22:07 info: =================================
2023-01-11 06:22:53 info: =================================
2023-01-11 06:22:53 info: ======= ENV: development =======
2023-01-11 06:22:53 info: 🚀 App listening on the port 8000
2023-01-11 06:22:53 info: =================================
2023-01-11 06:22:57 info: =================================
2023-01-11 06:22:57 info: ======= ENV: development =======
2023-01-11 06:22:57 info: 🚀 App listening on the port 8000
2023-01-11 06:22:57 info: =================================
2023-01-11 06:23:01 info: =================================
2023-01-11 06:23:01 info: ======= ENV: development =======
2023-01-11 06:23:01 info: 🚀 App listening on the port 8000
2023-01-11 06:23:01 info: =================================
2023-01-11 06:23:03 info: =================================
2023-01-11 06:23:03 info: ======= ENV: development =======
2023-01-11 06:23:03 info: 🚀 App listening on the port 8000
2023-01-11 06:23:03 info: =================================
2023-01-11 06:23:04 info: =================================
2023-01-11 06:23:04 info: ======= ENV: development =======
2023-01-11 06:23:04 info: 🚀 App listening on the port 8000
2023-01-11 06:23:04 info: =================================
2023-01-11 06:23:12 info: =================================
2023-01-11 06:23:12 info: ======= ENV: development =======
2023-01-11 06:23:12 info: 🚀 App listening on the port 8000
2023-01-11 06:23:12 info: =================================
2023-01-11 06:23:37 info: =================================
2023-01-11 06:23:37 info: ======= ENV: development =======
2023-01-11 06:23:37 info: 🚀 App listening on the port 8000
2023-01-11 06:23:37 info: =================================
2023-01-11 06:23:48 info: =================================
2023-01-11 06:23:48 info: ======= ENV: development =======
2023-01-11 06:23:48 info: 🚀 App listening on the port 8000
2023-01-11 06:23:48 info: =================================
2023-01-11 06:23:50 info: [0mGET /api/brands/category/computer [32m200[0m 140.236 ms - 307[0m
2023-01-11 06:23:55 error: [GET] /api/brands/category/computerf >> StatusCode:: 409, Message:: categorySlug doesn't exist
2023-01-11 06:23:55 info: [0mGET /api/brands/category/computerf [33m409[0m 57.423 ms - 40[0m
2023-01-11 06:23:58 info: [0mGET /api/brands/category/parts [32m200[0m 112.406 ms - 307[0m
2023-01-11 06:26:14 info: =================================
2023-01-11 06:26:14 info: ======= ENV: development =======
2023-01-11 06:26:14 info: 🚀 App listening on the port 8000
2023-01-11 06:26:14 info: =================================
2023-01-11 06:27:13 info: =================================
2023-01-11 06:27:13 info: ======= ENV: development =======
2023-01-11 06:27:13 info: 🚀 App listening on the port 8000
2023-01-11 06:27:13 info: =================================
2023-01-11 06:27:17 info: =================================
2023-01-11 06:27:17 info: ======= ENV: development =======
2023-01-11 06:27:17 info: 🚀 App listening on the port 8000
2023-01-11 06:27:17 info: =================================
2023-01-11 06:27:24 info: =================================
2023-01-11 06:27:24 info: ======= ENV: development =======
2023-01-11 06:27:24 info: 🚀 App listening on the port 8000
2023-01-11 06:27:24 info: =================================
2023-01-11 06:27:26 info: =================================
2023-01-11 06:27:26 info: ======= ENV: development =======
2023-01-11 06:27:26 info: 🚀 App listening on the port 8000
2023-01-11 06:27:26 info: =================================
2023-01-11 06:27:28 info: =================================
2023-01-11 06:27:28 info: ======= ENV: development =======
2023-01-11 06:27:28 info: 🚀 App listening on the port 8000
2023-01-11 06:27:28 info: =================================
2023-01-11 06:27:32 info: =================================
2023-01-11 06:27:32 info: ======= ENV: development =======
2023-01-11 06:27:32 info: 🚀 App listening on the port 8000
2023-01-11 06:27:32 info: =================================
2023-01-11 06:27:35 info: =================================
2023-01-11 06:27:35 info: ======= ENV: development =======
2023-01-11 06:27:35 info: 🚀 App listening on the port 8000
2023-01-11 06:27:35 info: =================================
2023-01-11 06:27:55 info: =================================
2023-01-11 06:27:55 info: ======= ENV: development =======
2023-01-11 06:27:55 info: 🚀 App listening on the port 8000
2023-01-11 06:27:55 info: =================================
2023-01-11 06:29:02 info: =================================
2023-01-11 06:29:02 info: ======= ENV: development =======
2023-01-11 06:29:02 info: 🚀 App listening on the port 8000
2023-01-11 06:29:02 info: =================================
2023-01-11 06:30:46 info: =================================
2023-01-11 06:30:46 info: ======= ENV: development =======
2023-01-11 06:30:46 info: 🚀 App listening on the port 8000
2023-01-11 06:30:46 info: =================================
2023-01-11 06:31:09 info: =================================
2023-01-11 06:31:09 info: ======= ENV: development =======
2023-01-11 06:31:09 info: 🚀 App listening on the port 8000
2023-01-11 06:31:09 info: =================================
2023-01-11 06:31:28 info: =================================
2023-01-11 06:31:28 info: ======= ENV: development =======
2023-01-11 06:31:28 info: 🚀 App listening on the port 8000
2023-01-11 06:31:28 info: =================================
2023-01-11 06:31:37 info: [0mGET /api/brands/category/parts [32m200[0m 135.060 ms - 31[0m
2023-01-11 06:31:49 info: =================================
2023-01-11 06:31:49 info: ======= ENV: development =======
2023-01-11 06:31:49 info: 🚀 App listening on the port 8000
2023-01-11 06:31:49 info: =================================
2023-01-11 06:32:35 info: =================================
2023-01-11 06:32:35 info: ======= ENV: development =======
2023-01-11 06:32:35 info: 🚀 App listening on the port 8000
2023-01-11 06:32:35 info: =================================
2023-01-11 06:32:40 info: =================================
2023-01-11 06:32:40 info: ======= ENV: development =======
2023-01-11 06:32:40 info: 🚀 App listening on the port 8000
2023-01-11 06:32:40 info: =================================
2023-01-11 06:32:59 info: =================================
2023-01-11 06:32:59 info: ======= ENV: development =======
2023-01-11 06:32:59 info: 🚀 App listening on the port 8000
2023-01-11 06:32:59 info: =================================
2023-01-11 06:33:38 info: =================================
2023-01-11 06:33:38 info: ======= ENV: development =======
2023-01-11 06:33:38 info: 🚀 App listening on the port 8000
2023-01-11 06:33:38 info: =================================
2023-01-11 06:33:47 info: =================================
2023-01-11 06:33:47 info: ======= ENV: development =======
2023-01-11 06:33:47 info: 🚀 App listening on the port 8000
2023-01-11 06:33:47 info: =================================
2023-01-11 06:33:53 info: =================================
2023-01-11 06:33:53 info: ======= ENV: development =======
2023-01-11 06:33:53 info: 🚀 App listening on the port 8000
2023-01-11 06:33:53 info: =================================
2023-01-11 06:34:38 info: =================================
2023-01-11 06:34:38 info: ======= ENV: development =======
2023-01-11 06:34:38 info: 🚀 App listening on the port 8000
2023-01-11 06:34:38 info: =================================
2023-01-11 06:34:44 info: =================================
2023-01-11 06:34:44 info: ======= ENV: development =======
2023-01-11 06:34:44 info: 🚀 App listening on the port 8000
2023-01-11 06:34:44 info: =================================
2023-01-11 06:34:46 info: [0mGET /api/brands/category/parts [32m200[0m 187.196 ms - 307[0m
2023-01-11 06:36:03 info: =================================
2023-01-11 06:36:03 info: ======= ENV: development =======
2023-01-11 06:36:03 info: 🚀 App listening on the port 8000
2023-01-11 06:36:03 info: =================================
2023-01-11 06:36:08 info: [0mGET /api/brands/category/parts [32m200[0m 214.058 ms - 307[0m
2023-01-11 06:36:16 info: [0mGET /api/brands/category/computer [32m200[0m 191.071 ms - 307[0m
2023-01-11 06:38:09 info: =================================
2023-01-11 06:38:09 info: ======= ENV: development =======
2023-01-11 06:38:09 info: 🚀 App listening on the port 8000
2023-01-11 06:38:09 info: =================================
2023-01-11 06:40:41 info: =================================
2023-01-11 06:40:41 info: ======= ENV: development =======
2023-01-11 06:40:41 info: 🚀 App listening on the port 8000
2023-01-11 06:40:41 info: =================================
2023-01-11 06:40:45 info: =================================
2023-01-11 06:40:45 info: ======= ENV: development =======
2023-01-11 06:40:45 info: 🚀 App listening on the port 8000
2023-01-11 06:40:45 info: =================================
2023-01-11 06:40:47 info: =================================
2023-01-11 06:40:47 info: ======= ENV: development =======
2023-01-11 06:40:47 info: 🚀 App listening on the port 8000
2023-01-11 06:40:47 info: =================================
2023-01-11 06:41:00 info: =================================
2023-01-11 06:41:00 info: ======= ENV: development =======
2023-01-11 06:41:00 info: 🚀 App listening on the port 8000
2023-01-11 06:41:00 info: =================================
2023-01-11 06:42:29 info: [0mGET /api/products/category/computer [32m200[0m 125.447 ms - 646[0m
2023-01-11 06:42:29 info: [0mGET /api/category [32m200[0m 57.030 ms - 691[0m
2023-01-11 06:42:30 info: [0mGET /api/products/category/computer [32m200[0m 108.033 ms - 646[0m
2023-01-11 06:42:30 info: [0mGET /api/category [32m200[0m 54.802 ms - 691[0m
2023-01-11 06:42:34 info: [0mGET /api/products/category/computer [32m200[0m 115.867 ms - 646[0m
2023-01-11 06:42:34 info: [0mGET /api/category [32m200[0m 53.584 ms - 691[0m
2023-01-11 06:42:38 info: [0mGET /api/products/category/computer [32m200[0m 118.588 ms - 646[0m
2023-01-11 06:42:38 info: [0mGET /api/category [32m200[0m 53.604 ms - 691[0m
2023-01-11 06:43:30 info: =================================
2023-01-11 06:43:30 info: ======= ENV: development =======
2023-01-11 06:43:30 info: 🚀 App listening on the port 8000
2023-01-11 06:43:30 info: =================================
2023-01-11 06:43:33 info: =================================
2023-01-11 06:43:33 info: ======= ENV: development =======
2023-01-11 06:43:33 info: 🚀 App listening on the port 8000
2023-01-11 06:43:33 info: =================================
2023-01-11 06:43:36 info: =================================
2023-01-11 06:43:36 info: ======= ENV: development =======
2023-01-11 06:43:36 info: 🚀 App listening on the port 8000
2023-01-11 06:43:36 info: =================================
2023-01-11 06:43:47 info: [0mGET /api/products/ [32m200[0m 77.998 ms - 638[0m
2023-01-11 06:43:56 info: =================================
2023-01-11 06:43:56 info: ======= ENV: development =======
2023-01-11 06:43:56 info: 🚀 App listening on the port 8000
2023-01-11 06:43:56 info: =================================
2023-01-11 06:43:58 info: [0mGET /api/products/ [32m200[0m 75.593 ms - 638[0m
2023-01-11 06:44:18 info: =================================
2023-01-11 06:44:18 info: ======= ENV: development =======
2023-01-11 06:44:18 info: 🚀 App listening on the port 8000
2023-01-11 06:44:18 info: =================================
2023-01-11 06:44:54 info: =================================
2023-01-11 06:44:54 info: ======= ENV: development =======
2023-01-11 06:44:54 info: 🚀 App listening on the port 8000
2023-01-11 06:44:54 info: =================================
2023-01-11 06:44:58 info: =================================
2023-01-11 06:44:58 info: ======= ENV: development =======
2023-01-11 06:44:58 info: 🚀 App listening on the port 8000
2023-01-11 06:44:58 info: =================================
2023-01-11 06:45:11 info: =================================
2023-01-11 06:45:11 info: ======= ENV: development =======
2023-01-11 06:45:11 info: 🚀 App listening on the port 8000
2023-01-11 06:45:11 info: =================================
2023-01-11 06:45:17 info: [0mGET /api/products/ [32m200[0m 141.319 ms - 888[0m
2023-01-11 06:58:22 info: [0mGET /api/products/ [32m200[0m 134.078 ms - 888[0m
2023-01-11 06:58:31 info: =================================
2023-01-11 06:58:31 info: ======= ENV: development =======
2023-01-11 06:58:31 info: 🚀 App listening on the port 8000
2023-01-11 06:58:31 info: =================================
2023-01-11 07:33:05 info: =================================
2023-01-11 07:33:05 info: ======= ENV: development =======
2023-01-11 07:33:05 info: 🚀 App listening on the port 8000
2023-01-11 07:33:05 info: =================================
2023-01-11 07:33:21 info: =================================
2023-01-11 07:33:21 info: ======= ENV: development =======
2023-01-11 07:33:21 info: 🚀 App listening on the port 8000
2023-01-11 07:33:21 info: =================================
2023-01-11 07:33:25 info: =================================
2023-01-11 07:33:25 info: ======= ENV: development =======
2023-01-11 07:33:25 info: 🚀 App listening on the port 8000
2023-01-11 07:33:25 info: =================================
2023-01-11 07:33:59 info: =================================
2023-01-11 07:33:59 info: ======= ENV: development =======
2023-01-11 07:33:59 info: 🚀 App listening on the port 8000
2023-01-11 07:33:59 info: =================================
2023-01-11 07:34:50 info: =================================
2023-01-11 07:34:50 info: ======= ENV: development =======
2023-01-11 07:34:50 info: 🚀 App listening on the port 8000
2023-01-11 07:34:50 info: =================================
2023-01-11 07:34:52 info: =================================
2023-01-11 07:34:52 info: ======= ENV: development =======
2023-01-11 07:34:52 info: 🚀 App listening on the port 8000
2023-01-11 07:34:52 info: =================================
2023-01-11 07:34:55 info: =================================
2023-01-11 07:34:55 info: ======= ENV: development =======
2023-01-11 07:34:55 info: 🚀 App listening on the port 8000
2023-01-11 07:34:55 info: =================================
2023-01-11 07:34:57 info: =================================
2023-01-11 07:34:57 info: ======= ENV: development =======
2023-01-11 07:34:57 info: 🚀 App listening on the port 8000
2023-01-11 07:34:57 info: =================================
2023-01-11 07:35:01 info: =================================
2023-01-11 07:35:01 info: ======= ENV: development =======
2023-01-11 07:35:01 info: 🚀 App listening on the port 8000
2023-01-11 07:35:01 info: =================================
2023-01-11 07:35:04 info: =================================
2023-01-11 07:35:04 info: ======= ENV: development =======
2023-01-11 07:35:04 info: 🚀 App listening on the port 8000
2023-01-11 07:35:04 info: =================================
2023-01-11 07:35:21 info: =================================
2023-01-11 07:35:21 info: ======= ENV: development =======
2023-01-11 07:35:21 info: 🚀 App listening on the port 8000
2023-01-11 07:35:21 info: =================================
2023-01-11 07:35:26 info: =================================
2023-01-11 07:35:26 info: ======= ENV: development =======
2023-01-11 07:35:26 info: 🚀 App listening on the port 8000
2023-01-11 07:35:26 info: =================================
2023-01-11 07:35:43 info: =================================
2023-01-11 07:35:43 info: ======= ENV: development =======
2023-01-11 07:35:43 info: 🚀 App listening on the port 8000
2023-01-11 07:35:43 info: =================================
2023-01-11 07:35:51 info: =================================
2023-01-11 07:35:51 info: ======= ENV: development =======
2023-01-11 07:35:51 info: 🚀 App listening on the port 8000
2023-01-11 07:35:51 info: =================================
2023-01-11 07:35:55 info: =================================
2023-01-11 07:35:55 info: ======= ENV: development =======
2023-01-11 07:35:55 info: 🚀 App listening on the port 8000
2023-01-11 07:35:55 info: =================================
2023-01-11 07:36:05 info: =================================
2023-01-11 07:36:05 info: ======= ENV: development =======
2023-01-11 07:36:05 info: 🚀 App listening on the port 8000
2023-01-11 07:36:05 info: =================================
2023-01-11 07:36:08 info: =================================
2023-01-11 07:36:08 info: ======= ENV: development =======
2023-01-11 07:36:08 info: 🚀 App listening on the port 8000
2023-01-11 07:36:08 info: =================================
2023-01-11 07:36:14 info: =================================
2023-01-11 07:36:14 info: ======= ENV: development =======
2023-01-11 07:36:14 info: 🚀 App listening on the port 8000
2023-01-11 07:36:14 info: =================================
2023-01-11 07:36:18 info: =================================
2023-01-11 07:36:18 info: ======= ENV: development =======
2023-01-11 07:36:18 info: 🚀 App listening on the port 8000
2023-01-11 07:36:18 info: =================================
2023-01-11 07:36:42 info: =================================
2023-01-11 07:36:42 info: ======= ENV: development =======
2023-01-11 07:36:42 info: 🚀 App listening on the port 8000
2023-01-11 07:36:42 info: =================================
2023-01-11 07:37:02 info: =================================
2023-01-11 07:37:02 info: ======= ENV: development =======
2023-01-11 07:37:02 info: 🚀 App listening on the port 8000
2023-01-11 07:37:02 info: =================================
2023-01-11 07:37:40 info: =================================
2023-01-11 07:37:40 info: ======= ENV: development =======
2023-01-11 07:37:40 info: 🚀 App listening on the port 8000
2023-01-11 07:37:40 info: =================================
2023-01-11 07:38:03 info: =================================
2023-01-11 07:38:03 info: ======= ENV: development =======
2023-01-11 07:38:03 info: 🚀 App listening on the port 8000
2023-01-11 07:38:04 info: =================================
2023-01-11 07:38:09 info: =================================
2023-01-11 07:38:09 info: ======= ENV: development =======
2023-01-11 07:38:09 info: 🚀 App listening on the port 8000
2023-01-11 07:38:09 info: =================================
2023-01-11 07:38:25 info: =================================
2023-01-11 07:38:25 info: ======= ENV: development =======
2023-01-11 07:38:25 info: 🚀 App listening on the port 8000
2023-01-11 07:38:25 info: =================================
2023-01-11 07:38:28 info: =================================
2023-01-11 07:38:28 info: ======= ENV: development =======
2023-01-11 07:38:28 info: 🚀 App listening on the port 8000
2023-01-11 07:38:28 info: =================================
2023-01-11 07:38:33 info: =================================
2023-01-11 07:38:33 info: ======= ENV: development =======
2023-01-11 07:38:33 info: 🚀 App listening on the port 8000
2023-01-11 07:38:33 info: =================================
2023-01-11 07:38:40 info: =================================
2023-01-11 07:38:40 info: ======= ENV: development =======
2023-01-11 07:38:40 info: 🚀 App listening on the port 8000
2023-01-11 07:38:40 info: =================================
2023-01-11 07:38:45 info: =================================
2023-01-11 07:38:45 info: ======= ENV: development =======
2023-01-11 07:38:45 info: 🚀 App listening on the port 8000
2023-01-11 07:38:45 info: =================================
2023-01-11 07:39:05 info: =================================
2023-01-11 07:39:05 info: ======= ENV: development =======
2023-01-11 07:39:05 info: 🚀 App listening on the port 8000
2023-01-11 07:39:05 info: =================================
2023-01-11 07:39:09 info: =================================
2023-01-11 07:39:09 info: ======= ENV: development =======
2023-01-11 07:39:09 info: 🚀 App listening on the port 8000
2023-01-11 07:39:09 info: =================================
2023-01-11 07:39:16 info: =================================
2023-01-11 07:39:16 info: ======= ENV: development =======
2023-01-11 07:39:16 info: 🚀 App listening on the port 8000
2023-01-11 07:39:16 info: =================================
2023-01-11 07:39:19 info: =================================
2023-01-11 07:39:19 info: ======= ENV: development =======
2023-01-11 07:39:19 info: 🚀 App listening on the port 8000
2023-01-11 07:39:19 info: =================================
2023-01-11 07:39:41 info: =================================
2023-01-11 07:39:41 info: ======= ENV: development =======
2023-01-11 07:39:41 info: 🚀 App listening on the port 8000
2023-01-11 07:39:41 info: =================================
2023-01-11 07:39:53 info: =================================
2023-01-11 07:39:53 info: ======= ENV: development =======
2023-01-11 07:39:53 info: 🚀 App listening on the port 8000
2023-01-11 07:39:53 info: =================================
2023-01-11 07:39:59 info: =================================
2023-01-11 07:39:59 info: ======= ENV: development =======
2023-01-11 07:39:59 info: 🚀 App listening on the port 8000
2023-01-11 07:39:59 info: =================================
2023-01-11 07:40:02 info: =================================
2023-01-11 07:40:02 info: ======= ENV: development =======
2023-01-11 07:40:02 info: 🚀 App listening on the port 8000
2023-01-11 07:40:02 info: =================================
2023-01-11 07:40:04 info: =================================
2023-01-11 07:40:04 info: ======= ENV: development =======
2023-01-11 07:40:04 info: 🚀 App listening on the port 8000
2023-01-11 07:40:04 info: =================================
2023-01-11 07:40:16 info: =================================
2023-01-11 07:40:16 info: ======= ENV: development =======
2023-01-11 07:40:16 info: 🚀 App listening on the port 8000
2023-01-11 07:40:16 info: =================================
2023-01-11 07:40:33 info: [0mGET /api/brands/category/computer [32m200[0m 216.453 ms - 350[0m
2023-01-11 07:41:26 info: =================================
2023-01-11 07:41:26 info: ======= ENV: development =======
2023-01-11 07:41:26 info: 🚀 App listening on the port 8000
2023-01-11 07:41:26 info: =================================
2023-01-11 07:41:28 info: [0mGET /api/brands/category/computer [32m200[0m 1105.007 ms - 100[0m
2023-01-11 07:43:06 info: =================================
2023-01-11 07:43:06 info: ======= ENV: development =======
2023-01-11 07:43:06 info: 🚀 App listening on the port 8000
2023-01-11 07:43:06 info: =================================
2023-01-11 07:43:12 info: =================================
2023-01-11 07:43:12 info: ======= ENV: development =======
2023-01-11 07:43:12 info: 🚀 App listening on the port 8000
2023-01-11 07:43:12 info: =================================
2023-01-11 07:43:49 info: =================================
2023-01-11 07:43:49 info: ======= ENV: development =======
2023-01-11 07:43:49 info: 🚀 App listening on the port 8000
2023-01-11 07:43:49 info: =================================
2023-01-11 07:43:54 info: =================================
2023-01-11 07:43:54 info: ======= ENV: development =======
2023-01-11 07:43:54 info: 🚀 App listening on the port 8000
2023-01-11 07:43:54 info: =================================
2023-01-11 07:44:08 info: =================================
2023-01-11 07:44:08 info: ======= ENV: development =======
2023-01-11 07:44:08 info: 🚀 App listening on the port 8000
2023-01-11 07:44:08 info: =================================
2023-01-11 07:44:16 info: =================================
2023-01-11 07:44:16 info: ======= ENV: development =======
2023-01-11 07:44:16 info: 🚀 App listening on the port 8000
2023-01-11 07:44:16 info: =================================
2023-01-11 07:45:11 info: =================================
2023-01-11 07:45:11 info: ======= ENV: development =======
2023-01-11 07:45:11 info: 🚀 App listening on the port 8000
2023-01-11 07:45:11 info: =================================
2023-01-11 07:45:21 info: =================================
2023-01-11 07:45:21 info: ======= ENV: development =======
2023-01-11 07:45:21 info: 🚀 App listening on the port 8000
2023-01-11 07:45:21 info: =================================
2023-01-11 07:45:23 info: =================================
2023-01-11 07:45:23 info: ======= ENV: development =======
2023-01-11 07:45:23 info: 🚀 App listening on the port 8000
2023-01-11 07:45:23 info: =================================
2023-01-11 07:45:25 info: =================================
2023-01-11 07:45:25 info: ======= ENV: development =======
2023-01-11 07:45:25 info: 🚀 App listening on the port 8000
2023-01-11 07:45:25 info: =================================
2023-01-11 07:45:45 info: =================================
2023-01-11 07:45:45 info: ======= ENV: development =======
2023-01-11 07:45:45 info: 🚀 App listening on the port 8000
2023-01-11 07:45:45 info: =================================
2023-01-11 07:46:11 info: =================================
2023-01-11 07:46:11 info: ======= ENV: development =======
2023-01-11 07:46:11 info: 🚀 App listening on the port 8000
2023-01-11 07:46:11 info: =================================
2023-01-11 07:46:14 info: =================================
2023-01-11 07:46:14 info: ======= ENV: development =======
2023-01-11 07:46:14 info: 🚀 App listening on the port 8000
2023-01-11 07:46:14 info: =================================
2023-01-11 07:46:18 info: =================================
2023-01-11 07:46:18 info: ======= ENV: development =======
2023-01-11 07:46:18 info: 🚀 App listening on the port 8000
2023-01-11 07:46:18 info: =================================
2023-01-11 07:46:42 info: =================================
2023-01-11 07:46:42 info: ======= ENV: development =======
2023-01-11 07:46:42 info: 🚀 App listening on the port 8000
2023-01-11 07:46:42 info: =================================
2023-01-11 07:47:20 info: =================================
2023-01-11 07:47:20 info: ======= ENV: development =======
2023-01-11 07:47:20 info: 🚀 App listening on the port 8000
2023-01-11 07:47:20 info: =================================
2023-01-11 07:47:36 info: =================================
2023-01-11 07:47:36 info: ======= ENV: development =======
2023-01-11 07:47:36 info: 🚀 App listening on the port 8000
2023-01-11 07:47:36 info: =================================
2023-01-11 07:47:48 info: =================================
2023-01-11 07:47:48 info: ======= ENV: development =======
2023-01-11 07:47:48 info: 🚀 App listening on the port 8000
2023-01-11 07:47:48 info: =================================
2023-01-11 07:48:24 info: =================================
2023-01-11 07:48:24 info: ======= ENV: development =======
2023-01-11 07:48:24 info: 🚀 App listening on the port 8000
2023-01-11 07:48:24 info: =================================
2023-01-11 07:50:31 error: [GET] /api/products/category/computer >> StatusCode:: 409, Message:: categorySlug doesn't exist
2023-01-11 07:50:31 info: [0mGET /api/products/category/computer [33m409[0m 68.709 ms - 40[0m
2023-01-11 07:50:31 error: [GET] /api/products/category/computer >> StatusCode:: 409, Message:: categorySlug doesn't exist
2023-01-11 07:50:31 info: [0mGET /api/products/category/computer [33m409[0m 67.031 ms - 40[0m
2023-01-11 07:50:31 info: [0mGET /api/category [32m200[0m 55.781 ms - 31[0m
2023-01-11 07:50:31 info: [0mGET /api/category [32m200[0m 53.336 ms - 31[0m
2023-01-11 07:50:37 error: [GET] /api/products/category/computer >> StatusCode:: 409, Message:: categorySlug doesn't exist
2023-01-11 07:50:37 info: [0mGET /api/products/category/computer [33m409[0m 54.167 ms - 40[0m
2023-01-11 07:50:37 info: [0mGET /api/category [32m200[0m 52.557 ms - 31[0m
2023-01-11 07:50:37 info: [0mGET /api/brands [32m200[0m 54.763 ms - 31[0m
2023-01-11 07:51:06 error: [GET] /api/products/category/computer >> StatusCode:: 409, Message:: categorySlug doesn't exist
2023-01-11 07:51:06 info: [0mGET /api/products/category/computer [33m409[0m 63.594 ms - 40[0m
2023-01-11 07:51:06 error: [GET] /api/products/category/computer >> StatusCode:: 409, Message:: categorySlug doesn't exist
2023-01-11 07:51:06 info: [0mGET /api/products/category/computer [33m409[0m 67.411 ms - 40[0m
2023-01-11 07:51:06 info: [0mGET /api/category [32m200[0m 67.242 ms - 31[0m
2023-01-11 07:51:06 info: [0mGET /api/category [32m200[0m 63.612 ms - 31[0m
2023-01-11 07:51:06 info: [0mGET /api/brands [32m200[0m 54.550 ms - 31[0m
2023-01-11 07:51:06 info: [0mGET /api/brands [32m200[0m 52.971 ms - 31[0m
2023-01-11 07:51:12 error: [GET] /api/products/category/computer >> StatusCode:: 409, Message:: categorySlug doesn't exist
2023-01-11 07:51:12 info: [0mGET /api/products/category/computer [33m409[0m 59.686 ms - 40[0m
2023-01-11 07:51:12 info: [0mGET /api/category [32m200[0m 52.533 ms - 31[0m
2023-01-11 07:51:12 info: [0mGET /api/brands [32m200[0m 54.446 ms - 31[0m
2023-01-11 07:51:23 error: [GET] /api/products/category/computer >> StatusCode:: 409, Message:: categorySlug doesn't exist
2023-01-11 07:51:23 info: [0mGET /api/products/category/computer [33m409[0m 77.653 ms - 40[0m
2023-01-11 07:51:23 info: [0mGET /api/category [32m200[0m 52.360 ms - 31[0m
2023-01-11 07:51:23 info: [0mGET /api/brands [32m200[0m 52.221 ms - 31[0m
2023-01-11 07:51:35 error: [GET] /api/products/category/computer >> StatusCode:: 409, Message:: categorySlug doesn't exist
2023-01-11 07:51:35 info: [0mGET /api/products/category/computer [33m409[0m 58.691 ms - 40[0m
2023-01-11 07:51:35 info: [0mGET /api/category [32m200[0m 51.642 ms - 31[0m
2023-01-11 07:51:35 info: [0mGET /api/brands [32m200[0m 52.234 ms - 31[0m
2023-01-11 07:51:39 error: [GET] /api/products/category/computer >> StatusCode:: 409, Message:: categorySlug doesn't exist
2023-01-11 07:51:39 info: [0mGET /api/products/category/computer [33m409[0m 52.480 ms - 40[0m
2023-01-11 07:51:39 info: [0mGET /api/category [32m200[0m 51.751 ms - 31[0m
2023-01-11 07:51:39 info: [0mGET /api/brands [32m200[0m 51.454 ms - 31[0m
2023-01-11 07:51:46 error: [GET] /api/products/category/computer >> StatusCode:: 409, Message:: categorySlug doesn't exist
2023-01-11 07:51:46 info: [0mGET /api/products/category/computer [33m409[0m 58.844 ms - 40[0m
2023-01-11 07:51:46 info: [0mGET /api/category [32m200[0m 59.589 ms - 31[0m
2023-01-11 07:51:47 info: [0mGET /api/brands [32m200[0m 53.858 ms - 31[0m
2023-01-11 07:51:51 error: [GET] /api/products/category/computer >> StatusCode:: 409, Message:: categorySlug doesn't exist
2023-01-11 07:51:51 info: [0mGET /api/products/category/computer [33m409[0m 54.376 ms - 40[0m
2023-01-11 07:51:51 info: [0mGET /api/category [32m200[0m 54.519 ms - 31[0m
2023-01-11 07:51:51 info: [0mGET /api/brands [32m200[0m 52.231 ms - 31[0m
2023-01-11 07:51:57 info: [0mGET /api/category [32m200[0m 56.127 ms - 31[0m
2023-01-11 07:51:57 info: [0mGET /api/products?limit=4&skip=0 [32m200[0m 53.667 ms - 31[0m
2023-01-11 07:53:02 error: [POST] /secure/api/categor/ >> StatusCode:: 401, Message:: Wrong authentication token
2023-01-11 07:53:02 info: [0mPOST /secure/api/categor/ [33m401[0m 9.023 ms - 40[0m
2023-01-11 07:53:15 info: [0mPOST /login [32m200[0m 129.172 ms - 260[0m
2023-01-11 07:53:32 error: [POST] /secure/api/category/ >> StatusCode:: 400, Message:: each value in brands must be a string,brands must be an array
2023-01-11 07:53:32 info: [0mPOST /secure/api/category/ [33m400[0m 60.540 ms - 75[0m
2023-01-11 07:53:55 info: [0mPOST /secure/api/category/ [32m201[0m 134.126 ms - 317[0m
2023-01-11 07:54:24 info: [0mPOST /secure/api/brands/ [32m200[0m 113.742 ms - 305[0m
2023-01-11 07:54:59 info: [0mGET /api/category/ [32m200[0m 53.136 ms - 311[0m
