2023-01-03 10:03:14 info: =================================
2023-01-03 10:03:14 info: ======= ENV: development =======
2023-01-03 10:03:14 info: 🚀 App listening on the port 8000
2023-01-03 10:03:14 info: =================================
2023-01-03 10:03:26 info: [0mPOST /login [32m200[0m 161.645 ms - 255[0m
2023-01-03 10:03:59 info: [0mPOST /login [32m200[0m 167.833 ms - 255[0m
2023-01-03 10:04:46 info: [0mPOST /login [32m200[0m 117.433 ms - 255[0m
2023-01-03 10:17:15 info: [0mPOST /login [32m200[0m 118.209 ms - 255[0m
2023-01-03 10:26:30 info: [0mPOST /login [32m200[0m 183.145 ms - 255[0m
2023-01-03 10:27:24 info: [0mPOST /login [32m200[0m 123.114 ms - 255[0m
2023-01-03 10:37:37 info: [0mPOST /login [32m200[0m 127.691 ms - 255[0m
2023-01-03 10:41:18 info: [0mPOST /login [32m200[0m 139.512 ms - 255[0m
2023-01-03 10:42:01 info: [0mPOST /login [32m200[0m 125.885 ms - 255[0m
2023-01-03 10:42:38 info: [0mPOST /login [32m200[0m 118.263 ms - 255[0m
2023-01-03 10:42:58 info: [0mPOST /login [32m200[0m 124.622 ms - 255[0m
2023-01-03 10:44:25 info: [0mPOST /login [32m200[0m 122.205 ms - 255[0m
2023-01-03 10:45:41 info: [0mPOST /login [32m200[0m 121.685 ms - 255[0m
2023-01-03 10:51:03 info: [0mPOST /login [32m200[0m 118.730 ms - 255[0m
2023-01-03 11:05:23 info: [0mPOST /api/products [33m404[0m 1.906 ms - 152[0m
2023-01-03 11:05:34 info: [0mGET /api/products [33m404[0m 0.665 ms - 151[0m
2023-01-03 11:05:37 error: [GET] /products >> StatusCode:: 404, Message:: Authentication token missing
2023-01-03 11:05:37 info: [0mGET /products [33m404[0m 1.194 ms - 42[0m
2023-01-03 11:06:59 info: =================================
2023-01-03 11:06:59 info: ======= ENV: development =======
2023-01-03 11:06:59 info: 🚀 App listening on the port 8000
2023-01-03 11:06:59 info: =================================
2023-01-03 11:07:32 info: =================================
2023-01-03 11:07:32 info: ======= ENV: development =======
2023-01-03 11:07:32 info: 🚀 App listening on the port 8000
2023-01-03 11:07:32 info: =================================
2023-01-03 11:07:41 info: =================================
2023-01-03 11:07:41 info: ======= ENV: development =======
2023-01-03 11:07:41 info: 🚀 App listening on the port 8000
2023-01-03 11:07:41 info: =================================
2023-01-03 11:07:47 info: =================================
2023-01-03 11:07:47 info: ======= ENV: development =======
2023-01-03 11:07:47 info: 🚀 App listening on the port 8000
2023-01-03 11:07:47 info: =================================
2023-01-03 11:07:52 info: [0mGET /api/users [32m200[0m 83.361 ms - 781[0m
2023-01-03 11:08:13 info: =================================
2023-01-03 11:08:13 info: ======= ENV: development =======
2023-01-03 11:08:13 info: 🚀 App listening on the port 8000
2023-01-03 11:08:13 info: =================================
2023-01-03 11:11:15 info: =================================
2023-01-03 11:11:15 info: ======= ENV: development =======
2023-01-03 11:11:15 info: 🚀 App listening on the port 8000
2023-01-03 11:11:15 info: =================================
2023-01-03 11:11:20 error: [GET] /api/users >> StatusCode:: 404, Message:: Authentication token missing
2023-01-03 11:11:20 info: [0mGET /api/users [33m404[0m 18.791 ms - 42[0m
2023-01-03 11:11:34 info: =================================
2023-01-03 11:11:34 info: ======= ENV: development =======
2023-01-03 11:11:34 info: 🚀 App listening on the port 8000
2023-01-03 11:11:34 info: =================================
2023-01-03 11:11:40 info: =================================
2023-01-03 11:11:40 info: ======= ENV: development =======
2023-01-03 11:11:40 info: 🚀 App listening on the port 8000
2023-01-03 11:11:40 info: =================================
2023-01-03 11:11:42 info: =================================
2023-01-03 11:11:42 info: ======= ENV: development =======
2023-01-03 11:11:42 info: 🚀 App listening on the port 8000
2023-01-03 11:11:42 info: =================================
2023-01-03 11:11:45 info: =================================
2023-01-03 11:11:45 info: ======= ENV: development =======
2023-01-03 11:11:45 info: 🚀 App listening on the port 8000
2023-01-03 11:11:45 info: =================================
2023-01-03 11:11:50 info: =================================
2023-01-03 11:11:50 info: ======= ENV: development =======
2023-01-03 11:11:50 info: 🚀 App listening on the port 8000
2023-01-03 11:11:50 info: =================================
2023-01-03 11:11:59 info: =================================
2023-01-03 11:11:59 info: ======= ENV: development =======
2023-01-03 11:11:59 info: 🚀 App listening on the port 8000
2023-01-03 11:11:59 info: =================================
2023-01-03 11:12:02 info: =================================
2023-01-03 11:12:02 info: ======= ENV: development =======
2023-01-03 11:12:02 info: 🚀 App listening on the port 8000
2023-01-03 11:12:02 info: =================================
2023-01-03 11:12:07 error: [GET] /api/product >> StatusCode:: 404, Message:: Authentication token missing
2023-01-03 11:12:07 info: [0mGET /api/product [33m404[0m 11.669 ms - 42[0m
