2023-01-02 07:42:08 info: [0mGET /products [33m404[0m 4.035 ms - 147[0m
2023-01-02 07:42:17 info: [0mGET /api/produc [33m404[0m 1.028 ms - 149[0m
2023-01-02 07:43:18 info: =================================
2023-01-02 07:43:18 info: ======= ENV: development =======
2023-01-02 07:43:18 info: 🚀 App listening on the port 8000
2023-01-02 07:43:18 info: =================================
2023-01-02 07:43:33 info: =================================
2023-01-02 07:43:33 info: ======= ENV: development =======
2023-01-02 07:43:33 info: 🚀 App listening on the port 8000
2023-01-02 07:43:33 info: =================================
2023-01-02 07:47:44 info: =================================
2023-01-02 07:47:44 info: ======= ENV: development =======
2023-01-02 07:47:44 info: 🚀 App listening on the port 8000
2023-01-02 07:47:44 info: =================================
2023-01-02 07:48:17 info: =================================
2023-01-02 07:48:17 info: ======= ENV: development =======
2023-01-02 07:48:17 info: 🚀 App listening on the port 8000
2023-01-02 07:48:17 info: =================================
2023-01-02 07:48:18 info: =================================
2023-01-02 07:48:18 info: ======= ENV: development =======
2023-01-02 07:48:18 info: 🚀 App listening on the port 8000
2023-01-02 07:48:18 info: =================================
2023-01-02 07:48:46 info: =================================
2023-01-02 07:48:46 info: ======= ENV: development =======
2023-01-02 07:48:46 info: 🚀 App listening on the port 8000
2023-01-02 07:48:46 info: =================================
2023-01-02 07:48:58 info: =================================
2023-01-02 07:48:58 info: ======= ENV: development =======
2023-01-02 07:48:58 info: 🚀 App listening on the port 8000
2023-01-02 07:48:58 info: =================================
2023-01-02 07:49:05 info: [0mGET /api/getProducts [33m404[0m 5.290 ms - 154[0m
2023-01-02 07:49:08 info: [0mGET /getProducts [33m404[0m 1.166 ms - 150[0m
2023-01-02 07:49:22 info: [0mGET /products/ [32m200[0m 345.481 ms - 3[0m
2023-01-02 07:49:22 error: [GET] /products/ >> StatusCode:: 500, Message:: Cannot set headers after they are sent to the client
2023-01-02 07:50:23 info: =================================
2023-01-02 07:50:23 info: ======= ENV: development =======
2023-01-02 07:50:23 info: 🚀 App listening on the port 8000
2023-01-02 07:50:23 info: =================================
2023-01-02 07:50:24 info: [0mGET /products/ [32m200[0m 398.101 ms - 3[0m
2023-01-02 07:50:24 error: [GET] /products/ >> StatusCode:: 500, Message:: Cannot set headers after they are sent to the client
2023-01-02 07:51:40 error: [POST] /login >> StatusCode:: 400, Message:: email must be an email, password must be a string
2023-01-02 07:51:40 info: [0mPOST /login [33m400[0m 5.335 ms - 63[0m
2023-01-02 07:52:04 info: [0mPOST /login [32m200[0m 155.755 ms - 255[0m
2023-01-02 07:52:41 info: [0mGET /products/ [32m200[0m 54.199 ms - 3[0m
2023-01-02 07:52:41 error: [GET] /products/ >> StatusCode:: 500, Message:: Cannot set headers after they are sent to the client
2023-01-02 07:58:07 info: [0mGET /products/ [32m200[0m 91.610 ms - 3[0m
2023-01-02 07:58:07 error: [GET] /products/ >> StatusCode:: 500, Message:: Cannot set headers after they are sent to the client
2023-01-02 08:02:03 info: [0mGET /products/ [32m200[0m 52.201 ms - 3[0m
2023-01-02 08:02:03 error: [GET] /products/ >> StatusCode:: 500, Message:: Cannot set headers after they are sent to the client
2023-01-02 08:02:07 info: [0mGET /products/ [32m200[0m 73.803 ms - 3[0m
2023-01-02 08:02:07 error: [GET] /products/ >> StatusCode:: 500, Message:: Cannot set headers after they are sent to the client
2023-01-02 08:03:22 info: =================================
2023-01-02 08:03:22 info: ======= ENV: development =======
2023-01-02 08:03:22 info: 🚀 App listening on the port 8000
2023-01-02 08:03:22 info: =================================
2023-01-02 08:04:23 info: =================================
2023-01-02 08:04:23 info: ======= ENV: development =======
2023-01-02 08:04:23 info: 🚀 App listening on the port 8000
2023-01-02 08:04:23 info: =================================
2023-01-02 08:04:34 info: =================================
2023-01-02 08:04:34 info: ======= ENV: development =======
2023-01-02 08:04:34 info: 🚀 App listening on the port 8000
2023-01-02 08:04:34 info: =================================
2023-01-02 08:04:37 info: [0mGET /products/ [32m200[0m 71.128 ms - 3[0m
2023-01-02 08:04:37 error: [GET] /products/ >> StatusCode:: 500, Message:: Cannot set headers after they are sent to the client
2023-01-02 08:06:15 info: =================================
2023-01-02 08:06:15 info: ======= ENV: development =======
2023-01-02 08:06:15 info: 🚀 App listening on the port 8000
2023-01-02 08:06:15 info: =================================
2023-01-02 08:06:20 info: =================================
2023-01-02 08:06:20 info: ======= ENV: development =======
2023-01-02 08:06:20 info: 🚀 App listening on the port 8000
2023-01-02 08:06:20 info: =================================
2023-01-02 08:06:23 info: =================================
2023-01-02 08:06:23 info: ======= ENV: development =======
2023-01-02 08:06:23 info: 🚀 App listening on the port 8000
2023-01-02 08:06:23 info: =================================
2023-01-02 08:06:27 info: [0mGET /products/ [32m200[0m 64.916 ms - 3[0m
2023-01-02 08:06:27 error: [GET] /products/ >> StatusCode:: 500, Message:: Cannot set headers after they are sent to the client
2023-01-02 08:06:46 info: =================================
2023-01-02 08:06:46 info: ======= ENV: development =======
2023-01-02 08:06:46 info: 🚀 App listening on the port 8000
2023-01-02 08:06:46 info: =================================
2023-01-02 08:06:55 info: =================================
2023-01-02 08:06:55 info: ======= ENV: development =======
2023-01-02 08:06:55 info: 🚀 App listening on the port 8000
2023-01-02 08:06:55 info: =================================
2023-01-02 08:06:59 info: =================================
2023-01-02 08:06:59 info: ======= ENV: development =======
2023-01-02 08:06:59 info: 🚀 App listening on the port 8000
2023-01-02 08:06:59 info: =================================
2023-01-02 08:07:04 info: [0mGET /products/ [32m200[0m 64.427 ms - 3[0m
2023-01-02 08:07:04 error: [GET] /products/ >> StatusCode:: 500, Message:: Cannot set headers after they are sent to the client
2023-01-02 08:07:18 info: =================================
2023-01-02 08:07:18 info: ======= ENV: development =======
2023-01-02 08:07:18 info: 🚀 App listening on the port 8000
2023-01-02 08:07:18 info: =================================
2023-01-02 08:07:33 info: =================================
2023-01-02 08:07:33 info: ======= ENV: development =======
2023-01-02 08:07:33 info: 🚀 App listening on the port 8000
2023-01-02 08:07:33 info: =================================
2023-01-02 08:07:35 info: [0mGET /products/ [32m200[0m 70.369 ms - 3[0m
2023-01-02 08:07:35 error: [GET] /products/ >> StatusCode:: 500, Message:: Cannot set headers after they are sent to the client
2023-01-02 08:08:25 info: [0mGET /users/ [32m200[0m 74.423 ms - 781[0m
2023-01-02 08:08:40 info: [0mGET /product/ [33m404[0m 1.607 ms - 147[0m
2023-01-02 08:08:43 info: [0mGET /products/ [32m200[0m 60.347 ms - 3[0m
2023-01-02 08:08:43 error: [GET] /products/ >> StatusCode:: 500, Message:: Cannot set headers after they are sent to the client
2023-01-02 09:26:06 info: =================================
2023-01-02 09:26:06 info: ======= ENV: development =======
2023-01-02 09:26:06 info: 🚀 App listening on the port 8000
2023-01-02 09:26:06 info: =================================
2023-01-02 09:26:20 info: [0mGET /products [32m200[0m 75.769 ms - 3[0m
2023-01-02 09:26:20 error: [GET] /products >> StatusCode:: 500, Message:: Cannot set headers after they are sent to the client
2023-01-02 09:26:20 info: [0mGET /favicon.ico [33m404[0m 2.773 ms - 150[0m
2023-01-02 09:27:31 info: =================================
2023-01-02 09:27:31 info: ======= ENV: development =======
2023-01-02 09:27:31 info: 🚀 App listening on the port 8000
2023-01-02 09:27:31 info: =================================
2023-01-02 09:27:32 info: [0mGET /products/get [32m200[0m 61.374 ms - 3[0m
2023-01-02 09:27:32 error: [GET] /products/get >> StatusCode:: 500, Message:: Cannot set headers after they are sent to the client
2023-01-02 09:27:38 info: =================================
2023-01-02 09:27:38 info: ======= ENV: development =======
2023-01-02 09:27:38 info: 🚀 App listening on the port 8000
2023-01-02 09:27:38 info: =================================
2023-01-02 09:27:45 info: =================================
2023-01-02 09:27:45 info: ======= ENV: development =======
2023-01-02 09:27:45 info: 🚀 App listening on the port 8000
2023-01-02 09:27:45 info: =================================
2023-01-02 09:27:46 info: [0mGET /products/get [33m404[0m 4.913 ms - 151[0m
2023-01-02 09:27:49 error: [GET] /products/ >> StatusCode:: 500, Message:: Cannot set headers after they are sent to the client
2023-01-02 09:27:49 info: [0mGET /products/ [31m500[0m 64.277 ms - 3[0m
2023-01-02 09:28:00 info: =================================
2023-01-02 09:28:00 info: ======= ENV: development =======
2023-01-02 09:28:00 info: 🚀 App listening on the port 8000
2023-01-02 09:28:00 info: =================================
2023-01-02 09:28:25 info: =================================
2023-01-02 09:28:25 info: ======= ENV: development =======
2023-01-02 09:28:25 info: 🚀 App listening on the port 8000
2023-01-02 09:28:25 info: =================================
2023-01-02 09:28:26 info: [0mGET /products/ [32m200[0m 998.997 ms - 194[0m
2023-01-02 09:28:39 error: [POST] /products/ >> StatusCode:: 400, Message:: name must be a string, description must be a string, stock must be a number conforming to the specified constraints, category must be a string, brand must be a string
2023-01-02 09:28:39 info: [0mPOST /products/ [33m400[0m 4.795 ms - 180[0m
2023-01-02 09:28:52 info: [0mGET /products [32m200[0m 65.519 ms - 194[0m
2023-01-02 09:29:27 info: =================================
2023-01-02 09:29:27 info: ======= ENV: development =======
2023-01-02 09:29:27 info: 🚀 App listening on the port 8000
2023-01-02 09:29:27 info: =================================
2023-01-02 09:32:20 info: =================================
2023-01-02 09:32:20 info: ======= ENV: development =======
2023-01-02 09:32:20 info: 🚀 App listening on the port 8000
2023-01-02 09:32:20 info: =================================
2023-01-02 09:33:39 info: =================================
2023-01-02 09:33:39 info: ======= ENV: development =======
2023-01-02 09:33:39 info: 🚀 App listening on the port 8000
2023-01-02 09:33:39 info: =================================
2023-01-02 09:33:44 error: [POST] /products/ >> StatusCode:: 400, Message:: name must be a string, description must be a string, stock must be a number conforming to the specified constraints, category must be a string, brand must be a string
2023-01-02 09:33:44 info: [0mPOST /products/ [33m400[0m 9.523 ms - 180[0m
2023-01-02 09:33:48 error: [GET] /products/ >> StatusCode:: 404, Message:: Authentication token missing
2023-01-02 09:33:48 info: [0mGET /products/ [33m404[0m 1.499 ms - 42[0m
2023-01-02 09:35:23 info: [0mGET /log%C4%B1n/ [33m404[0m 2.341 ms - 150[0m
2023-01-02 09:35:44 info: [0mPOST /log%C4%B1n/ [33m404[0m 15.793 ms - 151[0m
2023-01-02 09:35:52 info: [0mPOST /login/ [32m200[0m 150.906 ms - 255[0m
2023-01-02 09:35:59 error: [POST] /products/ >> StatusCode:: 400, Message:: property email should not exist, property password should not exist, name must be a string, description must be a string, stock must be a number conforming to the specified constraints, category must be a string, brand must be a string
2023-01-02 09:35:59 info: [0mPOST /products/ [33m400[0m 1.899 ms - 249[0m
2023-01-02 09:36:06 error: [GET] /products/ >> StatusCode:: 404, Message:: Authentication token missing
2023-01-02 09:36:06 info: [0mGET /products/ [33m404[0m 1.519 ms - 42[0m
2023-01-02 10:08:11 info: [0mGET / [33m404[0m 0.610 ms - -[0m
2023-01-02 10:09:02 info: =================================
2023-01-02 10:09:02 info: ======= ENV: development =======
2023-01-02 10:09:02 info: 🚀 App listening on the port 8000
2023-01-02 10:09:02 info: =================================
2023-01-02 10:09:24 info: =================================
2023-01-02 10:09:24 info: ======= ENV: development =======
2023-01-02 10:09:24 info: 🚀 App listening on the port 8000
2023-01-02 10:09:24 info: =================================
2023-01-02 10:09:26 info: =================================
2023-01-02 10:09:26 info: ======= ENV: development =======
2023-01-02 10:09:26 info: 🚀 App listening on the port 8000
2023-01-02 10:09:26 info: =================================
2023-01-02 10:09:38 info: =================================
2023-01-02 10:09:38 info: ======= ENV: development =======
2023-01-02 10:09:38 info: 🚀 App listening on the port 8000
2023-01-02 10:09:38 info: =================================
2023-01-02 10:09:44 info: [0mGET /log%C4%B1n/ [33m404[0m 18.794 ms - 150[0m
2023-01-02 10:09:46 info: [0mGET /login/ [33m404[0m 1.613 ms - 145[0m
2023-01-02 10:09:52 info: [0mPOST /login/ [32m200[0m 132.447 ms - 255[0m
2023-01-02 10:13:33 info: [0mPOST /login [32m200[0m 117.710 ms - 255[0m
2023-01-02 10:14:57 info: [0mPOST /login [32m200[0m 121.888 ms - 255[0m
2023-01-02 10:27:43 info: [0mPOST /login [32m200[0m 117.343 ms - 255[0m
2023-01-02 10:28:00 info: [0mPOST /login [32m200[0m 125.337 ms - 255[0m
2023-01-02 10:29:00 info: [0mPOST /login [32m200[0m 131.008 ms - 255[0m
2023-01-02 10:29:20 info: [0mPOST /login [32m200[0m 121.717 ms - 255[0m
2023-01-02 10:30:42 info: [0mPOST /login [32m200[0m 129.956 ms - 255[0m
2023-01-02 10:30:50 info: [0mPOST /login [32m200[0m 118.755 ms - 255[0m
2023-01-02 10:31:09 info: [0mPOST /login [32m200[0m 119.974 ms - 255[0m
2023-01-02 10:33:30 info: [0mGET / [33m404[0m 0.735 ms - -[0m
2023-01-02 10:42:40 error: [POST] /login >> StatusCode:: 400, Message:: email must be an email
2023-01-02 10:42:40 info: [0mPOST /login [33m400[0m 2.428 ms - 36[0m
