2023-01-10 00:29:57 info: [0mGET /api/category [32m200[0m 478.676 ms - 691[0m
2023-01-10 00:29:57 info: [0mGET /api/products?limit=4&skip=0 [32m200[0m 69.739 ms - 619[0m
2023-01-10 00:29:59 info: [0mGET /api/category [32m200[0m 65.612 ms - 691[0m
2023-01-10 00:29:59 info: [0mGET /api/products?limit=4&skip=0 [32m200[0m 54.604 ms - 619[0m
2023-01-10 00:30:09 info: [0mGET /api/category [32m200[0m 64.970 ms - 691[0m
2023-01-10 00:30:09 info: [0mGET /api/products?limit=4&skip=0 [32m200[0m 55.985 ms - 619[0m
2023-01-10 00:30:17 info: [0mGET /api/category [32m200[0m 60.649 ms - 691[0m
2023-01-10 00:30:17 info: [0mGET /api/products?limit=4&skip=0 [32m200[0m 54.919 ms - 619[0m
2023-01-10 00:30:54 info: [0mGET /api/category [32m200[0m 55.884 ms - 691[0m
2023-01-10 00:30:54 info: [0mGET /api/products?limit=4&skip=0 [32m200[0m 55.523 ms - 619[0m
2023-01-10 00:31:08 info: [0mGET /api/category [32m200[0m 149.817 ms - 691[0m
2023-01-10 00:31:08 info: [0mGET /api/products?limit=4&skip=0 [32m200[0m 58.227 ms - 619[0m
2023-01-10 00:31:14 info: [0mGET /api/category [32m200[0m 66.057 ms - 691[0m
2023-01-10 00:31:14 info: [0mGET /api/products?limit=4&skip=0 [32m200[0m 61.214 ms - 619[0m
2023-01-10 00:37:02 info: [0mGET /api/category [32m200[0m 42819.751 ms - 691[0m
2023-01-10 00:37:02 info: [0mGET /api/products?limit=4&skip=0 [32m200[0m 54.110 ms - 619[0m
2023-01-10 00:37:04 info: [0mGET /api/category [32m200[0m 58.592 ms - 691[0m
2023-01-10 00:37:04 info: [0mGET /api/products?limit=4&skip=0 [32m200[0m 55.463 ms - 619[0m
2023-01-10 00:37:07 info: [0mGET /api/category [32m200[0m 56.343 ms - 691[0m
2023-01-10 00:37:08 info: [0mGET /api/products?limit=4&skip=0 [32m200[0m 323.028 ms - 619[0m
2023-01-10 00:37:09 info: [0mGET /api/category [32m200[0m 85.069 ms - 691[0m
2023-01-10 00:37:09 info: [0mGET /api/products?limit=4&skip=0 [32m200[0m 106.123 ms - 619[0m
2023-01-10 00:37:17 info: [0mGET /api/category [32m200[0m 53.770 ms - 691[0m
2023-01-10 00:37:17 info: [0mGET /api/products?limit=4&skip=0 [32m200[0m 52.925 ms - 619[0m
2023-01-10 00:38:35 info: [0mGET /api/category [32m200[0m 59.192 ms - 691[0m
2023-01-10 00:38:35 info: [0mGET /api/products?limit=4&skip=0 [32m200[0m 55.734 ms - 619[0m
2023-01-10 00:38:49 info: [0mGET /api/category [32m200[0m 55.338 ms - 691[0m
2023-01-10 00:38:50 info: [0mGET /api/products?limit=4&skip=0 [32m200[0m 54.313 ms - 619[0m
2023-01-10 00:38:59 info: [0mGET /api/category [32m200[0m 143.691 ms - 691[0m
2023-01-10 00:38:59 info: [0mGET /api/products?limit=4&skip=0 [32m200[0m 55.270 ms - 619[0m
2023-01-10 00:39:00 info: [0mGET /api/category [32m200[0m 58.034 ms - 691[0m
2023-01-10 00:39:00 info: [0mGET /api/products?limit=4&skip=0 [32m200[0m 58.185 ms - 619[0m
2023-01-10 00:40:10 info: [0mGET /api/category [32m200[0m 53.568 ms - 691[0m
2023-01-10 00:40:10 info: [0mGET /api/products?limit=4&skip=0 [32m200[0m 56.363 ms - 619[0m
2023-01-10 00:40:17 info: [0mGET /api/category [32m200[0m 72.021 ms - 691[0m
2023-01-10 00:40:17 info: [0mGET /api/products?limit=4&skip=0 [32m200[0m 53.088 ms - 619[0m
2023-01-10 00:40:20 info: [0mGET /api/category [32m200[0m 83.914 ms - 691[0m
2023-01-10 00:40:21 info: [0mGET /api/products?limit=4&skip=0 [32m200[0m 82.226 ms - 619[0m
2023-01-10 00:40:52 info: [0mGET /api/category [32m200[0m 52.861 ms - 691[0m
2023-01-10 00:40:52 info: [0mGET /api/products?limit=4&skip=0 [32m200[0m 52.103 ms - 619[0m
2023-01-10 00:43:19 info: [0mGET /api/category [32m200[0m 55.480 ms - 691[0m
2023-01-10 00:43:19 info: [0mGET /api/products?limit=4&skip=0 [32m200[0m 57.702 ms - 619[0m
2023-01-10 00:43:30 info: [0mGET /api/category [32m200[0m 53.805 ms - 691[0m
2023-01-10 00:43:30 info: [0mGET /api/products?limit=4&skip=0 [32m200[0m 55.775 ms - 619[0m
2023-01-10 00:59:55 info: [0mGET /api/category/parts [33m404[0m 2.563 ms - 157[0m
2023-01-10 00:59:55 info: [0mGET /api/category/parts [33m404[0m 0.654 ms - 157[0m
2023-01-10 01:01:12 info: =================================
2023-01-10 01:01:12 info: ======= ENV: development =======
2023-01-10 01:01:12 info: 🚀 App listening on the port 8000
2023-01-10 01:01:12 info: =================================
2023-01-10 01:01:15 info: =================================
2023-01-10 01:01:15 info: ======= ENV: development =======
2023-01-10 01:01:15 info: 🚀 App listening on the port 8000
2023-01-10 01:01:15 info: =================================
2023-01-10 01:01:26 info: =================================
2023-01-10 01:01:26 info: ======= ENV: development =======
2023-01-10 01:01:26 info: 🚀 App listening on the port 8000
2023-01-10 01:01:26 info: =================================
2023-01-10 01:01:29 info: =================================
2023-01-10 01:01:29 info: ======= ENV: development =======
2023-01-10 01:01:29 info: 🚀 App listening on the port 8000
2023-01-10 01:01:29 info: =================================
2023-01-10 01:01:52 info: =================================
2023-01-10 01:01:52 info: ======= ENV: development =======
2023-01-10 01:01:52 info: 🚀 App listening on the port 8000
2023-01-10 01:01:52 info: =================================
2023-01-10 01:02:05 info: =================================
2023-01-10 01:02:05 info: ======= ENV: development =======
2023-01-10 01:02:05 info: 🚀 App listening on the port 8000
2023-01-10 01:02:05 info: =================================
2023-01-10 01:02:08 info: =================================
2023-01-10 01:02:08 info: ======= ENV: development =======
2023-01-10 01:02:08 info: 🚀 App listening on the port 8000
2023-01-10 01:02:08 info: =================================
2023-01-10 01:02:34 info: =================================
2023-01-10 01:02:34 info: ======= ENV: development =======
2023-01-10 01:02:34 info: 🚀 App listening on the port 8000
2023-01-10 01:02:34 info: =================================
2023-01-10 01:02:57 info: =================================
2023-01-10 01:02:57 info: ======= ENV: development =======
2023-01-10 01:02:57 info: 🚀 App listening on the port 8000
2023-01-10 01:02:57 info: =================================
2023-01-10 01:02:59 info: =================================
2023-01-10 01:02:59 info: ======= ENV: development =======
2023-01-10 01:02:59 info: 🚀 App listening on the port 8000
2023-01-10 01:02:59 info: =================================
2023-01-10 01:03:10 info: =================================
2023-01-10 01:03:10 info: ======= ENV: development =======
2023-01-10 01:03:10 info: 🚀 App listening on the port 8000
2023-01-10 01:03:10 info: =================================
2023-01-10 01:03:16 info: =================================
2023-01-10 01:03:16 info: ======= ENV: development =======
2023-01-10 01:03:16 info: 🚀 App listening on the port 8000
2023-01-10 01:03:16 info: =================================
2023-01-10 01:03:49 info: =================================
2023-01-10 01:03:49 info: ======= ENV: development =======
2023-01-10 01:03:49 info: 🚀 App listening on the port 8000
2023-01-10 01:03:49 info: =================================
2023-01-10 01:03:53 info: =================================
2023-01-10 01:03:53 info: ======= ENV: development =======
2023-01-10 01:03:53 info: 🚀 App listening on the port 8000
2023-01-10 01:03:53 info: =================================
2023-01-10 01:04:05 info: =================================
2023-01-10 01:04:05 info: ======= ENV: development =======
2023-01-10 01:04:05 info: 🚀 App listening on the port 8000
2023-01-10 01:04:05 info: =================================
2023-01-10 01:04:11 info: [0mPUT /api/products [33m404[0m 17.321 ms - 151[0m
2023-01-10 01:04:15 info: [0mPOST /api/products [33m404[0m 1.888 ms - 152[0m
2023-01-10 01:04:21 info: [0mGET /api/products [32m200[0m 69.442 ms - 619[0m
2023-01-10 01:06:36 info: =================================
2023-01-10 01:06:36 info: ======= ENV: development =======
2023-01-10 01:06:36 info: 🚀 App listening on the port 8000
2023-01-10 01:06:36 info: =================================
2023-01-10 01:06:40 info: [0mGET /api/products [32m200[0m 140.376 ms - 973[0m
2023-01-10 01:06:50 info: =================================
2023-01-10 01:06:50 info: ======= ENV: development =======
2023-01-10 01:06:50 info: 🚀 App listening on the port 8000
2023-01-10 01:06:50 info: =================================
2023-01-10 01:07:15 info: =================================
2023-01-10 01:07:15 info: ======= ENV: development =======
2023-01-10 01:07:15 info: 🚀 App listening on the port 8000
2023-01-10 01:07:15 info: =================================
2023-01-10 01:07:27 info: =================================
2023-01-10 01:07:27 info: ======= ENV: development =======
2023-01-10 01:07:27 info: 🚀 App listening on the port 8000
2023-01-10 01:07:27 info: =================================
2023-01-10 01:08:16 info: =================================
2023-01-10 01:08:16 info: ======= ENV: development =======
2023-01-10 01:08:16 info: 🚀 App listening on the port 8000
2023-01-10 01:08:16 info: =================================
2023-01-10 01:08:19 info: [0mGET /api/categor [33m404[0m 10.506 ms - 150[0m
2023-01-10 01:08:22 info: [0mGET /api/category [32m200[0m 70.786 ms - 691[0m
2023-01-10 01:11:50 info: [0mGET /api/category/parts [33m404[0m 1.399 ms - 157[0m
2023-01-10 01:12:16 info: [0mGET /api/category [32m200[0m 69.086 ms - 691[0m
2023-01-10 01:12:16 info: [0mGET /api/products?limit=4&skip=0 [32m200[0m 60.359 ms - 619[0m
2023-01-10 01:12:28 info: [0mGET /api/category [32m200[0m 54.047 ms - 691[0m
2023-01-10 01:12:28 info: [0mGET /api/products?limit=4&skip=0 [32m200[0m 66.305 ms - 619[0m
2023-01-10 01:13:43 info: =================================
2023-01-10 01:13:43 info: ======= ENV: development =======
2023-01-10 01:13:43 info: 🚀 App listening on the port 8000
2023-01-10 01:13:43 info: =================================
2023-01-10 01:13:46 info: =================================
2023-01-10 01:13:46 info: ======= ENV: development =======
2023-01-10 01:13:46 info: 🚀 App listening on the port 8000
2023-01-10 01:13:46 info: =================================
2023-01-10 01:13:48 info: =================================
2023-01-10 01:13:48 info: ======= ENV: development =======
2023-01-10 01:13:48 info: 🚀 App listening on the port 8000
2023-01-10 01:13:48 info: =================================
2023-01-10 01:13:52 info: =================================
2023-01-10 01:13:52 info: ======= ENV: development =======
2023-01-10 01:13:52 info: 🚀 App listening on the port 8000
2023-01-10 01:13:52 info: =================================
2023-01-10 01:13:55 info: =================================
2023-01-10 01:13:55 info: ======= ENV: development =======
2023-01-10 01:13:55 info: 🚀 App listening on the port 8000
2023-01-10 01:13:55 info: =================================
2023-01-10 01:13:58 info: =================================
2023-01-10 01:13:58 info: ======= ENV: development =======
2023-01-10 01:13:58 info: 🚀 App listening on the port 8000
2023-01-10 01:13:58 info: =================================
2023-01-10 01:14:02 info: =================================
2023-01-10 01:14:02 info: ======= ENV: development =======
2023-01-10 01:14:02 info: 🚀 App listening on the port 8000
2023-01-10 01:14:02 info: =================================
2023-01-10 01:14:06 info: =================================
2023-01-10 01:14:06 info: ======= ENV: development =======
2023-01-10 01:14:06 info: 🚀 App listening on the port 8000
2023-01-10 01:14:06 info: =================================
2023-01-10 01:14:09 info: =================================
2023-01-10 01:14:09 info: ======= ENV: development =======
2023-01-10 01:14:09 info: 🚀 App listening on the port 8000
2023-01-10 01:14:09 info: =================================
2023-01-10 01:14:27 info: =================================
2023-01-10 01:14:27 info: ======= ENV: development =======
2023-01-10 01:14:27 info: 🚀 App listening on the port 8000
2023-01-10 01:14:27 info: =================================
2023-01-10 01:14:35 info: =================================
2023-01-10 01:14:35 info: ======= ENV: development =======
2023-01-10 01:14:35 info: 🚀 App listening on the port 8000
2023-01-10 01:14:35 info: =================================
2023-01-10 01:14:37 info: =================================
2023-01-10 01:14:37 info: ======= ENV: development =======
2023-01-10 01:14:37 info: 🚀 App listening on the port 8000
2023-01-10 01:14:37 info: =================================
2023-01-10 01:15:16 info: =================================
2023-01-10 01:15:16 info: ======= ENV: development =======
2023-01-10 01:15:16 info: 🚀 App listening on the port 8000
2023-01-10 01:15:16 info: =================================
2023-01-10 01:15:49 info: [0mGET /api/category [32m200[0m 70.956 ms - 691[0m
2023-01-10 01:15:50 info: [0mGET /api/products?limit=4&skip=0 [32m200[0m 54.906 ms - 619[0m
2023-01-10 01:16:58 info: [0mGET /api/category [32m200[0m 56.372 ms - 691[0m
2023-01-10 01:16:58 info: [0mGET /api/products?limit=4&skip=0 [32m200[0m 60.786 ms - 619[0m
2023-01-10 01:18:31 info: [0mGET /api/category [32m200[0m 61.381 ms - 691[0m
2023-01-10 01:18:31 info: [0mGET /api/products?limit=4&skip=0 [32m200[0m 58.262 ms - 619[0m
2023-01-10 01:18:48 info: =================================
2023-01-10 01:18:48 info: ======= ENV: development =======
2023-01-10 01:18:48 info: 🚀 App listening on the port 8000
2023-01-10 01:18:48 info: =================================
2023-01-10 01:18:57 info: =================================
2023-01-10 01:18:58 info: ======= ENV: development =======
2023-01-10 01:18:58 info: 🚀 App listening on the port 8000
2023-01-10 01:18:58 info: =================================
2023-01-10 01:19:02 info: =================================
2023-01-10 01:19:02 info: ======= ENV: development =======
2023-01-10 01:19:02 info: 🚀 App listening on the port 8000
2023-01-10 01:19:02 info: =================================
2023-01-10 01:19:10 info: =================================
2023-01-10 01:19:10 info: ======= ENV: development =======
2023-01-10 01:19:10 info: 🚀 App listening on the port 8000
2023-01-10 01:19:10 info: =================================
2023-01-10 01:19:27 info: =================================
2023-01-10 01:19:27 info: ======= ENV: development =======
2023-01-10 01:19:27 info: 🚀 App listening on the port 8000
2023-01-10 01:19:27 info: =================================
2023-01-10 01:19:49 info: =================================
2023-01-10 01:19:49 info: ======= ENV: development =======
2023-01-10 01:19:49 info: 🚀 App listening on the port 8000
2023-01-10 01:19:49 info: =================================
2023-01-10 01:20:03 info: =================================
2023-01-10 01:20:03 info: ======= ENV: development =======
2023-01-10 01:20:03 info: 🚀 App listening on the port 8000
2023-01-10 01:20:03 info: =================================
2023-01-10 01:20:14 info: =================================
2023-01-10 01:20:14 info: ======= ENV: development =======
2023-01-10 01:20:14 info: 🚀 App listening on the port 8000
2023-01-10 01:20:14 info: =================================
2023-01-10 01:20:26 info: =================================
2023-01-10 01:20:26 info: ======= ENV: development =======
2023-01-10 01:20:26 info: 🚀 App listening on the port 8000
2023-01-10 01:20:26 info: =================================
2023-01-10 01:20:47 info: =================================
2023-01-10 01:20:47 info: ======= ENV: development =======
2023-01-10 01:20:47 info: 🚀 App listening on the port 8000
2023-01-10 01:20:47 info: =================================
2023-01-10 01:20:51 info: =================================
2023-01-10 01:20:51 info: ======= ENV: development =======
2023-01-10 01:20:51 info: 🚀 App listening on the port 8000
2023-01-10 01:20:51 info: =================================
2023-01-10 01:20:59 info: =================================
2023-01-10 01:20:59 info: ======= ENV: development =======
2023-01-10 01:20:59 info: 🚀 App listening on the port 8000
2023-01-10 01:20:59 info: =================================
2023-01-10 01:21:01 info: =================================
2023-01-10 01:21:01 info: ======= ENV: development =======
2023-01-10 01:21:01 info: 🚀 App listening on the port 8000
2023-01-10 01:21:01 info: =================================
2023-01-10 01:21:59 info: =================================
2023-01-10 01:21:59 info: ======= ENV: development =======
2023-01-10 01:21:59 info: 🚀 App listening on the port 8000
2023-01-10 01:21:59 info: =================================
2023-01-10 01:22:04 info: =================================
2023-01-10 01:22:04 info: ======= ENV: development =======
2023-01-10 01:22:04 info: 🚀 App listening on the port 8000
2023-01-10 01:22:04 info: =================================
2023-01-10 01:22:07 info: =================================
2023-01-10 01:22:07 info: ======= ENV: development =======
2023-01-10 01:22:07 info: 🚀 App listening on the port 8000
2023-01-10 01:22:07 info: =================================
2023-01-10 01:22:33 info: =================================
2023-01-10 01:22:33 info: ======= ENV: development =======
2023-01-10 01:22:33 info: 🚀 App listening on the port 8000
2023-01-10 01:22:33 info: =================================
2023-01-10 01:22:52 info: =================================
2023-01-10 01:22:52 info: ======= ENV: development =======
2023-01-10 01:22:52 info: 🚀 App listening on the port 8000
2023-01-10 01:22:52 info: =================================
2023-01-10 01:23:01 info: =================================
2023-01-10 01:23:01 info: ======= ENV: development =======
2023-01-10 01:23:01 info: 🚀 App listening on the port 8000
2023-01-10 01:23:01 info: =================================
2023-01-10 01:23:08 info: =================================
2023-01-10 01:23:08 info: ======= ENV: development =======
2023-01-10 01:23:08 info: 🚀 App listening on the port 8000
2023-01-10 01:23:08 info: =================================
2023-01-10 01:23:11 info: =================================
2023-01-10 01:23:11 info: ======= ENV: development =======
2023-01-10 01:23:11 info: 🚀 App listening on the port 8000
2023-01-10 01:23:11 info: =================================
2023-01-10 01:23:20 info: =================================
2023-01-10 01:23:20 info: ======= ENV: development =======
2023-01-10 01:23:20 info: 🚀 App listening on the port 8000
2023-01-10 01:23:20 info: =================================
2023-01-10 01:23:23 info: =================================
2023-01-10 01:23:23 info: ======= ENV: development =======
2023-01-10 01:23:23 info: 🚀 App listening on the port 8000
2023-01-10 01:23:23 info: =================================
2023-01-10 01:23:29 info: =================================
2023-01-10 01:23:29 info: ======= ENV: development =======
2023-01-10 01:23:29 info: 🚀 App listening on the port 8000
2023-01-10 01:23:29 info: =================================
2023-01-10 01:23:35 info: =================================
2023-01-10 01:23:35 info: ======= ENV: development =======
2023-01-10 01:23:35 info: 🚀 App listening on the port 8000
2023-01-10 01:23:35 info: =================================
2023-01-10 01:23:37 info: =================================
2023-01-10 01:23:37 info: ======= ENV: development =======
2023-01-10 01:23:37 info: 🚀 App listening on the port 8000
2023-01-10 01:23:37 info: =================================
2023-01-10 01:23:38 info: [0mGET /api/category [32m200[0m 70.301 ms - 691[0m
2023-01-10 01:23:38 info: [0mGET /api/products?limit=4&skip=0 [32m200[0m 62.865 ms - 619[0m
2023-01-10 01:23:56 info: =================================
2023-01-10 01:23:56 info: ======= ENV: development =======
2023-01-10 01:23:56 info: 🚀 App listening on the port 8000
2023-01-10 01:23:56 info: =================================
2023-01-10 01:24:08 info: =================================
2023-01-10 01:24:08 info: ======= ENV: development =======
2023-01-10 01:24:08 info: 🚀 App listening on the port 8000
2023-01-10 01:24:08 info: =================================
2023-01-10 01:25:43 info: =================================
2023-01-10 01:25:43 info: ======= ENV: development =======
2023-01-10 01:25:43 info: 🚀 App listening on the port 8000
2023-01-10 01:25:43 info: =================================
2023-01-10 01:25:47 info: =================================
2023-01-10 01:25:47 info: ======= ENV: development =======
2023-01-10 01:25:47 info: 🚀 App listening on the port 8000
2023-01-10 01:25:47 info: =================================
2023-01-10 01:25:57 info: =================================
2023-01-10 01:25:57 info: ======= ENV: development =======
2023-01-10 01:25:57 info: 🚀 App listening on the port 8000
2023-01-10 01:25:57 info: =================================
2023-01-10 01:26:40 error: [GET] /api/products/category/computer >> StatusCode:: 409, Message:: categorySlug doesn't exist
2023-01-10 01:26:40 info: [0mGET /api/products/category/computer [33m409[0m 77.050 ms - 40[0m
2023-01-10 01:26:40 error: [GET] /api/products/category/computer >> StatusCode:: 409, Message:: categorySlug doesn't exist
2023-01-10 01:26:40 info: [0mGET /api/products/category/computer [33m409[0m 64.930 ms - 40[0m
2023-01-10 01:27:25 info: =================================
2023-01-10 01:27:25 info: ======= ENV: development =======
2023-01-10 01:27:25 info: 🚀 App listening on the port 8000
2023-01-10 01:27:25 info: =================================
2023-01-10 01:27:27 error: [GET] /api/products/category/computer >> StatusCode:: 409, Message:: categorySlug doesn't exist
2023-01-10 01:27:27 info: [0mGET /api/products/category/computer [33m409[0m 72.487 ms - 40[0m
2023-01-10 01:27:32 info: =================================
2023-01-10 01:27:32 info: ======= ENV: development =======
2023-01-10 01:27:32 info: 🚀 App listening on the port 8000
2023-01-10 01:27:32 info: =================================
2023-01-10 01:27:34 error: [GET] /api/products/category/computer >> StatusCode:: 409, Message:: categorySlug doesn't exist
2023-01-10 01:27:34 info: [0mGET /api/products/category/computer [33m409[0m 76.723 ms - 40[0m
2023-01-10 01:29:36 info: =================================
2023-01-10 01:29:36 info: ======= ENV: development =======
2023-01-10 01:29:36 info: 🚀 App listening on the port 8000
2023-01-10 01:29:36 info: =================================
2023-01-10 01:29:41 info: =================================
2023-01-10 01:29:41 info: ======= ENV: development =======
2023-01-10 01:29:41 info: 🚀 App listening on the port 8000
2023-01-10 01:29:41 info: =================================
2023-01-10 01:30:35 info: =================================
2023-01-10 01:30:35 info: ======= ENV: development =======
2023-01-10 01:30:35 info: 🚀 App listening on the port 8000
2023-01-10 01:30:35 info: =================================
2023-01-10 01:30:45 info: =================================
2023-01-10 01:30:45 info: ======= ENV: development =======
2023-01-10 01:30:45 info: 🚀 App listening on the port 8000
2023-01-10 01:30:45 info: =================================
2023-01-10 01:30:52 info: [0mGET /api/products/category/computer [32m200[0m 175.682 ms - 627[0m
2023-01-10 01:31:11 error: [GET] /api/products/category/computers >> StatusCode:: 409, Message:: categorySlug doesn't exist
2023-01-10 01:31:11 info: [0mGET /api/products/category/computers [33m409[0m 66.455 ms - 40[0m
2023-01-10 01:39:18 error: [GET] /api/products/category/computers >> StatusCode:: 409, Message:: categorySlug doesn't exist
2023-01-10 01:39:18 info: [0mGET /api/products/category/computers [33m409[0m 62.347 ms - 40[0m
2023-01-10 01:39:18 error: [GET] /api/products/category/computers >> StatusCode:: 409, Message:: categorySlug doesn't exist
2023-01-10 01:39:18 info: [0mGET /api/products/category/computers [33m409[0m 60.092 ms - 40[0m
2023-01-10 01:39:21 error: [GET] /api/products/category/computers >> StatusCode:: 409, Message:: categorySlug doesn't exist
2023-01-10 01:39:21 info: [0mGET /api/products/category/computers [33m409[0m 56.401 ms - 40[0m
2023-01-10 01:39:29 error: [GET] /api/products/category/computers >> StatusCode:: 409, Message:: categorySlug doesn't exist
2023-01-10 01:39:29 info: [0mGET /api/products/category/computers [33m409[0m 60.360 ms - 40[0m
2023-01-10 01:39:35 error: [GET] /api/products/category/computers >> StatusCode:: 409, Message:: categorySlug doesn't exist
2023-01-10 01:39:35 info: [0mGET /api/products/category/computers [33m409[0m 68.509 ms - 40[0m
2023-01-10 01:39:35 error: [GET] /api/products/category/computers >> StatusCode:: 409, Message:: categorySlug doesn't exist
2023-01-10 01:39:35 info: [0mGET /api/products/category/computers [33m409[0m 66.630 ms - 40[0m
2023-01-10 01:40:31 error: [GET] /api/products/category/computers >> StatusCode:: 409, Message:: categorySlug doesn't exist
2023-01-10 01:40:31 info: [0mGET /api/products/category/computers [33m409[0m 54.940 ms - 40[0m
2023-01-10 01:40:31 error: [GET] /api/products/category/computers >> StatusCode:: 409, Message:: categorySlug doesn't exist
2023-01-10 01:40:31 info: [0mGET /api/products/category/computers [33m409[0m 54.864 ms - 40[0m
2023-01-10 01:44:14 error: [GET] /api/products/category/computers >> StatusCode:: 409, Message:: categorySlug doesn't exist
2023-01-10 01:44:14 info: [0mGET /api/products/category/computers [33m409[0m 62.795 ms - 40[0m
2023-01-10 01:44:19 error: [GET] /api/products/category/computers >> StatusCode:: 409, Message:: categorySlug doesn't exist
2023-01-10 01:44:19 info: [0mGET /api/products/category/computers [33m409[0m 71.248 ms - 40[0m
2023-01-10 01:44:19 error: [GET] /api/products/category/computers >> StatusCode:: 409, Message:: categorySlug doesn't exist
2023-01-10 01:44:19 info: [0mGET /api/products/category/computers [33m409[0m 83.024 ms - 40[0m
2023-01-10 01:44:49 error: [GET] /api/products/category/computers >> StatusCode:: 409, Message:: categorySlug doesn't exist
2023-01-10 01:44:49 info: [0mGET /api/products/category/computers [33m409[0m 64.841 ms - 40[0m
2023-01-10 01:44:49 error: [GET] /api/products/category/computers >> StatusCode:: 409, Message:: categorySlug doesn't exist
2023-01-10 01:44:49 info: [0mGET /api/products/category/computers [33m409[0m 60.907 ms - 40[0m
2023-01-10 01:45:34 error: [GET] /api/products/category/computers >> StatusCode:: 409, Message:: categorySlug doesn't exist
2023-01-10 01:45:34 info: [0mGET /api/products/category/computers [33m409[0m 54.136 ms - 40[0m
2023-01-10 01:45:34 error: [GET] /api/products/category/computers >> StatusCode:: 409, Message:: categorySlug doesn't exist
2023-01-10 01:45:34 info: [0mGET /api/products/category/computers [33m409[0m 67.621 ms - 40[0m
2023-01-10 01:45:34 error: [GET] /api/products/category/computers >> StatusCode:: 409, Message:: categorySlug doesn't exist
2023-01-10 01:45:34 info: [0mGET /api/products/category/computers [33m409[0m 66.954 ms - 40[0m
2023-01-10 01:45:56 error: [GET] /api/products/category/computers >> StatusCode:: 409, Message:: categorySlug doesn't exist
2023-01-10 01:45:56 info: [0mGET /api/products/category/computers [33m409[0m 53.979 ms - 40[0m
2023-01-10 01:46:13 error: [GET] /api/products/category/computers >> StatusCode:: 409, Message:: categorySlug doesn't exist
2023-01-10 01:46:13 info: [0mGET /api/products/category/computers [33m409[0m 59.208 ms - 40[0m
2023-01-10 01:46:13 error: [GET] /api/products/category/computers >> StatusCode:: 409, Message:: categorySlug doesn't exist
2023-01-10 01:46:13 info: [0mGET /api/products/category/computers [33m409[0m 67.773 ms - 40[0m
2023-01-10 01:46:13 error: [GET] /api/products/category/computers >> StatusCode:: 409, Message:: categorySlug doesn't exist
2023-01-10 01:46:13 info: [0mGET /api/products/category/computers [33m409[0m 54.228 ms - 40[0m
2023-01-10 01:46:22 error: [GET] /api/products/category/computers >> StatusCode:: 409, Message:: categorySlug doesn't exist
2023-01-10 01:46:22 info: [0mGET /api/products/category/computers [33m409[0m 60.073 ms - 40[0m
2023-01-10 01:47:05 info: =================================
2023-01-10 01:47:05 info: ======= ENV: development =======
2023-01-10 01:47:05 info: 🚀 App listening on the port 8000
2023-01-10 01:47:05 info: =================================
2023-01-10 01:47:05 error: [GET] /api/products/category/computers >> StatusCode:: 409, Message:: categorySlug doesn't exist
2023-01-10 01:47:05 info: [0mGET /api/products/category/computers [33m409[0m 556.518 ms - 40[0m
2023-01-10 01:47:15 info: =================================
2023-01-10 01:47:15 info: ======= ENV: development =======
2023-01-10 01:47:15 info: 🚀 App listening on the port 8000
2023-01-10 01:47:15 info: =================================
2023-01-10 01:48:31 error: [GET] /api/products/category/computers >> StatusCode:: 409, Message:: categorySlug doesn't exist
2023-01-10 01:48:31 info: [0mGET /api/products/category/computers [33m409[0m 75.551 ms - 40[0m
2023-01-10 01:48:31 error: [GET] /api/products/category/computers >> StatusCode:: 409, Message:: categorySlug doesn't exist
2023-01-10 01:48:31 info: [0mGET /api/products/category/computers [33m409[0m 70.430 ms - 40[0m
2023-01-10 01:48:31 error: [GET] /api/products/category/computers >> StatusCode:: 409, Message:: categorySlug doesn't exist
2023-01-10 01:48:31 info: [0mGET /api/products/category/computers [33m409[0m 69.003 ms - 40[0m
2023-01-10 01:48:34 error: [GET] /api/products/category/computers >> StatusCode:: 409, Message:: categorySlug doesn't exist
2023-01-10 01:48:34 info: [0mGET /api/products/category/computers [33m409[0m 55.377 ms - 40[0m
2023-01-10 01:48:38 error: [GET] /api/products/category/computers >> StatusCode:: 409, Message:: categorySlug doesn't exist
2023-01-10 01:48:38 info: [0mGET /api/products/category/computers [33m409[0m 65.186 ms - 40[0m
2023-01-10 01:48:38 error: [GET] /api/products/category/computers >> StatusCode:: 409, Message:: categorySlug doesn't exist
2023-01-10 01:48:38 info: [0mGET /api/products/category/computers [33m409[0m 60.736 ms - 40[0m
2023-01-10 01:48:45 error: [GET] /api/products/category/computers >> StatusCode:: 409, Message:: categorySlug doesn't exist
2023-01-10 01:48:45 info: [0mGET /api/products/category/computers [33m409[0m 59.838 ms - 40[0m
2023-01-10 01:48:53 error: [GET] /api/products/category/computers >> StatusCode:: 409, Message:: categorySlug doesn't exist
2023-01-10 01:48:53 info: [0mGET /api/products/category/computers [33m409[0m 60.805 ms - 40[0m
2023-01-10 01:48:54 error: [GET] /api/products/category/computers >> StatusCode:: 409, Message:: categorySlug doesn't exist
2023-01-10 01:48:54 info: [0mGET /api/products/category/computers [33m409[0m 77.551 ms - 40[0m
2023-01-10 01:49:01 error: [GET] /api/products/category/computers >> StatusCode:: 409, Message:: categorySlug doesn't exist
2023-01-10 01:49:01 info: [0mGET /api/products/category/computers [33m409[0m 56.561 ms - 40[0m
2023-01-10 01:49:53 error: [GET] /api/products/category/computers >> StatusCode:: 409, Message:: categorySlug doesn't exist
2023-01-10 01:49:53 info: [0mGET /api/products/category/computers [33m409[0m 53.613 ms - 40[0m
2023-01-10 01:50:07 error: [GET] /api/products/category/computers >> StatusCode:: 409, Message:: categorySlug doesn't exist
2023-01-10 01:50:07 info: [0mGET /api/products/category/computers [33m409[0m 55.945 ms - 40[0m
2023-01-10 01:50:38 error: [GET] /api/products/category/computers >> StatusCode:: 409, Message:: categorySlug doesn't exist
2023-01-10 01:50:38 info: [0mGET /api/products/category/computers [33m409[0m 54.281 ms - 40[0m
2023-01-10 01:50:39 error: [GET] /api/products/category/computers >> StatusCode:: 409, Message:: categorySlug doesn't exist
2023-01-10 01:50:39 info: [0mGET /api/products/category/computers [33m409[0m 58.425 ms - 40[0m
2023-01-10 01:50:59 error: [GET] /api/products/category/computers >> StatusCode:: 409, Message:: categorySlug doesn't exist
2023-01-10 01:50:59 info: [0mGET /api/products/category/computers [33m409[0m 54.953 ms - 40[0m
2023-01-10 01:51:05 error: [GET] /api/products/category/computers >> StatusCode:: 409, Message:: categorySlug doesn't exist
2023-01-10 01:51:05 info: [0mGET /api/products/category/computers [33m409[0m 62.195 ms - 40[0m
2023-01-10 01:51:05 error: [GET] /api/products/category/computers >> StatusCode:: 409, Message:: categorySlug doesn't exist
2023-01-10 01:51:05 info: [0mGET /api/products/category/computers [33m409[0m 64.234 ms - 40[0m
2023-01-10 01:51:10 error: [GET] /api/products/category/computers >> StatusCode:: 409, Message:: categorySlug doesn't exist
2023-01-10 01:51:10 info: [0mGET /api/products/category/computers [33m409[0m 52.970 ms - 40[0m
2023-01-10 01:51:10 error: [GET] /api/products/category/computers >> StatusCode:: 409, Message:: categorySlug doesn't exist
2023-01-10 01:51:10 info: [0mGET /api/products/category/computers [33m409[0m 53.961 ms - 40[0m
2023-01-10 01:51:20 error: [GET] /api/products/category/computers >> StatusCode:: 409, Message:: categorySlug doesn't exist
2023-01-10 01:51:20 info: [0mGET /api/products/category/computers [33m409[0m 61.163 ms - 40[0m
2023-01-10 01:51:27 error: [GET] /api/products/category/computers >> StatusCode:: 409, Message:: categorySlug doesn't exist
2023-01-10 01:51:27 info: [0mGET /api/products/category/computers [33m409[0m 56.389 ms - 40[0m
2023-01-10 01:51:59 error: [GET] /api/products/category/computers >> StatusCode:: 409, Message:: categorySlug doesn't exist
2023-01-10 01:51:59 info: [0mGET /api/products/category/computers [33m409[0m 62.550 ms - 40[0m
2023-01-10 01:52:02 error: [GET] /api/products/category/computers >> StatusCode:: 409, Message:: categorySlug doesn't exist
2023-01-10 01:52:02 info: [0mGET /api/products/category/computers [33m409[0m 51.854 ms - 40[0m
2023-01-10 01:52:33 error: [GET] /api/products/category/computers >> StatusCode:: 409, Message:: categorySlug doesn't exist
2023-01-10 01:52:33 info: [0mGET /api/products/category/computers [33m409[0m 58.002 ms - 40[0m
2023-01-10 01:52:51 error: [GET] /api/products/category/computers >> StatusCode:: 409, Message:: categorySlug doesn't exist
2023-01-10 01:52:51 info: [0mGET /api/products/category/computers [33m409[0m 58.561 ms - 40[0m
2023-01-10 01:52:51 error: [GET] /api/products/category/computers >> StatusCode:: 409, Message:: categorySlug doesn't exist
2023-01-10 01:52:51 info: [0mGET /api/products/category/computers [33m409[0m 62.716 ms - 40[0m
2023-01-10 01:52:51 error: [GET] /api/products/category/computers >> StatusCode:: 409, Message:: categorySlug doesn't exist
2023-01-10 01:52:51 info: [0mGET /api/products/category/computers [33m409[0m 62.115 ms - 40[0m
2023-01-10 01:52:57 error: [GET] /api/products/category/computers >> StatusCode:: 409, Message:: categorySlug doesn't exist
2023-01-10 01:52:57 info: [0mGET /api/products/category/computers [33m409[0m 61.055 ms - 40[0m
2023-01-10 01:52:57 error: [GET] /api/products/category/computers >> StatusCode:: 409, Message:: categorySlug doesn't exist
2023-01-10 01:52:57 info: [0mGET /api/products/category/computers [33m409[0m 65.978 ms - 40[0m
2023-01-10 01:53:06 error: [GET] /api/products/category/computers >> StatusCode:: 409, Message:: categorySlug doesn't exist
2023-01-10 01:53:06 info: [0mGET /api/products/category/computers [33m409[0m 53.127 ms - 40[0m
2023-01-10 01:53:13 error: [GET] /api/products/category/computers >> StatusCode:: 409, Message:: categorySlug doesn't exist
2023-01-10 01:53:13 info: [0mGET /api/products/category/computers [33m409[0m 59.811 ms - 40[0m
2023-01-10 01:53:13 error: [GET] /api/products/category/computers >> StatusCode:: 409, Message:: categorySlug doesn't exist
2023-01-10 01:53:13 info: [0mGET /api/products/category/computers [33m409[0m 55.309 ms - 40[0m
2023-01-10 01:53:34 error: [GET] /api/products/category/computers >> StatusCode:: 409, Message:: categorySlug doesn't exist
2023-01-10 01:53:34 info: [0mGET /api/products/category/computers [33m409[0m 52.709 ms - 40[0m
2023-01-10 01:54:06 error: [GET] /api/products/category/computers >> StatusCode:: 409, Message:: categorySlug doesn't exist
2023-01-10 01:54:06 info: [0mGET /api/products/category/computers [33m409[0m 53.603 ms - 40[0m
2023-01-10 01:54:06 error: [GET] /api/products/category/computers >> StatusCode:: 409, Message:: categorySlug doesn't exist
2023-01-10 01:54:06 info: [0mGET /api/products/category/computers [33m409[0m 52.297 ms - 40[0m
2023-01-10 01:54:15 error: [GET] /api/products/category/computers >> StatusCode:: 409, Message:: categorySlug doesn't exist
2023-01-10 01:54:15 info: [0mGET /api/products/category/computers [33m409[0m 60.368 ms - 40[0m
2023-01-10 01:54:15 error: [GET] /api/products/category/computers >> StatusCode:: 409, Message:: categorySlug doesn't exist
2023-01-10 01:54:15 info: [0mGET /api/products/category/computers [33m409[0m 60.008 ms - 40[0m
2023-01-10 01:54:27 error: [GET] /api/products/category/computers >> StatusCode:: 409, Message:: categorySlug doesn't exist
2023-01-10 01:54:27 info: [0mGET /api/products/category/computers [33m409[0m 68.491 ms - 40[0m
2023-01-10 01:54:27 error: [GET] /api/products/category/computers >> StatusCode:: 409, Message:: categorySlug doesn't exist
2023-01-10 01:54:27 info: [0mGET /api/products/category/computers [33m409[0m 69.409 ms - 40[0m
2023-01-10 01:54:47 error: [GET] /api/products/category/computers >> StatusCode:: 409, Message:: categorySlug doesn't exist
2023-01-10 01:54:47 info: [0mGET /api/products/category/computers [33m409[0m 59.776 ms - 40[0m
2023-01-10 01:54:47 error: [GET] /api/products/category/computers >> StatusCode:: 409, Message:: categorySlug doesn't exist
2023-01-10 01:54:47 info: [0mGET /api/products/category/computers [33m409[0m 58.290 ms - 40[0m
2023-01-10 01:54:47 error: [GET] /api/products/category/computers >> StatusCode:: 409, Message:: categorySlug doesn't exist
2023-01-10 01:54:47 info: [0mGET /api/products/category/computers [33m409[0m 58.162 ms - 40[0m
2023-01-10 01:55:31 error: [GET] /api/products/category/computers >> StatusCode:: 409, Message:: categorySlug doesn't exist
2023-01-10 01:55:31 info: [0mGET /api/products/category/computers [33m409[0m 57.583 ms - 40[0m
2023-01-10 01:55:31 error: [GET] /api/products/category/computers >> StatusCode:: 409, Message:: categorySlug doesn't exist
2023-01-10 01:55:31 info: [0mGET /api/products/category/computers [33m409[0m 58.812 ms - 40[0m
2023-01-10 01:55:31 error: [GET] /api/products/category/computers >> StatusCode:: 409, Message:: categorySlug doesn't exist
2023-01-10 01:55:31 info: [0mGET /api/products/category/computers [33m409[0m 57.632 ms - 40[0m
2023-01-10 01:55:36 error: [GET] /api/products/category/computers >> StatusCode:: 409, Message:: categorySlug doesn't exist
2023-01-10 01:55:36 info: [0mGET /api/products/category/computers [33m409[0m 62.203 ms - 40[0m
2023-01-10 01:55:36 error: [GET] /api/products/category/computers >> StatusCode:: 409, Message:: categorySlug doesn't exist
2023-01-10 01:55:36 info: [0mGET /api/products/category/computers [33m409[0m 59.739 ms - 40[0m
2023-01-10 01:55:43 error: [GET] /api/products/category/computers >> StatusCode:: 409, Message:: categorySlug doesn't exist
2023-01-10 01:55:43 info: [0mGET /api/products/category/computers [33m409[0m 59.566 ms - 40[0m
2023-01-10 01:55:49 error: [GET] /api/products/category/computers >> StatusCode:: 409, Message:: categorySlug doesn't exist
2023-01-10 01:55:49 info: [0mGET /api/products/category/computers [33m409[0m 52.988 ms - 40[0m
2023-01-10 01:55:56 error: [GET] /api/products/category/computers >> StatusCode:: 409, Message:: categorySlug doesn't exist
2023-01-10 01:55:56 info: [0mGET /api/products/category/computers [33m409[0m 52.001 ms - 40[0m
2023-01-10 01:55:58 error: [GET] /api/products/category/computers >> StatusCode:: 409, Message:: categorySlug doesn't exist
2023-01-10 01:55:58 info: [0mGET /api/products/category/computers [33m409[0m 81.929 ms - 40[0m
2023-01-10 01:56:04 error: [GET] /api/products/category/computers >> StatusCode:: 409, Message:: categorySlug doesn't exist
2023-01-10 01:56:04 info: [0mGET /api/products/category/computers [33m409[0m 60.189 ms - 40[0m
2023-01-10 01:56:06 error: [GET] /api/products/category/computers >> StatusCode:: 409, Message:: categorySlug doesn't exist
2023-01-10 01:56:06 info: [0mGET /api/products/category/computers [33m409[0m 61.770 ms - 40[0m
2023-01-10 01:56:11 info: [0mGET /api/products/category/computer [32m200[0m 133.066 ms - 627[0m
2023-01-10 01:59:04 info: [0mGET /api/products/category/computer [32m200[0m 110.630 ms - 627[0m
2023-01-10 02:12:21 info: [0mGET /api/category [32m200[0m 57.822 ms - 691[0m
2023-01-10 02:12:21 info: [0mGET /api/products?limit=4&skip=0 [32m200[0m 55.709 ms - 619[0m
2023-01-10 02:12:23 info: [0mGET /api/products/category/computer [32m200[0m 107.969 ms - 627[0m
2023-01-10 02:12:25 info: [0mGET /api/category [32m200[0m 66.301 ms - 691[0m
2023-01-10 02:12:26 info: [0mGET /api/products?limit=4&skip=0 [32m200[0m 52.982 ms - 619[0m
2023-01-10 02:12:27 info: [0mGET /api/products/category/parts [32m200[0m 122.484 ms - 31[0m
2023-01-10 02:12:50 info: [0mGET /api/category [32m200[0m 63.135 ms - 691[0m
2023-01-10 02:12:50 info: [0mGET /api/products?limit=4&skip=0 [32m200[0m 67.794 ms - 619[0m
2023-01-10 16:55:28 info: =================================
2023-01-10 16:55:28 info: ======= ENV: development =======
2023-01-10 16:55:28 info: 🚀 App listening on the port 8000
2023-01-10 16:55:28 info: =================================
2023-01-10 16:55:37 info: [0mGET /api/category [32m200[0m 74.122 ms - 691[0m
2023-01-10 16:55:37 info: [0mGET /api/products?limit=4&skip=0 [32m200[0m 63.699 ms - 619[0m
2023-01-10 17:14:32 info: [0mGET /api/category [32m200[0m 65.648 ms - 691[0m
2023-01-10 17:14:33 info: [0mGET /api/products?limit=4&skip=0 [32m200[0m 55.526 ms - 619[0m
2023-01-10 17:14:41 info: [0mGET /api/products/category/computer [32m200[0m 126.363 ms - 627[0m
2023-01-10 17:16:24 info: [0mGET /api/products/category/computer [32m200[0m 115.048 ms - 627[0m
2023-01-10 17:16:25 info: [0mGET /api/products/category/computer [32m200[0m 106.783 ms - 627[0m
2023-01-10 17:17:06 info: [0mGET /api/products/category/computer [32m200[0m 115.993 ms - 627[0m
2023-01-10 17:17:22 info: [0mGET /api/products/category/computer [32m200[0m 124.083 ms - 627[0m
2023-01-10 17:17:22 info: [0mGET /api/products/category/computer [32m200[0m 128.727 ms - 627[0m
2023-01-10 17:17:22 error: [GET] /api/products/category >> StatusCode:: 500, Message:: Cast to ObjectId failed for value "category" (type string) at path "_id" for model "Product"
2023-01-10 17:17:22 info: [0mGET /api/products/category [31m500[0m 2.243 ms - 112[0m
2023-01-10 17:17:22 error: [GET] /api/products/category >> StatusCode:: 500, Message:: Cast to ObjectId failed for value "category" (type string) at path "_id" for model "Product"
2023-01-10 17:17:22 info: [0mGET /api/products/category [31m500[0m 1.143 ms - 112[0m
2023-01-10 17:17:25 info: [0mGET /api/products/category/computer [32m200[0m 109.738 ms - 627[0m
2023-01-10 17:17:25 info: [0mGET /api/products/category/computer [32m200[0m 116.863 ms - 627[0m
2023-01-10 17:17:25 info: [0mGET /api/category [32m200[0m 56.237 ms - 691[0m
2023-01-10 17:17:25 info: [0mGET /api/category [32m200[0m 56.664 ms - 691[0m
2023-01-10 17:17:54 info: [0mGET /api/products/category/computer [32m200[0m 202.178 ms - 627[0m
2023-01-10 17:17:54 info: [0mGET /api/category [32m200[0m 104.439 ms - 691[0m
2023-01-10 17:18:09 info: [0mGET /api/products/category/computer [32m200[0m 395.389 ms - 627[0m
2023-01-10 17:18:10 info: [0mGET /api/category [32m200[0m 122.611 ms - 691[0m
2023-01-10 17:24:00 info: [0mGET /api/category [32m200[0m 340.150 ms - 691[0m
2023-01-10 17:29:51 info: [0mGET /api/product [33m404[0m 1.607 ms - 150[0m
2023-01-10 17:29:53 info: [0mGET /api/product [33m404[0m 0.649 ms - 150[0m
2023-01-10 17:29:55 info: [0mGET /api/products [32m200[0m 54.123 ms - 619[0m
2023-01-10 17:29:58 info: [0mGET /api/products [32m200[0m 57.335 ms - 619[0m
2023-01-10 17:29:58 info: [0mGET /api/products [32m200[0m 53.061 ms - 619[0m
2023-01-10 17:29:59 info: [0mGET /api/products [32m200[0m 52.540 ms - 619[0m
2023-01-10 17:29:59 info: [0mGET /api/products [32m200[0m 52.889 ms - 619[0m
2023-01-10 17:31:11 info: [0mGET /api/products/category/computer [32m200[0m 109.875 ms - 627[0m
2023-01-10 17:31:11 info: [0mGET /api/category [32m200[0m 288.959 ms - 691[0m
2023-01-10 17:35:29 info: [0mGET /api/products/category/computer [32m200[0m 107.595 ms - 627[0m
2023-01-10 17:35:29 info: [0mGET /api/category [32m200[0m 58.167 ms - 691[0m
2023-01-10 17:37:45 info: [0mGET /api/products/category/computer [32m200[0m 114.077 ms - 627[0m
2023-01-10 17:37:46 info: [0mGET /api/category [32m200[0m 55.420 ms - 691[0m
2023-01-10 17:38:20 info: [0mGET /api/products/category/computer [32m200[0m 103.633 ms - 627[0m
2023-01-10 17:38:20 info: [0mGET /api/products/category/computer [32m200[0m 110.316 ms - 627[0m
2023-01-10 17:38:20 info: [0mGET /api/products/category/computer [32m200[0m 110.091 ms - 627[0m
2023-01-10 17:38:20 info: [0mGET /api/category [32m200[0m 54.174 ms - 691[0m
2023-01-10 17:38:20 info: [0mGET /api/category [32m200[0m 56.050 ms - 691[0m
2023-01-10 17:38:20 info: [0mGET /api/category [32m200[0m 55.175 ms - 691[0m
2023-01-10 17:38:42 info: [0mGET /api/products/category/computer [32m200[0m 110.074 ms - 627[0m
2023-01-10 17:38:42 info: [0mGET /api/products/category/computer [32m200[0m 109.337 ms - 627[0m
2023-01-10 17:38:42 info: [0mGET /api/category [32m200[0m 52.137 ms - 691[0m
2023-01-10 17:38:42 info: [0mGET /api/category [32m200[0m 52.373 ms - 691[0m
2023-01-10 17:39:12 info: [0mGET /api/products/category/computer [32m200[0m 115.171 ms - 627[0m
2023-01-10 17:39:12 info: [0mGET /api/products/category/computer [32m200[0m 110.184 ms - 627[0m
2023-01-10 17:39:13 info: [0mGET /api/category [32m200[0m 57.595 ms - 691[0m
2023-01-10 17:39:13 info: [0mGET /api/category [32m200[0m 57.227 ms - 691[0m
2023-01-10 17:39:22 info: [0mGET /api/products/category/computer [32m200[0m 116.368 ms - 627[0m
2023-01-10 17:39:22 info: [0mGET /api/category [32m200[0m 54.555 ms - 691[0m
2023-01-10 17:40:39 info: =================================
2023-01-10 17:40:39 info: ======= ENV: development =======
2023-01-10 17:40:39 info: 🚀 App listening on the port 8000
2023-01-10 17:40:39 info: =================================
2023-01-10 17:40:45 info: =================================
2023-01-10 17:40:45 info: ======= ENV: development =======
2023-01-10 17:40:45 info: 🚀 App listening on the port 8000
2023-01-10 17:40:45 info: =================================
2023-01-10 17:41:05 info: =================================
2023-01-10 17:41:05 info: ======= ENV: development =======
2023-01-10 17:41:05 info: 🚀 App listening on the port 8000
2023-01-10 17:41:05 info: =================================
2023-01-10 17:41:07 info: =================================
2023-01-10 17:41:07 info: ======= ENV: development =======
2023-01-10 17:41:07 info: 🚀 App listening on the port 8000
2023-01-10 17:41:07 info: =================================
2023-01-10 17:41:14 info: =================================
2023-01-10 17:41:14 info: ======= ENV: development =======
2023-01-10 17:41:14 info: 🚀 App listening on the port 8000
2023-01-10 17:41:14 info: =================================
2023-01-10 17:41:27 info: =================================
2023-01-10 17:41:27 info: ======= ENV: development =======
2023-01-10 17:41:27 info: 🚀 App listening on the port 8000
2023-01-10 17:41:27 info: =================================
2023-01-10 17:41:46 info: =================================
2023-01-10 17:41:46 info: ======= ENV: development =======
2023-01-10 17:41:46 info: 🚀 App listening on the port 8000
2023-01-10 17:41:46 info: =================================
2023-01-10 17:41:52 info: =================================
2023-01-10 17:41:52 info: ======= ENV: development =======
2023-01-10 17:41:52 info: 🚀 App listening on the port 8000
2023-01-10 17:41:52 info: =================================
2023-01-10 17:41:56 info: =================================
2023-01-10 17:41:56 info: ======= ENV: development =======
2023-01-10 17:41:56 info: 🚀 App listening on the port 8000
2023-01-10 17:41:56 info: =================================
2023-01-10 17:41:58 info: =================================
2023-01-10 17:41:58 info: ======= ENV: development =======
2023-01-10 17:41:58 info: 🚀 App listening on the port 8000
2023-01-10 17:41:58 info: =================================
2023-01-10 17:42:04 info: =================================
2023-01-10 17:42:04 info: ======= ENV: development =======
2023-01-10 17:42:04 info: 🚀 App listening on the port 8000
2023-01-10 17:42:04 info: =================================
2023-01-10 17:42:09 info: =================================
2023-01-10 17:42:09 info: ======= ENV: development =======
2023-01-10 17:42:09 info: 🚀 App listening on the port 8000
2023-01-10 17:42:09 info: =================================
2023-01-10 17:42:16 info: =================================
2023-01-10 17:42:16 info: ======= ENV: development =======
2023-01-10 17:42:16 info: 🚀 App listening on the port 8000
2023-01-10 17:42:16 info: =================================
2023-01-10 17:42:18 info: =================================
2023-01-10 17:42:18 info: ======= ENV: development =======
2023-01-10 17:42:18 info: 🚀 App listening on the port 8000
2023-01-10 17:42:18 info: =================================
2023-01-10 17:42:22 info: =================================
2023-01-10 17:42:22 info: ======= ENV: development =======
2023-01-10 17:42:22 info: 🚀 App listening on the port 8000
2023-01-10 17:42:22 info: =================================
2023-01-10 17:42:28 info: =================================
2023-01-10 17:42:28 info: ======= ENV: development =======
2023-01-10 17:42:28 info: 🚀 App listening on the port 8000
2023-01-10 17:42:28 info: =================================
2023-01-10 17:42:33 info: =================================
2023-01-10 17:42:33 info: ======= ENV: development =======
2023-01-10 17:42:33 info: 🚀 App listening on the port 8000
2023-01-10 17:42:33 info: =================================
2023-01-10 17:42:35 info: =================================
2023-01-10 17:42:35 info: ======= ENV: development =======
2023-01-10 17:42:35 info: 🚀 App listening on the port 8000
2023-01-10 17:42:35 info: =================================
2023-01-10 17:42:39 info: =================================
2023-01-10 17:42:39 info: ======= ENV: development =======
2023-01-10 17:42:39 info: 🚀 App listening on the port 8000
2023-01-10 17:42:39 info: =================================
2023-01-10 17:42:49 info: [0mGET /api/categor [33m404[0m 18.007 ms - 150[0m
2023-01-10 17:42:51 info: [0mGET /api/categorie [33m404[0m 1.479 ms - 152[0m
2023-01-10 17:42:53 info: [0mGET /api/category [32m200[0m 62.992 ms - 691[0m
2023-01-10 17:42:57 info: [0mGET /api/category [32m200[0m 56.095 ms - 691[0m
2023-01-10 17:43:05 info: =================================
2023-01-10 17:43:05 info: ======= ENV: development =======
2023-01-10 17:43:05 info: 🚀 App listening on the port 8000
2023-01-10 17:43:05 info: =================================
2023-01-10 17:43:14 info: =================================
2023-01-10 17:43:14 info: ======= ENV: development =======
2023-01-10 17:43:14 info: 🚀 App listening on the port 8000
2023-01-10 17:43:14 info: =================================
2023-01-10 17:43:53 info: =================================
2023-01-10 17:43:53 info: ======= ENV: development =======
2023-01-10 17:43:53 info: 🚀 App listening on the port 8000
2023-01-10 17:43:53 info: =================================
2023-01-10 17:43:59 info: =================================
2023-01-10 17:43:59 info: ======= ENV: development =======
2023-01-10 17:43:59 info: 🚀 App listening on the port 8000
2023-01-10 17:43:59 info: =================================
2023-01-10 17:44:05 info: =================================
2023-01-10 17:44:05 info: ======= ENV: development =======
2023-01-10 17:44:05 info: 🚀 App listening on the port 8000
2023-01-10 17:44:05 info: =================================
2023-01-10 17:44:42 info: =================================
2023-01-10 17:44:42 info: ======= ENV: development =======
2023-01-10 17:44:42 info: 🚀 App listening on the port 8000
2023-01-10 17:44:42 info: =================================
2023-01-10 17:44:51 info: =================================
2023-01-10 17:44:51 info: ======= ENV: development =======
2023-01-10 17:44:51 info: 🚀 App listening on the port 8000
2023-01-10 17:44:51 info: =================================
2023-01-10 17:44:58 info: =================================
2023-01-10 17:44:58 info: ======= ENV: development =======
2023-01-10 17:44:58 info: 🚀 App listening on the port 8000
2023-01-10 17:44:58 info: =================================
2023-01-10 17:48:18 info: =================================
2023-01-10 17:48:18 info: ======= ENV: development =======
2023-01-10 17:48:18 info: 🚀 App listening on the port 8000
2023-01-10 17:48:18 info: =================================
2023-01-10 19:33:07 info: [0mGET /api/products/category/computer [32m200[0m 159.890 ms - 627[0m
2023-01-10 19:33:07 info: [0mGET /api/category [32m200[0m 59.439 ms - 691[0m
2023-01-10 19:34:01 info: =================================
2023-01-10 19:34:01 info: ======= ENV: development =======
2023-01-10 19:34:01 info: 🚀 App listening on the port 8000
2023-01-10 19:34:01 info: =================================
2023-01-10 19:34:13 info: =================================
2023-01-10 19:34:13 info: ======= ENV: development =======
2023-01-10 19:34:13 info: 🚀 App listening on the port 8000
2023-01-10 19:34:13 info: =================================
2023-01-10 19:36:10 info: =================================
2023-01-10 19:36:10 info: ======= ENV: development =======
2023-01-10 19:36:10 info: 🚀 App listening on the port 8000
2023-01-10 19:36:10 info: =================================
2023-01-10 19:36:13 info: =================================
2023-01-10 19:36:13 info: ======= ENV: development =======
2023-01-10 19:36:13 info: 🚀 App listening on the port 8000
2023-01-10 19:36:13 info: =================================
2023-01-10 19:36:28 info: =================================
2023-01-10 19:36:28 info: ======= ENV: development =======
2023-01-10 19:36:28 info: 🚀 App listening on the port 8000
2023-01-10 19:36:28 info: =================================
2023-01-10 19:36:36 info: =================================
2023-01-10 19:36:36 info: ======= ENV: development =======
2023-01-10 19:36:36 info: 🚀 App listening on the port 8000
2023-01-10 19:36:36 info: =================================
2023-01-10 19:36:46 info: =================================
2023-01-10 19:36:46 info: ======= ENV: development =======
2023-01-10 19:36:46 info: 🚀 App listening on the port 8000
2023-01-10 19:36:46 info: =================================
2023-01-10 19:36:54 info: =================================
2023-01-10 19:36:54 info: ======= ENV: development =======
2023-01-10 19:36:54 info: 🚀 App listening on the port 8000
2023-01-10 19:36:54 info: =================================
2023-01-10 19:36:57 info: =================================
2023-01-10 19:36:57 info: ======= ENV: development =======
2023-01-10 19:36:57 info: 🚀 App listening on the port 8000
2023-01-10 19:36:57 info: =================================
2023-01-10 19:37:01 info: =================================
2023-01-10 19:37:01 info: ======= ENV: development =======
2023-01-10 19:37:01 info: 🚀 App listening on the port 8000
2023-01-10 19:37:01 info: =================================
2023-01-10 19:37:39 info: =================================
2023-01-10 19:37:39 info: ======= ENV: development =======
2023-01-10 19:37:39 info: 🚀 App listening on the port 8000
2023-01-10 19:37:39 info: =================================
2023-01-10 19:37:42 info: =================================
2023-01-10 19:37:42 info: ======= ENV: development =======
2023-01-10 19:37:42 info: 🚀 App listening on the port 8000
2023-01-10 19:37:42 info: =================================
2023-01-10 19:37:44 info: =================================
2023-01-10 19:37:44 info: ======= ENV: development =======
2023-01-10 19:37:44 info: 🚀 App listening on the port 8000
2023-01-10 19:37:44 info: =================================
2023-01-10 19:37:46 info: =================================
2023-01-10 19:37:46 info: ======= ENV: development =======
2023-01-10 19:37:46 info: 🚀 App listening on the port 8000
2023-01-10 19:37:46 info: =================================
2023-01-10 19:37:57 info: =================================
2023-01-10 19:37:57 info: ======= ENV: development =======
2023-01-10 19:37:57 info: 🚀 App listening on the port 8000
2023-01-10 19:37:57 info: =================================
2023-01-10 19:38:20 info: =================================
2023-01-10 19:38:20 info: ======= ENV: development =======
2023-01-10 19:38:20 info: 🚀 App listening on the port 8000
2023-01-10 19:38:20 info: =================================
2023-01-10 19:38:25 info: =================================
2023-01-10 19:38:25 info: ======= ENV: development =======
2023-01-10 19:38:25 info: 🚀 App listening on the port 8000
2023-01-10 19:38:25 info: =================================
2023-01-10 19:38:28 info: =================================
2023-01-10 19:38:28 info: ======= ENV: development =======
2023-01-10 19:38:28 info: 🚀 App listening on the port 8000
2023-01-10 19:38:28 info: =================================
2023-01-10 19:38:44 info: =================================
2023-01-10 19:38:44 info: ======= ENV: development =======
2023-01-10 19:38:44 info: 🚀 App listening on the port 8000
2023-01-10 19:38:44 info: =================================
2023-01-10 19:39:27 info: =================================
2023-01-10 19:39:27 info: ======= ENV: development =======
2023-01-10 19:39:27 info: 🚀 App listening on the port 8000
2023-01-10 19:39:27 info: =================================
2023-01-10 19:39:30 info: =================================
2023-01-10 19:39:30 info: ======= ENV: development =======
2023-01-10 19:39:30 info: 🚀 App listening on the port 8000
2023-01-10 19:39:30 info: =================================
2023-01-10 19:39:33 info: =================================
2023-01-10 19:39:33 info: ======= ENV: development =======
2023-01-10 19:39:33 info: 🚀 App listening on the port 8000
2023-01-10 19:39:33 info: =================================
2023-01-10 19:39:44 info: =================================
2023-01-10 19:39:44 info: ======= ENV: development =======
2023-01-10 19:39:44 info: 🚀 App listening on the port 8000
2023-01-10 19:39:44 info: =================================
2023-01-10 19:40:54 error: [GET] /api/products/category/compute >> StatusCode:: 409, Message:: categorySlug doesn't exist
2023-01-10 19:40:54 info: [0mGET /api/products/category/compute [33m409[0m 100.262 ms - 40[0m
2023-01-10 19:41:02 info: [0mGET /api/products/category/computer [32m200[0m 155.581 ms - 611[0m
2023-01-10 19:41:13 info: [0mGET /api/products/category/computer [32m200[0m 112.614 ms - 611[0m
2023-01-10 19:41:14 error: [GET] /api/products/category/c >> StatusCode:: 409, Message:: categorySlug doesn't exist
2023-01-10 19:41:14 info: [0mGET /api/products/category/c [33m409[0m 53.910 ms - 40[0m
2023-01-10 19:41:20 error: [GET] /api/products/category/compute >> StatusCode:: 409, Message:: categorySlug doesn't exist
2023-01-10 19:41:20 info: [0mGET /api/products/category/compute [33m409[0m 55.122 ms - 40[0m
2023-01-10 19:41:21 info: [0mGET /api/products/category/computer [32m200[0m 114.837 ms - 611[0m
2023-01-10 19:41:41 info: =================================
2023-01-10 19:41:41 info: ======= ENV: development =======
2023-01-10 19:41:41 info: 🚀 App listening on the port 8000
2023-01-10 19:41:41 info: =================================
2023-01-10 19:41:51 info: =================================
2023-01-10 19:41:51 info: ======= ENV: development =======
2023-01-10 19:41:51 info: 🚀 App listening on the port 8000
2023-01-10 19:41:51 info: =================================
2023-01-10 19:41:59 info: =================================
2023-01-10 19:41:59 info: ======= ENV: development =======
2023-01-10 19:41:59 info: 🚀 App listening on the port 8000
2023-01-10 19:41:59 info: =================================
2023-01-10 19:42:01 info: =================================
2023-01-10 19:42:01 info: ======= ENV: development =======
2023-01-10 19:42:01 info: 🚀 App listening on the port 8000
2023-01-10 19:42:01 info: =================================
2023-01-10 19:42:08 info: =================================
2023-01-10 19:42:08 info: ======= ENV: development =======
2023-01-10 19:42:08 info: 🚀 App listening on the port 8000
2023-01-10 19:42:08 info: =================================
2023-01-10 19:42:10 info: =================================
2023-01-10 19:42:10 info: ======= ENV: development =======
2023-01-10 19:42:10 info: 🚀 App listening on the port 8000
2023-01-10 19:42:10 info: =================================
2023-01-10 19:42:29 info: =================================
2023-01-10 19:42:29 info: ======= ENV: development =======
2023-01-10 19:42:29 info: 🚀 App listening on the port 8000
2023-01-10 19:42:29 info: =================================
2023-01-10 19:42:34 info: =================================
2023-01-10 19:42:34 info: ======= ENV: development =======
2023-01-10 19:42:34 info: 🚀 App listening on the port 8000
2023-01-10 19:42:34 info: =================================
2023-01-10 19:43:04 info: =================================
2023-01-10 19:43:04 info: ======= ENV: development =======
2023-01-10 19:43:04 info: 🚀 App listening on the port 8000
2023-01-10 19:43:04 info: =================================
2023-01-10 19:43:12 info: =================================
2023-01-10 19:43:12 info: ======= ENV: development =======
2023-01-10 19:43:12 info: 🚀 App listening on the port 8000
2023-01-10 19:43:12 info: =================================
2023-01-10 19:43:14 info: =================================
2023-01-10 19:43:14 info: ======= ENV: development =======
2023-01-10 19:43:14 info: 🚀 App listening on the port 8000
2023-01-10 19:43:14 info: =================================
2023-01-10 19:43:20 info: =================================
2023-01-10 19:43:20 info: ======= ENV: development =======
2023-01-10 19:43:20 info: 🚀 App listening on the port 8000
2023-01-10 19:43:20 info: =================================
2023-01-10 19:43:32 info: =================================
2023-01-10 19:43:32 info: ======= ENV: development =======
2023-01-10 19:43:32 info: 🚀 App listening on the port 8000
2023-01-10 19:43:32 info: =================================
2023-01-10 19:43:33 info: =================================
2023-01-10 19:43:33 info: ======= ENV: development =======
2023-01-10 19:43:33 info: 🚀 App listening on the port 8000
2023-01-10 19:43:33 info: =================================
2023-01-10 19:43:35 info: =================================
2023-01-10 19:43:35 info: ======= ENV: development =======
2023-01-10 19:43:35 info: 🚀 App listening on the port 8000
2023-01-10 19:43:35 info: =================================
2023-01-10 19:43:39 info: =================================
2023-01-10 19:43:39 info: ======= ENV: development =======
2023-01-10 19:43:39 info: 🚀 App listening on the port 8000
2023-01-10 19:43:39 info: =================================
2023-01-10 19:43:59 info: =================================
2023-01-10 19:43:59 info: ======= ENV: development =======
2023-01-10 19:43:59 info: 🚀 App listening on the port 8000
2023-01-10 19:43:59 info: =================================
2023-01-10 19:44:17 info: =================================
2023-01-10 19:44:17 info: ======= ENV: development =======
2023-01-10 19:44:17 info: 🚀 App listening on the port 8000
2023-01-10 19:44:17 info: =================================
2023-01-10 19:44:19 info: =================================
2023-01-10 19:44:19 info: ======= ENV: development =======
2023-01-10 19:44:19 info: 🚀 App listening on the port 8000
2023-01-10 19:44:19 info: =================================
2023-01-10 19:44:23 info: =================================
2023-01-10 19:44:23 info: ======= ENV: development =======
2023-01-10 19:44:23 info: 🚀 App listening on the port 8000
2023-01-10 19:44:23 info: =================================
2023-01-10 19:44:31 info: =================================
2023-01-10 19:44:31 info: ======= ENV: development =======
2023-01-10 19:44:31 info: 🚀 App listening on the port 8000
2023-01-10 19:44:31 info: =================================
2023-01-10 19:44:34 info: =================================
2023-01-10 19:44:34 info: ======= ENV: development =======
2023-01-10 19:44:34 info: 🚀 App listening on the port 8000
2023-01-10 19:44:34 info: =================================
2023-01-10 19:44:39 info: =================================
2023-01-10 19:44:39 info: ======= ENV: development =======
2023-01-10 19:44:39 info: 🚀 App listening on the port 8000
2023-01-10 19:44:39 info: =================================
2023-01-10 19:44:44 info: =================================
2023-01-10 19:44:44 info: ======= ENV: development =======
2023-01-10 19:44:44 info: 🚀 App listening on the port 8000
2023-01-10 19:44:44 info: =================================
2023-01-10 19:45:08 info: =================================
2023-01-10 19:45:08 info: ======= ENV: development =======
2023-01-10 19:45:08 info: 🚀 App listening on the port 8000
2023-01-10 19:45:08 info: =================================
2023-01-10 19:45:19 info: =================================
2023-01-10 19:45:19 info: ======= ENV: development =======
2023-01-10 19:45:19 info: 🚀 App listening on the port 8000
2023-01-10 19:45:19 info: =================================
2023-01-10 19:45:22 info: =================================
2023-01-10 19:45:22 info: ======= ENV: development =======
2023-01-10 19:45:22 info: 🚀 App listening on the port 8000
2023-01-10 19:45:22 info: =================================
2023-01-10 19:45:28 info: =================================
2023-01-10 19:45:28 info: ======= ENV: development =======
2023-01-10 19:45:28 info: 🚀 App listening on the port 8000
2023-01-10 19:45:28 info: =================================
2023-01-10 19:45:38 info: =================================
2023-01-10 19:45:38 info: ======= ENV: development =======
2023-01-10 19:45:38 info: 🚀 App listening on the port 8000
2023-01-10 19:45:38 info: =================================
2023-01-10 19:45:41 info: =================================
2023-01-10 19:45:41 info: ======= ENV: development =======
2023-01-10 19:45:41 info: 🚀 App listening on the port 8000
2023-01-10 19:45:41 info: =================================
2023-01-10 19:45:43 info: =================================
2023-01-10 19:45:43 info: ======= ENV: development =======
2023-01-10 19:45:43 info: 🚀 App listening on the port 8000
2023-01-10 19:45:43 info: =================================
2023-01-10 19:45:46 info: =================================
2023-01-10 19:45:46 info: ======= ENV: development =======
2023-01-10 19:45:46 info: 🚀 App listening on the port 8000
2023-01-10 19:45:46 info: =================================
2023-01-10 19:45:49 info: =================================
2023-01-10 19:45:49 info: ======= ENV: development =======
2023-01-10 19:45:49 info: 🚀 App listening on the port 8000
2023-01-10 19:45:49 info: =================================
2023-01-10 19:46:06 info: =================================
2023-01-10 19:46:06 info: ======= ENV: development =======
2023-01-10 19:46:06 info: 🚀 App listening on the port 8000
2023-01-10 19:46:06 info: =================================
2023-01-10 19:46:22 info: =================================
2023-01-10 19:46:22 info: ======= ENV: development =======
2023-01-10 19:46:22 info: 🚀 App listening on the port 8000
2023-01-10 19:46:22 info: =================================
2023-01-10 19:46:52 info: =================================
2023-01-10 19:46:52 info: ======= ENV: development =======
2023-01-10 19:46:52 info: 🚀 App listening on the port 8000
2023-01-10 19:46:52 info: =================================
2023-01-10 19:47:05 info: =================================
2023-01-10 19:47:05 info: ======= ENV: development =======
2023-01-10 19:47:05 info: 🚀 App listening on the port 8000
2023-01-10 19:47:05 info: =================================
2023-01-10 19:47:15 info: =================================
2023-01-10 19:47:15 info: ======= ENV: development =======
2023-01-10 19:47:15 info: 🚀 App listening on the port 8000
2023-01-10 19:47:15 info: =================================
2023-01-10 19:47:24 info: =================================
2023-01-10 19:47:24 info: ======= ENV: development =======
2023-01-10 19:47:24 info: 🚀 App listening on the port 8000
2023-01-10 19:47:24 info: =================================
2023-01-10 19:47:35 info: =================================
2023-01-10 19:47:35 info: ======= ENV: development =======
2023-01-10 19:47:35 info: 🚀 App listening on the port 8000
2023-01-10 19:47:35 info: =================================
2023-01-10 19:47:38 info: =================================
2023-01-10 19:47:38 info: ======= ENV: development =======
2023-01-10 19:47:38 info: 🚀 App listening on the port 8000
2023-01-10 19:47:38 info: =================================
2023-01-10 19:47:42 info: =================================
2023-01-10 19:47:42 info: ======= ENV: development =======
2023-01-10 19:47:42 info: 🚀 App listening on the port 8000
2023-01-10 19:47:42 info: =================================
2023-01-10 19:48:00 info: =================================
2023-01-10 19:48:00 info: ======= ENV: development =======
2023-01-10 19:48:00 info: 🚀 App listening on the port 8000
2023-01-10 19:48:00 info: =================================
2023-01-10 19:48:03 info: =================================
2023-01-10 19:48:03 info: ======= ENV: development =======
2023-01-10 19:48:03 info: 🚀 App listening on the port 8000
2023-01-10 19:48:03 info: =================================
2023-01-10 19:48:08 info: =================================
2023-01-10 19:48:08 info: ======= ENV: development =======
2023-01-10 19:48:08 info: 🚀 App listening on the port 8000
2023-01-10 19:48:08 info: =================================
2023-01-10 19:48:10 info: =================================
2023-01-10 19:48:10 info: ======= ENV: development =======
2023-01-10 19:48:10 info: 🚀 App listening on the port 8000
2023-01-10 19:48:10 info: =================================
2023-01-10 19:48:13 info: =================================
2023-01-10 19:48:13 info: ======= ENV: development =======
2023-01-10 19:48:13 info: 🚀 App listening on the port 8000
2023-01-10 19:48:13 info: =================================
2023-01-10 19:48:22 info: =================================
2023-01-10 19:48:22 info: ======= ENV: development =======
2023-01-10 19:48:22 info: 🚀 App listening on the port 8000
2023-01-10 19:48:22 info: =================================
2023-01-10 19:48:25 info: =================================
2023-01-10 19:48:25 info: ======= ENV: development =======
2023-01-10 19:48:25 info: 🚀 App listening on the port 8000
2023-01-10 19:48:25 info: =================================
2023-01-10 19:48:30 info: =================================
2023-01-10 19:48:30 info: ======= ENV: development =======
2023-01-10 19:48:30 info: 🚀 App listening on the port 8000
2023-01-10 19:48:30 info: =================================
2023-01-10 19:48:34 info: =================================
2023-01-10 19:48:34 info: ======= ENV: development =======
2023-01-10 19:48:34 info: 🚀 App listening on the port 8000
2023-01-10 19:48:34 info: =================================
2023-01-10 19:48:48 info: =================================
2023-01-10 19:48:48 info: ======= ENV: development =======
2023-01-10 19:48:48 info: 🚀 App listening on the port 8000
2023-01-10 19:48:48 info: =================================
2023-01-10 19:49:05 info: =================================
2023-01-10 19:49:05 info: ======= ENV: development =======
2023-01-10 19:49:05 info: 🚀 App listening on the port 8000
2023-01-10 19:49:05 info: =================================
2023-01-10 19:49:07 info: =================================
2023-01-10 19:49:07 info: ======= ENV: development =======
2023-01-10 19:49:07 info: 🚀 App listening on the port 8000
2023-01-10 19:49:07 info: =================================
2023-01-10 19:49:10 info: =================================
2023-01-10 19:49:10 info: ======= ENV: development =======
2023-01-10 19:49:10 info: 🚀 App listening on the port 8000
2023-01-10 19:49:10 info: =================================
2023-01-10 19:49:12 info: =================================
2023-01-10 19:49:12 info: ======= ENV: development =======
2023-01-10 19:49:12 info: 🚀 App listening on the port 8000
2023-01-10 19:49:12 info: =================================
2023-01-10 19:49:14 info: =================================
2023-01-10 19:49:14 info: ======= ENV: development =======
2023-01-10 19:49:14 info: 🚀 App listening on the port 8000
2023-01-10 19:49:14 info: =================================
2023-01-10 19:49:22 info: =================================
2023-01-10 19:49:22 info: ======= ENV: development =======
2023-01-10 19:49:22 info: 🚀 App listening on the port 8000
2023-01-10 19:49:22 info: =================================
2023-01-10 19:49:28 info: =================================
2023-01-10 19:49:28 info: ======= ENV: development =======
2023-01-10 19:49:28 info: 🚀 App listening on the port 8000
2023-01-10 19:49:28 info: =================================
2023-01-10 19:49:42 info: =================================
2023-01-10 19:49:42 info: ======= ENV: development =======
2023-01-10 19:49:42 info: 🚀 App listening on the port 8000
2023-01-10 19:49:42 info: =================================
2023-01-10 19:49:50 info: =================================
2023-01-10 19:49:50 info: ======= ENV: development =======
2023-01-10 19:49:50 info: 🚀 App listening on the port 8000
2023-01-10 19:49:50 info: =================================
2023-01-10 19:49:57 info: =================================
2023-01-10 19:49:57 info: ======= ENV: development =======
2023-01-10 19:49:57 info: 🚀 App listening on the port 8000
2023-01-10 19:49:57 info: =================================
2023-01-10 19:50:03 info: =================================
2023-01-10 19:50:03 info: ======= ENV: development =======
2023-01-10 19:50:03 info: 🚀 App listening on the port 8000
2023-01-10 19:50:03 info: =================================
2023-01-10 19:50:21 info: =================================
2023-01-10 19:50:21 info: ======= ENV: development =======
2023-01-10 19:50:21 info: 🚀 App listening on the port 8000
2023-01-10 19:50:21 info: =================================
2023-01-10 19:50:28 info: =================================
2023-01-10 19:50:28 info: ======= ENV: development =======
2023-01-10 19:50:28 info: 🚀 App listening on the port 8000
2023-01-10 19:50:28 info: =================================
2023-01-10 19:50:31 info: =================================
2023-01-10 19:50:31 info: ======= ENV: development =======
2023-01-10 19:50:31 info: 🚀 App listening on the port 8000
2023-01-10 19:50:31 info: =================================
2023-01-10 19:50:57 info: =================================
2023-01-10 19:50:57 info: ======= ENV: development =======
2023-01-10 19:50:57 info: 🚀 App listening on the port 8000
2023-01-10 19:50:57 info: =================================
2023-01-10 19:51:24 info: =================================
2023-01-10 19:51:24 info: ======= ENV: development =======
2023-01-10 19:51:24 info: 🚀 App listening on the port 8000
2023-01-10 19:51:24 info: =================================
2023-01-10 19:51:33 info: =================================
2023-01-10 19:51:33 info: ======= ENV: development =======
2023-01-10 19:51:33 info: 🚀 App listening on the port 8000
2023-01-10 19:51:33 info: =================================
2023-01-10 19:51:36 info: =================================
2023-01-10 19:51:36 info: ======= ENV: development =======
2023-01-10 19:51:36 info: 🚀 App listening on the port 8000
2023-01-10 19:51:36 info: =================================
2023-01-10 19:51:41 info: =================================
2023-01-10 19:51:41 info: ======= ENV: development =======
2023-01-10 19:51:41 info: 🚀 App listening on the port 8000
2023-01-10 19:51:41 info: =================================
2023-01-10 19:51:46 info: =================================
2023-01-10 19:51:46 info: ======= ENV: development =======
2023-01-10 19:51:46 info: 🚀 App listening on the port 8000
2023-01-10 19:51:46 info: =================================
2023-01-10 19:51:48 info: =================================
2023-01-10 19:51:48 info: ======= ENV: development =======
2023-01-10 19:51:48 info: 🚀 App listening on the port 8000
2023-01-10 19:51:48 info: =================================
2023-01-10 19:51:52 info: =================================
2023-01-10 19:51:52 info: ======= ENV: development =======
2023-01-10 19:51:52 info: 🚀 App listening on the port 8000
2023-01-10 19:51:52 info: =================================
2023-01-10 19:51:57 info: =================================
2023-01-10 19:51:57 info: ======= ENV: development =======
2023-01-10 19:51:57 info: 🚀 App listening on the port 8000
2023-01-10 19:51:57 info: =================================
2023-01-10 19:52:02 info: =================================
2023-01-10 19:52:02 info: ======= ENV: development =======
2023-01-10 19:52:02 info: 🚀 App listening on the port 8000
2023-01-10 19:52:02 info: =================================
2023-01-10 19:52:09 info: =================================
2023-01-10 19:52:09 info: ======= ENV: development =======
2023-01-10 19:52:09 info: 🚀 App listening on the port 8000
2023-01-10 19:52:09 info: =================================
2023-01-10 19:52:11 info: =================================
2023-01-10 19:52:11 info: ======= ENV: development =======
2023-01-10 19:52:11 info: 🚀 App listening on the port 8000
2023-01-10 19:52:11 info: =================================
2023-01-10 19:52:13 info: =================================
2023-01-10 19:52:13 info: ======= ENV: development =======
2023-01-10 19:52:13 info: 🚀 App listening on the port 8000
2023-01-10 19:52:13 info: =================================
2023-01-10 19:52:17 info: =================================
2023-01-10 19:52:17 info: ======= ENV: development =======
2023-01-10 19:52:17 info: 🚀 App listening on the port 8000
2023-01-10 19:52:17 info: =================================
2023-01-10 19:52:21 info: =================================
2023-01-10 19:52:21 info: ======= ENV: development =======
2023-01-10 19:52:21 info: 🚀 App listening on the port 8000
2023-01-10 19:52:21 info: =================================
2023-01-10 19:52:40 info: =================================
2023-01-10 19:52:40 info: ======= ENV: development =======
2023-01-10 19:52:40 info: 🚀 App listening on the port 8000
2023-01-10 19:52:40 info: =================================
2023-01-10 19:52:42 info: =================================
2023-01-10 19:52:42 info: ======= ENV: development =======
2023-01-10 19:52:42 info: 🚀 App listening on the port 8000
2023-01-10 19:52:42 info: =================================
2023-01-10 19:52:45 info: =================================
2023-01-10 19:52:45 info: ======= ENV: development =======
2023-01-10 19:52:45 info: 🚀 App listening on the port 8000
2023-01-10 19:52:45 info: =================================
2023-01-10 19:53:13 info: =================================
2023-01-10 19:53:13 info: ======= ENV: development =======
2023-01-10 19:53:13 info: 🚀 App listening on the port 8000
2023-01-10 19:53:13 info: =================================
2023-01-10 19:53:17 info: =================================
2023-01-10 19:53:17 info: ======= ENV: development =======
2023-01-10 19:53:17 info: 🚀 App listening on the port 8000
2023-01-10 19:53:17 info: =================================
2023-01-10 19:53:25 info: =================================
2023-01-10 19:53:25 info: ======= ENV: development =======
2023-01-10 19:53:25 info: 🚀 App listening on the port 8000
2023-01-10 19:53:25 info: =================================
2023-01-10 19:53:29 info: =================================
2023-01-10 19:53:29 info: ======= ENV: development =======
2023-01-10 19:53:29 info: 🚀 App listening on the port 8000
2023-01-10 19:53:29 info: =================================
2023-01-10 19:53:38 info: =================================
2023-01-10 19:53:38 info: ======= ENV: development =======
2023-01-10 19:53:38 info: 🚀 App listening on the port 8000
2023-01-10 19:53:38 info: =================================
2023-01-10 19:53:58 info: =================================
2023-01-10 19:53:58 info: ======= ENV: development =======
2023-01-10 19:53:58 info: 🚀 App listening on the port 8000
2023-01-10 19:53:58 info: =================================
2023-01-10 19:54:07 info: =================================
2023-01-10 19:54:07 info: ======= ENV: development =======
2023-01-10 19:54:07 info: 🚀 App listening on the port 8000
2023-01-10 19:54:07 info: =================================
2023-01-10 19:54:10 info: =================================
2023-01-10 19:54:10 info: ======= ENV: development =======
2023-01-10 19:54:10 info: 🚀 App listening on the port 8000
2023-01-10 19:54:10 info: =================================
2023-01-10 19:54:22 info: =================================
2023-01-10 19:54:22 info: ======= ENV: development =======
2023-01-10 19:54:22 info: 🚀 App listening on the port 8000
2023-01-10 19:54:22 info: =================================
2023-01-10 19:54:24 info: =================================
2023-01-10 19:54:24 info: ======= ENV: development =======
2023-01-10 19:54:24 info: 🚀 App listening on the port 8000
2023-01-10 19:54:24 info: =================================
2023-01-10 19:54:33 info: =================================
2023-01-10 19:54:33 info: ======= ENV: development =======
2023-01-10 19:54:33 info: 🚀 App listening on the port 8000
2023-01-10 19:54:33 info: =================================
2023-01-10 19:54:37 info: =================================
2023-01-10 19:54:37 info: ======= ENV: development =======
2023-01-10 19:54:37 info: 🚀 App listening on the port 8000
2023-01-10 19:54:37 info: =================================
2023-01-10 19:54:43 info: =================================
2023-01-10 19:54:43 info: ======= ENV: development =======
2023-01-10 19:54:43 info: 🚀 App listening on the port 8000
2023-01-10 19:54:43 info: =================================
2023-01-10 19:54:48 info: =================================
2023-01-10 19:54:48 info: ======= ENV: development =======
2023-01-10 19:54:48 info: 🚀 App listening on the port 8000
2023-01-10 19:54:48 info: =================================
2023-01-10 19:54:51 info: =================================
2023-01-10 19:54:51 info: ======= ENV: development =======
2023-01-10 19:54:51 info: 🚀 App listening on the port 8000
2023-01-10 19:54:51 info: =================================
2023-01-10 19:54:53 info: =================================
2023-01-10 19:54:53 info: ======= ENV: development =======
2023-01-10 19:54:53 info: 🚀 App listening on the port 8000
2023-01-10 19:54:53 info: =================================
2023-01-10 19:55:01 info: =================================
2023-01-10 19:55:01 info: ======= ENV: development =======
2023-01-10 19:55:01 info: 🚀 App listening on the port 8000
2023-01-10 19:55:01 info: =================================
2023-01-10 19:55:03 info: =================================
2023-01-10 19:55:03 info: ======= ENV: development =======
2023-01-10 19:55:03 info: 🚀 App listening on the port 8000
2023-01-10 19:55:03 info: =================================
2023-01-10 19:55:06 info: =================================
2023-01-10 19:55:06 info: ======= ENV: development =======
2023-01-10 19:55:06 info: 🚀 App listening on the port 8000
2023-01-10 19:55:06 info: =================================
2023-01-10 19:55:08 info: =================================
2023-01-10 19:55:08 info: ======= ENV: development =======
2023-01-10 19:55:08 info: 🚀 App listening on the port 8000
2023-01-10 19:55:08 info: =================================
2023-01-10 19:55:11 info: =================================
2023-01-10 19:55:11 info: ======= ENV: development =======
2023-01-10 19:55:11 info: 🚀 App listening on the port 8000
2023-01-10 19:55:11 info: =================================
2023-01-10 19:55:21 info: =================================
2023-01-10 19:55:21 info: ======= ENV: development =======
2023-01-10 19:55:21 info: 🚀 App listening on the port 8000
2023-01-10 19:55:21 info: =================================
2023-01-10 19:55:25 info: =================================
2023-01-10 19:55:25 info: ======= ENV: development =======
2023-01-10 19:55:25 info: 🚀 App listening on the port 8000
2023-01-10 19:55:25 info: =================================
2023-01-10 19:56:01 info: =================================
2023-01-10 19:56:01 info: ======= ENV: development =======
2023-01-10 19:56:01 info: 🚀 App listening on the port 8000
2023-01-10 19:56:01 info: =================================
2023-01-10 19:56:03 info: =================================
2023-01-10 19:56:03 info: ======= ENV: development =======
2023-01-10 19:56:03 info: 🚀 App listening on the port 8000
2023-01-10 19:56:03 info: =================================
2023-01-10 19:56:06 info: =================================
2023-01-10 19:56:06 info: ======= ENV: development =======
2023-01-10 19:56:06 info: 🚀 App listening on the port 8000
2023-01-10 19:56:06 info: =================================
2023-01-10 19:56:11 info: =================================
2023-01-10 19:56:11 info: ======= ENV: development =======
2023-01-10 19:56:11 info: 🚀 App listening on the port 8000
2023-01-10 19:56:11 info: =================================
2023-01-10 19:56:12 info: =================================
2023-01-10 19:56:12 info: ======= ENV: development =======
2023-01-10 19:56:12 info: 🚀 App listening on the port 8000
2023-01-10 19:56:12 info: =================================
2023-01-10 19:56:19 info: =================================
2023-01-10 19:56:19 info: ======= ENV: development =======
2023-01-10 19:56:19 info: 🚀 App listening on the port 8000
2023-01-10 19:56:19 info: =================================
2023-01-10 19:56:23 info: =================================
2023-01-10 19:56:23 info: ======= ENV: development =======
2023-01-10 19:56:23 info: 🚀 App listening on the port 8000
2023-01-10 19:56:23 info: =================================
2023-01-10 19:56:27 info: =================================
2023-01-10 19:56:27 info: ======= ENV: development =======
2023-01-10 19:56:27 info: 🚀 App listening on the port 8000
2023-01-10 19:56:27 info: =================================
2023-01-10 19:56:43 info: =================================
2023-01-10 19:56:43 info: ======= ENV: development =======
2023-01-10 19:56:43 info: 🚀 App listening on the port 8000
2023-01-10 19:56:43 info: =================================
2023-01-10 19:56:50 info: =================================
2023-01-10 19:56:50 info: ======= ENV: development =======
2023-01-10 19:56:50 info: 🚀 App listening on the port 8000
2023-01-10 19:56:50 info: =================================
2023-01-10 19:56:53 info: =================================
2023-01-10 19:56:53 info: ======= ENV: development =======
2023-01-10 19:56:53 info: 🚀 App listening on the port 8000
2023-01-10 19:56:53 info: =================================
2023-01-10 19:56:58 info: =================================
2023-01-10 19:56:58 info: ======= ENV: development =======
2023-01-10 19:56:58 info: 🚀 App listening on the port 8000
2023-01-10 19:56:58 info: =================================
2023-01-10 19:57:08 info: =================================
2023-01-10 19:57:08 info: ======= ENV: development =======
2023-01-10 19:57:08 info: 🚀 App listening on the port 8000
2023-01-10 19:57:08 info: =================================
2023-01-10 19:57:12 info: =================================
2023-01-10 19:57:12 info: ======= ENV: development =======
2023-01-10 19:57:12 info: 🚀 App listening on the port 8000
2023-01-10 19:57:12 info: =================================
2023-01-10 19:57:40 info: =================================
2023-01-10 19:57:40 info: ======= ENV: development =======
2023-01-10 19:57:40 info: 🚀 App listening on the port 8000
2023-01-10 19:57:40 info: =================================
2023-01-10 19:57:46 info: =================================
2023-01-10 19:57:46 info: ======= ENV: development =======
2023-01-10 19:57:46 info: 🚀 App listening on the port 8000
2023-01-10 19:57:46 info: =================================
2023-01-10 19:57:50 info: =================================
2023-01-10 19:57:50 info: ======= ENV: development =======
2023-01-10 19:57:50 info: 🚀 App listening on the port 8000
2023-01-10 19:57:50 info: =================================
2023-01-10 19:58:00 info: =================================
2023-01-10 19:58:00 info: ======= ENV: development =======
2023-01-10 19:58:00 info: 🚀 App listening on the port 8000
2023-01-10 19:58:00 info: =================================
2023-01-10 19:58:09 info: =================================
2023-01-10 19:58:09 info: ======= ENV: development =======
2023-01-10 19:58:09 info: 🚀 App listening on the port 8000
2023-01-10 19:58:09 info: =================================
2023-01-10 19:58:17 info: =================================
2023-01-10 19:58:17 info: ======= ENV: development =======
2023-01-10 19:58:17 info: 🚀 App listening on the port 8000
2023-01-10 19:58:17 info: =================================
2023-01-10 19:58:20 info: =================================
2023-01-10 19:58:20 info: ======= ENV: development =======
2023-01-10 19:58:20 info: 🚀 App listening on the port 8000
2023-01-10 19:58:20 info: =================================
2023-01-10 19:58:29 info: =================================
2023-01-10 19:58:29 info: ======= ENV: development =======
2023-01-10 19:58:29 info: 🚀 App listening on the port 8000
2023-01-10 19:58:29 info: =================================
2023-01-10 19:58:44 info: =================================
2023-01-10 19:58:44 info: ======= ENV: development =======
2023-01-10 19:58:44 info: 🚀 App listening on the port 8000
2023-01-10 19:58:44 info: =================================
